Timestep:770000
Temperature: 1998.02
Density: 6.81878
AverageArea: 36.1309
AreaStd: 2.37796
AverageVolume: 16.7186
VolumeStd: 1.72908
VornoiIndicies:0 0 0 1 4 3 4 2 0 0 0 0 0 0 0 ,0 0 0 0 4 5 4 1 0 0 0 0 0 0 0 ,0 0 0 1 2 5 4 0 0 0 0 0 0 0 0 ,0 0 0 1 3 5 3 2 0 0 0 0 0 0 0 ,0 0 0 1 2 6 3 1 0 0 0 0 0 0 0 ,0 0 0 1 3 4 4 1 0 0 0 0 0 0 0 ,0 0 0 1 3 4 5 1 0 0 0 0 0 0 0 ,0 0 0 0 3 6 3 0 0 0 0 0 0 0 0 ,0 0 0 0 2 8 2 0 0 0 0 0 0 0 0 ,0 0 0 0 3 6 4 0 0 0 0 0 0 0 0 ,
VornoiFreq:0.0125285 0.0136674 0.0136674 0.0150911 0.0162301 0.0167995 0.0182232 0.0190774 0.0199317 0.0341686 
AverageAreas:36.1185 35.9078 34.3202 36.4591 35.6569 35.624 36.2256 34.6188 34.3704 35.0323 
AreaStds:2.02109 1.95409 2.03463 2.16855 2.21155 1.79227 2.03367 1.78199 2.01729 1.69801 
AverageVolumes:16.6984 16.7659 15.399 17.0409 16.4365 16.3572 16.8732 15.7804 15.6179 16.0785 
VolumeStds:1.41675 1.4929 1.38467 1.49716 1.52883 1.23392 1.4214 1.24195 1.40296 1.16562 
Timestep:815000
Temperature: 1932.34
Density: 6.91671
AverageArea: 35.724
AreaStd: 2.27682
AverageVolume: 16.4703
VolumeStd: 1.64561
VornoiIndicies:0 0 0 0 3 6 5 0 0 0 0 0 0 0 0 ,0 0 0 0 4 4 4 0 0 0 0 0 0 0 0 ,0 0 0 1 3 5 3 2 0 0 0 0 0 0 0 ,0 0 0 1 3 4 4 1 0 0 0 0 0 0 0 ,0 0 0 0 4 4 5 0 0 0 0 0 0 0 0 ,0 0 0 1 3 4 5 1 0 0 0 0 0 0 0 ,0 0 0 0 2 8 2 0 0 0 0 0 0 0 0 ,0 0 0 1 2 6 3 1 0 0 0 0 0 0 0 ,0 0 0 0 3 6 3 0 0 0 0 0 0 0 0 ,0 0 0 0 3 6 4 0 0 0 0 0 0 0 0 ,
VornoiFreq:0.0136674 0.0139522 0.0139522 0.0150911 0.0159453 0.0199317 0.0213554 0.0216401 0.0261959 0.0401481 
AverageAreas:35.7468 34.3491 35.957 34.7808 34.7673 35.6032 34.1451 35.0684 34.1492 34.643 
AreaStds:2.04682 1.71153 2.16301 1.99287 1.83525 1.85862 1.91309 1.94052 2.11418 1.89563 
AverageVolumes:16.7107 15.4445 16.6117 15.7786 15.8597 16.4789 15.5016 16.0156 15.4079 15.882 
VolumeStds:1.46139 1.13777 1.53069 1.3646 1.29326 1.29498 1.34989 1.32418 1.45815 1.32515 
Timestep:865000
Temperature: 1900.39
Density: 6.90265
AverageArea: 35.7715
AreaStd: 2.2671
AverageVolume: 16.4876
VolumeStd: 1.64598
VornoiIndicies:0 0 0 1 3 5 3 2 0 0 0 0 0 0 0 ,0 0 0 1 3 4 3 1 0 0 0 0 0 0 0 ,0 0 0 0 4 4 4 0 0 0 0 0 0 0 0 ,0 0 0 0 3 6 5 0 0 0 0 0 0 0 0 ,0 0 0 1 3 4 5 1 0 0 0 0 0 0 0 ,0 0 0 1 2 6 3 1 0 0 0 0 0 0 0 ,0 0 0 1 3 4 4 1 0 0 0 0 0 0 0 ,0 0 0 0 3 6 3 0 0 0 0 0 0 0 0 ,0 0 0 0 2 8 2 0 0 0 0 0 0 0 0 ,0 0 0 0 3 6 4 0 0 0 0 0 0 0 0 ,
VornoiFreq:0.0128132 0.0130979 0.0133827 0.0150911 0.0167995 0.0190774 0.0207859 0.0216401 0.0236333 0.0316059 
AverageAreas:35.5313 35.0954 34.356 35.645 36.2275 34.6368 35.0371 34.1642 34.2497 34.8632 
AreaStds:1.86421 1.85981 2.41754 1.70271 2.10976 1.77679 1.83627 1.8971 1.88509 1.85219 
AverageVolumes:16.3957 15.8716 15.4687 16.6371 16.928 15.72 15.9772 15.3927 15.4901 16.047 
VolumeStds:1.32016 1.3225 1.59392 1.23804 1.51706 1.19905 1.3031 1.34761 1.2894 1.31914 
Timestep:915000
Temperature: 1856.41
Density: 6.90553
AverageArea: 35.6755
AreaStd: 2.25915
AverageVolume: 16.4436
VolumeStd: 1.62575
VornoiIndicies:0 0 0 0 4 4 6 0 0 0 0 0 0 0 0 ,0 0 0 1 2 5 4 0 0 0 0 0 0 0 0 ,0 0 0 0 2 8 4 0 0 0 0 0 0 0 0 ,0 0 0 0 3 6 5 0 0 0 0 0 0 0 0 ,0 0 0 1 2 6 3 1 0 0 0 0 0 0 0 ,0 0 0 1 3 4 4 1 0 0 0 0 0 0 0 ,0 0 0 1 3 4 5 1 0 0 0 0 0 0 0 ,0 0 0 0 3 6 3 0 0 0 0 0 0 0 0 ,0 0 0 0 2 8 2 0 0 0 0 0 0 0 0 ,0 0 0 0 3 6 4 0 0 0 0 0 0 0 0 ,
VornoiFreq:0.0133827 0.0139522 0.0153759 0.0187927 0.0190774 0.0196469 0.0199317 0.0224943 0.0233485 0.0392938 
AverageAreas:35.3724 34.3965 35.3362 35.9788 35.1468 35.0181 35.6433 34.6784 33.9653 35.2527 
AreaStds:1.77937 1.84138 2.12504 1.90562 1.90337 1.71018 2.21121 1.91038 1.70659 2.13124 
AverageVolumes:16.4149 15.4642 16.4803 16.8702 16.1563 15.9257 16.5089 15.7875 15.3554 16.2851 
VolumeStds:1.22957 1.17225 1.52451 1.33434 1.30717 1.15373 1.53829 1.31266 1.14034 1.49589 
Timestep:965000
Temperature: 1860.73
Density: 6.9245
AverageArea: 35.6775
AreaStd: 2.21858
AverageVolume: 16.4335
VolumeStd: 1.59155
VornoiIndicies:0 0 0 0 3 6 5 0 0 0 0 0 0 0 0 ,0 0 0 1 3 5 2 2 0 0 0 0 0 0 0 ,0 0 0 0 1 10 2 0 0 0 0 0 0 0 0 ,0 0 0 0 4 4 5 0 0 0 0 0 0 0 0 ,0 0 0 1 3 4 4 1 0 0 0 0 0 0 0 ,0 0 0 1 3 4 5 1 0 0 0 0 0 0 0 ,0 0 0 0 2 8 2 0 0 0 0 0 0 0 0 ,0 0 0 0 3 6 3 0 0 0 0 0 0 0 0 ,0 0 0 1 2 6 3 1 0 0 0 0 0 0 0 ,0 0 0 0 3 6 4 0 0 0 0 0 0 0 0 ,
VornoiFreq:0.0136674 0.0136674 0.0142369 0.0150911 0.0162301 0.0179385 0.0219248 0.0224943 0.0233485 0.0373007 
AverageAreas:35.8068 35.0332 34.6585 34.9144 34.9837 35.4314 34.2451 34.5468 34.6756 34.989 
AreaStds:1.80903 2.06237 1.81901 1.93615 2.06895 1.73504 1.53399 1.81126 1.99182 1.86034 
AverageVolumes:16.784 15.9096 16.0483 15.8965 15.8925 16.3717 15.5453 15.6614 15.7931 16.126 
VolumeStds:1.32805 1.43773 1.28167 1.34313 1.46038 1.22465 1.05249 1.25356 1.37172 1.28501 
Timestep:1015000
Temperature: 1801.35
Density: 6.89761
AverageArea: 35.7703
AreaStd: 2.23727
AverageVolume: 16.5036
VolumeStd: 1.62343
VornoiIndicies:0 0 0 0 3 6 5 0 0 0 0 0 0 0 0 ,0 0 0 0 4 4 6 0 0 0 0 0 0 0 0 ,0 0 0 0 4 4 5 0 0 0 0 0 0 0 0 ,0 0 0 1 2 5 4 0 0 0 0 0 0 0 0 ,0 0 0 1 3 4 5 1 0 0 0 0 0 0 0 ,0 0 0 1 3 4 4 1 0 0 0 0 0 0 0 ,0 0 0 0 2 8 2 0 0 0 0 0 0 0 0 ,0 0 0 1 2 6 3 1 0 0 0 0 0 0 0 ,0 0 0 0 3 6 3 0 0 0 0 0 0 0 0 ,0 0 0 0 3 6 4 0 0 0 0 0 0 0 0 ,
VornoiFreq:0.0130979 0.0130979 0.0139522 0.0153759 0.0153759 0.0179385 0.018508 0.0199317 0.0247722 0.0327449 
AverageAreas:35.8543 35.7712 34.9059 34.1118 35.3638 35.001 33.9506 35.6573 34.5801 35.3739 
AreaStds:1.69978 2.00171 1.66083 2.05348 2.25893 1.8848 1.87503 1.79033 1.88245 1.84082 
AverageVolumes:16.8047 16.66 15.9604 15.2897 16.3599 15.9794 15.3945 16.4651 15.6308 16.3655 
VolumeStds:1.22721 1.40501 1.16411 1.40586 1.61657 1.32285 1.27319 1.27527 1.24987 1.28403 
Timestep:1060000
Temperature: 1816.38
Density: 6.9543
AverageArea: 35.5203
AreaStd: 2.2226
AverageVolume: 16.3417
VolumeStd: 1.58836
VornoiIndicies:0 0 0 0 3 6 5 0 0 0 0 0 0 0 0 ,0 0 0 1 2 5 4 0 0 0 0 0 0 0 0 ,0 0 0 1 3 5 3 2 0 0 0 0 0 0 0 ,0 0 0 0 4 4 5 0 0 0 0 0 0 0 0 ,0 0 0 1 3 4 5 1 0 0 0 0 0 0 0 ,0 0 0 1 2 6 3 1 0 0 0 0 0 0 0 ,0 0 0 1 3 4 4 1 0 0 0 0 0 0 0 ,0 0 0 0 2 8 2 0 0 0 0 0 0 0 0 ,0 0 0 0 3 6 3 0 0 0 0 0 0 0 0 ,0 0 0 0 3 6 4 0 0 0 0 0 0 0 0 ,
VornoiFreq:0.0136674 0.0136674 0.0145216 0.0148064 0.0176538 0.0199317 0.0213554 0.0216401 0.0256264 0.0401481 
AverageAreas:35.8406 34.1613 35.4179 35.1489 35.1785 34.3469 35.1145 34.0599 34.2065 34.7248 
AreaStds:1.84019 1.70204 1.75926 2.05472 1.76296 1.91378 1.96352 1.7982 1.5436 2.00791 
AverageVolumes:16.813 15.3214 16.32 16.1425 16.2022 15.5416 16.0047 15.49 15.4296 15.958 
VolumeStds:1.29032 1.18588 1.25444 1.43383 1.25025 1.29682 1.37749 1.23539 1.04597 1.40548 
Timestep:1110000
Temperature: 1754.09
Density: 6.93944
AverageArea: 35.5514
AreaStd: 2.22832
AverageVolume: 16.3641
VolumeStd: 1.5958
VornoiIndicies:0 0 0 1 3 4 4 1 0 0 0 0 0 0 0 ,0 0 0 0 2 8 4 0 0 0 0 0 0 0 0 ,0 0 0 0 4 4 5 0 0 0 0 0 0 0 0 ,0 0 0 0 4 5 4 1 0 0 0 0 0 0 0 ,0 0 0 0 3 6 5 0 0 0 0 0 0 0 0 ,0 0 0 1 3 4 5 1 0 0 0 0 0 0 0 ,0 0 0 1 2 6 3 1 0 0 0 0 0 0 0 ,0 0 0 0 2 8 2 0 0 0 0 0 0 0 0 ,0 0 0 0 3 6 3 0 0 0 0 0 0 0 0 ,0 0 0 0 3 6 4 0 0 0 0 0 0 0 0 ,
VornoiFreq:0.0153759 0.0165148 0.0170843 0.0170843 0.0179385 0.018508 0.0187927 0.022779 0.0261959 0.0398633 
AverageAreas:34.8729 35.4972 34.6626 36.2316 35.4041 35.4808 34.9221 33.9687 33.9222 34.9295 
AreaStds:1.46421 1.81232 2.25763 1.94847 2.39996 1.90181 2.06489 1.83176 1.89132 1.85652 
AverageVolumes:15.8957 16.635 15.7898 16.957 16.5206 16.3651 15.9758 15.385 15.2418 16.0798 
VolumeStds:1.06946 1.29268 1.56474 1.38921 1.72289 1.34954 1.44238 1.23524 1.27665 1.29806 
Timestep:1160000
Temperature: 1729.52
Density: 6.94848
AverageArea: 35.5539
AreaStd: 2.20356
AverageVolume: 16.3624
VolumeStd: 1.58037
VornoiIndicies:0 0 0 0 4 4 4 0 0 0 0 0 0 0 0 ,0 0 0 0 4 5 4 1 0 0 0 0 0 0 0 ,0 0 0 1 3 5 3 2 0 0 0 0 0 0 0 ,0 0 0 0 2 8 4 0 0 0 0 0 0 0 0 ,0 0 0 1 3 4 5 1 0 0 0 0 0 0 0 ,0 0 0 1 2 6 3 1 0 0 0 0 0 0 0 ,0 0 0 0 2 8 2 0 0 0 0 0 0 0 0 ,0 0 0 0 3 6 3 0 0 0 0 0 0 0 0 ,0 0 0 1 3 4 4 1 0 0 0 0 0 0 0 ,0 0 0 0 3 6 4 0 0 0 0 0 0 0 0 ,
VornoiFreq:0.0133827 0.0133827 0.0133827 0.0148064 0.0167995 0.0187927 0.0196469 0.0205011 0.0233485 0.0390091 
AverageAreas:34.0708 35.9788 35.1868 35.4539 35.3069 34.3397 33.7198 34.2188 35.0884 34.8894 
AreaStds:1.82404 1.96208 1.63369 2.02783 2.14408 2.0547 1.78077 1.96909 1.8263 1.95405 
AverageVolumes:15.2719 16.8227 16.0736 16.6342 16.3144 15.5677 15.1884 15.456 15.9534 16.0155 
VolumeStds:1.29156 1.44659 1.16796 1.49748 1.48562 1.3647 1.19565 1.28981 1.25124 1.33183 
Timestep:1210000
Temperature: 1732.83
Density: 6.95537
AverageArea: 35.5036
AreaStd: 2.20874
AverageVolume: 16.3475
VolumeStd: 1.59351
VornoiIndicies:0 0 0 0 2 8 4 0 0 0 0 0 0 0 0 ,0 0 0 1 3 5 3 2 0 0 0 0 0 0 0 ,0 0 0 0 4 5 4 1 0 0 0 0 0 0 0 ,0 0 0 1 3 5 2 2 0 0 0 0 0 0 0 ,0 0 0 1 3 4 4 1 0 0 0 0 0 0 0 ,0 0 0 1 2 6 3 1 0 0 0 0 0 0 0 ,0 0 0 1 3 4 5 1 0 0 0 0 0 0 0 ,0 0 0 0 3 6 3 0 0 0 0 0 0 0 0 ,0 0 0 0 2 8 2 0 0 0 0 0 0 0 0 ,0 0 0 0 3 6 4 0 0 0 0 0 0 0 0 ,
VornoiFreq:0.0139522 0.0142369 0.0150911 0.0153759 0.0187927 0.0207859 0.0219248 0.022779 0.0259112 0.0392938 
AverageAreas:35.5479 35.7349 35.7142 34.7085 34.656 34.8135 35.4282 34.391 33.6419 35.1109 
AreaStds:2.00616 2.09042 1.94564 1.81921 1.85347 2.07169 1.81615 1.73423 1.91455 1.85002 
AverageVolumes:16.6961 16.572 16.572 15.7451 15.7028 15.9094 16.3447 15.5748 15.1867 16.223 
VolumeStds:1.41976 1.4559 1.3988 1.24486 1.24196 1.49711 1.31095 1.18551 1.27958 1.31613 
Timestep:1260000
Temperature: 1699.64
Density: 6.98776
AverageArea: 35.4116
AreaStd: 2.14528
AverageVolume: 16.2777
VolumeStd: 1.54932
VornoiIndicies:0 0 0 0 2 8 1 0 0 0 0 0 0 0 0 ,0 0 0 0 3 6 5 0 0 0 0 0 0 0 0 ,0 0 0 0 4 4 5 0 0 0 0 0 0 0 0 ,0 0 0 1 3 4 5 1 0 0 0 0 0 0 0 ,0 0 0 0 4 5 4 1 0 0 0 0 0 0 0 ,0 0 0 0 2 8 2 0 0 0 0 0 0 0 0 ,0 0 0 1 3 4 4 1 0 0 0 0 0 0 0 ,0 0 0 1 2 6 3 1 0 0 0 0 0 0 0 ,0 0 0 0 3 6 3 0 0 0 0 0 0 0 0 ,0 0 0 0 3 6 4 0 0 0 0 0 0 0 0 ,
VornoiFreq:0.0139522 0.0142369 0.0153759 0.0159453 0.0165148 0.0199317 0.0207859 0.0222096 0.0250569 0.0361617 
AverageAreas:33.5552 35.5363 35.3314 35.3664 35.975 33.8462 34.6752 34.8954 34.0366 34.8654 
AreaStds:1.46612 1.63146 1.42719 2.02066 1.84623 1.96634 1.96414 1.6423 1.78732 1.90852 
AverageVolumes:14.9718 16.5858 16.2719 16.4041 16.7496 15.3473 15.6998 15.9454 15.3576 16.0532 
VolumeStds:0.990848 1.18897 0.969688 1.47032 1.33008 1.34178 1.31064 1.18757 1.22073 1.31557 
Timestep:1305000
Temperature: 1685.61
Density: 7.02367
AverageArea: 35.291
AreaStd: 2.09596
AverageVolume: 16.203
VolumeStd: 1.51554
VornoiIndicies:0 0 0 1 2 5 4 0 0 0 0 0 0 0 0 ,0 0 0 0 4 4 6 0 0 0 0 0 0 0 0 ,0 0 0 0 4 4 4 0 0 0 0 0 0 0 0 ,0 0 0 0 2 8 4 0 0 0 0 0 0 0 0 ,0 0 0 1 3 4 4 1 0 0 0 0 0 0 0 ,0 0 0 0 4 4 5 0 0 0 0 0 0 0 0 ,0 0 0 1 2 6 3 1 0 0 0 0 0 0 0 ,0 0 0 0 3 6 3 0 0 0 0 0 0 0 0 ,0 0 0 0 2 8 2 0 0 0 0 0 0 0 0 ,0 0 0 0 3 6 4 0 0 0 0 0 0 0 0 ,
VornoiFreq:0.0148064 0.0150911 0.0156606 0.0165148 0.0167995 0.0179385 0.0196469 0.0230638 0.0253417 0.0381549 
AverageAreas:34.126 35.5698 34.0646 35.2282 34.342 34.7764 34.0016 33.9827 33.8645 34.5547 
AreaStds:1.97895 1.85194 1.72453 2.02536 1.74814 1.88297 1.73851 1.74508 1.79271 1.89415 
AverageVolumes:15.2792 16.5715 15.3063 16.5458 15.5388 15.8568 15.3646 15.2735 15.2977 15.8406 
VolumeStds:1.35882 1.37713 1.22937 1.42981 1.11906 1.30247 1.18178 1.17813 1.21802 1.30672 
Timestep:1355000
Temperature: 1644.48
Density: 7.00329
AverageArea: 35.3445
AreaStd: 2.08271
AverageVolume: 16.2478
VolumeStd: 1.49392
VornoiIndicies:0 0 0 0 4 4 6 0 0 0 0 0 0 0 0 ,0 0 0 0 3 6 5 0 0 0 0 0 0 0 0 ,0 0 0 1 3 5 3 2 0 0 0 0 0 0 0 ,0 0 0 0 4 5 4 1 0 0 0 0 0 0 0 ,0 0 0 1 3 4 5 1 0 0 0 0 0 0 0 ,0 0 0 1 3 4 4 1 0 0 0 0 0 0 0 ,0 0 0 0 3 6 3 0 0 0 0 0 0 0 0 ,0 0 0 1 2 6 3 1 0 0 0 0 0 0 0 ,0 0 0 0 2 8 2 0 0 0 0 0 0 0 0 ,0 0 0 0 3 6 4 0 0 0 0 0 0 0 0 ,
VornoiFreq:0.0139522 0.0142369 0.0148064 0.0159453 0.0196469 0.0202164 0.0233485 0.0233485 0.0247722 0.0381549 
AverageAreas:35.3943 35.3799 35.4403 35.6104 35.4432 34.8075 34.2906 34.8362 33.9464 34.6255 
AreaStds:1.63801 1.93724 1.69109 1.69941 1.91178 1.71929 1.81394 1.58833 1.90752 1.64907 
AverageVolumes:16.4923 16.5101 16.3639 16.5855 16.4039 15.8645 15.471 15.9457 15.3515 15.8763 
VolumeStds:1.20393 1.42779 1.2024 1.19142 1.35942 1.20777 1.26535 1.10052 1.29557 1.18593 
Timestep:1405000
Temperature: 1667.67
Density: 7.01442
AverageArea: 35.2496
AreaStd: 2.06538
AverageVolume: 16.19
VolumeStd: 1.4932
VornoiIndicies:0 0 0 0 2 8 4 0 0 0 0 0 0 0 0 ,0 0 0 1 3 5 3 2 0 0 0 0 0 0 0 ,0 0 0 0 4 5 4 1 0 0 0 0 0 0 0 ,0 0 0 0 3 6 5 0 0 0 0 0 0 0 0 ,0 0 0 1 3 4 5 1 0 0 0 0 0 0 0 ,0 0 0 1 3 4 4 1 0 0 0 0 0 0 0 ,0 0 0 0 3 6 3 0 0 0 0 0 0 0 0 ,0 0 0 1 2 6 3 1 0 0 0 0 0 0 0 ,0 0 0 0 2 8 2 0 0 0 0 0 0 0 0 ,0 0 0 0 3 6 4 0 0 0 0 0 0 0 0 ,
VornoiFreq:0.0153759 0.0159453 0.0165148 0.017369 0.0187927 0.0193622 0.0213554 0.0256264 0.0287585 0.0441344 
AverageAreas:35.4617 35.4282 35.368 35.4799 35.7229 34.6794 33.9832 34.5181 34.4287 34.5479 
AreaStds:1.96191 1.74503 1.82081 1.79911 1.63435 2.0127 1.71828 1.78225 1.61653 1.83212 
AverageVolumes:16.6119 16.3748 16.3569 16.6091 16.6423 15.7721 15.287 15.686 15.7221 15.8631 
VolumeStds:1.33557 1.20882 1.32224 1.2831 1.16191 1.38681 1.17438 1.20433 1.1256 1.26114 
Timestep:1455000
Temperature: 1621.01
Density: 7.04357
AverageArea: 35.1602
AreaStd: 2.01628
AverageVolume: 16.1399
VolumeStd: 1.43807
VornoiIndicies:0 0 0 0 4 4 4 0 0 0 0 0 0 0 0 ,0 0 0 1 2 6 4 1 0 0 0 0 0 0 0 ,0 0 0 0 4 4 5 0 0 0 0 0 0 0 0 ,0 0 0 0 3 6 5 0 0 0 0 0 0 0 0 ,0 0 0 1 3 4 5 1 0 0 0 0 0 0 0 ,0 0 0 0 2 8 2 0 0 0 0 0 0 0 0 ,0 0 0 1 2 6 3 1 0 0 0 0 0 0 0 ,0 0 0 1 3 4 4 1 0 0 0 0 0 0 0 ,0 0 0 0 3 6 3 0 0 0 0 0 0 0 0 ,0 0 0 0 3 6 4 0 0 0 0 0 0 0 0 ,
VornoiFreq:0.0142369 0.0150911 0.0156606 0.0162301 0.0193622 0.0230638 0.0230638 0.0230638 0.0259112 0.047836 
AverageAreas:33.993 34.9569 35.1169 34.8887 35.0923 33.6958 34.4408 34.6675 34.253 34.5571 
AreaStds:1.76822 1.94312 1.97479 1.62693 1.43872 1.63059 1.62295 1.75533 1.70446 1.78433 
AverageVolumes:15.2991 16.1229 16.1691 16.172 16.1965 15.2366 15.727 15.7359 15.5431 15.8531 
VolumeStds:1.22774 1.32023 1.38077 1.12981 1.06056 1.08695 1.09504 1.24085 1.2062 1.22055 
Timestep:1505000
Temperature: 1612.38
Density: 7.03048
AverageArea: 35.1923
AreaStd: 2.08325
AverageVolume: 16.1682
VolumeStd: 1.48713
VornoiIndicies:0 0 0 0 2 8 1 0 0 0 0 0 0 0 0 ,0 0 0 0 4 4 5 0 0 0 0 0 0 0 0 ,0 0 0 1 2 6 2 1 0 0 0 0 0 0 0 ,0 0 0 1 2 5 4 0 0 0 0 0 0 0 0 ,0 0 0 0 1 10 2 0 0 0 0 0 0 0 0 ,0 0 0 1 3 4 4 1 0 0 0 0 0 0 0 ,0 0 0 1 2 6 3 1 0 0 0 0 0 0 0 ,0 0 0 0 3 6 3 0 0 0 0 0 0 0 0 ,0 0 0 0 2 8 2 0 0 0 0 0 0 0 0 ,0 0 0 0 3 6 4 0 0 0 0 0 0 0 0 ,
VornoiFreq:0.0153759 0.0153759 0.0153759 0.0159453 0.0165148 0.0167995 0.0222096 0.0256264 0.029328 0.042426 
AverageAreas:33.4349 34.4428 34.2767 33.9127 34.2742 34.6451 34.5972 34.0822 33.709 34.4911 
AreaStds:1.8661 1.50312 1.73545 1.82532 1.8687 1.39674 1.82737 1.80056 1.92964 1.7409 
AverageVolumes:14.9242 15.6416 15.4366 15.2098 15.8417 15.7815 15.7207 15.3926 15.2713 15.8269 
VolumeStds:1.2737 1.04537 1.15943 1.2424 1.33093 0.996721 1.26523 1.23966 1.3307 1.20687 
Timestep:1550000
Temperature: 1558.49
Density: 7.07318
AverageArea: 35.0251
AreaStd: 2.01241
AverageVolume: 16.06
VolumeStd: 1.44289
VornoiIndicies:0 0 0 1 3 4 4 1 0 0 0 0 0 0 0 ,0 0 0 0 4 4 6 0 0 0 0 0 0 0 0 ,0 0 0 0 2 8 4 0 0 0 0 0 0 0 0 ,0 0 0 0 4 4 5 0 0 0 0 0 0 0 0 ,0 0 0 1 3 4 5 1 0 0 0 0 0 0 0 ,0 0 0 1 2 6 3 1 0 0 0 0 0 0 0 ,0 0 0 0 3 6 5 0 0 0 0 0 0 0 0 ,0 0 0 0 3 6 3 0 0 0 0 0 0 0 0 ,0 0 0 0 2 8 2 0 0 0 0 0 0 0 0 ,0 0 0 0 3 6 4 0 0 0 0 0 0 0 0 ,
VornoiFreq:0.0150911 0.0162301 0.0165148 0.0187927 0.0193622 0.0205011 0.0213554 0.0247722 0.0318907 0.0501139 
AverageAreas:34.4657 35.0518 35.1094 34.3923 34.9998 34.7738 35.3386 34.1202 33.9434 34.4404 
AreaStds:1.47444 1.92762 2.18955 1.95961 1.83225 1.86642 1.85399 1.6322 1.63198 1.77825 
AverageVolumes:15.6844 16.2765 16.3585 15.6955 16.0742 15.9451 16.4986 15.4296 15.3998 15.7897 
VolumeStds:1.02427 1.37943 1.57326 1.35716 1.30361 1.31202 1.34512 1.12172 1.11509 1.23298 
Timestep:1600000
Temperature: 1557.12
Density: 7.07056
AverageArea: 35.0592
AreaStd: 2.04371
AverageVolume: 16.0746
VolumeStd: 1.46075
VornoiIndicies:0 0 0 0 4 4 4 0 0 0 0 0 0 0 0 ,0 0 0 0 3 6 5 0 0 0 0 0 0 0 0 ,0 0 0 1 3 5 3 2 0 0 0 0 0 0 0 ,0 0 0 0 4 4 6 0 0 0 0 0 0 0 0 ,0 0 0 1 3 4 5 1 0 0 0 0 0 0 0 ,0 0 0 1 3 4 4 1 0 0 0 0 0 0 0 ,0 0 0 1 2 6 3 1 0 0 0 0 0 0 0 ,0 0 0 0 2 8 2 0 0 0 0 0 0 0 0 ,0 0 0 0 3 6 3 0 0 0 0 0 0 0 0 ,0 0 0 0 3 6 4 0 0 0 0 0 0 0 0 ,
VornoiFreq:0.0148064 0.0150911 0.0150911 0.0159453 0.018508 0.0187927 0.0196469 0.0242027 0.0276196 0.0390091 
AverageAreas:34.1811 34.5902 35.1707 35.2993 35.3734 34.359 34.6664 33.7517 33.989 34.4903 
AreaStds:1.55191 1.9782 1.97714 1.88578 1.52806 1.73237 1.72125 1.79579 2.05042 1.57758 
AverageVolumes:15.4011 15.9892 16.1563 16.3931 16.3867 15.5834 15.8672 15.2802 15.344 15.8163 
VolumeStds:1.1069 1.40786 1.31199 1.32508 1.07302 1.15138 1.21129 1.23766 1.38751 1.08925 
Timestep:1650000
Temperature: 1538.39
Density: 7.09075
AverageArea: 34.9265
AreaStd: 2.0018
AverageVolume: 16
VolumeStd: 1.42843
VornoiIndicies:0 0 0 1 2 5 4 0 0 0 0 0 0 0 0 ,0 0 0 0 4 4 5 0 0 0 0 0 0 0 0 ,0 0 0 0 1 10 2 0 0 0 0 0 0 0 0 ,0 0 0 0 3 6 5 0 0 0 0 0 0 0 0 ,0 0 0 1 3 4 4 1 0 0 0 0 0 0 0 ,0 0 0 1 2 6 3 1 0 0 0 0 0 0 0 ,0 0 0 1 3 4 5 1 0 0 0 0 0 0 0 ,0 0 0 0 3 6 3 0 0 0 0 0 0 0 0 ,0 0 0 0 2 8 2 0 0 0 0 0 0 0 0 ,0 0 0 0 3 6 4 0 0 0 0 0 0 0 0 ,
VornoiFreq:0.0156606 0.0165148 0.0196469 0.0210706 0.0210706 0.022779 0.0233485 0.0236333 0.035877 0.0432802 
AverageAreas:33.7791 34.4531 33.919 34.8701 34.0013 34.2537 35.1227 34.2333 33.5069 34.3838 
AreaStds:1.69663 1.8874 1.63089 1.85062 1.65036 1.68668 1.75925 1.749 1.72815 1.81934 
AverageVolumes:15.1558 15.6822 15.5804 16.171 15.3047 15.5683 16.197 15.5475 15.0793 15.7368 
VolumeStds:1.16161 1.29502 1.08403 1.31338 1.11736 1.12091 1.23354 1.22844 1.16886 1.25253 
Timestep:1700000
Temperature: 1503.94
Density: 7.08547
AverageArea: 34.9411
AreaStd: 1.98654
AverageVolume: 16.017
VolumeStd: 1.40945
VornoiIndicies:0 0 0 1 2 5 4 0 0 0 0 0 0 0 0 ,0 0 0 0 4 4 4 0 0 0 0 0 0 0 0 ,0 0 0 0 4 5 4 1 0 0 0 0 0 0 0 ,0 0 0 1 3 4 5 1 0 0 0 0 0 0 0 ,0 0 0 0 1 10 2 0 0 0 0 0 0 0 0 ,0 0 0 0 2 8 4 0 0 0 0 0 0 0 0 ,0 0 0 1 2 6 3 1 0 0 0 0 0 0 0 ,0 0 0 0 3 6 3 0 0 0 0 0 0 0 0 ,0 0 0 0 2 8 2 0 0 0 0 0 0 0 0 ,0 0 0 0 3 6 4 0 0 0 0 0 0 0 0 ,
VornoiFreq:0.0156606 0.0167995 0.0167995 0.018508 0.0199317 0.0199317 0.0230638 0.0296128 0.0333144 0.0449886 
AverageAreas:34.3707 33.8568 35.4262 35.028 33.9245 34.9345 34.1027 34.0878 33.8625 34.507 
AreaStds:1.75073 1.7232 2.07044 1.66839 1.7278 1.82697 1.81895 1.93122 1.96791 1.66807 
AverageVolumes:15.5095 15.1926 16.3916 16.1292 15.6051 16.2681 15.4411 15.3881 15.3948 15.8614 
VolumeStds:1.16917 1.16673 1.43477 1.18136 1.19437 1.3337 1.22996 1.27756 1.33147 1.14759 
Timestep:1750000
Temperature: 1510.33
Density: 7.1176
AverageArea: 34.7931
AreaStd: 1.97658
AverageVolume: 15.9093
VolumeStd: 1.39971
VornoiIndicies:0 0 0 1 3 5 2 2 0 0 0 0 0 0 0 ,0 0 0 0 1 10 2 0 0 0 0 0 0 0 0 ,0 0 0 0 2 8 4 0 0 0 0 0 0 0 0 ,0 0 0 1 2 5 4 0 0 0 0 0 0 0 0 ,0 0 0 1 3 4 5 1 0 0 0 0 0 0 0 ,0 0 0 1 3 4 4 1 0 0 0 0 0 0 0 ,0 0 0 1 2 6 3 1 0 0 0 0 0 0 0 ,0 0 0 0 3 6 3 0 0 0 0 0 0 0 0 ,0 0 0 0 2 8 2 0 0 0 0 0 0 0 0 ,0 0 0 0 3 6 4 0 0 0 0 0 0 0 0 ,
VornoiFreq:0.0162301 0.0176538 0.0176538 0.0190774 0.0196469 0.0199317 0.023918 0.0284738 0.0307517 0.0449886 
AverageAreas:34.6713 33.9691 35.3301 34.1429 34.9547 34.3909 34.4692 33.7159 33.6278 34.0789 
AreaStds:2.0116 1.65883 1.91471 1.68805 1.50112 1.74727 1.77694 1.61645 1.65535 1.85933 
AverageVolumes:15.6905 15.6734 16.5726 15.3618 16.1238 15.539 15.7268 15.1605 15.2348 15.5428 
VolumeStds:1.36725 1.13961 1.35878 1.13648 1.07192 1.1431 1.25321 1.07845 1.12746 1.26798 
Timestep:1795000
Temperature: 1417.32
Density: 7.12281
AverageArea: 34.806
AreaStd: 1.95449
AverageVolume: 15.936
VolumeStd: 1.3986
VornoiIndicies:0 0 0 0 4 4 4 0 0 0 0 0 0 0 0 ,0 0 0 0 3 6 5 0 0 0 0 0 0 0 0 ,0 0 0 1 3 4 4 1 0 0 0 0 0 0 0 ,0 0 0 0 2 8 4 0 0 0 0 0 0 0 0 ,0 0 0 0 1 10 2 0 0 0 0 0 0 0 0 ,0 0 0 1 3 4 5 1 0 0 0 0 0 0 0 ,0 0 0 1 2 6 3 1 0 0 0 0 0 0 0 ,0 0 0 0 3 6 3 0 0 0 0 0 0 0 0 ,0 0 0 0 2 8 2 0 0 0 0 0 0 0 0 ,0 0 0 0 3 6 4 0 0 0 0 0 0 0 0 ,
VornoiFreq:0.0153759 0.0167995 0.0176538 0.0179385 0.0182232 0.0207859 0.023918 0.0301822 0.0307517 0.0444191 
AverageAreas:33.4802 34.7966 34.4025 35.0199 34.4727 34.8273 34.3488 33.8804 33.7851 34.5654 
AreaStds:1.67319 1.75611 1.89081 1.50468 1.72367 1.80557 2.2044 1.74279 1.49579 1.88264 
AverageVolumes:14.9779 16.1096 15.6269 16.3829 15.9853 16.0198 15.6508 15.2832 15.3202 15.9127 
VolumeStds:1.16121 1.20419 1.2695 1.08949 1.2054 1.22988 1.47921 1.17846 1.00137 1.30608 
Timestep:1845000
Temperature: 1445.87
Density: 7.12716
AverageArea: 34.7614
AreaStd: 1.95023
AverageVolume: 15.9106
VolumeStd: 1.37908
VornoiIndicies:0 0 0 0 4 4 6 0 0 0 0 0 0 0 0 ,0 0 0 0 2 8 1 0 0 0 0 0 0 0 0 ,0 0 0 1 3 4 5 1 0 0 0 0 0 0 0 ,0 0 0 1 3 4 4 1 0 0 0 0 0 0 0 ,0 0 0 0 1 10 2 0 0 0 0 0 0 0 0 ,0 0 0 0 3 6 5 0 0 0 0 0 0 0 0 ,0 0 0 1 2 6 3 1 0 0 0 0 0 0 0 ,0 0 0 0 3 6 3 0 0 0 0 0 0 0 0 ,0 0 0 0 2 8 2 0 0 0 0 0 0 0 0 ,0 0 0 0 3 6 4 0 0 0 0 0 0 0 0 ,
VornoiFreq:0.0176538 0.018508 0.0187927 0.0190774 0.0193622 0.0193622 0.0242027 0.0270501 0.0324601 0.0449886 
AverageAreas:34.7297 33.0251 35.2576 34.4865 33.9906 34.459 34.2752 33.7209 33.5295 34.3432 
AreaStds:1.45438 1.71463 1.65992 1.70021 1.60609 1.74002 1.63117 1.61542 1.5176 1.61855 
AverageVolumes:16.0882 14.6765 16.3645 15.6725 15.6591 15.8809 15.5549 15.1906 15.1153 15.7361 
VolumeStds:0.977552 1.14418 1.19685 1.17171 1.13635 1.20475 1.10126 1.10735 1.03083 1.13332 
Timestep:1895000
Temperature: 1398.25
Density: 7.15229
AverageArea: 34.6915
AreaStd: 1.93662
AverageVolume: 15.864
VolumeStd: 1.38157
VornoiIndicies:0 0 0 0 2 8 4 0 0 0 0 0 0 0 0 ,0 0 0 0 4 4 5 0 0 0 0 0 0 0 0 ,0 0 0 1 3 5 2 2 0 0 0 0 0 0 0 ,0 0 0 1 3 4 5 1 0 0 0 0 0 0 0 ,0 0 0 0 1 10 2 0 0 0 0 0 0 0 0 ,0 0 0 1 3 4 4 1 0 0 0 0 0 0 0 ,0 0 0 0 3 6 3 0 0 0 0 0 0 0 0 ,0 0 0 1 2 6 3 1 0 0 0 0 0 0 0 ,0 0 0 0 2 8 2 0 0 0 0 0 0 0 0 ,0 0 0 0 3 6 4 0 0 0 0 0 0 0 0 ,
VornoiFreq:0.0170843 0.017369 0.017369 0.0216401 0.0230638 0.0247722 0.0261959 0.0284738 0.0384396 0.046697 
AverageAreas:34.5 34.5113 34.1444 34.5777 33.686 34.3271 33.9315 34.4553 33.4228 34.4691 
AreaStds:1.80277 1.88578 1.59287 1.75982 1.44099 1.55625 1.64335 1.61479 1.67261 1.76535 
AverageVolumes:16.0589 15.7804 15.3896 15.8633 15.4066 15.5959 15.3378 15.7259 15.0888 15.8111 
VolumeStds:1.28198 1.34185 1.10678 1.22972 1.02173 1.09199 1.14376 1.12428 1.11465 1.19696 
Timestep:1945000
Temperature: 1387.06
Density: 7.15326
AverageArea: 34.6726
AreaStd: 1.86245
AverageVolume: 15.8622
VolumeStd: 1.3288
VornoiIndicies:0 0 0 0 4 4 5 0 0 0 0 0 0 0 0 ,0 0 0 1 3 5 3 2 0 0 0 0 0 0 0 ,0 0 0 0 3 6 5 0 0 0 0 0 0 0 0 ,0 0 0 1 3 4 5 1 0 0 0 0 0 0 0 ,0 0 0 0 1 10 2 0 0 0 0 0 0 0 0 ,0 0 0 1 3 4 4 1 0 0 0 0 0 0 0 ,0 0 0 1 2 6 3 1 0 0 0 0 0 0 0 ,0 0 0 0 3 6 3 0 0 0 0 0 0 0 0 ,0 0 0 0 2 8 2 0 0 0 0 0 0 0 0 ,0 0 0 0 3 6 4 0 0 0 0 0 0 0 0 ,
VornoiFreq:0.0179385 0.0179385 0.0196469 0.0202164 0.0210706 0.0213554 0.0264806 0.030467 0.034738 0.0458428 
AverageAreas:34.312 35.1584 34.7897 34.8896 34.0527 34.4921 34.3003 33.8087 33.6292 34.3549 
AreaStds:1.65788 1.7746 1.60855 1.54323 1.75686 1.6185 1.73116 1.55105 1.63598 1.62645 
AverageVolumes:15.6638 16.2472 16.1671 16.0804 15.6689 15.7209 15.6112 15.2501 15.23 15.7552 
VolumeStds:1.18586 1.26537 1.14344 1.1133 1.20869 1.1058 1.19314 1.05777 1.10056 1.11953 
Timestep:1995000
Temperature: 1333.18
Density: 7.1444
AverageArea: 34.6824
AreaStd: 1.88187
AverageVolume: 15.8621
VolumeStd: 1.32709
VornoiIndicies:0 0 0 0 3 6 5 0 0 0 0 0 0 0 0 ,0 0 0 1 2 5 4 0 0 0 0 0 0 0 0 ,0 0 0 0 4 4 5 0 0 0 0 0 0 0 0 ,0 0 0 1 3 4 5 1 0 0 0 0 0 0 0 ,0 0 0 1 3 4 4 1 0 0 0 0 0 0 0 ,0 0 0 0 1 10 2 0 0 0 0 0 0 0 0 ,0 0 0 1 2 6 3 1 0 0 0 0 0 0 0 ,0 0 0 0 3 6 3 0 0 0 0 0 0 0 0 ,0 0 0 0 2 8 2 0 0 0 0 0 0 0 0 ,0 0 0 0 3 6 4 0 0 0 0 0 0 0 0 ,
VornoiFreq:0.0176538 0.0176538 0.018508 0.0199317 0.0202164 0.0236333 0.0264806 0.0273349 0.0327449 0.0489749 
AverageAreas:34.8048 34.0474 33.8434 35.015 34.4058 34.2492 34.1622 33.8735 33.4387 34.3004 
AreaStds:1.72396 1.7209 1.5083 1.53622 1.70587 1.63889 1.65275 1.67877 1.53301 1.50747 
AverageVolumes:16.1864 15.2997 15.3186 16.1766 15.5641 15.8196 15.5468 15.3202 15.0979 15.714 
VolumeStds:1.23417 1.18321 1.01142 1.11335 1.15048 1.14854 1.12462 1.13952 1.0506 1.04176 
Timestep:2040000
Temperature: 1333.81
Density: 7.17833
AverageArea: 34.5488
AreaStd: 1.83548
AverageVolume: 15.7971
VolumeStd: 1.30487
VornoiIndicies:0 0 0 1 2 5 4 0 0 0 0 0 0 0 0 ,0 0 0 0 2 8 4 0 0 0 0 0 0 0 0 ,0 0 0 0 2 8 1 0 0 0 0 0 0 0 0 ,0 0 0 1 2 6 3 1 0 0 0 0 0 0 0 ,0 0 0 1 3 4 5 1 0 0 0 0 0 0 0 ,0 0 0 0 4 4 6 0 0 0 0 0 0 0 0 ,0 0 0 1 3 4 4 1 0 0 0 0 0 0 0 ,0 0 0 0 3 6 3 0 0 0 0 0 0 0 0 ,0 0 0 0 2 8 2 0 0 0 0 0 0 0 0 ,0 0 0 0 3 6 4 0 0 0 0 0 0 0 0 ,
VornoiFreq:0.018508 0.0193622 0.0196469 0.0202164 0.0210706 0.022779 0.0247722 0.0270501 0.0333144 0.0569476 
AverageAreas:33.5781 34.5612 33.2502 34.0116 34.7808 34.7637 34.0286 33.4534 33.453 34.0766 
AreaStds:1.51194 1.6698 1.3523 1.43588 1.59101 1.78333 1.65323 1.52683 1.69309 1.69871 
AverageVolumes:15.045 16.1062 14.8405 15.4479 16.0312 16.0972 15.3887 15.04 15.1207 15.583 
VolumeStds:1.04262 1.14292 0.908003 0.976558 1.16207 1.28908 1.15909 0.996806 1.13913 1.17202 
Timestep:2090000
Temperature: 1314.23
Density: 7.16561
AverageArea: 34.5714
AreaStd: 1.89187
AverageVolume: 15.8093
VolumeStd: 1.34132
VornoiIndicies:0 0 0 1 2 5 4 0 0 0 0 0 0 0 0 ,0 0 0 0 4 4 4 0 0 0 0 0 0 0 0 ,0 0 0 1 3 4 5 1 0 0 0 0 0 0 0 ,0 0 0 0 2 8 4 0 0 0 0 0 0 0 0 ,0 0 0 0 1 10 2 0 0 0 0 0 0 0 0 ,0 0 0 1 3 4 4 1 0 0 0 0 0 0 0 ,0 0 0 1 2 6 3 1 0 0 0 0 0 0 0 ,0 0 0 0 3 6 3 0 0 0 0 0 0 0 0 ,0 0 0 0 2 8 2 0 0 0 0 0 0 0 0 ,0 0 0 0 3 6 4 0 0 0 0 0 0 0 0 ,
VornoiFreq:0.0167995 0.0187927 0.0187927 0.0199317 0.0236333 0.0244875 0.0284738 0.0316059 0.0401481 0.0552392 
AverageAreas:33.9647 33.7192 34.5087 34.3982 33.8145 34.4919 34.0931 33.836 33.2618 33.9283 
AreaStds:1.7245 1.62243 1.69825 1.57977 1.62888 1.60794 1.64701 1.78467 1.63335 1.67209 
AverageVolumes:15.2898 15.0798 15.8311 15.975 15.5641 15.6775 15.473 15.2772 15.018 15.4767 
VolumeStds:1.16942 1.10204 1.19751 1.09252 1.13749 1.11229 1.09918 1.21624 1.10962 1.15374 
Timestep:2140000
Temperature: 1279.69
Density: 7.21223
AverageArea: 34.4354
AreaStd: 1.74864
AverageVolume: 15.7223
VolumeStd: 1.23917
VornoiIndicies:0 0 0 0 3 6 5 0 0 0 0 0 0 0 0 ,0 0 0 1 2 5 4 0 0 0 0 0 0 0 0 ,0 0 0 1 3 4 5 1 0 0 0 0 0 0 0 ,0 0 0 0 2 8 3 0 0 0 0 0 0 0 0 ,0 0 0 0 1 10 2 0 0 0 0 0 0 0 0 ,0 0 0 1 3 4 4 1 0 0 0 0 0 0 0 ,0 0 0 1 2 6 3 1 0 0 0 0 0 0 0 ,0 0 0 0 3 6 3 0 0 0 0 0 0 0 0 ,0 0 0 0 2 8 2 0 0 0 0 0 0 0 0 ,0 0 0 0 3 6 4 0 0 0 0 0 0 0 0 ,
VornoiFreq:0.0170843 0.0179385 0.0179385 0.018508 0.0253417 0.0256264 0.0279043 0.029328 0.0392938 0.059795 
AverageAreas:35.1777 33.748 34.2999 34.1001 33.726 34.3578 33.899 33.4263 33.4426 34.2594 
AreaStds:1.68527 1.69165 1.65543 1.59648 1.61744 1.63774 1.41824 1.35872 1.41588 1.57146 
AverageVolumes:16.4243 15.1724 15.7206 15.6314 15.4959 15.6288 15.3628 15.0437 15.137 15.7314 
VolumeStds:1.17033 1.13596 1.12708 1.09198 1.10696 1.10315 0.966277 0.90306 0.993778 1.11525 
Timestep:2190000
Temperature: 1268.98
Density: 7.22199
AverageArea: 34.3722
AreaStd: 1.82387
AverageVolume: 15.6901
VolumeStd: 1.29334
VornoiIndicies:0 0 0 0 4 4 5 0 0 0 0 0 0 0 0 ,0 0 0 1 3 4 5 1 0 0 0 0 0 0 0 ,0 0 0 1 2 5 4 0 0 0 0 0 0 0 0 ,0 0 0 1 3 4 4 1 0 0 0 0 0 0 0 ,0 0 0 0 2 8 4 0 0 0 0 0 0 0 0 ,0 0 0 1 2 6 3 1 0 0 0 0 0 0 0 ,0 0 0 0 3 6 3 0 0 0 0 0 0 0 0 ,0 0 0 0 1 10 2 0 0 0 0 0 0 0 0 ,0 0 0 0 2 8 2 0 0 0 0 0 0 0 0 ,0 0 0 0 3 6 4 0 0 0 0 0 0 0 0 ,
VornoiFreq:0.018508 0.0207859 0.0210706 0.0219248 0.0222096 0.0236333 0.0273349 0.0290433 0.0441344 0.0623576 
AverageAreas:33.9308 35.042 33.2752 33.9549 34.6108 34.0169 33.3537 33.9719 33.3568 34.1489 
AreaStds:1.79295 1.6791 1.56579 1.62364 1.65267 1.67621 1.60549 1.78341 1.6807 1.57987 
AverageVolumes:15.3859 16.2406 14.8266 15.3671 16.1341 15.4454 14.9757 15.7144 15.0573 15.6498 
VolumeStds:1.26273 1.19503 1.06756 1.10681 1.19069 1.15217 1.07801 1.2674 1.14896 1.10875 
Timestep:2240000
Temperature: 1249.06
Density: 7.22584
AverageArea: 34.3365
AreaStd: 1.83301
AverageVolume: 15.6675
VolumeStd: 1.29719
VornoiIndicies:0 0 0 0 3 6 5 0 0 0 0 0 0 0 0 ,0 0 0 0 2 8 1 0 0 0 0 0 0 0 0 ,0 0 0 0 2 8 4 0 0 0 0 0 0 0 0 ,0 0 0 0 1 10 2 0 0 0 0 0 0 0 0 ,0 0 0 1 3 4 5 1 0 0 0 0 0 0 0 ,0 0 0 1 3 4 4 1 0 0 0 0 0 0 0 ,0 0 0 0 3 6 3 0 0 0 0 0 0 0 0 ,0 0 0 1 2 6 3 1 0 0 0 0 0 0 0 ,0 0 0 0 2 8 2 0 0 0 0 0 0 0 0 ,0 0 0 0 3 6 4 0 0 0 0 0 0 0 0 ,
VornoiFreq:0.0179385 0.0190774 0.0199317 0.0202164 0.0205011 0.0224943 0.0264806 0.0284738 0.0461276 0.0546697 
AverageAreas:34.4598 32.8331 33.9746 33.7959 34.7691 34.1341 33.7315 34.1915 33.2928 33.7529 
AreaStds:1.69504 1.6386 1.34808 1.45338 1.62426 1.515 1.48697 1.81656 1.63279 1.58499 
AverageVolumes:15.9386 14.5585 15.6718 15.5586 16.0189 15.487 15.2662 15.5751 15.0372 15.3813 
VolumeStds:1.17273 1.11676 0.990118 1.02781 1.12293 1.05031 1.03085 1.23906 1.11168 1.08731 
Timestep:2285000
Temperature: 1220.65
Density: 7.24539
AverageArea: 34.2777
AreaStd: 1.81682
AverageVolume: 15.6294
VolumeStd: 1.27999
VornoiIndicies:0 0 0 1 2 6 2 1 0 0 0 0 0 0 0 ,0 0 0 1 2 5 4 0 0 0 0 0 0 0 0 ,0 0 0 1 3 4 5 1 0 0 0 0 0 0 0 ,0 0 0 0 2 8 4 0 0 0 0 0 0 0 0 ,0 0 0 1 3 4 4 1 0 0 0 0 0 0 0 ,0 0 0 0 3 6 3 0 0 0 0 0 0 0 0 ,0 0 0 0 1 10 2 0 0 0 0 0 0 0 0 ,0 0 0 1 2 6 3 1 0 0 0 0 0 0 0 ,0 0 0 0 2 8 2 0 0 0 0 0 0 0 0 ,0 0 0 0 3 6 4 0 0 0 0 0 0 0 0 ,
VornoiFreq:0.0165148 0.0179385 0.0196469 0.0202164 0.0242027 0.0267654 0.0270501 0.0321754 0.0484055 0.0634966 
AverageAreas:33.3588 33.2486 34.6927 34.3828 33.7807 33.4245 33.488 33.9815 33.2921 33.7346 
AreaStds:1.29425 1.82025 1.77292 1.34953 1.46655 1.35893 1.48484 1.76801 1.70376 1.60302 
AverageVolumes:14.8846 14.8268 16.0082 15.9621 15.222 15.0213 15.3561 15.4435 15.0216 15.3805 
VolumeStds:0.891664 1.20706 1.23357 0.967603 0.983933 0.92365 1.03801 1.19309 1.13466 1.11639 
Timestep:2335000
Temperature: 1194.24
Density: 7.23189
AverageArea: 34.3351
AreaStd: 1.73485
AverageVolume: 15.6844
VolumeStd: 1.22927
VornoiIndicies:0 0 0 0 3 6 5 0 0 0 0 0 0 0 0 ,0 0 0 0 4 4 5 0 0 0 0 0 0 0 0 ,0 0 0 0 2 8 4 0 0 0 0 0 0 0 0 ,0 0 0 1 3 4 5 1 0 0 0 0 0 0 0 ,0 0 0 1 3 4 4 1 0 0 0 0 0 0 0 ,0 0 0 1 2 6 3 1 0 0 0 0 0 0 0 ,0 0 0 0 1 10 2 0 0 0 0 0 0 0 0 ,0 0 0 0 3 6 3 0 0 0 0 0 0 0 0 ,0 0 0 0 2 8 2 0 0 0 0 0 0 0 0 ,0 0 0 0 3 6 4 0 0 0 0 0 0 0 0 ,
VornoiFreq:0.0202164 0.0202164 0.0222096 0.023918 0.0250569 0.0270501 0.0279043 0.0350228 0.0438497 0.0617882 
AverageAreas:34.7462 34.2764 34.5985 34.9099 34.1208 33.7741 33.767 33.8028 33.6605 34.0662 
AreaStds:1.58258 1.84447 1.70255 1.57619 1.52462 1.66363 1.69609 1.58419 1.51155 1.56712 
AverageVolumes:16.1305 15.6716 16.0963 16.1525 15.511 15.3069 15.56 15.2872 15.2868 15.5974 
VolumeStds:1.09918 1.29093 1.18339 1.17106 1.08052 1.13877 1.16831 1.12575 1.02744 1.07432 
Timestep:2385000
Temperature: 1183.53
Density: 7.26227
AverageArea: 34.1914
AreaStd: 1.71869
AverageVolume: 15.5957
VolumeStd: 1.21877
VornoiIndicies:0 0 0 1 3 4 4 1 0 0 0 0 0 0 0 ,0 0 0 1 3 4 5 1 0 0 0 0 0 0 0 ,0 0 0 0 2 8 4 0 0 0 0 0 0 0 0 ,0 0 0 0 4 4 4 0 0 0 0 0 0 0 0 ,0 0 0 0 2 8 1 0 0 0 0 0 0 0 0 ,0 0 0 0 1 10 2 0 0 0 0 0 0 0 0 ,0 0 0 0 3 6 3 0 0 0 0 0 0 0 0 ,0 0 0 1 2 6 3 1 0 0 0 0 0 0 0 ,0 0 0 0 2 8 2 0 0 0 0 0 0 0 0 ,0 0 0 0 3 6 4 0 0 0 0 0 0 0 0 ,
VornoiFreq:0.0190774 0.0190774 0.0193622 0.0193622 0.0207859 0.0279043 0.0310364 0.0310364 0.0526765 0.0626424 
AverageAreas:34.0976 34.2575 34.5177 33.3215 32.8447 33.9754 33.5223 33.9032 33.4309 33.8745 
AreaStds:1.26365 1.54121 1.42269 1.8309 1.38927 1.42987 1.3143 1.55409 1.62045 1.69041 
AverageVolumes:15.4921 15.6903 16.039 14.9515 14.5527 15.6797 15.0928 15.4168 15.1284 15.4887 
VolumeStds:0.857267 1.07884 1.02714 1.27871 0.915497 1.01049 0.917958 1.09164 1.1158 1.1891 
Timestep:2435000
Temperature: 1135.77
Density: 7.25403
AverageArea: 34.2208
AreaStd: 1.74449
AverageVolume: 15.626
VolumeStd: 1.23786
VornoiIndicies:0 0 0 1 3 4 5 1 0 0 0 0 0 0 0 ,0 0 0 0 2 8 1 0 0 0 0 0 0 0 0 ,0 0 0 0 3 6 5 0 0 0 0 0 0 0 0 ,0 0 0 0 0 12 0 0 0 0 0 0 0 0 0 ,0 0 0 1 3 4 4 1 0 0 0 0 0 0 0 ,0 0 0 0 3 6 3 0 0 0 0 0 0 0 0 ,0 0 0 1 2 6 3 1 0 0 0 0 0 0 0 ,0 0 0 0 1 10 2 0 0 0 0 0 0 0 0 ,0 0 0 0 2 8 2 0 0 0 0 0 0 0 0 ,0 0 0 0 3 6 4 0 0 0 0 0 0 0 0 ,
VornoiFreq:0.0202164 0.0207859 0.0207859 0.0230638 0.023918 0.0279043 0.0290433 0.0338838 0.0401481 0.0620729 
AverageAreas:34.657 33.0091 34.6454 32.8491 33.9724 33.5724 33.6405 33.5943 33.3097 33.9249 
AreaStds:1.57 1.55588 1.6024 1.52257 1.55971 1.62204 1.73699 1.42294 1.68847 1.53475 
AverageVolumes:15.9704 14.7061 16.0548 14.9271 15.411 15.1444 15.2311 15.4544 15.0523 15.5496 
VolumeStds:1.08606 1.04732 1.15052 1.02917 1.09572 1.08531 1.20936 0.995957 1.15209 1.08995 
Timestep:2485000
Temperature: 1113.44
Density: 7.29598
AverageArea: 34.0645
AreaStd: 1.72345
AverageVolume: 15.5239
VolumeStd: 1.20764
VornoiIndicies:0 0 0 0 2 8 3 0 0 0 0 0 0 0 0 ,0 0 0 0 4 4 6 0 0 0 0 0 0 0 0 ,0 0 0 1 3 4 4 1 0 0 0 0 0 0 0 ,0 0 0 0 0 12 0 0 0 0 0 0 0 0 0 ,0 0 0 1 2 6 3 1 0 0 0 0 0 0 0 ,0 0 0 0 2 8 4 0 0 0 0 0 0 0 0 ,0 0 0 0 3 6 3 0 0 0 0 0 0 0 0 ,0 0 0 0 1 10 2 0 0 0 0 0 0 0 0 ,0 0 0 0 2 8 2 0 0 0 0 0 0 0 0 ,0 0 0 0 3 6 4 0 0 0 0 0 0 0 0 ,
VornoiFreq:0.0190774 0.0199317 0.0199317 0.0233485 0.0261959 0.0276196 0.0301822 0.0321754 0.0501139 0.0609339 
AverageAreas:33.5053 34.2609 34.0331 32.5444 33.8688 34.2274 33.2917 33.1796 33.3671 33.8135 
AreaStds:1.54235 1.54515 1.57113 1.40493 1.7816 1.54705 1.67294 1.49634 1.56482 1.56637 
AverageVolumes:15.2226 15.7265 15.4462 14.7585 15.3707 15.8742 14.9686 15.1692 15.1139 15.4411 
VolumeStds:1.09338 1.08229 1.07425 0.944733 1.2303 1.11535 1.16527 1.04379 1.06911 1.10245 
Timestep:2530000
Temperature: 1100.95
Density: 7.28538
AverageArea: 34.0177
AreaStd: 1.69717
AverageVolume: 15.49
VolumeStd: 1.18666
VornoiIndicies:0 0 0 1 3 4 5 1 0 0 0 0 0 0 0 ,0 0 0 1 3 4 4 1 0 0 0 0 0 0 0 ,0 0 0 0 2 8 1 0 0 0 0 0 0 0 0 ,0 0 0 0 2 8 4 0 0 0 0 0 0 0 0 ,0 0 0 0 0 12 0 0 0 0 0 0 0 0 0 ,0 0 0 1 2 6 3 1 0 0 0 0 0 0 0 ,0 0 0 0 1 10 2 0 0 0 0 0 0 0 0 ,0 0 0 0 3 6 3 0 0 0 0 0 0 0 0 ,0 0 0 0 2 8 2 0 0 0 0 0 0 0 0 ,0 0 0 0 3 6 4 0 0 0 0 0 0 0 0 ,
VornoiFreq:0.0193622 0.0210706 0.0219248 0.0244875 0.0281891 0.0287585 0.0378702 0.0427107 0.0538155 0.071754 
AverageAreas:34.3496 34.0109 32.9022 34.4223 32.8128 33.8447 33.5567 33.4345 33.1131 33.8466 
AreaStds:1.39142 1.70546 1.53513 1.70457 1.6457 1.64396 1.53091 1.45945 1.40046 1.56239 
AverageVolumes:15.7804 15.3865 14.6254 16.0141 14.9137 15.3481 15.444 15.0505 14.916 15.4724 
VolumeStds:0.985984 1.1425 1.02742 1.19452 1.09234 1.08953 1.08933 0.993777 0.942925 1.08804 
Timestep:2580000
Temperature: 1097.19
Density: 7.31484
AverageArea: 33.9876
AreaStd: 1.65438
AverageVolume: 15.489
VolumeStd: 1.16099
VornoiIndicies:0 0 0 0 4 4 5 0 0 0 0 0 0 0 0 ,0 0 0 0 2 8 4 0 0 0 0 0 0 0 0 ,0 0 0 1 3 4 4 1 0 0 0 0 0 0 0 ,0 0 0 0 0 12 0 0 0 0 0 0 0 0 0 ,0 0 0 0 2 8 1 0 0 0 0 0 0 0 0 ,0 0 0 1 2 6 3 1 0 0 0 0 0 0 0 ,0 0 0 0 3 6 3 0 0 0 0 0 0 0 0 ,0 0 0 0 1 10 2 0 0 0 0 0 0 0 0 ,0 0 0 0 2 8 2 0 0 0 0 0 0 0 0 ,0 0 0 0 3 6 4 0 0 0 0 0 0 0 0 ,
VornoiFreq:0.0196469 0.0224943 0.0224943 0.0250569 0.0273349 0.0276196 0.029328 0.0370159 0.0546697 0.0649203 
AverageAreas:34.0704 34.1441 33.6634 32.5921 32.9731 33.9085 33.2421 33.5489 33.1952 33.6196 
AreaStds:1.55683 1.41997 1.59429 1.49026 1.43331 1.43333 1.55493 1.4994 1.51873 1.53131 
AverageVolumes:15.5385 15.8576 15.2478 14.7615 14.6961 15.4436 14.9622 15.4281 14.9976 15.3117 
VolumeStds:1.05766 1.01865 1.1253 1.02219 0.959842 0.989617 1.03675 1.06053 1.02614 1.06668 
Timestep:2630000
Temperature: 1044.75
Density: 7.31456
AverageArea: 33.9925
AreaStd: 1.69125
AverageVolume: 15.4952
VolumeStd: 1.17811
VornoiIndicies:0 0 0 1 3 4 4 1 0 0 0 0 0 0 0 ,0 0 0 1 2 5 4 0 0 0 0 0 0 0 0 ,0 0 0 0 2 8 4 0 0 0 0 0 0 0 0 ,0 0 0 1 2 6 3 1 0 0 0 0 0 0 0 ,0 0 0 0 0 12 0 0 0 0 0 0 0 0 0 ,0 0 0 0 2 8 1 0 0 0 0 0 0 0 0 ,0 0 0 0 3 6 3 0 0 0 0 0 0 0 0 ,0 0 0 0 1 10 2 0 0 0 0 0 0 0 0 ,0 0 0 0 2 8 2 0 0 0 0 0 0 0 0 ,0 0 0 0 3 6 4 0 0 0 0 0 0 0 0 ,
VornoiFreq:0.0216401 0.0224943 0.0233485 0.023918 0.0276196 0.0279043 0.0324601 0.0392938 0.0518223 0.0671982 
AverageAreas:33.433 33.4595 34.3298 33.7235 32.6437 32.8047 33.2934 33.463 33.0743 33.789 
AreaStds:1.37516 1.47289 1.43227 1.38869 1.45807 1.57772 1.49539 1.51813 1.49008 1.5258 
AverageVolumes:15.0535 15.0203 15.9789 15.3034 14.8113 14.5876 14.9841 15.4023 14.9063 15.465 
VolumeStds:0.930949 0.996325 1.03537 0.959983 0.983814 1.04827 1.01536 1.02716 0.992161 1.04757 
Timestep:2680000
Temperature: 1055.28
Density: 7.36552
AverageArea: 33.778
AreaStd: 1.59895
AverageVolume: 15.3622
VolumeStd: 1.11483
VornoiIndicies:0 0 0 1 3 4 5 1 0 0 0 0 0 0 0 ,0 0 0 0 2 8 3 0 0 0 0 0 0 0 0 ,0 0 0 0 2 8 1 0 0 0 0 0 0 0 0 ,0 0 0 0 2 8 4 0 0 0 0 0 0 0 0 ,0 0 0 1 2 6 3 1 0 0 0 0 0 0 0 ,0 0 0 0 3 6 3 0 0 0 0 0 0 0 0 ,0 0 0 0 0 12 0 0 0 0 0 0 0 0 0 ,0 0 0 0 1 10 2 0 0 0 0 0 0 0 0 ,0 0 0 0 2 8 2 0 0 0 0 0 0 0 0 ,0 0 0 0 3 6 4 0 0 0 0 0 0 0 0 ,
VornoiFreq:0.0222096 0.0230638 0.0256264 0.0267654 0.0307517 0.0338838 0.0375854 0.0375854 0.058656 0.0697608 
AverageAreas:34.3702 33.3389 32.9253 33.9039 33.7611 33.0702 32.4276 33.1589 33.1079 33.6398 
AreaStds:1.37909 1.53078 1.52573 1.51043 1.49602 1.43264 1.37378 1.36499 1.5046 1.38092 
AverageVolumes:15.8006 15.1924 14.6883 15.6647 15.3567 14.8646 14.6827 15.1943 14.9375 15.3585 
VolumeStds:1.01373 1.01887 1.03124 1.088 1.04312 0.95077 0.932368 0.95072 1.0075 0.966345 
Timestep:2730000
Temperature: 1018.13
Density: 7.35954
AverageArea: 33.7681
AreaStd: 1.67979
AverageVolume: 15.3536
VolumeStd: 1.17352
VornoiIndicies:0 0 0 0 3 6 5 0 0 0 0 0 0 0 0 ,0 0 0 0 2 8 1 0 0 0 0 0 0 0 0 ,0 0 0 1 3 4 5 1 0 0 0 0 0 0 0 ,0 0 0 0 2 8 4 0 0 0 0 0 0 0 0 ,0 0 0 1 2 6 3 1 0 0 0 0 0 0 0 ,0 0 0 0 0 12 0 0 0 0 0 0 0 0 0 ,0 0 0 0 3 6 3 0 0 0 0 0 0 0 0 ,0 0 0 0 1 10 2 0 0 0 0 0 0 0 0 ,0 0 0 0 3 6 4 0 0 0 0 0 0 0 0 ,0 0 0 0 2 8 2 0 0 0 0 0 0 0 0 ,
VornoiFreq:0.0199317 0.0210706 0.0213554 0.0256264 0.0307517 0.0327449 0.0344533 0.0441344 0.0615034 0.0680524 
AverageAreas:34.1747 32.6213 34.1038 34.0256 33.6672 32.4876 33.3437 33.2217 33.4159 32.8573 
AreaStds:1.30784 1.4956 1.71989 1.38689 1.40825 1.46498 1.4726 1.56636 1.503 1.49977 
AverageVolumes:15.8031 14.4363 15.617 15.8138 15.2463 14.7409 15.0009 15.2479 15.2095 14.771 
VolumeStds:0.945407 0.992979 1.18765 0.984946 0.962794 0.996493 0.995858 1.08702 1.02841 1.02414 
Timestep:2775000
Temperature: 988.169
Density: 7.34457
AverageArea: 33.7905
AreaStd: 1.65366
AverageVolume: 15.3979
VolumeStd: 1.14863
VornoiIndicies:0 0 0 1 2 5 4 0 0 0 0 0 0 0 0 ,0 0 0 1 2 5 5 0 0 0 0 0 0 0 0 ,0 0 0 0 2 8 4 0 0 0 0 0 0 0 0 ,0 0 0 0 2 8 1 0 0 0 0 0 0 0 0 ,0 0 0 1 2 6 3 1 0 0 0 0 0 0 0 ,0 0 0 0 3 6 3 0 0 0 0 0 0 0 0 ,0 0 0 0 0 12 0 0 0 0 0 0 0 0 0 ,0 0 0 0 1 10 2 0 0 0 0 0 0 0 0 ,0 0 0 0 2 8 2 0 0 0 0 0 0 0 0 ,0 0 0 0 3 6 4 0 0 0 0 0 0 0 0 ,
VornoiFreq:0.0216401 0.0219248 0.0253417 0.0259112 0.0298975 0.0324601 0.047836 0.0552392 0.0603645 0.0680524 
AverageAreas:33.3764 33.6895 34.1245 32.9194 33.661 33.2874 32.2611 33.3463 33.0173 33.7343 
AreaStds:1.35684 1.27894 1.28243 1.386 1.42233 1.43796 1.45468 1.48509 1.45873 1.58901 
AverageVolumes:14.9753 15.3078 15.8664 14.6775 15.267 15.0159 14.5649 15.3309 14.8992 15.4532 
VolumeStds:0.906068 0.906493 0.900174 0.946005 0.966666 0.992843 0.985436 1.03312 0.978953 1.07936 
Timestep:2825000
Temperature: 974.04
Density: 7.34576
AverageArea: 33.778
AreaStd: 1.67225
AverageVolume: 15.3733
VolumeStd: 1.14946
VornoiIndicies:0 0 0 0 2 8 3 0 0 0 0 0 0 0 0 ,0 0 0 0 2 8 4 0 0 0 0 0 0 0 0 ,0 0 0 1 0 9 3 0 0 0 0 0 0 0 0 ,0 0 0 0 2 8 1 0 0 0 0 0 0 0 0 ,0 0 0 1 2 6 3 1 0 0 0 0 0 0 0 ,0 0 0 0 3 6 3 0 0 0 0 0 0 0 0 ,0 0 0 0 1 10 2 0 0 0 0 0 0 0 0 ,0 0 0 0 0 12 0 0 0 0 0 0 0 0 0 ,0 0 0 0 2 8 2 0 0 0 0 0 0 0 0 ,0 0 0 0 3 6 4 0 0 0 0 0 0 0 0 ,
VornoiFreq:0.0202164 0.0219248 0.0224943 0.0273349 0.0281891 0.0301822 0.0464123 0.0580866 0.0691913 0.070615 
AverageAreas:33.4585 33.8457 33.1079 32.9865 33.8966 33.1527 33.2855 32.1512 33.053 33.7928 
AreaStds:1.6811 1.52892 1.48206 1.47037 1.4531 1.48283 1.4505 1.47698 1.42619 1.5311 
AverageVolumes:15.251 15.6902 15.0937 14.7385 15.4316 14.896 15.2611 14.5064 14.9069 15.4772 
VolumeStds:1.1826 1.06235 1.01656 0.987569 0.983511 1.01412 1.01541 1.00115 0.965909 1.07492 
Timestep:2875000
Temperature: 934.114
Density: 7.38427
AverageArea: 33.6426
AreaStd: 1.61561
AverageVolume: 15.3122
VolumeStd: 1.11233
VornoiIndicies:0 0 0 1 2 5 4 0 0 0 0 0 0 0 0 ,0 0 0 1 0 9 3 0 0 0 0 0 0 0 0 ,0 0 0 0 2 8 1 0 0 0 0 0 0 0 0 ,0 0 0 0 2 8 4 0 0 0 0 0 0 0 0 ,0 0 0 1 2 6 3 1 0 0 0 0 0 0 0 ,0 0 0 0 3 6 3 0 0 0 0 0 0 0 0 ,0 0 0 0 1 10 2 0 0 0 0 0 0 0 0 ,0 0 0 0 0 12 0 0 0 0 0 0 0 0 0 ,0 0 0 0 3 6 4 0 0 0 0 0 0 0 0 ,0 0 0 0 2 8 2 0 0 0 0 0 0 0 0 ,
VornoiFreq:0.0213554 0.023918 0.0247722 0.0264806 0.0281891 0.0330296 0.0563781 0.0654897 0.066344 0.0774487 
AverageAreas:33.2703 32.7627 32.674 33.9751 33.4426 33.3616 33.1368 32.3322 33.5327 32.9571 
AreaStds:1.27267 1.4454 1.34935 1.54317 1.57679 1.3858 1.3219 1.46854 1.55015 1.51893 
AverageVolumes:14.8907 14.897 14.5123 15.7487 15.1443 15.0587 15.2107 14.6412 15.2947 14.8867 
VolumeStds:0.883699 0.95722 0.895808 1.08071 1.07406 0.966742 0.892482 0.9825 1.07407 1.03751 
Timestep:2925000
Temperature: 939.555
Density: 7.40671
AverageArea: 33.5783
AreaStd: 1.60372
AverageVolume: 15.2695
VolumeStd: 1.10332
VornoiIndicies:0 0 0 0 2 8 1 0 0 0 0 0 0 0 0 ,0 0 0 0 2 8 4 0 0 0 0 0 0 0 0 ,0 0 0 1 0 9 3 0 0 0 0 0 0 0 0 ,0 0 0 1 2 5 4 0 0 0 0 0 0 0 0 ,0 0 0 1 2 6 3 1 0 0 0 0 0 0 0 ,0 0 0 0 3 6 3 0 0 0 0 0 0 0 0 ,0 0 0 0 1 10 2 0 0 0 0 0 0 0 0 ,0 0 0 0 2 8 2 0 0 0 0 0 0 0 0 ,0 0 0 0 0 12 0 0 0 0 0 0 0 0 0 ,0 0 0 0 3 6 4 0 0 0 0 0 0 0 0 ,
VornoiFreq:0.0222096 0.0230638 0.0242027 0.0253417 0.0327449 0.0330296 0.0461276 0.0649203 0.0654897 0.071754 
AverageAreas:32.7609 33.7483 33.1154 33.1064 33.3823 33.081 32.9503 33.2133 32.1499 33.4396 
AreaStds:1.29936 1.4061 1.45286 1.39158 1.33558 1.58886 1.31782 1.35116 1.43911 1.44566 
AverageVolumes:14.5716 15.6312 15.1396 14.8007 15.0998 14.8644 15.0529 15.0531 14.5298 15.2465 
VolumeStds:0.869756 0.982125 0.999703 0.958726 0.90523 1.06692 0.886175 0.912358 0.967778 1.00487 
Timestep:2975000
Temperature: 889.906
Density: 7.40478
AverageArea: 33.5515
AreaStd: 1.57875
AverageVolume: 15.2587
VolumeStd: 1.07919
VornoiIndicies:0 0 0 1 2 5 4 0 0 0 0 0 0 0 0 ,0 0 0 0 2 8 1 0 0 0 0 0 0 0 0 ,0 0 0 1 0 9 3 0 0 0 0 0 0 0 0 ,0 0 0 0 2 8 4 0 0 0 0 0 0 0 0 ,0 0 0 0 3 6 3 0 0 0 0 0 0 0 0 ,0 0 0 1 2 6 3 1 0 0 0 0 0 0 0 ,0 0 0 0 1 10 2 0 0 0 0 0 0 0 0 ,0 0 0 0 2 8 2 0 0 0 0 0 0 0 0 ,0 0 0 0 0 12 0 0 0 0 0 0 0 0 0 ,0 0 0 0 3 6 4 0 0 0 0 0 0 0 0 ,
VornoiFreq:0.0244875 0.0259112 0.0261959 0.0264806 0.029328 0.0333144 0.053246 0.066344 0.0694761 0.0720387 
AverageAreas:33.4188 32.7055 33.0661 33.7261 33.2606 33.5592 33.1884 33.1982 32.0872 33.4959 
AreaStds:1.40053 1.38963 1.54811 1.39168 1.30324 1.47735 1.40972 1.42586 1.38017 1.51605 
AverageVolumes:14.997 14.5516 15.1239 15.6152 15.0049 15.2241 15.2193 15.0559 14.4968 15.2775 
VolumeStds:0.936975 0.898274 1.0328 0.960628 0.925988 0.988116 0.969562 0.964681 0.923595 1.04247 
Timestep:3020000
Temperature: 898.773
Density: 7.42683
AverageArea: 33.4531
AreaStd: 1.61291
AverageVolume: 15.2071
VolumeStd: 1.09931
VornoiIndicies:0 0 0 1 2 5 4 0 0 0 0 0 0 0 0 ,0 0 0 0 2 8 4 0 0 0 0 0 0 0 0 ,0 0 0 0 3 6 3 0 0 0 0 0 0 0 0 ,0 0 0 1 0 9 3 0 0 0 0 0 0 0 0 ,0 0 0 1 2 6 3 1 0 0 0 0 0 0 0 ,0 0 0 0 2 8 1 0 0 0 0 0 0 0 0 ,0 0 0 0 1 10 2 0 0 0 0 0 0 0 0 ,0 0 0 0 3 6 4 0 0 0 0 0 0 0 0 ,0 0 0 0 2 8 2 0 0 0 0 0 0 0 0 ,0 0 0 0 0 12 0 0 0 0 0 0 0 0 0 ,
VornoiFreq:0.0222096 0.023918 0.0270501 0.0307517 0.0321754 0.0327449 0.058656 0.0731777 0.0831435 0.0839977 
AverageAreas:33.1773 33.7654 33.4112 32.8132 33.3366 32.864 32.8537 33.4867 32.758 32.1445 
AreaStds:1.57015 1.6602 1.29852 1.52962 1.34004 1.47692 1.49334 1.42723 1.49129 1.3503 
AverageVolumes:14.8394 15.6355 15.0684 14.9229 15.0959 14.6656 15.03 15.2977 14.7661 14.53 
VolumeStds:1.05851 1.15025 0.897679 1.0443 0.9133 1.00377 1.03705 0.965255 1.00489 0.891445 
Timestep:3070000
Temperature: 845.903
Density: 7.45135
AverageArea: 33.3467
AreaStd: 1.58282
AverageVolume: 15.1552
VolumeStd: 1.07319
VornoiIndicies:0 0 0 1 2 5 4 0 0 0 0 0 0 0 0 ,0 0 0 0 3 6 3 0 0 0 0 0 0 0 0 ,0 0 0 0 2 8 4 0 0 0 0 0 0 0 0 ,0 0 0 0 2 8 1 0 0 0 0 0 0 0 0 ,0 0 0 1 0 9 3 0 0 0 0 0 0 0 0 ,0 0 0 1 2 6 3 1 0 0 0 0 0 0 0 ,0 0 0 0 1 10 2 0 0 0 0 0 0 0 0 ,0 0 0 0 3 6 4 0 0 0 0 0 0 0 0 ,0 0 0 0 2 8 2 0 0 0 0 0 0 0 0 ,0 0 0 0 0 12 0 0 0 0 0 0 0 0 0 ,
VornoiFreq:0.022779 0.0250569 0.0264806 0.0273349 0.0318907 0.0318907 0.0615034 0.0689066 0.0842825 0.11418 
AverageAreas:33.188 33.352 33.6735 32.7159 32.8256 33.1779 32.8829 33.4726 32.6984 32.1288 
AreaStds:1.41454 1.27383 1.37476 1.18375 1.24978 1.38928 1.38584 1.39864 1.42668 1.49865 
AverageVolumes:14.85 15.0423 15.6042 14.5608 14.9398 15.0127 15.0261 15.2773 14.7031 14.5279 
VolumeStds:0.974844 0.890212 0.974064 0.779501 0.836559 0.957686 0.940397 0.973891 0.966356 1.01048 
Timestep:3120000
Temperature: 853.078
Density: 7.45477
AverageArea: 33.332
AreaStd: 1.58327
AverageVolume: 15.1405
VolumeStd: 1.07713
VornoiIndicies:0 0 0 0 2 8 3 0 0 0 0 0 0 0 0 ,0 0 0 1 2 5 5 0 0 0 0 0 0 0 0 ,0 0 0 0 2 8 1 0 0 0 0 0 0 0 0 ,0 0 0 1 0 9 3 0 0 0 0 0 0 0 0 ,0 0 0 1 2 6 3 1 0 0 0 0 0 0 0 ,0 0 0 0 3 6 3 0 0 0 0 0 0 0 0 ,0 0 0 0 1 10 2 0 0 0 0 0 0 0 0 ,0 0 0 0 3 6 4 0 0 0 0 0 0 0 0 ,0 0 0 0 2 8 2 0 0 0 0 0 0 0 0 ,0 0 0 0 0 12 0 0 0 0 0 0 0 0 0 ,
VornoiFreq:0.023918 0.023918 0.0247722 0.0273349 0.034738 0.0361617 0.0634966 0.0703303 0.0780182 0.0951025 
AverageAreas:33.3368 33.2827 32.6472 32.603 33.3376 33.2177 32.8505 33.398 32.7484 32.0361 
AreaStds:1.46975 1.42233 1.36785 1.4289 1.45113 1.43525 1.32319 1.40862 1.42716 1.45367 
AverageVolumes:15.2068 15.0429 14.5365 14.8025 15.104 14.9991 15.0242 15.2464 14.7553 14.4563 
VolumeStds:1.02062 0.967901 0.936787 0.948792 0.975883 0.971757 0.894678 0.962364 0.962809 0.962894 
Timestep:3170000
Temperature: 798.371
Density: 7.45449
AverageArea: 33.3034
AreaStd: 1.61
AverageVolume: 15.1309
VolumeStd: 1.08367
VornoiIndicies:0 0 0 1 2 5 4 0 0 0 0 0 0 0 0 ,0 0 0 0 2 8 4 0 0 0 0 0 0 0 0 ,0 0 0 1 0 9 3 0 0 0 0 0 0 0 0 ,0 0 0 0 2 8 1 0 0 0 0 0 0 0 0 ,0 0 0 1 2 6 3 1 0 0 0 0 0 0 0 ,0 0 0 0 3 6 3 0 0 0 0 0 0 0 0 ,0 0 0 0 1 10 2 0 0 0 0 0 0 0 0 ,0 0 0 0 3 6 4 0 0 0 0 0 0 0 0 ,0 0 0 0 2 8 2 0 0 0 0 0 0 0 0 ,0 0 0 0 0 12 0 0 0 0 0 0 0 0 0 ,
VornoiFreq:0.0190774 0.022779 0.0264806 0.0284738 0.0313212 0.0327449 0.0683371 0.0700456 0.0828588 0.110478 
AverageAreas:33.2862 33.6786 32.7161 32.6968 33.4699 33.2462 32.8124 33.4312 32.6536 31.9327 
AreaStds:1.5669 1.43092 1.52178 1.52103 1.40988 1.57957 1.45061 1.4455 1.43936 1.39116 
AverageVolumes:14.9362 15.6347 14.89 14.5814 15.2146 15.018 15.0088 15.2643 14.7013 14.4018 
VolumeStds:1.04969 1.05029 1.02512 0.994058 0.971732 1.07368 0.98204 0.997245 0.970979 0.931621 
Timestep:3220000
Temperature: 801.404
Density: 7.48146
AverageArea: 33.2319
AreaStd: 1.60528
AverageVolume: 15.0975
VolumeStd: 1.07722
VornoiIndicies:0 0 0 0 2 8 3 0 0 0 0 0 0 0 0 ,0 0 0 0 3 6 3 0 0 0 0 0 0 0 0 ,0 0 0 1 0 9 3 0 0 0 0 0 0 0 0 ,0 0 0 0 2 8 4 0 0 0 0 0 0 0 0 ,0 0 0 0 2 8 1 0 0 0 0 0 0 0 0 ,0 0 0 1 2 6 3 1 0 0 0 0 0 0 0 ,0 0 0 0 1 10 2 0 0 0 0 0 0 0 0 ,0 0 0 0 3 6 4 0 0 0 0 0 0 0 0 ,0 0 0 0 2 8 2 0 0 0 0 0 0 0 0 ,0 0 0 0 0 12 0 0 0 0 0 0 0 0 0 ,
VornoiFreq:0.0205011 0.0284738 0.0298975 0.0313212 0.0321754 0.0327449 0.0689066 0.0760251 0.0839977 0.122153 
AverageAreas:33.1335 33.1293 32.7176 33.6895 32.6561 33.319 32.8804 33.2303 32.5772 31.8772 
AreaStds:1.42993 1.51112 1.45057 1.55738 1.33227 1.44669 1.45937 1.31113 1.40427 1.45021 
AverageVolumes:15.058 14.9374 14.9141 15.6074 14.5181 15.1112 15.0408 15.1378 14.6577 14.382 
VolumeStds:0.986501 1.02354 1.00321 1.09578 0.891581 0.967843 1.0063 0.891847 0.942341 0.966219 
Timestep:3265000
Temperature: 769.739
Density: 7.48952
AverageArea: 33.179
AreaStd: 1.5841
AverageVolume: 15.0525
VolumeStd: 1.06598
VornoiIndicies:0 0 0 1 2 5 4 0 0 0 0 0 0 0 0 ,0 0 0 0 2 8 3 0 0 0 0 0 0 0 0 ,0 0 0 1 0 9 3 0 0 0 0 0 0 0 0 ,0 0 0 1 2 6 3 1 0 0 0 0 0 0 0 ,0 0 0 0 3 6 3 0 0 0 0 0 0 0 0 ,0 0 0 0 2 8 1 0 0 0 0 0 0 0 0 ,0 0 0 0 1 10 2 0 0 0 0 0 0 0 0 ,0 0 0 0 3 6 4 0 0 0 0 0 0 0 0 ,0 0 0 0 2 8 2 0 0 0 0 0 0 0 0 ,0 0 0 0 0 12 0 0 0 0 0 0 0 0 0 ,
VornoiFreq:0.0216401 0.023918 0.0259112 0.0318907 0.0338838 0.0341686 0.0703303 0.0757403 0.0888383 0.126424 
AverageAreas:33.6429 33.3387 32.4173 33.1894 32.8981 32.5834 32.7556 33.3356 32.6717 31.8928 
AreaStds:1.50912 1.55183 1.29566 1.38541 1.33533 1.23603 1.39709 1.33902 1.45173 1.42098 
AverageVolumes:15.1535 15.2296 14.6981 15.0131 14.7294 14.5082 14.9612 15.2019 14.7157 14.3721 
VolumeStds:1.00521 1.05989 0.885165 0.956755 0.898658 0.845688 0.931095 0.94111 0.999555 0.944877 
Timestep:3315000
Temperature: 758.979
Density: 7.51776
AverageArea: 33.079
AreaStd: 1.52812
AverageVolume: 14.9983
VolumeStd: 1.02916
VornoiIndicies:0 0 0 1 2 5 4 0 0 0 0 0 0 0 0 ,0 0 0 0 2 8 4 0 0 0 0 0 0 0 0 ,0 0 0 1 2 6 3 1 0 0 0 0 0 0 0 ,0 0 0 1 0 9 3 0 0 0 0 0 0 0 0 ,0 0 0 0 3 6 3 0 0 0 0 0 0 0 0 ,0 0 0 0 2 8 1 0 0 0 0 0 0 0 0 ,0 0 0 0 3 6 4 0 0 0 0 0 0 0 0 ,0 0 0 0 1 10 2 0 0 0 0 0 0 0 0 ,0 0 0 0 2 8 2 0 0 0 0 0 0 0 0 ,0 0 0 0 0 12 0 0 0 0 0 0 0 0 0 ,
VornoiFreq:0.0216401 0.0281891 0.0298975 0.0301822 0.0318907 0.0341686 0.0697608 0.0726082 0.089123 0.119305 
AverageAreas:33.1162 33.3368 33.2962 32.399 32.9116 32.3886 33.22 32.6977 32.6868 31.8081 
AreaStds:1.20342 1.39235 1.39323 1.3354 1.35729 1.40945 1.40246 1.30534 1.36303 1.35392 
AverageVolumes:14.7976 15.3675 15.106 14.7014 14.8024 14.3664 15.155 14.9395 14.7184 14.3258 
VolumeStds:0.805634 0.957733 0.948825 0.913819 0.942533 0.948892 0.97267 0.897756 0.927171 0.897176 
Timestep:3365000
Temperature: 709.668
Density: 7.52666
AverageArea: 33.0345
AreaStd: 1.5374
AverageVolume: 14.97
VolumeStd: 1.02644
VornoiIndicies:0 0 0 1 2 5 4 0 0 0 0 0 0 0 0 ,0 0 0 0 2 8 4 0 0 0 0 0 0 0 0 ,0 0 0 1 0 9 3 0 0 0 0 0 0 0 0 ,0 0 0 1 2 6 3 1 0 0 0 0 0 0 0 ,0 0 0 0 3 6 3 0 0 0 0 0 0 0 0 ,0 0 0 0 2 8 1 0 0 0 0 0 0 0 0 ,0 0 0 0 3 6 4 0 0 0 0 0 0 0 0 ,0 0 0 0 1 10 2 0 0 0 0 0 0 0 0 ,0 0 0 0 2 8 2 0 0 0 0 0 0 0 0 ,0 0 0 0 0 12 0 0 0 0 0 0 0 0 0 ,
VornoiFreq:0.0205011 0.0247722 0.0284738 0.0316059 0.0335991 0.034738 0.0743166 0.0760251 0.089123 0.132973 
AverageAreas:33.1136 33.5159 32.4292 33.2594 32.8453 32.6754 33.1453 32.683 32.5784 31.6785 
AreaStds:1.46635 1.33636 1.35755 1.40743 1.22339 1.22414 1.38011 1.38814 1.33376 1.39988 
AverageVolumes:14.8137 15.4722 14.7273 15.0818 14.7695 14.5506 15.0927 14.9358 14.6529 14.2423 
VolumeStds:0.97776 0.975592 0.890134 0.960234 0.824872 0.825028 0.949238 0.945429 0.892164 0.927934 
Timestep:3415000
Temperature: 697.043
Density: 7.51324
AverageArea: 33.0712
AreaStd: 1.52922
AverageVolume: 14.9988
VolumeStd: 1.02126
VornoiIndicies:0 0 0 1 2 5 4 0 0 0 0 0 0 0 0 ,0 0 0 0 2 8 4 0 0 0 0 0 0 0 0 ,0 0 0 1 2 6 3 1 0 0 0 0 0 0 0 ,0 0 0 1 0 9 3 0 0 0 0 0 0 0 0 ,0 0 0 0 2 8 1 0 0 0 0 0 0 0 0 ,0 0 0 0 3 6 3 0 0 0 0 0 0 0 0 ,0 0 0 0 3 6 4 0 0 0 0 0 0 0 0 ,0 0 0 0 1 10 2 0 0 0 0 0 0 0 0 ,0 0 0 0 2 8 2 0 0 0 0 0 0 0 0 ,0 0 0 0 0 12 0 0 0 0 0 0 0 0 0 ,
VornoiFreq:0.022779 0.0273349 0.0307517 0.0313212 0.0324601 0.0367312 0.0737472 0.0743166 0.0933941 0.130979 
AverageAreas:33.1375 33.1628 33.3013 32.4942 32.7361 33.086 33.3095 32.6955 32.4843 31.8614 
AreaStds:1.41589 1.35417 1.55511 1.49385 1.24055 1.25619 1.31764 1.32462 1.34074 1.33934 
AverageVolumes:14.844 15.2888 15.0972 14.76 14.6003 14.9151 15.204 14.9359 14.5958 14.3683 
VolumeStds:0.914862 0.964151 1.03806 1.01544 0.83512 0.851298 0.901595 0.902673 0.885839 0.893865 
Timestep:3465000
Temperature: 670.838
Density: 7.54098
AverageArea: 32.9673
AreaStd: 1.53647
AverageVolume: 14.9348
VolumeStd: 1.02576
VornoiIndicies:0 0 0 0 2 8 3 0 0 0 0 0 0 0 0 ,0 0 0 0 2 8 4 0 0 0 0 0 0 0 0 ,0 0 0 0 3 6 3 0 0 0 0 0 0 0 0 ,0 0 0 1 0 9 3 0 0 0 0 0 0 0 0 ,0 0 0 1 2 6 3 1 0 0 0 0 0 0 0 ,0 0 0 0 2 8 1 0 0 0 0 0 0 0 0 ,0 0 0 0 3 6 4 0 0 0 0 0 0 0 0 ,0 0 0 0 1 10 2 0 0 0 0 0 0 0 0 ,0 0 0 0 2 8 2 0 0 0 0 0 0 0 0 ,0 0 0 0 0 12 0 0 0 0 0 0 0 0 0 ,
VornoiFreq:0.0224943 0.023918 0.0270501 0.0324601 0.0335991 0.0381549 0.0731777 0.0763098 0.0905467 0.143508 
AverageAreas:32.7418 33.3223 32.6225 32.6403 33.1425 32.6931 33.0623 32.5369 32.5142 31.7476 
AreaStds:1.22279 1.35558 1.38412 1.48981 1.27852 1.45737 1.3839 1.29406 1.30883 1.40006 
AverageVolumes:14.8289 15.3955 14.6072 14.8753 14.9985 14.5724 15.0197 14.8459 14.6061 14.2905 
VolumeStds:0.84296 0.938559 0.952651 1.01503 0.865616 0.990109 0.954793 0.895257 0.875008 0.92743 
Timestep:3510000
Temperature: 648.794
Density: 7.53115
AverageArea: 32.9858
AreaStd: 1.51732
AverageVolume: 14.9551
VolumeStd: 1.0059
VornoiIndicies:0 0 0 1 2 5 4 0 0 0 0 0 0 0 0 ,0 0 0 0 2 8 4 0 0 0 0 0 0 0 0 ,0 0 0 0 2 8 1 0 0 0 0 0 0 0 0 ,0 0 0 0 3 6 3 0 0 0 0 0 0 0 0 ,0 0 0 1 0 9 3 0 0 0 0 0 0 0 0 ,0 0 0 1 2 6 3 1 0 0 0 0 0 0 0 ,0 0 0 0 1 10 2 0 0 0 0 0 0 0 0 ,0 0 0 0 3 6 4 0 0 0 0 0 0 0 0 ,0 0 0 0 2 8 2 0 0 0 0 0 0 0 0 ,0 0 0 0 0 12 0 0 0 0 0 0 0 0 0 ,
VornoiFreq:0.023918 0.0259112 0.0287585 0.0290433 0.030467 0.0310364 0.0768793 0.0808656 0.0919704 0.146355 
AverageAreas:33.4592 33.4831 32.4471 33.0693 32.3829 33.2607 32.5762 33.1411 32.4988 31.702 
AreaStds:1.31575 1.12205 1.37173 1.19207 1.29273 1.46398 1.27637 1.29422 1.33002 1.31957 
AverageVolumes:15.0476 15.4785 14.4157 14.8996 14.6784 15.0801 14.8733 15.0984 14.6021 14.2755 
VolumeStds:0.883116 0.795689 0.915364 0.799897 0.867667 1.01298 0.865035 0.895134 0.891649 0.875694 
Timestep:3560000
Temperature: 621.245
Density: 7.53933
AverageArea: 32.9421
AreaStd: 1.55395
AverageVolume: 14.9261
VolumeStd: 1.02698
VornoiIndicies:0 0 0 1 2 6 2 1 0 0 0 0 0 0 0 ,0 0 0 1 2 6 3 1 0 0 0 0 0 0 0 ,0 0 0 0 3 6 3 0 0 0 0 0 0 0 0 ,0 0 0 0 2 8 4 0 0 0 0 0 0 0 0 ,0 0 0 1 0 9 3 0 0 0 0 0 0 0 0 ,0 0 0 0 2 8 1 0 0 0 0 0 0 0 0 ,0 0 0 0 3 6 4 0 0 0 0 0 0 0 0 ,0 0 0 0 1 10 2 0 0 0 0 0 0 0 0 ,0 0 0 0 2 8 2 0 0 0 0 0 0 0 0 ,0 0 0 0 0 12 0 0 0 0 0 0 0 0 0 ,
VornoiFreq:0.0224943 0.0287585 0.0298975 0.0321754 0.0324601 0.0390091 0.0797267 0.082574 0.0936788 0.140661 
AverageAreas:32.8803 33.1966 32.9705 33.1888 32.3507 32.6484 33.1218 32.5926 32.5772 31.6155 
AreaStds:1.34038 1.42116 1.30214 1.31541 1.41023 1.37741 1.28332 1.26784 1.30899 1.36388 
AverageVolumes:14.7157 15.0465 14.8352 15.2842 14.677 14.5591 15.0802 14.8753 14.6434 14.2189 
VolumeStds:0.882298 0.960787 0.858248 0.913836 0.95332 0.910603 0.890131 0.85149 0.882745 0.893606 
Timestep:3610000
Temperature: 600.989
Density: 7.55856
AverageArea: 32.894
AreaStd: 1.50162
AverageVolume: 14.8944
VolumeStd: 0.99962
VornoiIndicies:0 0 0 1 2 5 4 0 0 0 0 0 0 0 0 ,0 0 0 0 2 8 4 0 0 0 0 0 0 0 0 ,0 0 0 1 0 9 3 0 0 0 0 0 0 0 0 ,0 0 0 0 3 6 3 0 0 0 0 0 0 0 0 ,0 0 0 0 2 8 1 0 0 0 0 0 0 0 0 ,0 0 0 1 2 6 3 1 0 0 0 0 0 0 0 ,0 0 0 0 3 6 4 0 0 0 0 0 0 0 0 ,0 0 0 0 1 10 2 0 0 0 0 0 0 0 0 ,0 0 0 0 2 8 2 0 0 0 0 0 0 0 0 ,0 0 0 0 0 12 0 0 0 0 0 0 0 0 0 ,
VornoiFreq:0.0230638 0.0267654 0.0321754 0.0327449 0.0338838 0.0341686 0.0728929 0.0834282 0.0936788 0.138667 
AverageAreas:33.1282 33.2089 32.3793 33.0546 32.5509 33.0691 33.1548 32.5487 32.5076 31.6161 
AreaStds:1.36697 1.51341 1.26776 1.25046 1.44688 1.39996 1.20577 1.30642 1.29168 1.35625 
AverageVolumes:14.8721 15.2919 14.6897 14.8932 14.4944 14.9653 15.0948 14.8471 14.617 14.2165 
VolumeStds:0.944988 1.03652 0.857349 0.859156 0.942808 0.954607 0.833389 0.888093 0.871963 0.893313 
Timestep:3660000
Temperature: 581.976
Density: 7.55047
AverageArea: 32.9092
AreaStd: 1.50722
AverageVolume: 14.9089
VolumeStd: 1.00157
VornoiIndicies:0 0 0 1 2 5 4 0 0 0 0 0 0 0 0 ,0 0 0 0 2 8 4 0 0 0 0 0 0 0 0 ,0 0 0 0 3 6 3 0 0 0 0 0 0 0 0 ,0 0 0 1 0 9 3 0 0 0 0 0 0 0 0 ,0 0 0 0 2 8 1 0 0 0 0 0 0 0 0 ,0 0 0 1 2 6 3 1 0 0 0 0 0 0 0 ,0 0 0 0 1 10 2 0 0 0 0 0 0 0 0 ,0 0 0 0 3 6 4 0 0 0 0 0 0 0 0 ,0 0 0 0 2 8 2 0 0 0 0 0 0 0 0 ,0 0 0 0 0 12 0 0 0 0 0 0 0 0 0 ,
VornoiFreq:0.022779 0.0270501 0.0290433 0.0298975 0.0350228 0.0355923 0.0780182 0.082574 0.0985194 0.148918 
AverageAreas:32.9213 33.4443 32.9127 32.4801 32.4602 33.27 32.5141 33.1123 32.5793 31.6514 
AreaStds:1.45925 1.04893 1.24201 1.30171 1.31763 1.4328 1.25323 1.32552 1.33743 1.39462 
AverageVolumes:14.7132 15.4559 14.8169 14.7507 14.4279 15.0682 14.843 15.0624 14.6626 14.2478 
VolumeStds:1.00325 0.72974 0.856989 0.859392 0.900077 0.945626 0.857791 0.898598 0.897636 0.931979 
Timestep:3710000
Temperature: 541.89
Density: 7.5728
AverageArea: 32.8424
AreaStd: 1.48266
AverageVolume: 14.8684
VolumeStd: 0.980983
VornoiIndicies:0 0 0 1 2 5 4 0 0 0 0 0 0 0 0 ,0 0 0 1 0 9 3 0 0 0 0 0 0 0 0 ,0 0 0 0 2 8 4 0 0 0 0 0 0 0 0 ,0 0 0 0 3 6 3 0 0 0 0 0 0 0 0 ,0 0 0 1 2 6 3 1 0 0 0 0 0 0 0 ,0 0 0 0 2 8 1 0 0 0 0 0 0 0 0 ,0 0 0 0 3 6 4 0 0 0 0 0 0 0 0 ,0 0 0 0 1 10 2 0 0 0 0 0 0 0 0 ,0 0 0 0 2 8 2 0 0 0 0 0 0 0 0 ,0 0 0 0 0 12 0 0 0 0 0 0 0 0 0 ,
VornoiFreq:0.0213554 0.0256264 0.0261959 0.0290433 0.0370159 0.0395786 0.0708998 0.0845672 0.0951025 0.150911 
AverageAreas:33.0015 32.4483 33.3127 32.9537 33.1297 32.4597 33.128 32.5165 32.3603 31.5964 
AreaStds:1.28226 1.299 1.22843 1.23693 1.24683 1.28395 1.31294 1.27789 1.32372 1.34473 
AverageVolumes:14.7489 14.7419 15.3702 14.8383 14.989 14.4517 15.0845 14.8355 14.5261 14.207 
VolumeStds:0.860077 0.869396 0.86692 0.861907 0.831364 0.851603 0.917831 0.855431 0.893482 0.889638 
Timestep:3755000
Temperature: 545.688
Density: 7.58786
AverageArea: 32.7674
AreaStd: 1.48778
AverageVolume: 14.8183
VolumeStd: 0.985042
VornoiIndicies:0 0 0 0 2 8 4 0 0 0 0 0 0 0 0 ,0 0 0 0 2 8 3 0 0 0 0 0 0 0 0 ,0 0 0 0 3 6 3 0 0 0 0 0 0 0 0 ,0 0 0 1 0 9 3 0 0 0 0 0 0 0 0 ,0 0 0 1 2 6 3 1 0 0 0 0 0 0 0 ,0 0 0 0 2 8 1 0 0 0 0 0 0 0 0 ,0 0 0 0 3 6 4 0 0 0 0 0 0 0 0 ,0 0 0 0 1 10 2 0 0 0 0 0 0 0 0 ,0 0 0 0 2 8 2 0 0 0 0 0 0 0 0 ,0 0 0 0 0 12 0 0 0 0 0 0 0 0 0 ,
VornoiFreq:0.022779 0.0230638 0.029328 0.0333144 0.0338838 0.0344533 0.0748861 0.0831435 0.0959567 0.149772 
AverageAreas:33.3314 32.6407 32.9773 32.4825 32.9619 32.3781 33.0143 32.3468 32.4611 31.5405 
AreaStds:1.24281 1.46713 1.07851 1.37495 1.39109 1.19582 1.41896 1.23217 1.22249 1.34544 
AverageVolumes:15.3761 14.8032 14.8547 14.7828 14.8815 14.3621 15.0076 14.7267 14.5836 14.1738 
VolumeStds:0.835951 0.986839 0.757701 0.928046 0.929991 0.78635 0.967083 0.827991 0.82949 0.888671 
Timestep:3805000
Temperature: 505.059
Density: 7.59291
AverageArea: 32.752
AreaStd: 1.48723
AverageVolume: 14.8136
VolumeStd: 0.979804
VornoiIndicies:0 0 0 1 2 5 4 0 0 0 0 0 0 0 0 ,0 0 0 1 0 9 3 0 0 0 0 0 0 0 0 ,0 0 0 0 2 8 4 0 0 0 0 0 0 0 0 ,0 0 0 0 3 6 3 0 0 0 0 0 0 0 0 ,0 0 0 1 2 6 3 1 0 0 0 0 0 0 0 ,0 0 0 0 2 8 1 0 0 0 0 0 0 0 0 ,0 0 0 0 3 6 4 0 0 0 0 0 0 0 0 ,0 0 0 0 1 10 2 0 0 0 0 0 0 0 0 ,0 0 0 0 2 8 2 0 0 0 0 0 0 0 0 ,0 0 0 0 0 12 0 0 0 0 0 0 0 0 0 ,
VornoiFreq:0.0242027 0.0267654 0.0287585 0.0318907 0.0341686 0.0373007 0.0726082 0.0859909 0.107062 0.156321 
AverageAreas:32.9149 32.3382 33.2178 32.9005 32.9236 32.4372 33.0072 32.4373 32.4443 31.5391 
AreaStds:1.16539 1.3676 1.27159 1.40833 1.31253 1.36366 1.41627 1.23308 1.37821 1.28834 
AverageVolumes:14.7197 14.689 15.3133 14.7966 14.846 14.4036 15.0158 14.7772 14.5801 14.1635 
VolumeStds:0.746068 0.920812 0.871157 0.964916 0.883352 0.900565 0.960589 0.831446 0.919246 0.848486 
Timestep:3855000
Temperature: 500.63
Density: 7.57028
AverageArea: 32.8077
AreaStd: 1.47486
AverageVolume: 14.8533
VolumeStd: 0.972973
VornoiIndicies:0 0 0 0 2 8 3 0 0 0 0 0 0 0 0 ,0 0 0 1 0 9 3 0 0 0 0 0 0 0 0 ,0 0 0 0 2 8 4 0 0 0 0 0 0 0 0 ,0 0 0 1 2 6 3 1 0 0 0 0 0 0 0 ,0 0 0 0 3 6 3 0 0 0 0 0 0 0 0 ,0 0 0 0 2 8 1 0 0 0 0 0 0 0 0 ,0 0 0 0 3 6 4 0 0 0 0 0 0 0 0 ,0 0 0 0 1 10 2 0 0 0 0 0 0 0 0 ,0 0 0 0 2 8 2 0 0 0 0 0 0 0 0 ,0 0 0 0 0 12 0 0 0 0 0 0 0 0 0 ,
VornoiFreq:0.0250569 0.0264806 0.0276196 0.0290433 0.029328 0.0395786 0.0791572 0.0933941 0.0999431 0.151481 
AverageAreas:32.851 32.4133 33.3086 33.2044 32.8076 32.42 33.0646 32.3712 32.5555 31.5155 
AreaStds:1.2287 1.21274 1.25874 1.2349 1.01217 1.25865 1.30544 1.17264 1.25369 1.32718 
AverageVolumes:14.9462 14.7125 15.3734 15.0678 14.7547 14.4054 15.0302 14.741 14.6567 14.1579 
VolumeStds:0.832561 0.825575 0.863025 0.861535 0.687078 0.846374 0.881563 0.792609 0.853314 0.872268 
Timestep:3905000
Temperature: 463.558
Density: 7.611
AverageArea: 32.6664
AreaStd: 1.47482
AverageVolume: 14.7665
VolumeStd: 0.970857
VornoiIndicies:0 0 0 0 2 8 3 0 0 0 0 0 0 0 0 ,0 0 0 0 2 8 4 0 0 0 0 0 0 0 0 ,0 0 0 1 0 9 3 0 0 0 0 0 0 0 0 ,0 0 0 1 2 6 3 1 0 0 0 0 0 0 0 ,0 0 0 0 3 6 3 0 0 0 0 0 0 0 0 ,0 0 0 0 2 8 1 0 0 0 0 0 0 0 0 ,0 0 0 0 3 6 4 0 0 0 0 0 0 0 0 ,0 0 0 0 1 10 2 0 0 0 0 0 0 0 0 ,0 0 0 0 2 8 2 0 0 0 0 0 0 0 0 ,0 0 0 0 0 12 0 0 0 0 0 0 0 0 0 ,
VornoiFreq:0.0219248 0.0250569 0.0301822 0.0316059 0.0381549 0.041287 0.0794419 0.0865604 0.0996583 0.156891 
AverageAreas:32.7499 32.8656 32.2728 32.9048 32.8513 32.4044 32.9135 32.2565 32.3723 31.4155 
AreaStds:1.39512 1.41387 1.08857 1.30117 1.30553 1.34759 1.1942 1.27381 1.28508 1.31084 
AverageVolumes:14.8402 15.0804 14.617 14.842 14.7797 14.404 14.9602 14.6792 14.5522 14.0959 
VolumeStds:0.950656 0.948417 0.752081 0.886175 0.886104 0.90341 0.831028 0.863135 0.867299 0.856481 
Timestep:3955000
Temperature: 445.028
Density: 7.58754
AverageArea: 32.7399
AreaStd: 1.46963
AverageVolume: 14.8156
VolumeStd: 0.966736
VornoiIndicies:0 0 0 0 2 8 4 0 0 0 0 0 0 0 0 ,0 0 0 0 2 8 3 0 0 0 0 0 0 0 0 ,0 0 0 1 0 9 3 0 0 0 0 0 0 0 0 ,0 0 0 0 3 6 3 0 0 0 0 0 0 0 0 ,0 0 0 1 2 6 3 1 0 0 0 0 0 0 0 ,0 0 0 0 2 8 1 0 0 0 0 0 0 0 0 ,0 0 0 0 3 6 4 0 0 0 0 0 0 0 0 ,0 0 0 0 1 10 2 0 0 0 0 0 0 0 0 ,0 0 0 0 2 8 2 0 0 0 0 0 0 0 0 ,0 0 0 0 0 12 0 0 0 0 0 0 0 0 0 ,
VornoiFreq:0.0224943 0.0230638 0.0279043 0.0338838 0.0338838 0.0432802 0.0785877 0.0925399 0.106777 0.16287 
AverageAreas:33.0474 32.7596 32.5081 32.8568 32.9938 32.4477 33.1152 32.2936 32.526 31.5685 
AreaStds:1.32566 1.28662 1.42728 1.24398 1.26495 1.35951 1.38497 1.23418 1.26246 1.3395 
AverageVolumes:15.1959 14.8557 14.7806 14.7749 14.9058 14.432 15.0792 14.6821 14.6335 14.2024 
VolumeStds:0.913567 0.858002 0.94559 0.846278 0.849867 0.893156 0.950879 0.833935 0.832613 0.877838 
Timestep:4000000
Temperature: 419.298
Density: 7.62527
AverageArea: 32.6271
AreaStd: 1.44802
AverageVolume: 14.7378
VolumeStd: 0.951223
VornoiIndicies:0 0 0 1 2 6 2 1 0 0 0 0 0 0 0 ,0 0 0 1 2 6 3 1 0 0 0 0 0 0 0 ,0 0 0 0 2 8 3 0 0 0 0 0 0 0 0 ,0 0 0 0 2 8 4 0 0 0 0 0 0 0 0 ,0 0 0 0 3 6 3 0 0 0 0 0 0 0 0 ,0 0 0 0 2 8 1 0 0 0 0 0 0 0 0 ,0 0 0 0 3 6 4 0 0 0 0 0 0 0 0 ,0 0 0 0 1 10 2 0 0 0 0 0 0 0 0 ,0 0 0 0 2 8 2 0 0 0 0 0 0 0 0 ,0 0 0 0 0 12 0 0 0 0 0 0 0 0 0 ,
VornoiFreq:0.0247722 0.0250569 0.0279043 0.0287585 0.0296128 0.0390091 0.0757403 0.083713 0.0993736 0.16344 
AverageAreas:32.5109 33.0259 32.6628 33.0748 32.6422 32.302 32.8269 32.2477 32.2662 31.4726 
AreaStds:1.1704 1.4369 1.21419 1.3337 1.11225 1.39794 1.25439 1.17796 1.21082 1.34781 
AverageVolumes:14.4993 14.9732 14.7947 15.2414 14.644 14.3338 14.887 14.6702 14.4645 14.1282 
VolumeStds:0.80062 0.974987 0.815486 0.908808 0.786348 0.920107 0.876673 0.774513 0.802244 0.88073 
Timestep:4050000
Temperature: 401.176
Density: 7.61824
AverageArea: 32.6252
AreaStd: 1.46496
AverageVolume: 14.7387
VolumeStd: 0.962385
VornoiIndicies:0 0 0 1 2 6 2 1 0 0 0 0 0 0 0 ,0 0 0 0 2 8 3 0 0 0 0 0 0 0 0 ,0 0 0 1 2 6 3 1 0 0 0 0 0 0 0 ,0 0 0 0 3 6 3 0 0 0 0 0 0 0 0 ,0 0 0 1 0 9 3 0 0 0 0 0 0 0 0 ,0 0 0 0 2 8 1 0 0 0 0 0 0 0 0 ,0 0 0 0 3 6 4 0 0 0 0 0 0 0 0 ,0 0 0 0 1 10 2 0 0 0 0 0 0 0 0 ,0 0 0 0 2 8 2 0 0 0 0 0 0 0 0 ,0 0 0 0 0 12 0 0 0 0 0 0 0 0 0 ,
VornoiFreq:0.022779 0.0276196 0.0276196 0.0287585 0.0310364 0.0392938 0.0669134 0.0953872 0.110194 0.160592 
AverageAreas:32.6593 32.7118 33.0039 32.7985 32.2116 32.3777 32.9889 32.3255 32.3416 31.3758 
AreaStds:1.38293 1.20374 1.21235 1.36808 1.35439 1.37609 1.1467 1.27231 1.19911 1.32236 
AverageVolumes:14.5688 14.8222 14.9148 14.7502 14.5919 14.4028 14.9886 14.7248 14.5179 14.069 
VolumeStds:0.90916 0.805703 0.825725 0.928229 0.893949 0.925924 0.801057 0.854513 0.808338 0.866897 
Timestep:4100000
Temperature: 375.317
Density: 7.61608
AverageArea: 32.6266
AreaStd: 1.42891
AverageVolume: 14.745
VolumeStd: 0.937194
VornoiIndicies:0 0 0 0 2 8 3 0 0 0 0 0 0 0 0 ,0 0 0 0 2 8 4 0 0 0 0 0 0 0 0 ,0 0 0 1 0 9 3 0 0 0 0 0 0 0 0 ,0 0 0 0 3 6 3 0 0 0 0 0 0 0 0 ,0 0 0 1 2 6 3 1 0 0 0 0 0 0 0 ,0 0 0 0 2 8 1 0 0 0 0 0 0 0 0 ,0 0 0 0 3 6 4 0 0 0 0 0 0 0 0 ,0 0 0 0 1 10 2 0 0 0 0 0 0 0 0 ,0 0 0 0 2 8 2 0 0 0 0 0 0 0 0 ,0 0 0 0 0 12 0 0 0 0 0 0 0 0 0 ,
VornoiFreq:0.0233485 0.0250569 0.0324601 0.0344533 0.034738 0.0384396 0.0737472 0.0857062 0.103075 0.157745 
AverageAreas:32.5944 32.9821 32.3365 32.7366 32.7536 32.4694 32.8983 32.2063 32.3088 31.4069 
AreaStds:1.15002 1.09379 1.09965 1.37858 1.2452 1.30558 1.14002 1.13868 1.2785 1.262 
AverageVolumes:14.7631 15.165 14.6943 14.705 14.7459 14.4553 14.9236 14.6346 14.5147 14.1017 
VolumeStds:0.804977 0.784515 0.738044 0.962114 0.825469 0.874012 0.791174 0.755996 0.85837 0.831104 
Timestep:4150000
Temperature: 352.65
Density: 7.62683
AverageArea: 32.5943
AreaStd: 1.43844
AverageVolume: 14.7244
VolumeStd: 0.943153
VornoiIndicies:0 0 0 1 0 9 3 0 0 0 0 0 0 0 0 ,0 0 0 1 2 6 3 1 0 0 0 0 0 0 0 ,0 0 0 0 2 8 3 0 0 0 0 0 0 0 0 ,0 0 0 0 2 8 4 0 0 0 0 0 0 0 0 ,0 0 0 0 3 6 3 0 0 0 0 0 0 0 0 ,0 0 0 0 2 8 1 0 0 0 0 0 0 0 0 ,0 0 0 0 3 6 4 0 0 0 0 0 0 0 0 ,0 0 0 0 1 10 2 0 0 0 0 0 0 0 0 ,0 0 0 0 2 8 2 0 0 0 0 0 0 0 0 ,0 0 0 0 0 12 0 0 0 0 0 0 0 0 0 ,
VornoiFreq:0.0261959 0.0261959 0.029328 0.0313212 0.0361617 0.0455581 0.0765945 0.0845672 0.101082 0.169704 
AverageAreas:32.0637 32.7657 32.5302 32.9992 32.9365 32.4238 32.8406 32.2859 32.3749 31.3924 
AreaStds:1.18707 1.20515 1.37038 1.31209 1.37151 1.3269 1.23337 1.07706 1.23008 1.27496 
AverageVolumes:14.4834 14.7498 14.733 15.1723 14.8625 14.4174 14.8972 14.6936 14.5486 14.0943 
VolumeStds:0.784606 0.810146 0.949689 0.8967 0.94968 0.876831 0.839449 0.710755 0.825491 0.836145 
Timestep:4200000
Temperature: 328.353
Density: 7.6399
AverageArea: 32.5499
AreaStd: 1.42909
AverageVolume: 14.6997
VolumeStd: 0.934244
VornoiIndicies:0 0 0 0 2 8 3 0 0 0 0 0 0 0 0 ,0 0 0 0 2 8 4 0 0 0 0 0 0 0 0 ,0 0 0 1 0 9 3 0 0 0 0 0 0 0 0 ,0 0 0 1 2 6 3 1 0 0 0 0 0 0 0 ,0 0 0 0 3 6 3 0 0 0 0 0 0 0 0 ,0 0 0 0 2 8 1 0 0 0 0 0 0 0 0 ,0 0 0 0 3 6 4 0 0 0 0 0 0 0 0 ,0 0 0 0 1 10 2 0 0 0 0 0 0 0 0 ,0 0 0 0 2 8 2 0 0 0 0 0 0 0 0 ,0 0 0 0 0 12 0 0 0 0 0 0 0 0 0 ,
VornoiFreq:0.023918 0.0253417 0.0256264 0.0261959 0.0344533 0.0429954 0.0845672 0.0919704 0.103929 0.166002 
AverageAreas:32.5679 32.7997 32.2599 32.8788 32.5821 32.3469 32.8314 32.2354 32.2304 31.326 
AreaStds:1.38376 1.16445 1.12801 1.2311 1.27913 1.27994 1.25639 1.11953 1.23837 1.2834 
AverageVolumes:14.753 15.0267 14.6399 14.8328 14.5952 14.3721 14.8945 14.6624 14.4584 14.0523 
VolumeStds:0.943389 0.779122 0.767768 0.84424 0.865172 0.845986 0.855503 0.752468 0.837141 0.836276 
Timestep:4245000
Temperature: 292.287
Density: 7.6442
AverageArea: 32.5292
AreaStd: 1.43896
AverageVolume: 14.6871
VolumeStd: 0.940567
VornoiIndicies:0 0 0 1 0 9 3 0 0 0 0 0 0 0 0 ,0 0 0 1 2 6 2 1 0 0 0 0 0 0 0 ,0 0 0 0 2 8 4 0 0 0 0 0 0 0 0 ,0 0 0 0 3 6 3 0 0 0 0 0 0 0 0 ,0 0 0 1 2 6 3 1 0 0 0 0 0 0 0 ,0 0 0 0 2 8 1 0 0 0 0 0 0 0 0 ,0 0 0 0 3 6 4 0 0 0 0 0 0 0 0 ,0 0 0 0 1 10 2 0 0 0 0 0 0 0 0 ,0 0 0 0 2 8 2 0 0 0 0 0 0 0 0 ,0 0 0 0 0 12 0 0 0 0 0 0 0 0 0 ,
VornoiFreq:0.0230638 0.0236333 0.0267654 0.0318907 0.0330296 0.0361617 0.0774487 0.0922551 0.101651 0.169419 
AverageAreas:32.1245 32.6054 32.8655 32.7728 32.7687 32.3118 32.7933 32.1479 32.2691 31.2999 
AreaStds:1.19875 1.51438 1.28899 1.31386 1.23796 1.26241 1.26316 1.15026 1.18901 1.28181 
AverageVolumes:14.539 14.5682 15.1117 14.7363 14.7983 14.3572 14.8714 14.6045 14.4801 14.0329 
VolumeStds:0.826287 1.01848 0.868906 0.877889 0.836328 0.827258 0.85791 0.762199 0.803816 0.838926 
Timestep:4295000
Temperature: 289.834
Density: 7.65597
AverageArea: 32.4841
AreaStd: 1.42454
AverageVolume: 14.6631
VolumeStd: 0.929775
VornoiIndicies:0 0 0 1 0 9 3 0 0 0 0 0 0 0 0 ,0 0 0 0 2 8 3 0 0 0 0 0 0 0 0 ,0 0 0 0 2 8 4 0 0 0 0 0 0 0 0 ,0 0 0 1 2 6 3 1 0 0 0 0 0 0 0 ,0 0 0 0 3 6 3 0 0 0 0 0 0 0 0 ,0 0 0 0 2 8 1 0 0 0 0 0 0 0 0 ,0 0 0 0 3 6 4 0 0 0 0 0 0 0 0 ,0 0 0 0 1 10 2 0 0 0 0 0 0 0 0 ,0 0 0 0 2 8 2 0 0 0 0 0 0 0 0 ,0 0 0 0 0 12 0 0 0 0 0 0 0 0 0 ,
VornoiFreq:0.0242027 0.0270501 0.0276196 0.0276196 0.0378702 0.0458428 0.0788724 0.0914009 0.108485 0.172551 
AverageAreas:31.9378 32.5797 32.8322 32.7715 32.7904 32.3226 32.732 32.2336 32.1562 31.3215 
AreaStds:1.29422 1.09814 1.17494 1.37061 1.23844 1.3184 1.16467 1.16702 1.21085 1.28621 
AverageVolumes:14.4326 14.7534 15.068 14.789 14.7365 14.367 14.8316 14.6757 14.3989 14.0529 
VolumeStds:0.867742 0.729641 0.785924 0.925586 0.842162 0.878046 0.786135 0.775915 0.800708 0.837878 
Timestep:4345000
Temperature: 249.993
Density: 7.65952
AverageArea: 32.465
AreaStd: 1.43285
AverageVolume: 14.6512
VolumeStd: 0.93492
VornoiIndicies:0 0 0 0 2 8 4 0 0 0 0 0 0 0 0 ,0 0 0 0 2 8 3 0 0 0 0 0 0 0 0 ,0 0 0 1 2 6 3 1 0 0 0 0 0 0 0 ,0 0 0 1 0 9 3 0 0 0 0 0 0 0 0 ,0 0 0 0 3 6 3 0 0 0 0 0 0 0 0 ,0 0 0 0 2 8 1 0 0 0 0 0 0 0 0 ,0 0 0 0 3 6 4 0 0 0 0 0 0 0 0 ,0 0 0 0 1 10 2 0 0 0 0 0 0 0 0 ,0 0 0 0 2 8 2 0 0 0 0 0 0 0 0 ,0 0 0 0 0 12 0 0 0 0 0 0 0 0 0 ,
VornoiFreq:0.0267654 0.0276196 0.0301822 0.0318907 0.0390091 0.0395786 0.077164 0.0911162 0.102506 0.169989 
AverageAreas:32.9593 32.6506 32.5563 32.1478 32.7273 32.1965 32.7464 32.092 32.1238 31.2782 
AreaStds:1.35032 1.24301 1.14527 1.37626 1.28551 1.31012 1.273 1.12818 1.22019 1.27069 
AverageVolumes:15.1342 14.8243 14.6401 14.5957 14.7259 14.286 14.8546 14.573 14.3826 14.0232 
VolumeStds:0.90888 0.844045 0.771642 0.924744 0.871085 0.863239 0.876434 0.74732 0.80732 0.832466 
Timestep:4395000
Temperature: 250.137
Density: 7.67709
AverageArea: 32.4116
AreaStd: 1.42095
AverageVolume: 14.6167
VolumeStd: 0.923552
VornoiIndicies:0 0 0 0 2 8 4 0 0 0 0 0 0 0 0 ,0 0 0 0 2 8 3 0 0 0 0 0 0 0 0 ,0 0 0 1 0 9 3 0 0 0 0 0 0 0 0 ,0 0 0 1 2 6 3 1 0 0 0 0 0 0 0 ,0 0 0 0 3 6 3 0 0 0 0 0 0 0 0 ,0 0 0 0 2 8 1 0 0 0 0 0 0 0 0 ,0 0 0 0 3 6 4 0 0 0 0 0 0 0 0 ,0 0 0 0 1 10 2 0 0 0 0 0 0 0 0 ,0 0 0 0 2 8 2 0 0 0 0 0 0 0 0 ,0 0 0 0 0 12 0 0 0 0 0 0 0 0 0 ,
VornoiFreq:0.0247722 0.0253417 0.0276196 0.0279043 0.0367312 0.0427107 0.0820046 0.0931093 0.10279 0.171982 
AverageAreas:32.8108 32.4343 31.8988 32.7228 32.7768 32.3376 32.6358 32.0465 32.229 31.2126 
AreaStds:1.21768 1.22858 1.22604 1.35605 1.2904 1.31944 1.25202 1.18985 1.2024 1.27625 
AverageVolumes:15.0778 14.6728 14.4155 14.7566 14.7412 14.3707 14.7785 14.5542 14.4568 13.9798 
VolumeStds:0.815793 0.827789 0.818368 0.899665 0.898157 0.859868 0.854866 0.804296 0.808637 0.832205 
Timestep:4445000
Temperature: 200.76
Density: 7.67485
AverageArea: 32.4068
AreaStd: 1.40559
AverageVolume: 14.6151
VolumeStd: 0.913247
VornoiIndicies:0 0 0 1 2 6 3 1 0 0 0 0 0 0 0 ,0 0 0 0 2 8 3 0 0 0 0 0 0 0 0 ,0 0 0 0 2 8 4 0 0 0 0 0 0 0 0 ,0 0 0 1 0 9 3 0 0 0 0 0 0 0 0 ,0 0 0 0 3 6 3 0 0 0 0 0 0 0 0 ,0 0 0 0 2 8 1 0 0 0 0 0 0 0 0 ,0 0 0 0 3 6 4 0 0 0 0 0 0 0 0 ,0 0 0 0 1 10 2 0 0 0 0 0 0 0 0 ,0 0 0 0 2 8 2 0 0 0 0 0 0 0 0 ,0 0 0 0 0 12 0 0 0 0 0 0 0 0 0 ,
VornoiFreq:0.0247722 0.0253417 0.0256264 0.029328 0.0321754 0.0421412 0.0814351 0.0899772 0.105638 0.175968 
AverageAreas:32.6751 32.421 32.7102 32.1839 32.6173 32.2846 32.7103 32.1012 32.1838 31.219 
AreaStds:1.36611 1.24412 1.0498 1.30083 1.21243 1.26021 1.18009 1.15246 1.17501 1.25923 
AverageVolumes:14.6976 14.6585 14.985 14.6122 14.6406 14.3423 14.8265 14.5829 14.4259 13.9872 
VolumeStds:0.904751 0.826023 0.723248 0.872313 0.829625 0.832022 0.795624 0.760076 0.77921 0.820697 
Timestep:4490000
Temperature: 197.111
Density: 7.68818
AverageArea: 32.3689
AreaStd: 1.39814
AverageVolume: 14.5932
VolumeStd: 0.905515
VornoiIndicies:0 0 0 1 2 5 4 0 0 0 0 0 0 0 0 ,0 0 0 0 2 8 3 0 0 0 0 0 0 0 0 ,0 0 0 1 2 6 3 1 0 0 0 0 0 0 0 ,0 0 0 0 2 8 4 0 0 0 0 0 0 0 0 ,0 0 0 0 3 6 3 0 0 0 0 0 0 0 0 ,0 0 0 0 2 8 1 0 0 0 0 0 0 0 0 ,0 0 0 0 3 6 4 0 0 0 0 0 0 0 0 ,0 0 0 0 1 10 2 0 0 0 0 0 0 0 0 ,0 0 0 0 2 8 2 0 0 0 0 0 0 0 0 ,0 0 0 0 0 12 0 0 0 0 0 0 0 0 0 ,
VornoiFreq:0.0213554 0.022779 0.0233485 0.0264806 0.0318907 0.0441344 0.0857062 0.0982346 0.107631 0.180524 
AverageAreas:32.7105 32.3087 32.5452 32.6403 32.5827 32.2728 32.7492 32.0325 32.1477 31.1989 
AreaStds:1.37479 1.12048 1.25754 1.15035 1.16684 1.21439 1.13475 1.17105 1.26229 1.26033 
AverageVolumes:14.5721 14.5788 14.6476 14.9442 14.6108 14.3513 14.8371 14.5421 14.4107 13.9802 
VolumeStds:0.921739 0.777125 0.872292 0.771811 0.811954 0.796544 0.755357 0.77852 0.847424 0.818747 
Timestep:4540000
Temperature: 164.839
Density: 7.68878
AverageArea: 32.3579
AreaStd: 1.39338
AverageVolume: 14.5878
VolumeStd: 0.90356
VornoiIndicies:0 0 0 0 2 8 3 0 0 0 0 0 0 0 0 ,0 0 0 1 0 9 3 0 0 0 0 0 0 0 0 ,0 0 0 0 2 8 4 0 0 0 0 0 0 0 0 ,0 0 0 1 2 6 3 1 0 0 0 0 0 0 0 ,0 0 0 0 3 6 3 0 0 0 0 0 0 0 0 ,0 0 0 0 2 8 1 0 0 0 0 0 0 0 0 ,0 0 0 0 3 6 4 0 0 0 0 0 0 0 0 ,0 0 0 0 1 10 2 0 0 0 0 0 0 0 0 ,0 0 0 0 2 8 2 0 0 0 0 0 0 0 0 ,0 0 0 0 0 12 0 0 0 0 0 0 0 0 0 ,
VornoiFreq:0.0233485 0.0236333 0.0296128 0.0307517 0.0364465 0.0407175 0.0805809 0.089123 0.10877 0.17967 
AverageAreas:32.3848 31.7953 32.7194 32.749 32.6909 32.1918 32.6087 31.9954 32.153 31.2254 
AreaStds:1.02712 1.34305 1.3253 1.19785 1.2833 1.26673 1.2128 1.08779 1.1537 1.26666 
AverageVolumes:14.6268 14.3552 15.0049 14.7703 14.6912 14.2946 14.7759 14.5247 14.4077 13.9996 
VolumeStds:0.68417 0.896793 0.901199 0.802004 0.858511 0.835357 0.82409 0.721826 0.777788 0.826247 
Timestep:4590000
Temperature: 150.25
Density: 7.69715
AverageArea: 32.3285
AreaStd: 1.39269
AverageVolume: 14.5683
VolumeStd: 0.901771
VornoiIndicies:0 0 0 0 2 8 3 0 0 0 0 0 0 0 0 ,0 0 0 1 0 9 3 0 0 0 0 0 0 0 0 ,0 0 0 0 2 8 4 0 0 0 0 0 0 0 0 ,0 0 0 1 2 6 3 1 0 0 0 0 0 0 0 ,0 0 0 0 3 6 3 0 0 0 0 0 0 0 0 ,0 0 0 0 2 8 1 0 0 0 0 0 0 0 0 ,0 0 0 0 3 6 4 0 0 0 0 0 0 0 0 ,0 0 0 0 1 10 2 0 0 0 0 0 0 0 0 ,0 0 0 0 2 8 2 0 0 0 0 0 0 0 0 ,0 0 0 0 0 12 0 0 0 0 0 0 0 0 0 ,
VornoiFreq:0.022779 0.0259112 0.0281891 0.0301822 0.0353075 0.0387244 0.0794419 0.0948178 0.104784 0.1791 
AverageAreas:32.3172 32.112 32.7358 32.6239 32.4778 32.2011 32.5731 31.9928 32.1071 31.1449 
AreaStds:0.991704 1.21613 1.1411 1.18384 1.29915 1.28306 1.10554 1.19964 1.23704 1.22428 
AverageVolumes:14.5805 14.5441 15.0188 14.6819 14.5624 14.3086 14.7434 14.5266 14.3775 13.9468 
VolumeStds:0.670434 0.816469 0.796044 0.806394 0.891487 0.841896 0.755236 0.798902 0.832482 0.795091 
Timestep:4640000
Temperature: 116.241
Density: 7.70958
AverageArea: 32.2842
AreaStd: 1.39
AverageVolume: 14.5426
VolumeStd: 0.898588
VornoiIndicies:0 0 0 0 2 8 3 0 0 0 0 0 0 0 0 ,0 0 0 0 2 8 4 0 0 0 0 0 0 0 0 ,0 0 0 1 0 9 3 0 0 0 0 0 0 0 0 ,0 0 0 1 2 6 3 1 0 0 0 0 0 0 0 ,0 0 0 0 3 6 3 0 0 0 0 0 0 0 0 ,0 0 0 0 2 8 1 0 0 0 0 0 0 0 0 ,0 0 0 0 3 6 4 0 0 0 0 0 0 0 0 ,0 0 0 0 1 10 2 0 0 0 0 0 0 0 0 ,0 0 0 0 2 8 2 0 0 0 0 0 0 0 0 ,0 0 0 0 0 12 0 0 0 0 0 0 0 0 0 ,
VornoiFreq:0.0233485 0.0253417 0.0256264 0.0296128 0.0321754 0.0418565 0.0765945 0.0968109 0.111902 0.178531 
AverageAreas:32.2752 32.7795 31.9257 32.5562 32.4984 32.1171 32.5976 31.9685 32.0801 31.1104 
AreaStds:1.17948 1.15339 1.20653 1.17757 1.25456 1.30737 1.10201 1.13622 1.22352 1.25724 
AverageVolumes:14.5761 15.0525 14.4359 14.6446 14.5689 14.2482 14.7615 14.5058 14.3666 13.9242 
VolumeStds:0.793891 0.764641 0.798897 0.794515 0.856018 0.859222 0.750299 0.746075 0.822432 0.816464 
Timestep:4690000
Temperature: 98.6064
Density: 7.70558
AverageArea: 32.3
AreaStd: 1.38991
AverageVolume: 14.5532
VolumeStd: 0.897218
VornoiIndicies:0 0 0 0 2 8 3 0 0 0 0 0 0 0 0 ,0 0 0 1 0 9 3 0 0 0 0 0 0 0 0 ,0 0 0 1 2 6 3 1 0 0 0 0 0 0 0 ,0 0 0 0 2 8 4 0 0 0 0 0 0 0 0 ,0 0 0 0 3 6 3 0 0 0 0 0 0 0 0 ,0 0 0 0 2 8 1 0 0 0 0 0 0 0 0 ,0 0 0 0 3 6 4 0 0 0 0 0 0 0 0 ,0 0 0 0 1 10 2 0 0 0 0 0 0 0 0 ,0 0 0 0 2 8 2 0 0 0 0 0 0 0 0 ,0 0 0 0 0 12 0 0 0 0 0 0 0 0 0 ,
VornoiFreq:0.0250569 0.0261959 0.0281891 0.0298975 0.0353075 0.042426 0.0794419 0.0928246 0.103929 0.179954 
AverageAreas:32.3945 31.9786 32.6776 32.7514 32.5704 32.1689 32.6128 31.9427 32.0218 31.1389 
AreaStds:1.13213 1.25947 1.25568 1.11103 1.23164 1.33175 1.12326 1.15993 1.20844 1.25207 
AverageVolumes:14.6553 14.4733 14.7324 15.0368 14.6066 14.2783 14.7602 14.4966 14.3277 13.9474 
VolumeStds:0.743028 0.844003 0.838541 0.735794 0.858726 0.88195 0.761616 0.770728 0.80472 0.814455 
Timestep:4735000
Temperature: 76.8843
Density: 7.70798
AverageArea: 32.285
AreaStd: 1.39101
AverageVolume: 14.5435
VolumeStd: 0.898579
VornoiIndicies:0 0 0 1 0 9 3 0 0 0 0 0 0 0 0 ,0 0 0 1 2 6 2 1 0 0 0 0 0 0 0 ,0 0 0 0 2 8 4 0 0 0 0 0 0 0 0 ,0 0 0 0 3 6 3 0 0 0 0 0 0 0 0 ,0 0 0 1 2 6 3 1 0 0 0 0 0 0 0 ,0 0 0 0 2 8 1 0 0 0 0 0 0 0 0 ,0 0 0 0 3 6 4 0 0 0 0 0 0 0 0 ,0 0 0 0 1 10 2 0 0 0 0 0 0 0 0 ,0 0 0 0 2 8 2 0 0 0 0 0 0 0 0 ,0 0 0 0 0 12 0 0 0 0 0 0 0 0 0 ,
VornoiFreq:0.0222096 0.0222096 0.0310364 0.0313212 0.0327449 0.0429954 0.0740319 0.0965262 0.104784 0.183371 
AverageAreas:32.0332 32.4741 32.9455 32.5401 32.6672 32.1324 32.6258 31.8994 32.0451 31.1177 
AreaStds:1.24051 1.18899 1.28168 1.16627 1.15532 1.30868 1.1182 1.10191 1.2032 1.26842 
AverageVolumes:14.522 14.5096 15.157 14.6081 14.7191 14.2566 14.7811 14.4595 14.3408 13.9288 
VolumeStds:0.820647 0.799588 0.843885 0.813263 0.773784 0.862939 0.755428 0.73386 0.804978 0.820614 
Timestep:4785000
Temperature: 49.91
Density: 7.71122
AverageArea: 32.2789
AreaStd: 1.39276
AverageVolume: 14.5402
VolumeStd: 0.898795
VornoiIndicies:0 0 0 1 0 9 3 0 0 0 0 0 0 0 0 ,0 0 0 0 2 8 3 0 0 0 0 0 0 0 0 ,0 0 0 0 2 8 4 0 0 0 0 0 0 0 0 ,0 0 0 1 2 6 3 1 0 0 0 0 0 0 0 ,0 0 0 0 3 6 3 0 0 0 0 0 0 0 0 ,0 0 0 0 2 8 1 0 0 0 0 0 0 0 0 ,0 0 0 0 3 6 4 0 0 0 0 0 0 0 0 ,0 0 0 0 1 10 2 0 0 0 0 0 0 0 0 ,0 0 0 0 2 8 2 0 0 0 0 0 0 0 0 ,0 0 0 0 0 12 0 0 0 0 0 0 0 0 0 ,
VornoiFreq:0.0247722 0.0253417 0.0273349 0.0279043 0.035877 0.0421412 0.0777335 0.0990888 0.110478 0.181378 
AverageAreas:32.0173 32.3048 32.6959 32.5584 32.5139 32.1699 32.5647 31.9527 32.0728 31.109 
AreaStds:1.33612 1.06595 1.12059 1.24648 1.22165 1.25247 1.14109 1.13202 1.17876 1.26175 
AverageVolumes:14.5039 14.5837 14.9907 14.6583 14.5833 14.2738 14.729 14.4969 14.3481 13.9277 
VolumeStds:0.886662 0.724658 0.75113 0.835383 0.846472 0.817931 0.766184 0.748853 0.788814 0.818417 
Timestep:4835000
Temperature: 48.8257
Density: 7.71324
AverageArea: 32.2706
AreaStd: 1.38488
AverageVolume: 14.5345
VolumeStd: 0.893522
VornoiIndicies:0 0 0 1 0 9 3 0 0 0 0 0 0 0 0 ,0 0 0 0 2 8 4 0 0 0 0 0 0 0 0 ,0 0 0 0 2 8 3 0 0 0 0 0 0 0 0 ,0 0 0 1 2 6 3 1 0 0 0 0 0 0 0 ,0 0 0 0 3 6 3 0 0 0 0 0 0 0 0 ,0 0 0 0 2 8 1 0 0 0 0 0 0 0 0 ,0 0 0 0 3 6 4 0 0 0 0 0 0 0 0 ,0 0 0 0 1 10 2 0 0 0 0 0 0 0 0 ,0 0 0 0 2 8 2 0 0 0 0 0 0 0 0 ,0 0 0 0 0 12 0 0 0 0 0 0 0 0 0 ,
VornoiFreq:0.022779 0.0259112 0.0284738 0.0321754 0.0327449 0.0407175 0.0788724 0.0948178 0.107346 0.181093 
AverageAreas:31.9929 32.6317 32.2393 32.5972 32.4566 32.1096 32.5421 31.9548 32.1236 31.0949 
AreaStds:1.2156 1.07025 1.03777 1.27634 1.22086 1.22871 1.12136 1.14012 1.15055 1.26285 
AverageVolumes:14.4884 14.9629 14.5312 14.6682 14.5556 14.2377 14.7184 14.5019 14.3909 13.9161 
VolumeStds:0.821156 0.714931 0.695712 0.846214 0.849785 0.798505 0.753009 0.752455 0.772359 0.818556 
Timestep:4885000
Temperature: 42.9817
Density: 7.70837
AverageArea: 32.2831
AreaStd: 1.38666
AverageVolume: 14.5426
VolumeStd: 0.893695
VornoiIndicies:0 0 0 1 2 6 2 1 0 0 0 0 0 0 0 ,0 0 0 0 2 8 3 0 0 0 0 0 0 0 0 ,0 0 0 1 2 6 3 1 0 0 0 0 0 0 0 ,0 0 0 0 2 8 4 0 0 0 0 0 0 0 0 ,0 0 0 0 3 6 3 0 0 0 0 0 0 0 0 ,0 0 0 0 2 8 1 0 0 0 0 0 0 0 0 ,0 0 0 0 3 6 4 0 0 0 0 0 0 0 0 ,0 0 0 0 1 10 2 0 0 0 0 0 0 0 0 ,0 0 0 0 2 8 2 0 0 0 0 0 0 0 0 ,0 0 0 0 0 12 0 0 0 0 0 0 0 0 0 ,
VornoiFreq:0.0224943 0.0244875 0.0273349 0.0279043 0.0318907 0.041287 0.0768793 0.095672 0.109339 0.183941 
AverageAreas:32.3869 32.3578 32.6879 32.7782 32.655 32.0849 32.5469 31.9193 32.0891 31.1548 
AreaStds:1.35888 1.13256 1.12257 1.30093 1.24161 1.21821 1.19059 1.14591 1.19 1.27149 
AverageVolumes:14.4592 14.6133 14.7346 15.0568 14.6816 14.2137 14.7132 14.4749 14.3673 13.9579 
VolumeStds:0.912584 0.755398 0.741828 0.862839 0.851309 0.798172 0.809854 0.755665 0.791678 0.825399 
Timestep:4935000
Temperature: 37.8283
Density: 7.71227
AverageArea: 32.2711
AreaStd: 1.39103
AverageVolume: 14.5346
VolumeStd: 0.89712
VornoiIndicies:0 0 0 1 0 9 3 0 0 0 0 0 0 0 0 ,0 0 0 0 2 8 3 0 0 0 0 0 0 0 0 ,0 0 0 0 2 8 4 0 0 0 0 0 0 0 0 ,0 0 0 1 2 6 3 1 0 0 0 0 0 0 0 ,0 0 0 0 3 6 3 0 0 0 0 0 0 0 0 ,0 0 0 0 2 8 1 0 0 0 0 0 0 0 0 ,0 0 0 0 3 6 4 0 0 0 0 0 0 0 0 ,0 0 0 0 1 10 2 0 0 0 0 0 0 0 0 ,0 0 0 0 2 8 2 0 0 0 0 0 0 0 0 ,0 0 0 0 0 12 0 0 0 0 0 0 0 0 0 ,
VornoiFreq:0.0224943 0.0267654 0.0279043 0.029328 0.0318907 0.0435649 0.0791572 0.0931093 0.105353 0.181378 
AverageAreas:31.8985 32.2842 32.9074 32.6627 32.5756 32.207 32.6042 31.9413 32.0136 31.1085 
AreaStds:1.24431 1.13616 1.35097 1.29852 1.26152 1.32176 1.08783 1.14585 1.19556 1.25344 
AverageVolumes:14.4164 14.5697 15.1417 14.7226 14.6299 14.2985 14.7612 14.4925 14.3227 13.9264 
VolumeStds:0.832568 0.753845 0.898161 0.865066 0.887257 0.864116 0.737809 0.74951 0.802298 0.812504 
Timestep:4980000
Temperature: 34.6543
Density: 7.71812
AverageArea: 32.2523
AreaStd: 1.39108
AverageVolume: 14.5233
VolumeStd: 0.896986
VornoiIndicies:0 0 0 1 0 9 3 0 0 0 0 0 0 0 0 ,0 0 0 0 2 8 3 0 0 0 0 0 0 0 0 ,0 0 0 0 2 8 4 0 0 0 0 0 0 0 0 ,0 0 0 0 3 6 3 0 0 0 0 0 0 0 0 ,0 0 0 1 2 6 3 1 0 0 0 0 0 0 0 ,0 0 0 0 2 8 1 0 0 0 0 0 0 0 0 ,0 0 0 0 3 6 4 0 0 0 0 0 0 0 0 ,0 0 0 0 1 10 2 0 0 0 0 0 0 0 0 ,0 0 0 0 2 8 2 0 0 0 0 0 0 0 0 ,0 0 0 0 0 12 0 0 0 0 0 0 0 0 0 ,
VornoiFreq:0.0230638 0.0242027 0.0279043 0.0298975 0.0324601 0.0410023 0.0780182 0.0942483 0.104784 0.182232 
AverageAreas:31.743 32.1964 32.704 32.3742 32.5435 32.1503 32.5067 31.91 31.9825 31.1095 
AreaStds:1.25272 1.10593 1.15316 1.1974 1.11765 1.29992 1.10703 1.14341 1.14829 1.27109 
AverageVolumes:14.3197 14.533 15.0056 14.4906 14.643 14.2732 14.692 14.4758 14.2952 13.9284 
VolumeStds:0.85117 0.741582 0.774627 0.837379 0.759382 0.852483 0.745655 0.754641 0.770266 0.824944 
Timestep:5030000
Temperature: 29.1882
Density: 7.71534
AverageArea: 32.2569
AreaStd: 1.38739
AverageVolume: 14.5268
VolumeStd: 0.893934
VornoiIndicies:0 0 0 1 0 9 3 0 0 0 0 0 0 0 0 ,0 0 0 1 2 6 3 1 0 0 0 0 0 0 0 ,0 0 0 0 2 8 3 0 0 0 0 0 0 0 0 ,0 0 0 0 2 8 4 0 0 0 0 0 0 0 0 ,0 0 0 0 3 6 3 0 0 0 0 0 0 0 0 ,0 0 0 0 2 8 1 0 0 0 0 0 0 0 0 ,0 0 0 0 3 6 4 0 0 0 0 0 0 0 0 ,0 0 0 0 1 10 2 0 0 0 0 0 0 0 0 ,0 0 0 0 2 8 2 0 0 0 0 0 0 0 0 ,0 0 0 0 0 12 0 0 0 0 0 0 0 0 0 ,
VornoiFreq:0.0247722 0.0261959 0.0267654 0.0276196 0.0316059 0.0421412 0.0788724 0.0899772 0.107062 0.180524 
AverageAreas:31.885 32.5963 32.2014 32.7197 32.6377 32.0944 32.5607 31.8892 32.0398 31.1048 
AreaStds:1.27472 1.26065 1.02572 1.32229 1.22947 1.31184 1.08097 1.14663 1.1689 1.26039 
AverageVolumes:14.4053 14.6646 14.5156 15.0062 14.6777 14.2403 14.7395 14.4633 14.3413 13.9272 
VolumeStds:0.851286 0.83372 0.68484 0.882467 0.857438 0.866298 0.733229 0.75438 0.782944 0.817935 
Timestep:5080000
Temperature: 23.6228
Density: 7.71694
AverageArea: 32.2519
AreaStd: 1.38344
AverageVolume: 14.5241
VolumeStd: 0.891523
VornoiIndicies:0 0 0 1 0 9 3 0 0 0 0 0 0 0 0 ,0 0 0 0 2 8 3 0 0 0 0 0 0 0 0 ,0 0 0 0 2 8 4 0 0 0 0 0 0 0 0 ,0 0 0 1 2 6 3 1 0 0 0 0 0 0 0 ,0 0 0 0 3 6 3 0 0 0 0 0 0 0 0 ,0 0 0 0 2 8 1 0 0 0 0 0 0 0 0 ,0 0 0 0 3 6 4 0 0 0 0 0 0 0 0 ,0 0 0 0 1 10 2 0 0 0 0 0 0 0 0 ,0 0 0 0 2 8 2 0 0 0 0 0 0 0 0 ,0 0 0 0 0 12 0 0 0 0 0 0 0 0 0 ,
VornoiFreq:0.023918 0.0256264 0.0264806 0.0284738 0.0333144 0.0444191 0.0805809 0.0968109 0.105638 0.183941 
AverageAreas:31.8096 32.1989 32.7777 32.5983 32.5851 32.1423 32.5416 31.9145 32.0062 31.1088 
AreaStds:1.22508 1.09602 1.32029 1.17757 1.21321 1.27847 1.11171 1.12693 1.17195 1.26569 
AverageVolumes:14.3692 14.5129 15.051 14.673 14.6356 14.2676 14.7144 14.4737 14.3138 13.9287 
VolumeStds:0.82194 0.742411 0.883616 0.77794 0.84924 0.832229 0.755617 0.742956 0.781878 0.82113 
Timestep:5130000
Temperature: 19.17
Density: 7.71959
AverageArea: 32.2451
AreaStd: 1.38049
AverageVolume: 14.5196
VolumeStd: 0.888921
VornoiIndicies:0 0 0 0 2 8 3 0 0 0 0 0 0 0 0 ,0 0 0 1 0 9 3 0 0 0 0 0 0 0 0 ,0 0 0 0 2 8 4 0 0 0 0 0 0 0 0 ,0 0 0 1 2 6 3 1 0 0 0 0 0 0 0 ,0 0 0 0 3 6 3 0 0 0 0 0 0 0 0 ,0 0 0 0 2 8 1 0 0 0 0 0 0 0 0 ,0 0 0 0 3 6 4 0 0 0 0 0 0 0 0 ,0 0 0 0 1 10 2 0 0 0 0 0 0 0 0 ,0 0 0 0 2 8 2 0 0 0 0 0 0 0 0 ,0 0 0 0 0 12 0 0 0 0 0 0 0 0 0 ,
VornoiFreq:0.0242027 0.0242027 0.0276196 0.0307517 0.0338838 0.0421412 0.0805809 0.0919704 0.109624 0.180809 
AverageAreas:32.1855 31.8943 32.8279 32.6002 32.5666 32.1802 32.481 31.8846 31.9851 31.096 
AreaStds:1.11842 1.19188 1.19123 1.15244 1.16635 1.30442 1.11317 1.13751 1.15926 1.25866 
AverageVolumes:14.5103 14.4174 15.0884 14.6704 14.6199 14.2859 14.6693 14.4609 14.3075 13.9221 
VolumeStds:0.732251 0.800294 0.793594 0.773173 0.816753 0.852215 0.757045 0.749602 0.774497 0.816055 
Timestep:5180000
Temperature: 14.2076
Density: 7.71946
AverageArea: 32.2437
AreaStd: 1.38175
AverageVolume: 14.5188
VolumeStd: 0.889492
VornoiIndicies:0 0 0 1 2 6 2 1 0 0 0 0 0 0 0 ,0 0 0 1 0 9 3 0 0 0 0 0 0 0 0 ,0 0 0 0 2 8 4 0 0 0 0 0 0 0 0 ,0 0 0 1 2 6 3 1 0 0 0 0 0 0 0 ,0 0 0 0 3 6 3 0 0 0 0 0 0 0 0 ,0 0 0 0 2 8 1 0 0 0 0 0 0 0 0 ,0 0 0 0 3 6 4 0 0 0 0 0 0 0 0 ,0 0 0 0 1 10 2 0 0 0 0 0 0 0 0 ,0 0 0 0 2 8 2 0 0 0 0 0 0 0 0 ,0 0 0 0 0 12 0 0 0 0 0 0 0 0 0 ,
VornoiFreq:0.023918 0.0247722 0.0270501 0.030467 0.0321754 0.0418565 0.0817198 0.0922551 0.111048 0.181378 
AverageAreas:32.2471 31.8598 32.8385 32.5352 32.5979 32.169 32.5567 31.8608 31.9954 31.0907 
AreaStds:1.28806 1.27637 1.2902 1.20027 1.19985 1.32074 1.10115 1.12177 1.12784 1.25362 
AverageVolumes:14.3377 14.3949 15.0968 14.638 14.6474 14.2792 14.728 14.445 14.3073 13.9185 
VolumeStds:0.861676 0.856772 0.852183 0.806974 0.834266 0.864844 0.744744 0.739841 0.753156 0.812434 
Timestep:5225000
Temperature: 10.1358
Density: 7.71904
AverageArea: 32.2452
AreaStd: 1.38161
AverageVolume: 14.5197
VolumeStd: 0.889254
VornoiIndicies:0 0 0 1 2 6 2 1 0 0 0 0 0 0 0 ,0 0 0 0 2 8 3 0 0 0 0 0 0 0 0 ,0 0 0 0 2 8 4 0 0 0 0 0 0 0 0 ,0 0 0 1 2 6 3 1 0 0 0 0 0 0 0 ,0 0 0 0 3 6 3 0 0 0 0 0 0 0 0 ,0 0 0 0 2 8 1 0 0 0 0 0 0 0 0 ,0 0 0 0 3 6 4 0 0 0 0 0 0 0 0 ,0 0 0 0 1 10 2 0 0 0 0 0 0 0 0 ,0 0 0 0 2 8 2 0 0 0 0 0 0 0 0 ,0 0 0 0 0 12 0 0 0 0 0 0 0 0 0 ,
VornoiFreq:0.0222096 0.023918 0.0273349 0.0290433 0.0324601 0.0432802 0.0839977 0.0931093 0.112472 0.18451 
AverageAreas:32.2138 32.147 32.7498 32.5383 32.5715 32.1276 32.5432 31.8734 32.0335 31.1077 
AreaStds:1.28901 0.953167 1.16841 1.21702 1.17433 1.33002 1.10205 1.12311 1.15908 1.2581 
AverageVolumes:14.315 14.4881 15.0415 14.6319 14.6293 14.2533 14.7175 14.4495 14.3298 13.9286 
VolumeStds:0.847653 0.646425 0.77346 0.806667 0.816329 0.872634 0.747811 0.738527 0.774836 0.814971 
Timestep:5275000
Temperature: 5.20926
Density: 7.71998
AverageArea: 32.2417
AreaStd: 1.38168
AverageVolume: 14.5174
VolumeStd: 0.88949
VornoiIndicies:0 0 0 1 0 9 3 0 0 0 0 0 0 0 0 ,0 0 0 0 2 8 3 0 0 0 0 0 0 0 0 ,0 0 0 0 2 8 4 0 0 0 0 0 0 0 0 ,0 0 0 1 2 6 3 1 0 0 0 0 0 0 0 ,0 0 0 0 3 6 3 0 0 0 0 0 0 0 0 ,0 0 0 0 2 8 1 0 0 0 0 0 0 0 0 ,0 0 0 0 3 6 4 0 0 0 0 0 0 0 0 ,0 0 0 0 1 10 2 0 0 0 0 0 0 0 0 ,0 0 0 0 2 8 2 0 0 0 0 0 0 0 0 ,0 0 0 0 0 12 0 0 0 0 0 0 0 0 0 ,
VornoiFreq:0.0219248 0.0236333 0.0281891 0.029328 0.0321754 0.0427107 0.0828588 0.0933941 0.112187 0.182517 
AverageAreas:31.7894 32.165 32.8204 32.5797 32.6023 32.1345 32.5622 31.8767 32.001 31.1035 
AreaStds:1.22087 0.947059 1.27575 1.20717 1.23385 1.31709 1.0822 1.13902 1.14657 1.26527 
AverageVolumes:14.3458 14.4994 15.0833 14.6685 14.6532 14.2595 14.7281 14.4515 14.3105 13.927 
VolumeStds:0.817071 0.649116 0.84183 0.803011 0.859646 0.864938 0.728338 0.749151 0.768 0.819734 
Timestep:5325000
Temperature: 1.001
Density: 7.72065
AverageArea: 32.2405
AreaStd: 1.38085
AverageVolume: 14.5167
VolumeStd: 0.888657
VornoiIndicies:0 0 0 0 2 8 3 0 0 0 0 0 0 0 0 ,0 0 0 1 2 6 2 1 0 0 0 0 0 0 0 ,0 0 0 0 2 8 4 0 0 0 0 0 0 0 0 ,0 0 0 1 2 6 3 1 0 0 0 0 0 0 0 ,0 0 0 0 3 6 3 0 0 0 0 0 0 0 0 ,0 0 0 0 2 8 1 0 0 0 0 0 0 0 0 ,0 0 0 0 3 6 4 0 0 0 0 0 0 0 0 ,0 0 0 0 1 10 2 0 0 0 0 0 0 0 0 ,0 0 0 0 2 8 2 0 0 0 0 0 0 0 0 ,0 0 0 0 0 12 0 0 0 0 0 0 0 0 0 ,
VornoiFreq:0.023918 0.023918 0.0267654 0.030467 0.0324601 0.0435649 0.0828588 0.0911162 0.109055 0.183087 
AverageAreas:32.1657 32.2661 32.7675 32.5339 32.5519 32.1786 32.5192 31.8821 32.0113 31.0885 
AreaStds:0.951187 1.30556 1.17303 1.16452 1.21539 1.33897 1.099 1.12307 1.12486 1.25208 
AverageVolumes:14.498 14.3558 15.051 14.6447 14.6175 14.2851 14.7008 14.4597 14.3166 13.9163 
VolumeStds:0.645175 0.871452 0.776767 0.766942 0.844934 0.875344 0.74206 0.739587 0.755621 0.811247 
Timestep:5375000
Temperature: 1.0197
Density: 7.71949
AverageArea: 32.2431
AreaStd: 1.38344
AverageVolume: 14.5185
VolumeStd: 0.890592
VornoiIndicies:0 0 0 1 2 6 2 1 0 0 0 0 0 0 0 ,0 0 0 1 0 9 3 0 0 0 0 0 0 0 0 ,0 0 0 0 2 8 4 0 0 0 0 0 0 0 0 ,0 0 0 1 2 6 3 1 0 0 0 0 0 0 0 ,0 0 0 0 3 6 3 0 0 0 0 0 0 0 0 ,0 0 0 0 2 8 1 0 0 0 0 0 0 0 0 ,0 0 0 0 3 6 4 0 0 0 0 0 0 0 0 ,0 0 0 0 1 10 2 0 0 0 0 0 0 0 0 ,0 0 0 0 2 8 2 0 0 0 0 0 0 0 0 ,0 0 0 0 0 12 0 0 0 0 0 0 0 0 0 ,
VornoiFreq:0.022779 0.0244875 0.0270501 0.0298975 0.0333144 0.0410023 0.0814351 0.0925399 0.111048 0.181663 
AverageAreas:32.3226 31.8642 32.8265 32.5396 32.5646 32.1497 32.5474 31.8759 31.9878 31.0844 
AreaStds:1.27546 1.24816 1.29235 1.19568 1.2205 1.33822 1.09511 1.12963 1.13815 1.24917 
AverageVolumes:14.3883 14.4002 15.0924 14.6442 14.6277 14.2696 14.7183 14.4532 14.3032 13.9143 
VolumeStds:0.85469 0.836111 0.857547 0.795584 0.845158 0.875479 0.738857 0.743009 0.763756 0.810562 
Timestep:5425000
Temperature: 0.991112
Density: 7.71956
AverageArea: 32.2434
AreaStd: 1.38132
AverageVolume: 14.5186
VolumeStd: 0.889153
VornoiIndicies:0 0 0 0 2 8 3 0 0 0 0 0 0 0 0 ,0 0 0 1 2 6 2 1 0 0 0 0 0 0 0 ,0 0 0 0 2 8 4 0 0 0 0 0 0 0 0 ,0 0 0 1 2 6 3 1 0 0 0 0 0 0 0 ,0 0 0 0 3 6 3 0 0 0 0 0 0 0 0 ,0 0 0 0 2 8 1 0 0 0 0 0 0 0 0 ,0 0 0 0 3 6 4 0 0 0 0 0 0 0 0 ,0 0 0 0 1 10 2 0 0 0 0 0 0 0 0 ,0 0 0 0 2 8 2 0 0 0 0 0 0 0 0 ,0 0 0 0 0 12 0 0 0 0 0 0 0 0 0 ,
VornoiFreq:0.0224943 0.0233485 0.0270501 0.0307517 0.0324601 0.0427107 0.0831435 0.0925399 0.110194 0.183371 
AverageAreas:32.1808 32.2561 32.818 32.5358 32.6004 32.1832 32.526 31.8814 31.9915 31.1043 
AreaStds:1.00378 1.22957 1.27081 1.17554 1.20983 1.34019 1.09802 1.12266 1.14368 1.25699 
AverageVolumes:14.5128 14.3389 15.0829 14.6454 14.6489 14.2908 14.7042 14.4549 14.3047 13.9263 
VolumeStds:0.682021 0.813482 0.837321 0.781385 0.838557 0.877239 0.74274 0.738424 0.766762 0.813927 
Timestep:5470000
Temperature: 0.99108
Density: 7.71949
AverageArea: 32.2433
AreaStd: 1.38071
AverageVolume: 14.5187
VolumeStd: 0.889116
VornoiIndicies:0 0 0 1 2 6 2 1 0 0 0 0 0 0 0 ,0 0 0 0 2 8 3 0 0 0 0 0 0 0 0 ,0 0 0 1 2 6 3 1 0 0 0 0 0 0 0 ,0 0 0 0 2 8 4 0 0 0 0 0 0 0 0 ,0 0 0 0 3 6 3 0 0 0 0 0 0 0 0 ,0 0 0 0 2 8 1 0 0 0 0 0 0 0 0 ,0 0 0 0 3 6 4 0 0 0 0 0 0 0 0 ,0 0 0 0 1 10 2 0 0 0 0 0 0 0 0 ,0 0 0 0 2 8 2 0 0 0 0 0 0 0 0 ,0 0 0 0 0 12 0 0 0 0 0 0 0 0 0 ,
VornoiFreq:0.0219248 0.0242027 0.0279043 0.0281891 0.0335991 0.0444191 0.0834282 0.0922551 0.112187 0.183656 
AverageAreas:32.2578 32.1227 32.517 32.8041 32.5992 32.132 32.5472 31.8965 32.0281 31.1077 
AreaStds:1.25024 1.01542 1.21314 1.3 1.2083 1.2871 1.08755 1.1029 1.15533 1.25813 
AverageVolumes:14.3409 14.4732 14.6302 15.0637 14.653 14.2519 14.7206 14.4669 14.329 13.929 
VolumeStds:0.829454 0.679746 0.807115 0.865113 0.838843 0.842289 0.735563 0.726843 0.773114 0.814951 
Timestep:5520000
Temperature: 0.996971
Density: 7.72054
AverageArea: 32.2405
AreaStd: 1.38154
AverageVolume: 14.5166
VolumeStd: 0.889172
VornoiIndicies:0 0 0 1 2 6 2 1 0 0 0 0 0 0 0 ,0 0 0 1 0 9 3 0 0 0 0 0 0 0 0 ,0 0 0 0 2 8 4 0 0 0 0 0 0 0 0 ,0 0 0 1 2 6 3 1 0 0 0 0 0 0 0 ,0 0 0 0 3 6 3 0 0 0 0 0 0 0 0 ,0 0 0 0 2 8 1 0 0 0 0 0 0 0 0 ,0 0 0 0 3 6 4 0 0 0 0 0 0 0 0 ,0 0 0 0 1 10 2 0 0 0 0 0 0 0 0 ,0 0 0 0 2 8 2 0 0 0 0 0 0 0 0 ,0 0 0 0 0 12 0 0 0 0 0 0 0 0 0 ,
VornoiFreq:0.0224943 0.0233485 0.0276196 0.0307517 0.0341686 0.0427107 0.0814351 0.0942483 0.110194 0.181378 
AverageAreas:32.2846 31.7194 32.8026 32.5339 32.6388 32.1396 32.5546 31.9001 31.9821 31.0935 
AreaStds:1.27817 1.23999 1.31558 1.2081 1.22209 1.32622 1.08573 1.11203 1.13918 1.26142 
AverageVolumes:14.3641 14.3058 15.0814 14.6348 14.6733 14.2613 14.7252 14.4681 14.2997 13.9204 
VolumeStds:0.84476 0.832057 0.870344 0.809105 0.845763 0.871774 0.733504 0.734655 0.765419 0.817032 
Timestep:5570000
Temperature: 1.02155
Density: 7.72019
AverageArea: 32.2418
AreaStd: 1.38086
AverageVolume: 14.5175
VolumeStd: 0.889114
VornoiIndicies:0 0 0 1 2 6 2 1 0 0 0 0 0 0 0 ,0 0 0 0 2 8 3 0 0 0 0 0 0 0 0 ,0 0 0 1 2 6 3 1 0 0 0 0 0 0 0 ,0 0 0 0 2 8 4 0 0 0 0 0 0 0 0 ,0 0 0 0 3 6 3 0 0 0 0 0 0 0 0 ,0 0 0 0 2 8 1 0 0 0 0 0 0 0 0 ,0 0 0 0 3 6 4 0 0 0 0 0 0 0 0 ,0 0 0 0 1 10 2 0 0 0 0 0 0 0 0 ,0 0 0 0 2 8 2 0 0 0 0 0 0 0 0 ,0 0 0 0 0 12 0 0 0 0 0 0 0 0 0 ,
VornoiFreq:0.0230638 0.0236333 0.0281891 0.0284738 0.0321754 0.0421412 0.0805809 0.0951025 0.113041 0.182232 
AverageAreas:32.2564 32.1824 32.5097 32.7567 32.5963 32.1302 32.5304 31.8971 32.0309 31.0858 
AreaStds:1.23106 0.956209 1.21605 1.16293 1.21902 1.33456 1.09363 1.13438 1.16212 1.24582 
AverageVolumes:14.3465 14.5162 14.6166 15.0476 14.6477 14.2505 14.7104 14.4643 14.3322 13.9149 
VolumeStds:0.81298 0.652864 0.80918 0.770583 0.849769 0.873519 0.739692 0.747454 0.779153 0.807849 
Timestep:5620000
Temperature: 1.0019
Density: 7.71946
AverageArea: 32.2437
AreaStd: 1.38221
AverageVolume: 14.5188
VolumeStd: 0.889595
VornoiIndicies:0 0 0 1 0 9 3 0 0 0 0 0 0 0 0 ,0 0 0 1 2 6 2 1 0 0 0 0 0 0 0 ,0 0 0 0 2 8 4 0 0 0 0 0 0 0 0 ,0 0 0 1 2 6 3 1 0 0 0 0 0 0 0 ,0 0 0 0 3 6 3 0 0 0 0 0 0 0 0 ,0 0 0 0 2 8 1 0 0 0 0 0 0 0 0 ,0 0 0 0 3 6 4 0 0 0 0 0 0 0 0 ,0 0 0 0 1 10 2 0 0 0 0 0 0 0 0 ,0 0 0 0 2 8 2 0 0 0 0 0 0 0 0 ,0 0 0 0 0 12 0 0 0 0 0 0 0 0 0 ,
VornoiFreq:0.0244875 0.0253417 0.0281891 0.0298975 0.0321754 0.0418565 0.0808656 0.0936788 0.109909 0.181948 
AverageAreas:31.8866 32.301 32.8118 32.5111 32.5453 32.1561 32.6032 31.8771 31.9919 31.0838 
AreaStds:1.28897 1.30343 1.27855 1.25074 1.21452 1.29408 1.07084 1.12413 1.14489 1.24545 
AverageVolumes:14.4156 14.3791 15.0819 14.6187 14.621 14.2708 14.755 14.453 14.3064 13.9135 
VolumeStds:0.863108 0.866192 0.845285 0.836898 0.848517 0.846802 0.720356 0.738856 0.770122 0.806801 
