Timestep:770000
Temperature: 1992.51
AverageArea: 36.0442
AreaStd: 2.26904
AverageVolume: 16.6585
VolumeStd: 1.64997
VornoiIndicies:0 0 0 1 2 6 3 1 0 0 0 0 0 0 0 ,0 0 0 0 4 4 6 0 0 0 0 0 0 0 0 ,0 0 0 1 3 5 3 2 0 0 0 0 0 0 0 ,0 0 0 0 4 4 5 0 0 0 0 0 0 0 0 ,0 0 0 0 4 5 4 1 0 0 0 0 0 0 0 ,0 0 0 0 3 6 3 0 0 0 0 0 0 0 0 ,0 0 0 1 3 4 4 1 0 0 0 0 0 0 0 ,0 0 0 1 3 4 5 1 0 0 0 0 0 0 0 ,0 0 0 0 2 8 2 0 0 0 0 0 0 0 0 ,0 0 0 0 3 6 4 0 0 0 0 0 0 0 0 ,
VornoiFreq:0.0130979 0.0133827 0.0133827 0.0136674 0.0139522 0.0170843 0.0170843 0.0176538 0.0187927 0.0350228 
AverageAreas:35.8496 36.2251 35.9578 35.0291 36.3748 34.3108 35.4271 36.0231 35.0786 35.5001 
AreaStds:1.77601 1.75422 1.61849 1.82705 2.2618 2.07788 1.86144 2.0157 1.90641 1.72222 
AverageVolumes:16.5318 16.9933 16.5607 15.9901 17.0644 15.4395 16.1346 16.7597 16.0676 16.4196 
VolumeStds:1.25828 1.3063 1.15967 1.26724 1.58026 1.42674 1.23046 1.42211 1.28227 1.24838 
Timestep:805000
Temperature: 1905.27
AverageArea: 35.7039
AreaStd: 2.27141
AverageVolume: 16.4516
VolumeStd: 1.62904
VornoiIndicies:0 0 0 0 3 6 5 0 0 0 0 0 0 0 0 ,0 0 0 0 4 4 4 0 0 0 0 0 0 0 0 ,0 0 0 1 2 5 5 0 0 0 0 0 0 0 0 ,0 0 0 1 3 5 3 2 0 0 0 0 0 0 0 ,0 0 0 1 3 4 4 1 0 0 0 0 0 0 0 ,0 0 0 1 2 6 3 1 0 0 0 0 0 0 0 ,0 0 0 1 3 4 5 1 0 0 0 0 0 0 0 ,0 0 0 0 3 6 3 0 0 0 0 0 0 0 0 ,0 0 0 0 2 8 2 0 0 0 0 0 0 0 0 ,0 0 0 0 3 6 4 0 0 0 0 0 0 0 0 ,
VornoiFreq:0.0128132 0.0130979 0.0130979 0.0136674 0.017369 0.018508 0.0196469 0.0224943 0.0270501 0.0373007 
AverageAreas:35.8597 33.8285 35.051 36.0128 35.3199 34.6503 35.8291 34.3765 34.0293 34.9337 
AreaStds:2.01438 1.52015 1.91492 2.21934 1.89952 1.87437 2.05591 1.92069 2.04448 2.05414 
AverageVolumes:16.8212 15.0898 16.0569 16.7368 16.1907 15.7886 16.6813 15.5345 15.4499 16.0721 
VolumeStds:1.41464 0.969484 1.34778 1.54023 1.33909 1.2623 1.49453 1.32178 1.381 1.43897 
Timestep:845000
Temperature: 1895.72
AverageArea: 35.7823
AreaStd: 2.28263
AverageVolume: 16.4955
VolumeStd: 1.65378
VornoiIndicies:0 0 0 1 2 5 4 0 0 0 0 0 0 0 0 ,0 0 0 1 3 5 3 2 0 0 0 0 0 0 0 ,0 0 0 0 4 5 4 1 0 0 0 0 0 0 0 ,0 0 0 0 4 4 4 0 0 0 0 0 0 0 0 ,0 0 0 1 3 4 5 1 0 0 0 0 0 0 0 ,0 0 0 0 2 8 2 0 0 0 0 0 0 0 0 ,0 0 0 1 2 6 3 1 0 0 0 0 0 0 0 ,0 0 0 1 3 4 4 1 0 0 0 0 0 0 0 ,0 0 0 0 3 6 3 0 0 0 0 0 0 0 0 ,0 0 0 0 3 6 4 0 0 0 0 0 0 0 0 ,
VornoiFreq:0.0128132 0.0128132 0.0130979 0.0150911 0.0170843 0.018508 0.018508 0.0193622 0.0199317 0.0381549 
AverageAreas:34.4615 35.9078 35.9658 33.8882 35.9943 33.8303 35.0075 35.4143 34.662 34.8293 
AreaStds:2.18823 1.76651 2.11917 1.62319 1.83153 2.02903 1.94249 1.84152 1.66116 1.95819 
AverageVolumes:15.4951 16.5579 16.6916 15.1567 16.7243 15.267 16.034 16.1266 15.6804 15.9965 
VolumeStds:1.47282 1.2736 1.59515 1.08256 1.27049 1.39563 1.38596 1.25507 1.17721 1.34644 
Timestep:885000
Temperature: 1901.33
AverageArea: 35.7217
AreaStd: 2.20312
AverageVolume: 16.4614
VolumeStd: 1.60117
VornoiIndicies:0 0 0 0 4 4 5 0 0 0 0 0 0 0 0 ,0 0 0 0 3 6 5 0 0 0 0 0 0 0 0 ,0 0 0 1 3 4 5 1 0 0 0 0 0 0 0 ,0 0 0 0 2 8 4 0 0 0 0 0 0 0 0 ,0 0 0 0 4 4 4 0 0 0 0 0 0 0 0 ,0 0 0 1 2 6 3 1 0 0 0 0 0 0 0 ,0 0 0 1 3 4 4 1 0 0 0 0 0 0 0 ,0 0 0 0 3 6 3 0 0 0 0 0 0 0 0 ,0 0 0 0 2 8 2 0 0 0 0 0 0 0 0 ,0 0 0 0 3 6 4 0 0 0 0 0 0 0 0 ,
VornoiFreq:0.0142369 0.0159453 0.0159453 0.0162301 0.0170843 0.017369 0.0205011 0.0210706 0.0222096 0.0318907 
AverageAreas:35.0156 35.9817 35.8967 35.8199 34.1898 35.0227 34.7136 34.4862 34.6118 34.9219 
AreaStds:2.1349 2.062 2.2248 1.9511 1.47713 1.70914 2.00398 2.18522 1.92163 1.83104 
AverageVolumes:16.0249 16.9208 16.7238 16.847 15.2944 15.9496 15.7829 15.6429 15.7978 16.0722 
VolumeStds:1.51141 1.46434 1.55895 1.38527 0.997926 1.15504 1.41966 1.51211 1.36246 1.28184 
Timestep:920000
Temperature: 1886.3
AverageArea: 35.6334
AreaStd: 2.25493
AverageVolume: 16.4072
VolumeStd: 1.62047
VornoiIndicies:0 0 0 1 3 4 3 1 0 0 0 0 0 0 0 ,0 0 0 1 2 5 4 0 0 0 0 0 0 0 0 ,0 0 0 0 3 6 5 0 0 0 0 0 0 0 0 ,0 0 0 1 3 5 3 2 0 0 0 0 0 0 0 ,0 0 0 0 2 8 2 0 0 0 0 0 0 0 0 ,0 0 0 1 3 4 4 1 0 0 0 0 0 0 0 ,0 0 0 0 4 5 4 1 0 0 0 0 0 0 0 ,0 0 0 0 3 6 3 0 0 0 0 0 0 0 0 ,0 0 0 1 3 4 5 1 0 0 0 0 0 0 0 ,0 0 0 0 3 6 4 0 0 0 0 0 0 0 0 ,
VornoiFreq:0.0136674 0.0145216 0.0150911 0.0153759 0.0167995 0.0167995 0.0176538 0.0182232 0.0199317 0.030467 
AverageAreas:34.2726 34.4203 35.2505 35.5233 34.0585 34.8453 35.5861 34.2302 35.5377 35.1681 
AreaStds:1.97709 1.8015 1.81319 1.62738 2.25588 2.24803 1.92758 1.82373 1.95947 1.86557 
AverageVolumes:15.2017 15.4773 16.4305 16.3732 15.4647 15.7941 16.4927 15.4411 16.4909 16.2137 
VolumeStds:1.28004 1.19934 1.34777 1.16241 1.5584 1.56249 1.3406 1.24285 1.38851 1.29594 
Timestep:960000
Temperature: 1875.32
AverageArea: 35.68
AreaStd: 2.19065
AverageVolume: 16.4391
VolumeStd: 1.5872
VornoiIndicies:0 0 0 0 4 5 4 1 0 0 0 0 0 0 0 ,0 0 0 0 2 8 4 0 0 0 0 0 0 0 0 ,0 0 0 1 3 5 3 2 0 0 0 0 0 0 0 ,0 0 0 0 4 4 5 0 0 0 0 0 0 0 0 ,0 0 0 1 3 4 5 1 0 0 0 0 0 0 0 ,0 0 0 1 2 6 3 1 0 0 0 0 0 0 0 ,0 0 0 1 3 4 4 1 0 0 0 0 0 0 0 ,0 0 0 0 2 8 2 0 0 0 0 0 0 0 0 ,0 0 0 0 3 6 3 0 0 0 0 0 0 0 0 ,0 0 0 0 3 6 4 0 0 0 0 0 0 0 0 ,
VornoiFreq:0.0133827 0.0139522 0.0139522 0.0165148 0.017369 0.0176538 0.0199317 0.0202164 0.0213554 0.0333144 
AverageAreas:36.0891 35.8086 35.4768 34.9413 35.3984 35.3641 35.4019 34.1571 34.6713 34.8574 
AreaStds:2.35975 1.92383 1.83363 1.68081 1.91041 2.15343 1.91553 1.78633 1.88853 1.95629 
AverageVolumes:16.8209 16.8489 16.319 15.9798 16.3825 16.2359 16.2012 15.4667 15.7277 16.0398 
VolumeStds:1.64313 1.38788 1.31443 1.16669 1.36862 1.57668 1.32293 1.24791 1.29723 1.35939 
Timestep:1000000
Temperature: 1832.1
AverageArea: 35.7458
AreaStd: 2.26277
AverageVolume: 16.4981
VolumeStd: 1.63333
VornoiIndicies:0 0 0 1 3 5 3 2 0 0 0 0 0 0 0 ,0 0 0 0 2 8 4 0 0 0 0 0 0 0 0 ,0 0 0 0 3 6 5 0 0 0 0 0 0 0 0 ,0 0 0 0 4 4 4 0 0 0 0 0 0 0 0 ,0 0 0 0 2 8 2 0 0 0 0 0 0 0 0 ,0 0 0 0 4 4 6 0 0 0 0 0 0 0 0 ,0 0 0 1 3 4 4 1 0 0 0 0 0 0 0 ,0 0 0 0 3 6 3 0 0 0 0 0 0 0 0 ,0 0 0 1 2 6 3 1 0 0 0 0 0 0 0 ,0 0 0 0 3 6 4 0 0 0 0 0 0 0 0 ,
VornoiFreq:0.0130979 0.0156606 0.0156606 0.0156606 0.0159453 0.0162301 0.0179385 0.0190774 0.0222096 0.0401481 
AverageAreas:35.9351 35.4846 35.7956 34.4341 34.3468 35.5447 35.2041 34.1407 35.4463 34.9724 
AreaStds:1.89848 2.06078 2.05609 1.85885 2.13755 2.06272 1.98958 1.87968 1.79176 2.01409 
AverageVolumes:16.7401 16.7314 16.7187 15.5259 15.6517 16.5584 16.052 15.4054 16.3347 16.0982 
VolumeStds:1.32675 1.49032 1.51893 1.31046 1.53317 1.52457 1.3717 1.26508 1.25918 1.42853 
Timestep:1040000
Temperature: 1808.1
AverageArea: 35.6211
AreaStd: 2.23044
AverageVolume: 16.4081
VolumeStd: 1.60549
VornoiIndicies:0 0 0 0 3 6 5 0 0 0 0 0 0 0 0 ,0 0 0 0 4 4 5 0 0 0 0 0 0 0 0 ,0 0 0 0 4 5 4 1 0 0 0 0 0 0 0 ,0 0 0 0 1 10 2 0 0 0 0 0 0 0 0 ,0 0 0 1 3 4 5 1 0 0 0 0 0 0 0 ,0 0 0 1 2 6 3 1 0 0 0 0 0 0 0 ,0 0 0 0 2 8 2 0 0 0 0 0 0 0 0 ,0 0 0 1 3 4 4 1 0 0 0 0 0 0 0 ,0 0 0 0 3 6 3 0 0 0 0 0 0 0 0 ,0 0 0 0 3 6 4 0 0 0 0 0 0 0 0 ,
VornoiFreq:0.0142369 0.0148064 0.0148064 0.0156606 0.0159453 0.0182232 0.018508 0.0196469 0.0242027 0.0333144 
AverageAreas:35.3554 35.2442 36.4412 34.7353 35.6327 34.5703 34.0589 34.9635 34.4621 34.9867 
AreaStds:2.03965 2.01461 1.9787 1.79797 1.93554 1.81384 1.76622 1.72795 1.90243 1.82145 
AverageVolumes:16.4415 16.2632 17.1117 16.1354 16.5271 15.692 15.4551 15.9119 15.6107 16.0634 
VolumeStds:1.45565 1.44956 1.3863 1.23469 1.33877 1.22049 1.20455 1.20925 1.29227 1.22658 
Timestep:1075000
Temperature: 1801.45
AverageArea: 35.6448
AreaStd: 2.17916
AverageVolume: 16.4083
VolumeStd: 1.57167
VornoiIndicies:0 0 0 0 4 4 4 0 0 0 0 0 0 0 0 ,0 0 0 0 2 8 4 0 0 0 0 0 0 0 0 ,0 0 0 1 3 5 3 2 0 0 0 0 0 0 0 ,0 0 0 0 4 4 6 0 0 0 0 0 0 0 0 ,0 0 0 1 3 4 5 1 0 0 0 0 0 0 0 ,0 0 0 1 3 4 4 1 0 0 0 0 0 0 0 ,0 0 0 1 2 6 3 1 0 0 0 0 0 0 0 ,0 0 0 0 2 8 2 0 0 0 0 0 0 0 0 ,0 0 0 0 3 6 3 0 0 0 0 0 0 0 0 ,0 0 0 0 3 6 4 0 0 0 0 0 0 0 0 ,
VornoiFreq:0.0139522 0.0145216 0.0148064 0.0153759 0.0156606 0.0176538 0.0199317 0.0210706 0.0296128 0.0338838 
AverageAreas:34.6274 35.7304 35.6524 35.4986 35.5308 35.3885 34.6432 34.2246 34.0927 34.7599 
AreaStds:2.01719 1.87494 1.82672 1.95629 2.11212 1.35099 1.59882 2.17707 2.00363 1.80592 
AverageVolumes:15.6269 16.8595 16.4239 16.5059 16.4918 16.2065 15.7966 15.5726 15.3484 15.9632 
VolumeStds:1.38687 1.36034 1.26712 1.3539 1.55898 0.986895 1.14165 1.50102 1.34339 1.22629 
Timestep:1115000
Temperature: 1795.06
AverageArea: 35.415
AreaStd: 2.15096
AverageVolume: 16.269
VolumeStd: 1.54503
VornoiIndicies:0 0 0 1 3 4 5 1 0 0 0 0 0 0 0 ,0 0 0 1 3 5 3 2 0 0 0 0 0 0 0 ,0 0 0 1 2 5 4 0 0 0 0 0 0 0 0 ,0 0 0 0 1 10 2 0 0 0 0 0 0 0 0 ,0 0 0 1 3 5 2 2 0 0 0 0 0 0 0 ,0 0 0 1 3 4 4 1 0 0 0 0 0 0 0 ,0 0 0 1 2 6 3 1 0 0 0 0 0 0 0 ,0 0 0 0 3 6 3 0 0 0 0 0 0 0 0 ,0 0 0 0 2 8 2 0 0 0 0 0 0 0 0 ,0 0 0 0 3 6 4 0 0 0 0 0 0 0 0 ,
VornoiFreq:0.0142369 0.0145216 0.0153759 0.0156606 0.0159453 0.0202164 0.0216401 0.0230638 0.0244875 0.0381549 
AverageAreas:35.4195 35.1098 34.2711 34.6206 34.9901 34.8353 34.7008 34.1249 34.2784 34.8658 
AreaStds:1.62226 1.8461 1.68372 1.76078 2.09506 2.22095 2.06989 1.67161 1.66243 1.99612 
AverageVolumes:16.4254 16.0793 15.3967 16.0998 15.8999 15.8553 15.7872 15.4068 15.5869 16.04 
VolumeStds:1.16655 1.2953 1.11177 1.2295 1.4827 1.53756 1.32695 1.15771 1.15929 1.38418 
Timestep:1155000
Temperature: 1773.81
AverageArea: 35.5691
AreaStd: 2.13707
AverageVolume: 16.3772
VolumeStd: 1.54315
VornoiIndicies:0 0 0 0 4 4 6 0 0 0 0 0 0 0 0 ,0 0 0 0 2 8 4 0 0 0 0 0 0 0 0 ,0 0 0 0 4 5 4 1 0 0 0 0 0 0 0 ,0 0 0 1 3 5 3 2 0 0 0 0 0 0 0 ,0 0 0 1 3 4 4 1 0 0 0 0 0 0 0 ,0 0 0 1 2 6 3 1 0 0 0 0 0 0 0 ,0 0 0 1 3 4 5 1 0 0 0 0 0 0 0 ,0 0 0 0 3 6 3 0 0 0 0 0 0 0 0 ,0 0 0 0 2 8 2 0 0 0 0 0 0 0 0 ,0 0 0 0 3 6 4 0 0 0 0 0 0 0 0 ,
VornoiFreq:0.0142369 0.0150911 0.0150911 0.0159453 0.0167995 0.0179385 0.0187927 0.0213554 0.0216401 0.0344533 
AverageAreas:35.4752 35.4687 35.802 35.8943 34.9679 34.8788 35.4395 34.1717 33.8629 34.804 
AreaStds:1.44713 1.62557 2.06462 2.30331 1.8174 1.80488 2.08148 1.82448 1.63595 1.90117 
AverageVolumes:16.4818 16.6619 16.6585 16.6758 15.847 15.9118 16.3806 15.3775 15.3226 15.9904 
VolumeStds:1.00622 1.1875 1.39726 1.62607 1.23927 1.29937 1.37388 1.24627 1.07161 1.34347 
Timestep:1195000
Temperature: 1757.79
AverageArea: 35.3916
AreaStd: 2.17024
AverageVolume: 16.2705
VolumeStd: 1.56759
VornoiIndicies:0 0 0 0 3 6 5 0 0 0 0 0 0 0 0 ,0 0 0 0 4 4 6 0 0 0 0 0 0 0 0 ,0 0 0 0 4 4 5 0 0 0 0 0 0 0 0 ,0 0 0 0 4 4 4 0 0 0 0 0 0 0 0 ,0 0 0 1 3 4 5 1 0 0 0 0 0 0 0 ,0 0 0 1 3 4 4 1 0 0 0 0 0 0 0 ,0 0 0 1 2 6 3 1 0 0 0 0 0 0 0 ,0 0 0 0 3 6 3 0 0 0 0 0 0 0 0 ,0 0 0 0 2 8 2 0 0 0 0 0 0 0 0 ,0 0 0 0 3 6 4 0 0 0 0 0 0 0 0 ,
VornoiFreq:0.0133827 0.0133827 0.0150911 0.0156606 0.0167995 0.0210706 0.022779 0.023918 0.0273349 0.0390091 
AverageAreas:34.9938 35.3831 34.8642 34.1593 35.3296 34.8996 34.6992 34.1083 33.9142 34.8224 
AreaStds:1.73301 1.68103 2.30197 1.78644 1.69836 1.67053 1.92313 2.02492 1.74476 1.84315 
AverageVolumes:16.2608 16.5011 15.923 15.3676 16.288 15.8631 15.826 15.3396 15.3279 16.0315 
VolumeStds:1.2314 1.26454 1.63253 1.19901 1.24769 1.21503 1.3294 1.40131 1.22121 1.30868 
Timestep:1230000
Temperature: 1753.07
AverageArea: 35.3918
AreaStd: 2.17355
AverageVolume: 16.2746
VolumeStd: 1.56001
VornoiIndicies:0 0 0 1 3 5 3 2 0 0 0 0 0 0 0 ,0 0 0 0 2 8 4 0 0 0 0 0 0 0 0 ,0 0 0 0 4 4 4 0 0 0 0 0 0 0 0 ,0 0 0 1 3 4 5 1 0 0 0 0 0 0 0 ,0 0 0 0 3 6 5 0 0 0 0 0 0 0 0 ,0 0 0 1 3 4 4 1 0 0 0 0 0 0 0 ,0 0 0 0 2 8 2 0 0 0 0 0 0 0 0 ,0 0 0 1 2 6 3 1 0 0 0 0 0 0 0 ,0 0 0 0 3 6 3 0 0 0 0 0 0 0 0 ,0 0 0 0 3 6 4 0 0 0 0 0 0 0 0 ,
VornoiFreq:0.0139522 0.0150911 0.0156606 0.0179385 0.0187927 0.0210706 0.0216401 0.0216401 0.0236333 0.0404328 
AverageAreas:36.1189 35.0736 34.0986 35.3917 35.2747 34.6805 33.9513 34.4763 34.0676 34.9195 
AreaStds:1.9025 1.92654 1.74331 2.1217 1.87742 2.03567 2.06602 1.69376 1.79436 1.94172 
AverageVolumes:16.8354 16.3687 15.3442 16.3737 16.3703 15.7422 15.3975 15.7038 15.3848 16.0774 
VolumeStds:1.34221 1.32775 1.12413 1.43586 1.34383 1.35483 1.36509 1.13732 1.24373 1.34581 
Timestep:1270000
Temperature: 1715.63
AverageArea: 35.4103
AreaStd: 2.1421
AverageVolume: 16.2933
VolumeStd: 1.54309
VornoiIndicies:0 0 0 0 2 8 1 0 0 0 0 0 0 0 0 ,0 0 0 0 2 8 4 0 0 0 0 0 0 0 0 ,0 0 0 0 3 6 5 0 0 0 0 0 0 0 0 ,0 0 0 1 3 4 5 1 0 0 0 0 0 0 0 ,0 0 0 0 4 4 5 0 0 0 0 0 0 0 0 ,0 0 0 1 3 4 4 1 0 0 0 0 0 0 0 ,0 0 0 1 2 6 3 1 0 0 0 0 0 0 0 ,0 0 0 0 3 6 3 0 0 0 0 0 0 0 0 ,0 0 0 0 2 8 2 0 0 0 0 0 0 0 0 ,0 0 0 0 3 6 4 0 0 0 0 0 0 0 0 ,
VornoiFreq:0.0136674 0.0142369 0.0148064 0.0156606 0.0159453 0.0190774 0.0222096 0.0264806 0.0279043 0.0415718 
AverageAreas:33.1701 35.3855 35.1977 35.3727 35.452 34.8818 34.6898 34.2229 33.6733 34.9797 
AreaStds:1.64451 1.6757 2.02739 1.79928 1.81374 2.02275 1.63243 1.79547 1.90633 1.91836 
AverageVolumes:14.6727 16.6402 16.3789 16.4015 16.2965 15.8939 15.7855 15.4864 15.1937 16.1514 
VolumeStds:1.10672 1.21546 1.42874 1.31627 1.34526 1.42063 1.16704 1.2366 1.28456 1.34667 
Timestep:1310000
Temperature: 1712.54
AverageArea: 35.3133
AreaStd: 2.11665
AverageVolume: 16.2282
VolumeStd: 1.52887
VornoiIndicies:0 0 0 0 4 5 4 1 0 0 0 0 0 0 0 ,0 0 0 0 2 8 3 0 0 0 0 0 0 0 0 ,0 0 0 0 2 8 4 0 0 0 0 0 0 0 0 ,0 0 0 0 4 4 4 0 0 0 0 0 0 0 0 ,0 0 0 0 4 4 6 0 0 0 0 0 0 0 0 ,0 0 0 1 3 4 5 1 0 0 0 0 0 0 0 ,0 0 0 1 2 6 3 1 0 0 0 0 0 0 0 ,0 0 0 0 3 6 3 0 0 0 0 0 0 0 0 ,0 0 0 0 2 8 2 0 0 0 0 0 0 0 0 ,0 0 0 0 3 6 4 0 0 0 0 0 0 0 0 ,
VornoiFreq:0.0142369 0.0148064 0.0156606 0.0156606 0.0170843 0.018508 0.0190774 0.022779 0.0236333 0.0387244 
AverageAreas:35.818 34.9384 35.2274 34.5854 35.5104 35.1096 34.6379 34.0423 33.8275 34.4886 
AreaStds:1.93392 1.97046 1.91911 1.86744 2.00385 1.78013 1.87479 1.84437 1.78801 1.79659 
AverageVolumes:16.6939 16.1477 16.4999 15.6803 16.569 16.2031 15.8572 15.3507 15.3219 15.7856 
VolumeStds:1.45648 1.44419 1.31938 1.29274 1.4726 1.27893 1.32755 1.33535 1.23644 1.24157 
Timestep:1345000
Temperature: 1640.73
AverageArea: 35.2404
AreaStd: 2.09498
AverageVolume: 16.1805
VolumeStd: 1.50268
VornoiIndicies:0 0 0 0 4 5 4 1 0 0 0 0 0 0 0 ,0 0 0 0 4 4 5 0 0 0 0 0 0 0 0 ,0 0 0 1 2 5 4 0 0 0 0 0 0 0 0 ,0 0 0 0 1 10 2 0 0 0 0 0 0 0 0 ,0 0 0 1 3 4 5 1 0 0 0 0 0 0 0 ,0 0 0 1 2 6 3 1 0 0 0 0 0 0 0 ,0 0 0 1 3 4 4 1 0 0 0 0 0 0 0 ,0 0 0 0 2 8 2 0 0 0 0 0 0 0 0 ,0 0 0 0 3 6 3 0 0 0 0 0 0 0 0 ,0 0 0 0 3 6 4 0 0 0 0 0 0 0 0 ,
VornoiFreq:0.0142369 0.0145216 0.0145216 0.0150911 0.0167995 0.0207859 0.0216401 0.0242027 0.0247722 0.041287 
AverageAreas:34.9395 34.8476 34.5078 34.466 35.7907 34.3109 34.7669 34.2287 34.1686 34.5103 
AreaStds:1.68753 1.90067 1.71964 1.86476 1.85651 2.07084 1.95481 1.72954 1.99059 1.87846 
AverageVolumes:16.1211 15.886 15.5562 15.937 16.7128 15.5763 15.8256 15.5402 15.4862 15.8269 
VolumeStds:1.27548 1.31427 1.18808 1.27174 1.34813 1.42235 1.31341 1.19113 1.39052 1.31042 
Timestep:1385000
Temperature: 1670.71
AverageArea: 35.3014
AreaStd: 2.05764
AverageVolume: 16.2224
VolumeStd: 1.48181
VornoiIndicies:0 0 0 0 2 8 3 0 0 0 0 0 0 0 0 ,0 0 0 0 3 6 5 0 0 0 0 0 0 0 0 ,0 0 0 1 3 5 3 2 0 0 0 0 0 0 0 ,0 0 0 0 2 8 4 0 0 0 0 0 0 0 0 ,0 0 0 1 3 4 5 1 0 0 0 0 0 0 0 ,0 0 0 1 2 6 3 1 0 0 0 0 0 0 0 ,0 0 0 1 3 4 4 1 0 0 0 0 0 0 0 ,0 0 0 0 2 8 2 0 0 0 0 0 0 0 0 ,0 0 0 0 3 6 3 0 0 0 0 0 0 0 0 ,0 0 0 0 3 6 4 0 0 0 0 0 0 0 0 ,
VornoiFreq:0.0136674 0.0142369 0.0148064 0.0150911 0.0202164 0.0230638 0.0244875 0.0264806 0.0284738 0.0333144 
AverageAreas:34.3484 35.3463 35.1241 35.3064 35.027 34.9359 34.7124 34.224 34.0983 34.8531 
AreaStds:1.92346 1.75783 1.53112 1.67659 1.58864 1.8373 1.62808 1.7835 1.62503 1.7814 
AverageVolumes:15.7506 16.507 16.1629 16.5521 16.0892 15.9988 15.7771 15.5995 15.3814 16.0581 
VolumeStds:1.4075 1.20774 1.08865 1.22522 1.0726 1.26489 1.14196 1.23353 1.1267 1.24364 
Timestep:1425000
Temperature: 1643.93
AverageArea: 35.205
AreaStd: 2.02641
AverageVolume: 16.168
VolumeStd: 1.45709
VornoiIndicies:0 0 0 0 1 10 2 0 0 0 0 0 0 0 0 ,0 0 0 0 4 4 4 0 0 0 0 0 0 0 0 ,0 0 0 0 3 6 5 0 0 0 0 0 0 0 0 ,0 0 0 1 3 5 3 2 0 0 0 0 0 0 0 ,0 0 0 1 3 4 5 1 0 0 0 0 0 0 0 ,0 0 0 0 3 6 3 0 0 0 0 0 0 0 0 ,0 0 0 1 3 4 4 1 0 0 0 0 0 0 0 ,0 0 0 1 2 6 3 1 0 0 0 0 0 0 0 ,0 0 0 0 2 8 2 0 0 0 0 0 0 0 0 ,0 0 0 0 3 6 4 0 0 0 0 0 0 0 0 ,
VornoiFreq:0.0159453 0.0159453 0.0162301 0.0170843 0.017369 0.0219248 0.0222096 0.0233485 0.0250569 0.0458428 
AverageAreas:34.4844 34.2193 35.9378 35.2984 35.1699 34.315 34.5404 34.9095 33.9876 34.4395 
AreaStds:1.98798 1.70535 1.64179 1.39164 1.50593 1.68004 1.62525 1.82852 1.82145 1.72977 
AverageVolumes:15.9916 15.445 16.8983 16.2608 16.2026 15.5519 15.672 16.0026 15.4269 15.8184 
VolumeStds:1.33618 1.17292 1.21119 0.955559 1.02723 1.14377 1.15377 1.2508 1.28957 1.19931 
Timestep:1465000
Temperature: 1607.39
AverageArea: 35.1613
AreaStd: 2.04843
AverageVolume: 16.1467
VolumeStd: 1.46569
VornoiIndicies:0 0 0 1 3 5 3 2 0 0 0 0 0 0 0 ,0 0 0 0 1 10 2 0 0 0 0 0 0 0 0 ,0 0 0 0 4 4 6 0 0 0 0 0 0 0 0 ,0 0 0 0 3 6 5 0 0 0 0 0 0 0 0 ,0 0 0 1 2 6 3 1 0 0 0 0 0 0 0 ,0 0 0 1 3 4 5 1 0 0 0 0 0 0 0 ,0 0 0 1 3 4 4 1 0 0 0 0 0 0 0 ,0 0 0 0 3 6 3 0 0 0 0 0 0 0 0 ,0 0 0 0 2 8 2 0 0 0 0 0 0 0 0 ,0 0 0 0 3 6 4 0 0 0 0 0 0 0 0 ,
VornoiFreq:0.0145216 0.0162301 0.0165148 0.0167995 0.0167995 0.0190774 0.0205011 0.0230638 0.0256264 0.0410023 
AverageAreas:35.3499 34.5352 35.3139 34.9713 34.7826 35.509 34.724 34.0076 33.9787 34.5064 
AreaStds:1.57981 1.64618 1.73876 1.92383 1.93112 1.57808 1.84693 1.47683 1.79535 1.81247 
AverageVolumes:16.3684 16.0506 16.4306 16.189 15.9875 16.5039 15.8042 15.3571 15.4513 15.8332 
VolumeStds:1.09988 1.16392 1.18725 1.36275 1.37956 1.09544 1.26237 1.03954 1.2611 1.27843 
Timestep:1500000
Temperature: 1609.09
AverageArea: 35.2023
AreaStd: 2.06848
AverageVolume: 16.1662
VolumeStd: 1.4707
VornoiIndicies:0 0 0 1 3 5 3 2 0 0 0 0 0 0 0 ,0 0 0 1 2 6 3 1 0 0 0 0 0 0 0 ,0 0 0 0 1 10 2 0 0 0 0 0 0 0 0 ,0 0 0 0 2 8 4 0 0 0 0 0 0 0 0 ,0 0 0 0 4 5 4 1 0 0 0 0 0 0 0 ,0 0 0 1 3 4 5 1 0 0 0 0 0 0 0 ,0 0 0 1 3 4 4 1 0 0 0 0 0 0 0 ,0 0 0 0 3 6 3 0 0 0 0 0 0 0 0 ,0 0 0 0 2 8 2 0 0 0 0 0 0 0 0 ,0 0 0 0 3 6 4 0 0 0 0 0 0 0 0 ,
VornoiFreq:0.0159453 0.0167995 0.0170843 0.0176538 0.0176538 0.0187927 0.0193622 0.0267654 0.0273349 0.046697 
AverageAreas:35.3559 34.6432 34.1571 35.2784 36.0913 35.6457 34.8076 34.2594 33.6991 34.3394 
AreaStds:1.61491 1.76304 1.76478 1.47749 1.98136 1.82068 1.7699 1.68114 1.67395 1.67663 
AverageVolumes:16.2807 15.7992 15.7665 16.5462 16.9232 16.546 15.8523 15.4998 15.2423 15.6953 
VolumeStds:1.15294 1.27343 1.19776 1.04384 1.39523 1.27555 1.17877 1.16799 1.13543 1.15375 
Timestep:1540000
Temperature: 1584.59
AverageArea: 35.0855
AreaStd: 2.02975
AverageVolume: 16.0934
VolumeStd: 1.46322
VornoiIndicies:0 0 0 0 4 4 5 0 0 0 0 0 0 0 0 ,0 0 0 1 2 5 4 0 0 0 0 0 0 0 0 ,0 0 0 0 2 8 4 0 0 0 0 0 0 0 0 ,0 0 0 0 3 6 5 0 0 0 0 0 0 0 0 ,0 0 0 1 3 4 4 1 0 0 0 0 0 0 0 ,0 0 0 1 2 6 3 1 0 0 0 0 0 0 0 ,0 0 0 0 3 6 3 0 0 0 0 0 0 0 0 ,0 0 0 1 3 4 5 1 0 0 0 0 0 0 0 ,0 0 0 0 2 8 2 0 0 0 0 0 0 0 0 ,0 0 0 0 3 6 4 0 0 0 0 0 0 0 0 ,
VornoiFreq:0.0142369 0.0148064 0.017369 0.0202164 0.0210706 0.0219248 0.0222096 0.022779 0.0270501 0.0392938 
AverageAreas:34.1685 33.8496 35.4608 35.3693 34.5276 34.4983 33.8128 35.0429 33.8674 34.5052 
AreaStds:1.30834 1.62695 1.6682 1.6304 1.74649 1.67747 1.84568 1.75216 1.72543 1.88853 
AverageVolumes:15.4596 15.1611 16.719 16.4837 15.6681 15.6706 15.2042 16.0974 15.3758 15.814 
VolumeStds:0.845268 1.09424 1.26997 1.21431 1.20531 1.16641 1.26956 1.19838 1.19792 1.34629 
Timestep:1580000
Temperature: 1569.45
AverageArea: 35.0796
AreaStd: 2.03759
AverageVolume: 16.0957
VolumeStd: 1.46377
VornoiIndicies:0 0 0 0 3 6 5 0 0 0 0 0 0 0 0 ,0 0 0 1 3 4 5 1 0 0 0 0 0 0 0 ,0 0 0 0 1 10 2 0 0 0 0 0 0 0 0 ,0 0 0 0 2 8 4 0 0 0 0 0 0 0 0 ,0 0 0 0 4 4 4 0 0 0 0 0 0 0 0 ,0 0 0 1 3 4 4 1 0 0 0 0 0 0 0 ,0 0 0 0 3 6 3 0 0 0 0 0 0 0 0 ,0 0 0 1 2 6 3 1 0 0 0 0 0 0 0 ,0 0 0 0 2 8 2 0 0 0 0 0 0 0 0 ,0 0 0 0 3 6 4 0 0 0 0 0 0 0 0 ,
VornoiFreq:0.0153759 0.0153759 0.0156606 0.0156606 0.0165148 0.0205011 0.0213554 0.0267654 0.0296128 0.0447039 
AverageAreas:35.1454 35.3414 34.5076 34.3677 34.0699 34.6182 34.0192 34.5684 34.1127 34.1779 
AreaStds:1.68284 1.73806 1.70282 1.85719 1.84186 1.97405 1.73808 1.61413 1.94409 1.62298 
AverageVolumes:16.3777 16.3865 16.0691 15.8899 15.3692 15.7294 15.4078 15.793 15.5258 15.6257 
VolumeStds:1.21243 1.26142 1.19242 1.32193 1.27882 1.39442 1.17241 1.1193 1.30334 1.15363 
Timestep:1620000
Temperature: 1549.25
AverageArea: 34.9417
AreaStd: 2.0207
AverageVolume: 16.001
VolumeStd: 1.45573
VornoiIndicies:0 0 0 0 2 8 4 0 0 0 0 0 0 0 0 ,0 0 0 1 3 4 5 1 0 0 0 0 0 0 0 ,0 0 0 0 3 6 5 0 0 0 0 0 0 0 0 ,0 0 0 0 4 4 4 0 0 0 0 0 0 0 0 ,0 0 0 1 3 5 3 2 0 0 0 0 0 0 0 ,0 0 0 1 2 6 3 1 0 0 0 0 0 0 0 ,0 0 0 1 3 4 4 1 0 0 0 0 0 0 0 ,0 0 0 0 3 6 3 0 0 0 0 0 0 0 0 ,0 0 0 0 2 8 2 0 0 0 0 0 0 0 0 ,0 0 0 0 3 6 4 0 0 0 0 0 0 0 0 ,
VornoiFreq:0.0165148 0.017369 0.0176538 0.0179385 0.0187927 0.0222096 0.0222096 0.0236333 0.0276196 0.0461276 
AverageAreas:34.9478 35.503 35.1512 34.1114 34.8517 34.4502 34.6418 34.1554 33.791 34.2688 
AreaStds:1.57568 1.9045 1.90739 1.79973 1.84559 1.7211 1.52886 1.4301 1.73686 1.85294 
AverageVolumes:16.2969 16.4425 16.344 15.3836 15.9535 15.6828 15.7136 15.4559 15.3232 15.6799 
VolumeStds:1.12467 1.34399 1.33654 1.18933 1.29381 1.1902 1.09519 0.96452 1.20363 1.24463 
Timestep:1655000
Temperature: 1508.08
AverageArea: 34.8582
AreaStd: 1.99596
AverageVolume: 15.9636
VolumeStd: 1.42149
VornoiIndicies:0 0 0 0 3 6 5 0 0 0 0 0 0 0 0 ,0 0 0 0 4 4 5 0 0 0 0 0 0 0 0 ,0 0 0 0 4 5 4 1 0 0 0 0 0 0 0 ,0 0 0 0 2 8 4 0 0 0 0 0 0 0 0 ,0 0 0 1 3 4 5 1 0 0 0 0 0 0 0 ,0 0 0 1 2 6 3 1 0 0 0 0 0 0 0 ,0 0 0 1 3 4 4 1 0 0 0 0 0 0 0 ,0 0 0 0 3 6 3 0 0 0 0 0 0 0 0 ,0 0 0 0 2 8 2 0 0 0 0 0 0 0 0 ,0 0 0 0 3 6 4 0 0 0 0 0 0 0 0 ,
VornoiFreq:0.0162301 0.0162301 0.0162301 0.018508 0.0199317 0.023918 0.0244875 0.0301822 0.034738 0.0447039 
AverageAreas:35.2812 34.6014 34.8635 34.8033 35.0583 34.5545 34.4584 33.3855 33.7093 34.3195 
AreaStds:1.75093 1.91438 1.83659 1.51501 1.51215 1.67301 1.67259 1.79734 1.90906 1.78527 
AverageVolumes:16.4718 15.8054 16.0753 16.2037 16.1901 15.7787 15.6293 14.958 15.2567 15.7145 
VolumeStds:1.28692 1.31377 1.29613 1.08114 1.07948 1.1658 1.09604 1.20218 1.28184 1.23439 
Timestep:1695000
Temperature: 1474.82
AverageArea: 34.9386
AreaStd: 2.01674
AverageVolume: 15.9879
VolumeStd: 1.43917
VornoiIndicies:0 0 0 0 2 8 4 0 0 0 0 0 0 0 0 ,0 0 0 1 3 5 3 2 0 0 0 0 0 0 0 ,0 0 0 1 3 4 5 1 0 0 0 0 0 0 0 ,0 0 0 0 1 10 2 0 0 0 0 0 0 0 0 ,0 0 0 0 3 6 5 0 0 0 0 0 0 0 0 ,0 0 0 1 2 6 3 1 0 0 0 0 0 0 0 ,0 0 0 1 3 4 4 1 0 0 0 0 0 0 0 ,0 0 0 0 3 6 3 0 0 0 0 0 0 0 0 ,0 0 0 0 2 8 2 0 0 0 0 0 0 0 0 ,0 0 0 0 3 6 4 0 0 0 0 0 0 0 0 ,
VornoiFreq:0.0162301 0.0162301 0.0170843 0.0176538 0.0179385 0.0179385 0.0190774 0.0253417 0.0290433 0.0378702 
AverageAreas:34.947 35.3455 35.1067 33.9438 34.7033 34.2358 34.5537 34.0769 33.7233 34.2181 
AreaStds:1.6665 1.56755 1.93743 1.67588 1.91458 2.18891 2.001 1.82322 1.59408 1.8163 
AverageVolumes:16.267 16.2543 16.231 15.6119 16.0551 15.5199 15.6801 15.3822 15.2774 15.6572 
VolumeStds:1.17997 1.06687 1.37308 1.19707 1.33529 1.50604 1.33406 1.23372 1.05778 1.27662 
Timestep:1735000
Temperature: 1445.24
AverageArea: 34.951
AreaStd: 1.9257
AverageVolume: 16.0193
VolumeStd: 1.37173
VornoiIndicies:0 0 0 0 4 4 5 0 0 0 0 0 0 0 0 ,0 0 0 0 2 8 1 0 0 0 0 0 0 0 0 ,0 0 0 0 3 6 5 0 0 0 0 0 0 0 0 ,0 0 0 0 1 10 2 0 0 0 0 0 0 0 0 ,0 0 0 0 4 4 4 0 0 0 0 0 0 0 0 ,0 0 0 1 2 6 3 1 0 0 0 0 0 0 0 ,0 0 0 1 3 4 5 1 0 0 0 0 0 0 0 ,0 0 0 0 2 8 2 0 0 0 0 0 0 0 0 ,0 0 0 0 3 6 3 0 0 0 0 0 0 0 0 ,0 0 0 0 3 6 4 0 0 0 0 0 0 0 0 ,
VornoiFreq:0.0170843 0.0176538 0.0179385 0.0182232 0.0187927 0.0210706 0.0259112 0.0290433 0.0341686 0.0455581 
AverageAreas:34.8228 33.3904 34.7371 34.0912 33.872 34.5019 35.2508 33.9711 33.8218 34.5612 
AreaStds:1.52304 1.71999 2.04259 1.5766 1.63159 1.74199 1.77754 1.61684 1.57325 1.62426 
AverageVolumes:15.968 14.9015 16.1158 15.6441 15.2263 15.7482 16.3021 15.4207 15.2336 15.9012 
VolumeStds:1.08439 1.1662 1.45668 1.08868 1.06576 1.13928 1.22511 1.09162 1.07683 1.14787 
Timestep:1770000
Temperature: 1462.87
AverageArea: 34.7594
AreaStd: 1.93176
AverageVolume: 15.9088
VolumeStd: 1.38663
VornoiIndicies:0 0 0 0 2 8 4 0 0 0 0 0 0 0 0 ,0 0 0 0 1 10 2 0 0 0 0 0 0 0 0 ,0 0 0 1 3 4 5 1 0 0 0 0 0 0 0 ,0 0 0 0 2 8 3 0 0 0 0 0 0 0 0 ,0 0 0 0 4 4 5 0 0 0 0 0 0 0 0 ,0 0 0 1 2 6 3 1 0 0 0 0 0 0 0 ,0 0 0 1 3 4 4 1 0 0 0 0 0 0 0 ,0 0 0 0 3 6 3 0 0 0 0 0 0 0 0 ,0 0 0 0 2 8 2 0 0 0 0 0 0 0 0 ,0 0 0 0 3 6 4 0 0 0 0 0 0 0 0 ,
VornoiFreq:0.0165148 0.0170843 0.0170843 0.018508 0.0193622 0.0216401 0.0247722 0.0279043 0.0296128 0.0509681 
AverageAreas:34.9914 34.2126 35.0742 34.2055 34.3387 34.1918 34.2271 33.9993 33.5984 34.2174 
AreaStds:1.50191 1.7129 1.59238 1.84484 1.93081 1.57306 1.98241 1.96107 1.74981 1.56506 
AverageVolumes:16.3337 15.8036 16.1526 15.7153 15.6726 15.5384 15.5224 15.3526 15.2062 15.6489 
VolumeStds:1.10153 1.16457 1.14913 1.26128 1.34507 1.07093 1.32926 1.34019 1.21107 1.11349 
Timestep:1810000
Temperature: 1442.65
AverageArea: 34.7896
AreaStd: 1.92427
AverageVolume: 15.928
VolumeStd: 1.37893
VornoiIndicies:0 0 0 0 4 4 6 0 0 0 0 0 0 0 0 ,0 0 0 1 3 5 3 2 0 0 0 0 0 0 0 ,0 0 0 0 3 6 5 0 0 0 0 0 0 0 0 ,0 0 0 1 2 6 3 1 0 0 0 0 0 0 0 ,0 0 0 0 1 10 2 0 0 0 0 0 0 0 0 ,0 0 0 1 3 4 4 1 0 0 0 0 0 0 0 ,0 0 0 1 3 4 5 1 0 0 0 0 0 0 0 ,0 0 0 0 3 6 3 0 0 0 0 0 0 0 0 ,0 0 0 0 2 8 2 0 0 0 0 0 0 0 0 ,0 0 0 0 3 6 4 0 0 0 0 0 0 0 0 ,
VornoiFreq:0.0156606 0.0159453 0.0187927 0.0193622 0.0213554 0.0222096 0.022779 0.0273349 0.0307517 0.0523918 
AverageAreas:35.3065 34.9397 35.079 34.4224 34.4279 34.2972 35.2992 33.6745 33.7321 34.1239 
AreaStds:1.77294 1.69398 1.69533 1.57043 1.75421 1.69874 1.63928 1.69247 1.65964 1.72116 
AverageVolumes:16.4772 16.0502 16.3278 15.7048 15.9526 15.5284 16.4038 15.1474 15.3074 15.5741 
VolumeStds:1.22405 1.23271 1.23104 1.07069 1.2239 1.16355 1.16503 1.18065 1.14315 1.19727 
Timestep:1850000
Temperature: 1434.11
AverageArea: 34.713
AreaStd: 1.92218
AverageVolume: 15.88
VolumeStd: 1.35807
VornoiIndicies:0 0 0 0 2 8 4 0 0 0 0 0 0 0 0 ,0 0 0 1 3 5 3 2 0 0 0 0 0 0 0 ,0 0 0 0 3 6 5 0 0 0 0 0 0 0 0 ,0 0 0 0 4 4 5 0 0 0 0 0 0 0 0 ,0 0 0 0 1 10 2 0 0 0 0 0 0 0 0 ,0 0 0 1 3 4 4 1 0 0 0 0 0 0 0 ,0 0 0 1 2 6 3 1 0 0 0 0 0 0 0 ,0 0 0 0 3 6 3 0 0 0 0 0 0 0 0 ,0 0 0 0 2 8 2 0 0 0 0 0 0 0 0 ,0 0 0 0 3 6 4 0 0 0 0 0 0 0 0 ,
VornoiFreq:0.0170843 0.017369 0.0179385 0.0190774 0.0213554 0.0213554 0.0230638 0.0253417 0.0353075 0.0526765 
AverageAreas:34.7818 35.2667 35.2747 34.1587 33.9196 34.3081 34.0376 33.6371 33.5335 34.1714 
AreaStds:1.73874 1.44238 1.69089 1.62881 1.59057 1.85384 1.62863 1.77182 1.64025 1.61915 
AverageVolumes:16.2073 16.2769 16.4862 15.5439 15.6541 15.5503 15.4538 15.1455 15.1513 15.6182 
VolumeStds:1.27425 0.986561 1.19709 1.14088 1.1138 1.27914 1.08783 1.2095 1.10487 1.11117 
Timestep:1890000
Temperature: 1394.17
AverageArea: 34.802
AreaStd: 1.9218
AverageVolume: 15.9369
VolumeStd: 1.37191
VornoiIndicies:0 0 0 0 3 6 5 0 0 0 0 0 0 0 0 ,0 0 0 0 2 8 4 0 0 0 0 0 0 0 0 ,0 0 0 0 1 10 2 0 0 0 0 0 0 0 0 ,0 0 0 1 2 6 3 1 0 0 0 0 0 0 0 ,0 0 0 1 3 4 5 1 0 0 0 0 0 0 0 ,0 0 0 0 4 4 5 0 0 0 0 0 0 0 0 ,0 0 0 0 3 6 3 0 0 0 0 0 0 0 0 ,0 0 0 1 3 4 4 1 0 0 0 0 0 0 0 ,0 0 0 0 2 8 2 0 0 0 0 0 0 0 0 ,0 0 0 0 3 6 4 0 0 0 0 0 0 0 0 ,
VornoiFreq:0.0167995 0.0179385 0.0199317 0.0202164 0.0213554 0.0219248 0.0236333 0.0261959 0.0335991 0.0555239 
AverageAreas:35.1424 35.0447 34.2606 34.5612 34.8349 34.1423 33.7494 34.3814 33.5024 34.4226 
AreaStds:1.44372 1.52057 1.58564 1.38808 1.73368 1.61657 1.69903 1.67004 1.64767 1.75621 
AverageVolumes:16.3263 16.4097 15.8326 15.8104 16.0322 15.4687 15.2293 15.6261 15.1285 15.7889 
VolumeStds:1.00822 1.0461 1.13923 0.964925 1.22991 1.10274 1.15885 1.17628 1.14251 1.20786 
Timestep:1925000
Temperature: 1413.79
AverageArea: 34.7359
AreaStd: 1.95022
AverageVolume: 15.8857
VolumeStd: 1.37339
VornoiIndicies:0 0 0 1 2 5 4 0 0 0 0 0 0 0 0 ,0 0 0 1 3 4 5 1 0 0 0 0 0 0 0 ,0 0 0 1 3 5 3 2 0 0 0 0 0 0 0 ,0 0 0 1 3 4 4 1 0 0 0 0 0 0 0 ,0 0 0 0 1 10 2 0 0 0 0 0 0 0 0 ,0 0 0 0 2 8 4 0 0 0 0 0 0 0 0 ,0 0 0 1 2 6 3 1 0 0 0 0 0 0 0 ,0 0 0 0 3 6 3 0 0 0 0 0 0 0 0 ,0 0 0 0 2 8 2 0 0 0 0 0 0 0 0 ,0 0 0 0 3 6 4 0 0 0 0 0 0 0 0 ,
VornoiFreq:0.0162301 0.0170843 0.0179385 0.0182232 0.018508 0.0199317 0.0284738 0.0298975 0.0335991 0.0418565 
AverageAreas:33.8903 35.2698 35.1538 34.4016 33.8788 34.8284 34.1175 33.7068 33.8635 34.1556 
AreaStds:1.60872 1.37274 1.5884 1.67737 1.66986 1.80978 1.47561 1.84384 1.68251 1.74606 
AverageVolumes:15.2276 16.3134 16.1511 15.6307 15.5691 16.2594 15.4877 15.1809 15.3512 15.6413 
VolumeStds:1.11525 0.961024 1.06412 1.122 1.10272 1.26433 1.02788 1.22984 1.16093 1.20493 
Timestep:1965000
Temperature: 1389.69
AverageArea: 34.6128
AreaStd: 1.8471
AverageVolume: 15.8299
VolumeStd: 1.31344
VornoiIndicies:0 0 0 0 4 4 4 0 0 0 0 0 0 0 0 ,0 0 0 0 4 4 6 0 0 0 0 0 0 0 0 ,0 0 0 1 3 4 5 1 0 0 0 0 0 0 0 ,0 0 0 0 1 10 2 0 0 0 0 0 0 0 0 ,0 0 0 1 3 4 4 1 0 0 0 0 0 0 0 ,0 0 0 0 2 8 4 0 0 0 0 0 0 0 0 ,0 0 0 1 2 6 3 1 0 0 0 0 0 0 0 ,0 0 0 0 3 6 3 0 0 0 0 0 0 0 0 ,0 0 0 0 2 8 2 0 0 0 0 0 0 0 0 ,0 0 0 0 3 6 4 0 0 0 0 0 0 0 0 ,
VornoiFreq:0.0167995 0.0179385 0.0190774 0.0219248 0.0233485 0.0242027 0.0253417 0.0307517 0.0370159 0.0575171 
AverageAreas:33.8675 35.1124 34.7898 34.1093 34.2328 34.7666 34.1501 33.8487 33.4194 34.1239 
AreaStds:1.62181 1.56054 1.54653 1.68045 1.85768 1.8068 1.65811 1.58821 1.51887 1.56169 
AverageVolumes:15.2654 16.3014 16.0099 15.7443 15.4915 16.2494 15.5242 15.2955 15.0818 15.6382 
VolumeStds:1.11449 1.12734 1.12279 1.1526 1.2362 1.28052 1.12402 1.10932 1.04708 1.09469 
Timestep:2005000
Temperature: 1319.67
AverageArea: 34.6125
AreaStd: 1.81406
AverageVolume: 15.8187
VolumeStd: 1.28696
VornoiIndicies:0 0 0 0 2 8 3 0 0 0 0 0 0 0 0 ,0 0 0 1 3 4 5 1 0 0 0 0 0 0 0 ,0 0 0 0 3 6 5 0 0 0 0 0 0 0 0 ,0 0 0 0 4 4 5 0 0 0 0 0 0 0 0 ,0 0 0 0 1 10 2 0 0 0 0 0 0 0 0 ,0 0 0 1 3 4 4 1 0 0 0 0 0 0 0 ,0 0 0 1 2 6 3 1 0 0 0 0 0 0 0 ,0 0 0 0 3 6 3 0 0 0 0 0 0 0 0 ,0 0 0 0 2 8 2 0 0 0 0 0 0 0 0 ,0 0 0 0 3 6 4 0 0 0 0 0 0 0 0 ,
VornoiFreq:0.0182232 0.0190774 0.0193622 0.0193622 0.0202164 0.0205011 0.0256264 0.0310364 0.0313212 0.047836 
AverageAreas:34.019 34.5681 34.9508 34.6718 33.933 34.2431 34.1958 33.6166 33.6549 34.2385 
AreaStds:1.44059 1.82956 1.77718 1.54154 1.49151 1.54203 1.83116 1.62755 1.56974 1.555 
AverageVolumes:15.5674 15.8794 16.2272 15.8832 15.6188 15.5444 15.4999 15.1254 15.2296 15.6814 
VolumeStds:1.00068 1.23176 1.24041 1.10289 1.06123 1.08303 1.22631 1.09553 1.08329 1.06928 
Timestep:2045000
Temperature: 1351.32
AverageArea: 34.5216
AreaStd: 1.84478
AverageVolume: 15.7795
VolumeStd: 1.30571
VornoiIndicies:0 0 0 0 4 4 6 0 0 0 0 0 0 0 0 ,0 0 0 0 4 4 4 0 0 0 0 0 0 0 0 ,0 0 0 0 3 6 5 0 0 0 0 0 0 0 0 ,0 0 0 1 3 4 4 1 0 0 0 0 0 0 0 ,0 0 0 1 3 4 5 1 0 0 0 0 0 0 0 ,0 0 0 1 2 6 3 1 0 0 0 0 0 0 0 ,0 0 0 0 1 10 2 0 0 0 0 0 0 0 0 ,0 0 0 0 3 6 3 0 0 0 0 0 0 0 0 ,0 0 0 0 2 8 2 0 0 0 0 0 0 0 0 ,0 0 0 0 3 6 4 0 0 0 0 0 0 0 0 ,
VornoiFreq:0.0167995 0.0170843 0.0176538 0.0190774 0.0219248 0.023918 0.0270501 0.0318907 0.0395786 0.0560934 
AverageAreas:34.906 33.5209 34.8902 34.2599 34.5017 33.6396 33.8951 33.6784 33.4109 34.1891 
AreaStds:1.39066 1.52817 1.8847 1.74187 1.55129 1.61532 1.62699 1.39105 1.61614 1.74984 
AverageVolumes:16.2596 15.0002 16.2364 15.556 15.8158 15.2014 15.6251 15.2218 15.0839 15.6734 
VolumeStds:1.01649 1.07292 1.32321 1.21194 1.0857 1.10981 1.15368 0.962603 1.07232 1.20737 
Timestep:2080000
Temperature: 1320.27
AverageArea: 34.5464
AreaStd: 1.84605
AverageVolume: 15.7852
VolumeStd: 1.3085
VornoiIndicies:0 0 0 0 4 4 6 0 0 0 0 0 0 0 0 ,0 0 0 0 3 6 5 0 0 0 0 0 0 0 0 ,0 0 0 0 2 8 4 0 0 0 0 0 0 0 0 ,0 0 0 0 2 8 1 0 0 0 0 0 0 0 0 ,0 0 0 0 1 10 2 0 0 0 0 0 0 0 0 ,0 0 0 1 3 4 4 1 0 0 0 0 0 0 0 ,0 0 0 1 2 6 3 1 0 0 0 0 0 0 0 ,0 0 0 0 2 8 2 0 0 0 0 0 0 0 0 ,0 0 0 0 3 6 3 0 0 0 0 0 0 0 0 ,0 0 0 0 3 6 4 0 0 0 0 0 0 0 0 ,
VornoiFreq:0.0167995 0.0187927 0.0202164 0.0210706 0.0213554 0.0216401 0.0250569 0.0353075 0.0355923 0.0503986 
AverageAreas:34.7072 34.8558 34.8137 33.0635 33.7533 34.5971 34.1764 33.2992 33.7111 34.2852 
AreaStds:1.51417 1.55057 1.54907 1.68712 1.65222 1.51691 1.6417 1.67702 1.54367 1.66702 
AverageVolumes:16.0589 16.2248 16.2617 14.6925 15.5646 15.7894 15.5184 15.0252 15.2048 15.7172 
VolumeStds:1.07077 1.14099 1.12792 1.15884 1.18145 1.05762 1.13099 1.15391 1.03739 1.12892 
Timestep:2120000
Temperature: 1328.41
AverageArea: 34.5397
AreaStd: 1.83012
AverageVolume: 15.7903
VolumeStd: 1.30684
VornoiIndicies:0 0 0 0 3 6 5 0 0 0 0 0 0 0 0 ,0 0 0 1 2 5 4 0 0 0 0 0 0 0 0 ,0 0 0 0 2 8 4 0 0 0 0 0 0 0 0 ,0 0 0 0 4 4 5 0 0 0 0 0 0 0 0 ,0 0 0 0 1 10 2 0 0 0 0 0 0 0 0 ,0 0 0 1 3 4 4 1 0 0 0 0 0 0 0 ,0 0 0 1 2 6 3 1 0 0 0 0 0 0 0 ,0 0 0 0 3 6 3 0 0 0 0 0 0 0 0 ,0 0 0 0 2 8 2 0 0 0 0 0 0 0 0 ,0 0 0 0 3 6 4 0 0 0 0 0 0 0 0 ,
VornoiFreq:0.0182232 0.0182232 0.0187927 0.0187927 0.0199317 0.0219248 0.030467 0.0316059 0.0318907 0.0484055 
AverageAreas:34.9438 33.2952 34.4534 34.2768 33.8185 34.2088 33.871 33.6989 33.5015 34.2872 
AreaStds:1.58334 1.44724 1.49154 1.86779 1.49299 1.81191 1.65936 1.68304 1.57801 1.75219 
AverageVolumes:16.2569 14.8252 16.0256 15.6096 15.5245 15.5031 15.3332 15.1876 15.1649 15.7123 
VolumeStds:1.09427 0.972325 1.0274 1.31688 1.03372 1.26413 1.13812 1.18623 1.11531 1.22871 
Timestep:2160000
Temperature: 1257.49
AverageArea: 34.4146
AreaStd: 1.81095
AverageVolume: 15.7161
VolumeStd: 1.28829
VornoiIndicies:0 0 0 0 2 8 3 0 0 0 0 0 0 0 0 ,0 0 0 1 3 4 5 1 0 0 0 0 0 0 0 ,0 0 0 1 2 5 4 0 0 0 0 0 0 0 0 ,0 0 0 1 2 6 3 1 0 0 0 0 0 0 0 ,0 0 0 0 2 8 1 0 0 0 0 0 0 0 0 ,0 0 0 1 3 4 4 1 0 0 0 0 0 0 0 ,0 0 0 0 3 6 3 0 0 0 0 0 0 0 0 ,0 0 0 0 1 10 2 0 0 0 0 0 0 0 0 ,0 0 0 0 2 8 2 0 0 0 0 0 0 0 0 ,0 0 0 0 3 6 4 0 0 0 0 0 0 0 0 ,
VornoiFreq:0.0193622 0.0193622 0.0196469 0.0196469 0.0219248 0.0244875 0.0261959 0.0270501 0.0472665 0.0603645 
AverageAreas:34.0614 34.6749 33.7894 33.6161 32.9686 34.148 33.8674 33.839 33.5802 34.1618 
AreaStds:1.51534 1.67656 1.8448 1.56711 1.47647 1.31723 1.40708 1.68238 1.38366 1.7323 
AverageVolumes:15.6162 15.9755 15.2162 15.1498 14.6752 15.4584 15.3121 15.5883 15.2065 15.658 
VolumeStds:1.08489 1.16201 1.24408 1.03717 0.98369 0.916153 0.946377 1.16785 0.953481 1.21356 
Timestep:2200000
Temperature: 1246.22
AverageArea: 34.4031
AreaStd: 1.81893
AverageVolume: 15.7014
VolumeStd: 1.28083
VornoiIndicies:0 0 0 1 3 4 5 1 0 0 0 0 0 0 0 ,0 0 0 0 2 8 3 0 0 0 0 0 0 0 0 ,0 0 0 1 3 4 4 1 0 0 0 0 0 0 0 ,0 0 0 1 2 6 3 1 0 0 0 0 0 0 0 ,0 0 0 0 3 6 5 0 0 0 0 0 0 0 0 ,0 0 0 0 1 10 2 0 0 0 0 0 0 0 0 ,0 0 0 0 2 8 4 0 0 0 0 0 0 0 0 ,0 0 0 0 3 6 3 0 0 0 0 0 0 0 0 ,0 0 0 0 2 8 2 0 0 0 0 0 0 0 0 ,0 0 0 0 3 6 4 0 0 0 0 0 0 0 0 ,
VornoiFreq:0.018508 0.0187927 0.0199317 0.0207859 0.0219248 0.0242027 0.0256264 0.0316059 0.047836 0.0592255 
AverageAreas:34.7814 33.9766 34.3947 34.102 34.7388 33.888 34.3187 33.7227 33.3786 33.8524 
AreaStds:1.52093 1.51379 1.75491 1.70283 1.71438 1.63581 1.65675 1.69291 1.62575 1.55757 
AverageVolumes:16.0066 15.5711 15.6802 15.5272 16.131 15.6064 15.9009 15.2094 15.0923 15.4576 
VolumeStds:1.04283 1.07133 1.21348 1.16953 1.25995 1.14277 1.15733 1.14457 1.11692 1.08882 
Timestep:2235000
Temperature: 1249.32
AverageArea: 34.3525
AreaStd: 1.82909
AverageVolume: 15.6905
VolumeStd: 1.2926
VornoiIndicies:0 0 0 0 3 6 5 0 0 0 0 0 0 0 0 ,0 0 0 1 3 4 5 1 0 0 0 0 0 0 0 ,0 0 0 0 2 8 1 0 0 0 0 0 0 0 0 ,0 0 0 1 3 4 4 1 0 0 0 0 0 0 0 ,0 0 0 0 2 8 4 0 0 0 0 0 0 0 0 ,0 0 0 1 2 6 3 1 0 0 0 0 0 0 0 ,0 0 0 0 1 10 2 0 0 0 0 0 0 0 0 ,0 0 0 0 3 6 3 0 0 0 0 0 0 0 0 ,0 0 0 0 2 8 2 0 0 0 0 0 0 0 0 ,0 0 0 0 3 6 4 0 0 0 0 0 0 0 0 ,
VornoiFreq:0.0193622 0.0193622 0.0205011 0.0222096 0.0233485 0.0273349 0.0290433 0.0318907 0.0506834 0.0632118 
AverageAreas:34.5508 34.583 32.9419 34.2446 34.5926 33.9049 33.5724 33.6138 33.3883 33.9732 
AreaStds:1.56287 1.95794 1.51794 1.53287 1.52111 1.59265 1.60242 1.74324 1.58288 1.62656 
AverageVolumes:16.0255 15.8819 14.6349 15.5277 16.0766 15.3817 15.4396 15.1219 15.1148 15.5231 
VolumeStds:1.14379 1.36749 1.00904 1.07133 1.09586 1.0981 1.12384 1.19 1.08975 1.12005 
Timestep:2275000
Temperature: 1260.06
AverageArea: 34.3678
AreaStd: 1.76792
AverageVolume: 15.6935
VolumeStd: 1.24395
VornoiIndicies:0 0 0 0 0 12 0 0 0 0 0 0 0 0 0 ,0 0 0 0 3 6 5 0 0 0 0 0 0 0 0 ,0 0 0 1 3 4 5 1 0 0 0 0 0 0 0 ,0 0 0 0 2 8 4 0 0 0 0 0 0 0 0 ,0 0 0 1 3 4 4 1 0 0 0 0 0 0 0 ,0 0 0 0 1 10 2 0 0 0 0 0 0 0 0 ,0 0 0 0 3 6 3 0 0 0 0 0 0 0 0 ,0 0 0 1 2 6 3 1 0 0 0 0 0 0 0 ,0 0 0 0 2 8 2 0 0 0 0 0 0 0 0 ,0 0 0 0 3 6 4 0 0 0 0 0 0 0 0 ,
VornoiFreq:0.018508 0.0193622 0.0193622 0.0216401 0.0236333 0.029328 0.0316059 0.0318907 0.0421412 0.059795 
AverageAreas:32.8993 34.7678 34.7735 34.6298 34.1927 33.8953 33.7015 34.1033 33.4088 34.0781 
AreaStds:1.72468 1.4444 1.47815 1.66654 1.51274 1.66759 1.65549 1.66116 1.50602 1.72198 
AverageVolumes:14.9252 16.1814 16.0337 16.1871 15.4946 15.6537 15.2157 15.4605 15.1168 15.5992 
VolumeStds:1.16595 0.992322 1.02052 1.21114 1.0611 1.16255 1.12302 1.14702 1.04111 1.17971 
Timestep:2315000
Temperature: 1210.14
AverageArea: 34.2779
AreaStd: 1.768
AverageVolume: 15.638
VolumeStd: 1.25213
VornoiIndicies:0 0 0 1 2 5 4 0 0 0 0 0 0 0 0 ,0 0 0 1 3 4 5 1 0 0 0 0 0 0 0 ,0 0 0 0 2 8 4 0 0 0 0 0 0 0 0 ,0 0 0 0 2 8 1 0 0 0 0 0 0 0 0 ,0 0 0 1 3 4 4 1 0 0 0 0 0 0 0 ,0 0 0 1 2 6 3 1 0 0 0 0 0 0 0 ,0 0 0 0 1 10 2 0 0 0 0 0 0 0 0 ,0 0 0 0 3 6 3 0 0 0 0 0 0 0 0 ,0 0 0 0 2 8 2 0 0 0 0 0 0 0 0 ,0 0 0 0 3 6 4 0 0 0 0 0 0 0 0 ,
VornoiFreq:0.0170843 0.0205011 0.0216401 0.0224943 0.022779 0.0247722 0.0284738 0.034738 0.0458428 0.0552392 
AverageAreas:33.8327 34.347 34.481 32.6855 34.4039 33.9875 33.5992 33.6659 33.2756 34.0472 
AreaStds:1.37999 1.83355 1.69223 1.55527 1.54684 1.64594 1.56249 1.6277 1.53858 1.54187 
AverageVolumes:15.2038 15.7415 16.0532 14.4734 15.6602 15.4353 15.4575 15.2089 15.0361 15.5891 
VolumeStds:0.952202 1.29487 1.23086 1.03641 1.07656 1.15676 1.08883 1.10133 1.05871 1.08099 
Timestep:2350000
Temperature: 1195.75
AverageArea: 34.2078
AreaStd: 1.78711
AverageVolume: 15.6045
VolumeStd: 1.25766
VornoiIndicies:0 0 0 0 2 8 1 0 0 0 0 0 0 0 0 ,0 0 0 0 4 4 5 0 0 0 0 0 0 0 0 ,0 0 0 1 2 6 3 1 0 0 0 0 0 0 0 ,0 0 0 0 0 12 0 0 0 0 0 0 0 0 0 ,0 0 0 0 2 8 4 0 0 0 0 0 0 0 0 ,0 0 0 1 3 4 4 1 0 0 0 0 0 0 0 ,0 0 0 0 3 6 3 0 0 0 0 0 0 0 0 ,0 0 0 0 1 10 2 0 0 0 0 0 0 0 0 ,0 0 0 0 2 8 2 0 0 0 0 0 0 0 0 ,0 0 0 0 3 6 4 0 0 0 0 0 0 0 0 ,
VornoiFreq:0.0187927 0.0187927 0.0199317 0.0213554 0.0233485 0.0236333 0.0321754 0.0344533 0.046697 0.0629271 
AverageAreas:32.8338 33.9619 33.9867 32.4779 34.3404 34.1749 33.7723 33.5898 33.1633 33.6659 
AreaStds:1.61693 1.54048 1.63162 1.41035 1.46327 1.83395 1.76506 1.59979 1.53916 1.45713 
AverageVolumes:14.5684 15.3925 15.4751 14.6749 15.9531 15.5187 15.2719 15.4593 14.9447 15.34 
VolumeStds:1.0662 1.05499 1.09976 0.938641 1.06092 1.27072 1.19534 1.10685 1.05068 0.990568 
Timestep:2390000
Temperature: 1164.48
AverageArea: 34.1633
AreaStd: 1.7833
AverageVolume: 15.5742
VolumeStd: 1.26125
VornoiIndicies:0 0 0 0 0 12 0 0 0 0 0 0 0 0 0 ,0 0 0 1 2 5 4 0 0 0 0 0 0 0 0 ,0 0 0 0 2 8 1 0 0 0 0 0 0 0 0 ,0 0 0 1 3 4 5 1 0 0 0 0 0 0 0 ,0 0 0 0 2 8 4 0 0 0 0 0 0 0 0 ,0 0 0 1 2 6 3 1 0 0 0 0 0 0 0 ,0 0 0 0 1 10 2 0 0 0 0 0 0 0 0 ,0 0 0 0 3 6 3 0 0 0 0 0 0 0 0 ,0 0 0 0 2 8 2 0 0 0 0 0 0 0 0 ,0 0 0 0 3 6 4 0 0 0 0 0 0 0 0 ,
VornoiFreq:0.0182232 0.0187927 0.0210706 0.0247722 0.0264806 0.0276196 0.0287585 0.0327449 0.0521071 0.0606492 
AverageAreas:32.657 33.6115 32.7674 34.7611 34.3753 33.5669 33.495 33.7236 33.0625 33.6638 
AreaStds:1.71499 1.42833 1.50508 1.62178 1.48268 1.6402 1.62255 1.49333 1.59167 1.52005 
AverageVolumes:14.8061 15.0814 14.5293 16.0423 15.9851 15.1698 15.3547 15.2013 14.8847 15.3358 
VolumeStds:1.15322 0.984946 1.00881 1.1469 1.00807 1.14993 1.09656 1.03447 1.08976 1.07464 
Timestep:2430000
Temperature: 1144.29
AverageArea: 34.1135
AreaStd: 1.77611
AverageVolume: 15.5498
VolumeStd: 1.2508
VornoiIndicies:0 0 0 1 3 4 5 1 0 0 0 0 0 0 0 ,0 0 0 0 3 6 5 0 0 0 0 0 0 0 0 ,0 0 0 0 2 8 1 0 0 0 0 0 0 0 0 ,0 0 0 1 3 4 4 1 0 0 0 0 0 0 0 ,0 0 0 0 2 8 4 0 0 0 0 0 0 0 0 ,0 0 0 0 3 6 3 0 0 0 0 0 0 0 0 ,0 0 0 0 1 10 2 0 0 0 0 0 0 0 0 ,0 0 0 1 2 6 3 1 0 0 0 0 0 0 0 ,0 0 0 0 2 8 2 0 0 0 0 0 0 0 0 ,0 0 0 0 3 6 4 0 0 0 0 0 0 0 0 ,
VornoiFreq:0.0202164 0.0216401 0.0219248 0.0219248 0.023918 0.0264806 0.0273349 0.0318907 0.0512528 0.0617882 
AverageAreas:34.2609 34.5208 32.9238 34.0045 34.3762 33.4645 33.4088 33.6052 33.0217 33.8265 
AreaStds:1.49947 1.60465 1.4825 1.56357 1.52184 1.48909 1.68836 1.58131 1.55597 1.53541 
AverageVolumes:15.6679 15.9955 14.6588 15.4063 16.0012 15.1011 15.311 15.1754 14.9024 15.455 
VolumeStds:1.01321 1.1332 1.00984 1.062 1.05846 1.04798 1.16127 1.07966 1.06649 1.07593 
Timestep:2470000
Temperature: 1151.86
AverageArea: 34.0518
AreaStd: 1.72771
AverageVolume: 15.511
VolumeStd: 1.20447
VornoiIndicies:0 0 0 0 2 8 3 0 0 0 0 0 0 0 0 ,0 0 0 1 3 4 4 1 0 0 0 0 0 0 0 ,0 0 0 0 2 8 4 0 0 0 0 0 0 0 0 ,0 0 0 0 0 12 0 0 0 0 0 0 0 0 0 ,0 0 0 1 2 6 3 1 0 0 0 0 0 0 0 ,0 0 0 0 2 8 1 0 0 0 0 0 0 0 0 ,0 0 0 0 1 10 2 0 0 0 0 0 0 0 0 ,0 0 0 0 3 6 3 0 0 0 0 0 0 0 0 ,0 0 0 0 2 8 2 0 0 0 0 0 0 0 0 ,0 0 0 0 3 6 4 0 0 0 0 0 0 0 0 ,
VornoiFreq:0.0202164 0.0207859 0.0213554 0.022779 0.0256264 0.0261959 0.029328 0.030467 0.0515376 0.0689066 
AverageAreas:33.6321 34.1001 34.3291 32.1836 33.6465 32.8749 33.2772 33.3872 32.9249 33.9177 
AreaStds:1.44174 1.48468 1.80368 1.58282 1.57209 1.64978 1.43932 1.45745 1.45514 1.50039 
AverageVolumes:15.3659 15.4835 15.9633 14.495 15.2367 14.6122 15.2423 15.0211 14.8034 15.5241 
VolumeStds:1.02182 1.00234 1.28566 1.07199 1.07617 1.10753 1.01283 0.984743 0.993642 1.03408 
Timestep:2505000
Temperature: 1125.4
AverageArea: 34.1122
AreaStd: 1.76969
AverageVolume: 15.5531
VolumeStd: 1.24774
VornoiIndicies:0 0 0 0 2 8 4 0 0 0 0 0 0 0 0 ,0 0 0 1 3 4 4 1 0 0 0 0 0 0 0 ,0 0 0 0 2 8 1 0 0 0 0 0 0 0 0 ,0 0 0 0 0 12 0 0 0 0 0 0 0 0 0 ,0 0 0 0 2 8 3 0 0 0 0 0 0 0 0 ,0 0 0 0 3 6 3 0 0 0 0 0 0 0 0 ,0 0 0 1 2 6 3 1 0 0 0 0 0 0 0 ,0 0 0 0 1 10 2 0 0 0 0 0 0 0 0 ,0 0 0 0 2 8 2 0 0 0 0 0 0 0 0 ,0 0 0 0 3 6 4 0 0 0 0 0 0 0 0 ,
VornoiFreq:0.0213554 0.0224943 0.022779 0.0233485 0.0233485 0.0273349 0.0307517 0.0327449 0.0495444 0.0572323 
AverageAreas:34.3433 34.1026 32.7504 33.0284 33.7107 33.5939 33.3491 33.6524 33.1543 33.9143 
AreaStds:1.40756 1.40854 1.80328 1.41902 1.40492 1.52469 1.76811 1.62011 1.66964 1.42883 
AverageVolumes:15.9645 15.4675 14.5638 15.0695 15.4225 15.1678 15.0581 15.4775 14.9498 15.5127 
VolumeStds:1.00081 0.969997 1.23242 0.977075 0.983024 1.00558 1.19957 1.13834 1.14689 1.00298 
Timestep:2545000
Temperature: 1098
AverageArea: 34.0522
AreaStd: 1.71328
AverageVolume: 15.5241
VolumeStd: 1.20805
VornoiIndicies:0 0 0 0 2 8 4 0 0 0 0 0 0 0 0 ,0 0 0 1 3 4 4 1 0 0 0 0 0 0 0 ,0 0 0 0 0 12 0 0 0 0 0 0 0 0 0 ,0 0 0 1 3 4 5 1 0 0 0 0 0 0 0 ,0 0 0 0 2 8 1 0 0 0 0 0 0 0 0 ,0 0 0 1 2 6 3 1 0 0 0 0 0 0 0 ,0 0 0 0 3 6 3 0 0 0 0 0 0 0 0 ,0 0 0 0 1 10 2 0 0 0 0 0 0 0 0 ,0 0 0 0 2 8 2 0 0 0 0 0 0 0 0 ,0 0 0 0 3 6 4 0 0 0 0 0 0 0 0 ,
VornoiFreq:0.0207859 0.0216401 0.0236333 0.0236333 0.023918 0.0298975 0.030467 0.0375854 0.053246 0.077164 
AverageAreas:34.2203 33.9956 32.695 34.3359 33.0201 33.966 33.2176 33.3009 33.1959 33.7852 
AreaStds:1.57595 1.51133 1.31758 1.74003 1.48803 1.54563 1.31493 1.37026 1.47132 1.54381 
AverageVolumes:15.8714 15.4625 14.8461 15.7813 14.7279 15.4781 14.9189 15.2475 14.9966 15.4396 
VolumeStds:1.08915 1.07531 0.909049 1.21129 0.994957 1.06867 0.917786 0.932948 1.00837 1.07985 
Timestep:2585000
Temperature: 1111.69
AverageArea: 33.9719
AreaStd: 1.71037
AverageVolume: 15.4781
VolumeStd: 1.19293
VornoiIndicies:0 0 0 0 2 8 1 0 0 0 0 0 0 0 0 ,0 0 0 1 3 4 4 1 0 0 0 0 0 0 0 ,0 0 0 0 2 8 3 0 0 0 0 0 0 0 0 ,0 0 0 0 3 6 5 0 0 0 0 0 0 0 0 ,0 0 0 0 0 12 0 0 0 0 0 0 0 0 0 ,0 0 0 1 2 6 3 1 0 0 0 0 0 0 0 ,0 0 0 0 3 6 3 0 0 0 0 0 0 0 0 ,0 0 0 0 1 10 2 0 0 0 0 0 0 0 0 ,0 0 0 0 2 8 2 0 0 0 0 0 0 0 0 ,0 0 0 0 3 6 4 0 0 0 0 0 0 0 0 ,
VornoiFreq:0.0207859 0.0207859 0.0210706 0.0224943 0.0261959 0.029328 0.0367312 0.0387244 0.0489749 0.0714692 
AverageAreas:32.824 33.9086 33.9111 34.0794 32.4892 33.732 33.2679 33.4346 32.9997 33.8694 
AreaStds:1.44786 1.47739 1.42838 1.4961 1.4936 1.58176 1.62186 1.44793 1.50748 1.55909 
AverageVolumes:14.6324 15.366 15.5478 15.7488 14.7311 15.3111 14.9342 15.373 14.8645 15.5107 
VolumeStds:0.942029 1.01463 0.985671 1.07838 1.00135 1.08427 1.11264 1.00775 1.0125 1.09653 
Timestep:2625000
Temperature: 1074.47
AverageArea: 34.0291
AreaStd: 1.68474
AverageVolume: 15.5092
VolumeStd: 1.1849
VornoiIndicies:0 0 0 0 2 8 3 0 0 0 0 0 0 0 0 ,0 0 0 1 2 5 4 0 0 0 0 0 0 0 0 ,0 0 0 0 2 8 1 0 0 0 0 0 0 0 0 ,0 0 0 0 0 12 0 0 0 0 0 0 0 0 0 ,0 0 0 0 2 8 4 0 0 0 0 0 0 0 0 ,0 0 0 1 2 6 3 1 0 0 0 0 0 0 0 ,0 0 0 0 1 10 2 0 0 0 0 0 0 0 0 ,0 0 0 0 3 6 3 0 0 0 0 0 0 0 0 ,0 0 0 0 2 8 2 0 0 0 0 0 0 0 0 ,0 0 0 0 3 6 4 0 0 0 0 0 0 0 0 ,
VornoiFreq:0.0196469 0.0205011 0.0236333 0.0253417 0.0261959 0.0264806 0.0324601 0.0390091 0.0592255 0.071754 
AverageAreas:33.8455 33.6192 32.7693 32.8913 34.3949 34.0277 33.4781 33.2395 33.0548 33.8728 
AreaStds:1.59351 1.48245 1.62079 1.19174 1.3582 1.3663 1.48282 1.41579 1.38406 1.5616 
AverageVolumes:15.4597 15.0678 14.5645 14.9457 15.995 15.5178 15.3671 14.9242 14.916 15.5021 
VolumeStds:1.11587 0.984961 1.08625 0.833491 0.96496 0.963811 1.00709 0.956857 0.93703 1.08502 
Timestep:2660000
Temperature: 1063.4
AverageArea: 33.9266
AreaStd: 1.66245
AverageVolume: 15.4577
VolumeStd: 1.16672
VornoiIndicies:0 0 0 1 3 4 5 1 0 0 0 0 0 0 0 ,0 0 0 0 2 8 4 0 0 0 0 0 0 0 0 ,0 0 0 1 3 4 4 1 0 0 0 0 0 0 0 ,0 0 0 0 2 8 1 0 0 0 0 0 0 0 0 ,0 0 0 1 2 6 3 1 0 0 0 0 0 0 0 ,0 0 0 0 0 12 0 0 0 0 0 0 0 0 0 ,0 0 0 0 3 6 3 0 0 0 0 0 0 0 0 ,0 0 0 0 1 10 2 0 0 0 0 0 0 0 0 ,0 0 0 0 2 8 2 0 0 0 0 0 0 0 0 ,0 0 0 0 3 6 4 0 0 0 0 0 0 0 0 ,
VornoiFreq:0.0207859 0.0222096 0.0236333 0.0256264 0.0281891 0.0301822 0.0344533 0.0472665 0.0600797 0.0632118 
AverageAreas:34.6532 34.2778 33.7438 32.9472 33.7727 32.5814 33.5161 33.4292 32.9882 33.735 
AreaStds:1.51122 1.48788 1.37054 1.63232 1.43251 1.53096 1.53542 1.58006 1.44512 1.54564 
AverageVolumes:15.9918 15.9629 15.2899 14.6868 15.3324 14.7926 15.118 15.3699 14.8829 15.4315 
VolumeStds:1.03003 1.05963 0.971621 1.09323 1.00444 1.03218 1.07239 1.09475 1.00036 1.0679 
Timestep:2700000
Temperature: 1045.03
AverageArea: 33.8436
AreaStd: 1.63803
AverageVolume: 15.4011
VolumeStd: 1.13669
VornoiIndicies:0 0 0 1 3 4 5 1 0 0 0 0 0 0 0 ,0 0 0 0 3 6 5 0 0 0 0 0 0 0 0 ,0 0 0 0 2 8 4 0 0 0 0 0 0 0 0 ,0 0 0 0 2 8 1 0 0 0 0 0 0 0 0 ,0 0 0 0 0 12 0 0 0 0 0 0 0 0 0 ,0 0 0 1 2 6 3 1 0 0 0 0 0 0 0 ,0 0 0 0 3 6 3 0 0 0 0 0 0 0 0 ,0 0 0 0 1 10 2 0 0 0 0 0 0 0 0 ,0 0 0 0 2 8 2 0 0 0 0 0 0 0 0 ,0 0 0 0 3 6 4 0 0 0 0 0 0 0 0 ,
VornoiFreq:0.0216401 0.0219248 0.0222096 0.022779 0.0341686 0.0341686 0.0387244 0.0475513 0.0612187 0.0632118 
AverageAreas:33.9369 34.0704 34.1282 32.7402 32.3084 33.7222 33.4527 33.185 33.0383 33.7905 
AreaStds:1.15558 1.56632 1.45024 1.41207 1.36808 1.33996 1.52202 1.41384 1.50162 1.3612 
AverageVolumes:15.4791 15.7508 15.8146 14.5574 14.594 15.3067 15.0842 15.2044 14.9095 15.4357 
VolumeStds:0.806316 1.10686 1.04517 0.950948 0.904127 0.932547 1.05829 0.981863 1.01938 0.94946 
Timestep:2740000
Temperature: 1000.85
AverageArea: 33.8302
AreaStd: 1.6236
AverageVolume: 15.4055
VolumeStd: 1.13411
VornoiIndicies:0 0 0 0 2 8 1 0 0 0 0 0 0 0 0 ,0 0 0 0 3 6 5 0 0 0 0 0 0 0 0 ,0 0 0 1 3 4 4 1 0 0 0 0 0 0 0 ,0 0 0 0 2 8 4 0 0 0 0 0 0 0 0 ,0 0 0 0 3 6 3 0 0 0 0 0 0 0 0 ,0 0 0 1 2 6 3 1 0 0 0 0 0 0 0 ,0 0 0 0 1 10 2 0 0 0 0 0 0 0 0 ,0 0 0 0 0 12 0 0 0 0 0 0 0 0 0 ,0 0 0 0 3 6 4 0 0 0 0 0 0 0 0 ,0 0 0 0 2 8 2 0 0 0 0 0 0 0 0 ,
VornoiFreq:0.0207859 0.0207859 0.0236333 0.023918 0.0284738 0.0318907 0.0387244 0.0427107 0.0666287 0.0669134 
AverageAreas:32.7627 34.3094 33.6618 34.0549 33.2385 33.4255 33.2811 32.4088 33.5869 32.9697 
AreaStds:1.71068 1.6686 1.61285 1.39261 1.21741 1.43809 1.471 1.39854 1.3207 1.46737 
AverageVolumes:14.5844 15.8807 15.1926 15.7814 14.934 15.1096 15.2456 14.6828 15.3183 14.8723 
VolumeStds:1.15707 1.16639 1.12641 0.966363 0.844817 0.971889 1.0083 0.943917 0.926793 0.990697 
Timestep:2775000
Temperature: 979.011
AverageArea: 33.7899
AreaStd: 1.65693
AverageVolume: 15.3726
VolumeStd: 1.15112
VornoiIndicies:0 0 0 0 3 6 5 0 0 0 0 0 0 0 0 ,0 0 0 1 3 4 4 1 0 0 0 0 0 0 0 ,0 0 0 1 3 4 5 1 0 0 0 0 0 0 0 ,0 0 0 0 2 8 1 0 0 0 0 0 0 0 0 ,0 0 0 0 3 6 3 0 0 0 0 0 0 0 0 ,0 0 0 1 2 6 3 1 0 0 0 0 0 0 0 ,0 0 0 0 0 12 0 0 0 0 0 0 0 0 0 ,0 0 0 0 1 10 2 0 0 0 0 0 0 0 0 ,0 0 0 0 2 8 2 0 0 0 0 0 0 0 0 ,0 0 0 0 3 6 4 0 0 0 0 0 0 0 0 ,
VornoiFreq:0.0213554 0.0216401 0.0233485 0.0256264 0.029328 0.034738 0.0370159 0.0449886 0.0515376 0.0583713 
AverageAreas:34.266 34.0434 33.945 32.7811 33.3206 33.4946 32.3922 33.3583 33.0352 33.6991 
AreaStds:1.50424 1.46264 1.37438 1.47142 1.24847 1.69342 1.27861 1.33308 1.4567 1.53744 
AverageVolumes:15.7984 15.459 15.5163 14.6199 15.0197 15.1775 14.6952 15.3231 14.9134 15.3988 
VolumeStds:1.04208 0.993752 0.948102 1.00335 0.878835 1.19525 0.881638 0.922453 1.00156 1.07142 
Timestep:2815000
Temperature: 987.775
AverageArea: 33.736
AreaStd: 1.60826
AverageVolume: 15.3546
VolumeStd: 1.11145
VornoiIndicies:0 0 0 0 3 6 5 0 0 0 0 0 0 0 0 ,0 0 0 1 0 9 3 0 0 0 0 0 0 0 0 ,0 0 0 0 2 8 1 0 0 0 0 0 0 0 0 ,0 0 0 0 2 8 4 0 0 0 0 0 0 0 0 ,0 0 0 0 3 6 3 0 0 0 0 0 0 0 0 ,0 0 0 1 2 6 3 1 0 0 0 0 0 0 0 ,0 0 0 0 1 10 2 0 0 0 0 0 0 0 0 ,0 0 0 0 0 12 0 0 0 0 0 0 0 0 0 ,0 0 0 0 2 8 2 0 0 0 0 0 0 0 0 ,0 0 0 0 3 6 4 0 0 0 0 0 0 0 0 ,
VornoiFreq:0.0205011 0.0216401 0.0267654 0.0281891 0.0290433 0.0350228 0.0495444 0.0501139 0.0697608 0.0802961 
AverageAreas:33.9806 33.0307 32.6712 34.2009 33.348 33.5949 33.2592 32.3389 32.9188 33.6395 
AreaStds:1.28463 1.37635 1.57969 1.61923 1.29629 1.29752 1.44024 1.38646 1.493 1.40489 
AverageVolumes:15.6903 15.0662 14.5093 15.9161 15.005 15.2461 15.2669 14.6289 14.838 15.3539 
VolumeStds:0.931071 0.949131 1.04197 1.15466 0.866464 0.879426 1.01219 0.946115 1.00691 0.968932 
Timestep:2855000
Temperature: 938.411
AverageArea: 33.6706
AreaStd: 1.59721
AverageVolume: 15.322
VolumeStd: 1.11704
VornoiIndicies:0 0 0 0 2 8 3 0 0 0 0 0 0 0 0 ,0 0 0 1 3 4 4 1 0 0 0 0 0 0 0 ,0 0 0 0 2 8 4 0 0 0 0 0 0 0 0 ,0 0 0 0 2 8 1 0 0 0 0 0 0 0 0 ,0 0 0 1 2 6 3 1 0 0 0 0 0 0 0 ,0 0 0 0 3 6 3 0 0 0 0 0 0 0 0 ,0 0 0 0 0 12 0 0 0 0 0 0 0 0 0 ,0 0 0 0 1 10 2 0 0 0 0 0 0 0 0 ,0 0 0 0 2 8 2 0 0 0 0 0 0 0 0 ,0 0 0 0 3 6 4 0 0 0 0 0 0 0 0 ,
VornoiFreq:0.0242027 0.0244875 0.0259112 0.0270501 0.0279043 0.0350228 0.0472665 0.0538155 0.0674829 0.0677677 
AverageAreas:33.4937 33.6564 34.1202 32.9583 33.5715 33.2108 32.3472 33.1252 33.0202 33.6967 
AreaStds:1.28136 1.4598 1.35239 1.40038 1.42341 1.44546 1.38669 1.32045 1.41129 1.56344 
AverageVolumes:15.3202 15.2436 15.863 14.7105 15.2342 14.946 14.6541 15.1884 14.9012 15.4148 
VolumeStds:0.873106 0.986117 0.974872 0.936719 1.02431 0.986763 0.931063 0.910165 0.945273 1.09057 
Timestep:2895000
Temperature: 956.982
AverageArea: 33.5171
AreaStd: 1.62904
AverageVolume: 15.2326
VolumeStd: 1.11913
VornoiIndicies:0 0 0 1 0 9 3 0 0 0 0 0 0 0 0 ,0 0 0 1 2 5 4 0 0 0 0 0 0 0 0 ,0 0 0 0 2 8 4 0 0 0 0 0 0 0 0 ,0 0 0 0 2 8 1 0 0 0 0 0 0 0 0 ,0 0 0 0 3 6 3 0 0 0 0 0 0 0 0 ,0 0 0 1 2 6 3 1 0 0 0 0 0 0 0 ,0 0 0 0 1 10 2 0 0 0 0 0 0 0 0 ,0 0 0 0 0 12 0 0 0 0 0 0 0 0 0 ,0 0 0 0 3 6 4 0 0 0 0 0 0 0 0 ,0 0 0 0 2 8 2 0 0 0 0 0 0 0 0 ,
VornoiFreq:0.0224943 0.0230638 0.0298975 0.0321754 0.0350228 0.0350228 0.0563781 0.0686219 0.070615 0.0723235 
AverageAreas:32.931 33.3033 33.5937 32.602 32.9423 33.4938 33.0679 32.1335 33.5606 32.7023 
AreaStds:1.35245 1.35837 1.27143 1.55115 1.39297 1.53225 1.41138 1.46655 1.48641 1.5069 
AverageVolumes:14.9996 14.9054 15.5122 14.4659 14.7688 15.1693 15.1403 14.5186 15.308 14.6923 
VolumeStds:0.898948 0.959825 0.904549 1.03134 0.982307 1.04452 0.953751 0.990719 1.0121 1.00055 
Timestep:2930000
Temperature: 919.396
AverageArea: 33.5905
AreaStd: 1.6071
AverageVolume: 15.2798
VolumeStd: 1.10388
VornoiIndicies:0 0 0 1 2 5 5 0 0 0 0 0 0 0 0 ,0 0 0 1 2 5 4 0 0 0 0 0 0 0 0 ,0 0 0 0 2 8 4 0 0 0 0 0 0 0 0 ,0 0 0 0 2 8 1 0 0 0 0 0 0 0 0 ,0 0 0 0 3 6 3 0 0 0 0 0 0 0 0 ,0 0 0 1 2 6 3 1 0 0 0 0 0 0 0 ,0 0 0 0 1 10 2 0 0 0 0 0 0 0 0 ,0 0 0 0 0 12 0 0 0 0 0 0 0 0 0 ,0 0 0 0 2 8 2 0 0 0 0 0 0 0 0 ,0 0 0 0 3 6 4 0 0 0 0 0 0 0 0 ,
VornoiFreq:0.0199317 0.0219248 0.0273349 0.0281891 0.034738 0.034738 0.0546697 0.0677677 0.0748861 0.077164 
AverageAreas:33.227 33.5799 33.6357 32.8077 33.4573 33.3383 33.1547 32.2692 32.8947 33.4385 
AreaStds:1.34351 1.39012 1.52459 1.59006 1.44112 1.48389 1.31282 1.42938 1.42903 1.46633 
AverageVolumes:15.0117 15.091 15.562 14.6156 15.129 15.0624 15.2191 14.5998 14.8282 15.2413 
VolumeStds:0.936644 0.93356 1.07401 1.06929 0.969164 1.00334 0.900176 0.964702 0.954036 1.01937 
Timestep:2970000
Temperature: 883.259
AverageArea: 33.4912
AreaStd: 1.61792
AverageVolume: 15.232
VolumeStd: 1.10777
VornoiIndicies:0 0 0 0 2 8 3 0 0 0 0 0 0 0 0 ,0 0 0 1 0 9 3 0 0 0 0 0 0 0 0 ,0 0 0 0 2 8 4 0 0 0 0 0 0 0 0 ,0 0 0 0 2 8 1 0 0 0 0 0 0 0 0 ,0 0 0 0 3 6 3 0 0 0 0 0 0 0 0 ,0 0 0 1 2 6 3 1 0 0 0 0 0 0 0 ,0 0 0 0 1 10 2 0 0 0 0 0 0 0 0 ,0 0 0 0 3 6 4 0 0 0 0 0 0 0 0 ,0 0 0 0 2 8 2 0 0 0 0 0 0 0 0 ,0 0 0 0 0 12 0 0 0 0 0 0 0 0 0 ,
VornoiFreq:0.0207859 0.0216401 0.0256264 0.0279043 0.0321754 0.0353075 0.058656 0.0708998 0.0791572 0.0985194 
AverageAreas:33.6021 32.7414 33.9248 32.7211 33.2974 33.4516 33.2583 33.4899 32.844 32.1104 
AreaStds:1.356 1.31988 1.5659 1.12303 1.54084 1.3136 1.44377 1.48778 1.44345 1.45317 
AverageVolumes:15.4242 14.8976 15.766 14.5423 15.0341 15.1679 15.29 15.2662 14.8025 14.5147 
VolumeStds:0.910302 0.902661 1.09309 0.762869 1.04869 0.898943 1.00391 1.02331 0.984808 0.965337 
Timestep:3010000
Temperature: 890.113
AverageArea: 33.4658
AreaStd: 1.54612
AverageVolume: 15.2201
VolumeStd: 1.06053
VornoiIndicies:0 0 0 0 2 8 3 0 0 0 0 0 0 0 0 ,0 0 0 0 2 8 4 0 0 0 0 0 0 0 0 ,0 0 0 1 0 9 3 0 0 0 0 0 0 0 0 ,0 0 0 0 2 8 1 0 0 0 0 0 0 0 0 ,0 0 0 1 2 6 3 1 0 0 0 0 0 0 0 ,0 0 0 0 3 6 3 0 0 0 0 0 0 0 0 ,0 0 0 0 3 6 4 0 0 0 0 0 0 0 0 ,0 0 0 0 1 10 2 0 0 0 0 0 0 0 0 ,0 0 0 0 2 8 2 0 0 0 0 0 0 0 0 ,0 0 0 0 0 12 0 0 0 0 0 0 0 0 0 ,
VornoiFreq:0.0222096 0.0230638 0.0244875 0.0284738 0.0284738 0.0344533 0.0620729 0.0649203 0.0928246 0.094533 
AverageAreas:33.3785 33.8738 32.9874 32.7861 33.4743 33.3487 33.5927 33.0939 32.8685 32.3812 
AreaStds:1.3293 1.4803 1.25724 1.4971 1.41028 1.40961 1.35282 1.37355 1.43424 1.32766 
AverageVolumes:15.2349 15.6892 15.0396 14.6087 15.2101 15.0665 15.3425 15.1711 14.8258 14.682 
VolumeStds:0.931682 1.07036 0.863553 1.00988 0.974281 0.945286 0.928272 0.960072 0.978849 0.890402 
Timestep:3050000
Temperature: 855.484
AverageArea: 33.4192
AreaStd: 1.55255
AverageVolume: 15.1882
VolumeStd: 1.06189
VornoiIndicies:0 0 0 0 2 8 1 0 0 0 0 0 0 0 0 ,0 0 0 0 2 8 4 0 0 0 0 0 0 0 0 ,0 0 0 1 2 5 4 0 0 0 0 0 0 0 0 ,0 0 0 1 0 9 3 0 0 0 0 0 0 0 0 ,0 0 0 1 2 6 3 1 0 0 0 0 0 0 0 ,0 0 0 0 3 6 3 0 0 0 0 0 0 0 0 ,0 0 0 0 1 10 2 0 0 0 0 0 0 0 0 ,0 0 0 0 3 6 4 0 0 0 0 0 0 0 0 ,0 0 0 0 2 8 2 0 0 0 0 0 0 0 0 ,0 0 0 0 0 12 0 0 0 0 0 0 0 0 0 ,
VornoiFreq:0.0253417 0.0256264 0.0259112 0.0273349 0.0296128 0.0301822 0.0609339 0.0657745 0.0848519 0.0999431 
AverageAreas:32.6535 33.6297 33.0187 32.7939 33.4219 33.2141 32.9364 33.5163 32.8359 32.1543 
AreaStds:1.47392 1.44425 1.34593 1.50562 1.30659 1.3625 1.31272 1.30434 1.40624 1.32049 
AverageVolumes:14.5241 15.5479 14.7419 14.9469 15.1612 14.9579 15.075 15.3098 14.7879 14.5321 
VolumeStds:0.983356 1.02597 0.941423 1.0392 0.889943 0.948633 0.912174 0.88228 0.967404 0.89629 
Timestep:3085000
Temperature: 854.975
AverageArea: 33.2807
AreaStd: 1.56948
AverageVolume: 15.1118
VolumeStd: 1.05688
VornoiIndicies:0 0 0 0 2 8 4 0 0 0 0 0 0 0 0 ,0 0 0 0 2 8 3 0 0 0 0 0 0 0 0 ,0 0 0 0 3 6 3 0 0 0 0 0 0 0 0 ,0 0 0 1 0 9 3 0 0 0 0 0 0 0 0 ,0 0 0 0 2 8 1 0 0 0 0 0 0 0 0 ,0 0 0 1 2 6 3 1 0 0 0 0 0 0 0 ,0 0 0 0 3 6 4 0 0 0 0 0 0 0 0 ,0 0 0 0 1 10 2 0 0 0 0 0 0 0 0 ,0 0 0 0 2 8 2 0 0 0 0 0 0 0 0 ,0 0 0 0 0 12 0 0 0 0 0 0 0 0 0 ,
VornoiFreq:0.0222096 0.0230638 0.029328 0.0296128 0.0313212 0.0333144 0.0700456 0.0740319 0.0868451 0.116743 
AverageAreas:33.73 33.1406 33.285 32.7817 32.6147 33.3262 33.3019 32.8898 32.6564 31.9823 
AreaStds:1.55281 1.32887 1.30339 1.39906 1.2385 1.35676 1.34178 1.40672 1.4023 1.39756 
AverageVolumes:15.6247 15.0947 15.0069 14.9286 14.4953 15.0901 15.1713 15.0478 14.6845 14.4418 
VolumeStds:1.06957 0.927063 0.861536 0.954137 0.844263 0.932219 0.924915 0.964301 0.94031 0.92681 
Timestep:3125000
Temperature: 837.273
AverageArea: 33.337
AreaStd: 1.56195
AverageVolume: 15.1549
VolumeStd: 1.05868
VornoiIndicies:0 0 0 0 2 8 3 0 0 0 0 0 0 0 0 ,0 0 0 0 2 8 4 0 0 0 0 0 0 0 0 ,0 0 0 0 3 6 3 0 0 0 0 0 0 0 0 ,0 0 0 1 0 9 3 0 0 0 0 0 0 0 0 ,0 0 0 0 2 8 1 0 0 0 0 0 0 0 0 ,0 0 0 1 2 6 3 1 0 0 0 0 0 0 0 ,0 0 0 0 1 10 2 0 0 0 0 0 0 0 0 ,0 0 0 0 3 6 4 0 0 0 0 0 0 0 0 ,0 0 0 0 2 8 2 0 0 0 0 0 0 0 0 ,0 0 0 0 0 12 0 0 0 0 0 0 0 0 0 ,
VornoiFreq:0.0216401 0.0273349 0.0273349 0.0279043 0.0310364 0.0310364 0.0666287 0.071754 0.0834282 0.129556 
AverageAreas:33.4576 33.65 33.1953 33.0442 32.7346 33.3787 32.9618 33.4573 32.8434 32.0977 
AreaStds:1.35298 1.43692 1.435 1.64711 1.34307 1.31568 1.44139 1.34597 1.38778 1.4901 
AverageVolumes:15.3171 15.5688 14.9473 15.1315 14.593 15.1504 15.0937 15.2699 14.8045 14.5043 
VolumeStds:0.918467 0.992803 0.95921 1.10974 0.902374 0.874467 0.978133 0.929861 0.940004 1.00045 
Timestep:3165000
Temperature: 795.094
AverageArea: 33.2641
AreaStd: 1.55145
AverageVolume: 15.121
VolumeStd: 1.05298
VornoiIndicies:0 0 0 1 2 5 4 0 0 0 0 0 0 0 0 ,0 0 0 0 2 8 4 0 0 0 0 0 0 0 0 ,0 0 0 0 2 8 1 0 0 0 0 0 0 0 0 ,0 0 0 0 3 6 3 0 0 0 0 0 0 0 0 ,0 0 0 1 2 6 3 1 0 0 0 0 0 0 0 ,0 0 0 1 0 9 3 0 0 0 0 0 0 0 0 ,0 0 0 0 1 10 2 0 0 0 0 0 0 0 0 ,0 0 0 0 3 6 4 0 0 0 0 0 0 0 0 ,0 0 0 0 2 8 2 0 0 0 0 0 0 0 0 ,0 0 0 0 0 12 0 0 0 0 0 0 0 0 0 ,
VornoiFreq:0.0230638 0.0261959 0.0290433 0.0310364 0.0333144 0.0373007 0.0666287 0.0720387 0.0939636 0.11959 
AverageAreas:33.2805 33.5857 32.5531 33.1789 33.1486 32.7966 32.9231 33.5772 32.6694 31.9972 
AreaStds:1.43325 1.41476 1.49654 1.33046 1.33467 1.40471 1.44538 1.27745 1.33609 1.21643 
AverageVolumes:14.9661 15.5371 14.4734 14.9535 14.9959 14.9467 15.0849 15.3646 14.7232 14.4484 
VolumeStds:0.968299 0.975051 0.993648 0.896185 0.917808 0.974415 0.991252 0.89425 0.914187 0.813506 
Timestep:3200000
Temperature: 802.984
AverageArea: 33.2996
AreaStd: 1.52592
AverageVolume: 15.1374
VolumeStd: 1.03226
VornoiIndicies:0 0 0 0 2 8 3 0 0 0 0 0 0 0 0 ,0 0 0 0 2 8 4 0 0 0 0 0 0 0 0 ,0 0 0 1 0 9 3 0 0 0 0 0 0 0 0 ,0 0 0 1 2 6 3 1 0 0 0 0 0 0 0 ,0 0 0 0 2 8 1 0 0 0 0 0 0 0 0 ,0 0 0 0 3 6 3 0 0 0 0 0 0 0 0 ,0 0 0 0 1 10 2 0 0 0 0 0 0 0 0 ,0 0 0 0 3 6 4 0 0 0 0 0 0 0 0 ,0 0 0 0 2 8 2 0 0 0 0 0 0 0 0 ,0 0 0 0 0 12 0 0 0 0 0 0 0 0 0 ,
VornoiFreq:0.0236333 0.0264806 0.0287585 0.0290433 0.0298975 0.0313212 0.070615 0.070615 0.089123 0.124715 
AverageAreas:33.3053 33.9088 32.8154 33.3991 32.7465 33.2112 33.0223 33.3269 32.7123 32.0332 
AreaStds:1.21505 1.25055 1.40653 1.41953 1.20137 1.34403 1.2286 1.29762 1.35685 1.38375 
AverageVolumes:15.1852 15.768 14.9546 15.1404 14.5883 14.9785 15.1483 15.1894 14.7345 14.4651 
VolumeStds:0.866685 0.864644 0.941879 0.96432 0.801129 0.925041 0.845103 0.906905 0.924834 0.927419 
Timestep:3240000
Temperature: 802.037
AverageArea: 33.2014
AreaStd: 1.53308
AverageVolume: 15.0773
VolumeStd: 1.03064
VornoiIndicies:0 0 0 0 3 6 5 0 0 0 0 0 0 0 0 ,0 0 0 1 0 9 3 0 0 0 0 0 0 0 0 ,0 0 0 0 3 6 3 0 0 0 0 0 0 0 0 ,0 0 0 1 2 6 3 1 0 0 0 0 0 0 0 ,0 0 0 0 2 8 4 0 0 0 0 0 0 0 0 ,0 0 0 0 2 8 1 0 0 0 0 0 0 0 0 ,0 0 0 0 3 6 4 0 0 0 0 0 0 0 0 ,0 0 0 0 1 10 2 0 0 0 0 0 0 0 0 ,0 0 0 0 2 8 2 0 0 0 0 0 0 0 0 ,0 0 0 0 0 12 0 0 0 0 0 0 0 0 0 ,
VornoiFreq:0.0222096 0.0261959 0.0276196 0.030467 0.0327449 0.0335991 0.077164 0.0800114 0.090262 0.129556 
AverageAreas:33.9159 32.7869 32.8471 33.342 33.5319 32.5851 33.5017 32.7562 32.8053 31.8113 
AreaStds:1.38766 1.28419 1.32089 1.36921 1.25371 1.30557 1.41465 1.36467 1.47676 1.27094 
AverageVolumes:15.6165 14.9545 14.703 15.1435 15.5083 14.4875 15.3134 14.9537 14.7955 14.3312 
VolumeStds:0.985024 0.871862 0.890343 0.939371 0.889734 0.879454 0.984551 0.922374 0.999507 0.847432 
Timestep:3280000
Temperature: 749.925
AverageArea: 33.1019
AreaStd: 1.512
AverageVolume: 15.0235
VolumeStd: 1.01707
VornoiIndicies:0 0 0 0 2 8 3 0 0 0 0 0 0 0 0 ,0 0 0 1 0 9 3 0 0 0 0 0 0 0 0 ,0 0 0 0 2 8 4 0 0 0 0 0 0 0 0 ,0 0 0 0 3 6 3 0 0 0 0 0 0 0 0 ,0 0 0 0 2 8 1 0 0 0 0 0 0 0 0 ,0 0 0 1 2 6 3 1 0 0 0 0 0 0 0 ,0 0 0 0 1 10 2 0 0 0 0 0 0 0 0 ,0 0 0 0 3 6 4 0 0 0 0 0 0 0 0 ,0 0 0 0 2 8 2 0 0 0 0 0 0 0 0 ,0 0 0 0 0 12 0 0 0 0 0 0 0 0 0 ,
VornoiFreq:0.0244875 0.0276196 0.0301822 0.0318907 0.0324601 0.0330296 0.0657745 0.0845672 0.0951025 0.140661 
AverageAreas:32.8144 32.7563 33.4692 32.9522 32.7314 33.0418 32.8272 33.3698 32.6845 31.8509 
AreaStds:1.24054 1.2336 1.42415 1.39853 1.32263 1.531 1.33923 1.30759 1.34361 1.32796 
AverageVolumes:14.8723 14.9074 15.4777 14.8204 14.6305 14.9201 15.0288 15.2238 14.7225 14.3614 
VolumeStds:0.812774 0.843178 0.980013 0.968442 0.88129 1.05587 0.921559 0.903292 0.914813 0.885971 
Timestep:3320000
Temperature: 742.703
AverageArea: 33.1317
AreaStd: 1.48143
AverageVolume: 15.0378
VolumeStd: 0.997182
VornoiIndicies:0 0 0 1 2 6 2 1 0 0 0 0 0 0 0 ,0 0 0 0 2 8 4 0 0 0 0 0 0 0 0 ,0 0 0 0 3 6 3 0 0 0 0 0 0 0 0 ,0 0 0 1 0 9 3 0 0 0 0 0 0 0 0 ,0 0 0 0 2 8 1 0 0 0 0 0 0 0 0 ,0 0 0 1 2 6 3 1 0 0 0 0 0 0 0 ,0 0 0 0 3 6 4 0 0 0 0 0 0 0 0 ,0 0 0 0 1 10 2 0 0 0 0 0 0 0 0 ,0 0 0 0 2 8 2 0 0 0 0 0 0 0 0 ,0 0 0 0 0 12 0 0 0 0 0 0 0 0 0 ,
VornoiFreq:0.0224943 0.0264806 0.0298975 0.0330296 0.0335991 0.0353075 0.0697608 0.0740319 0.0905467 0.137528 
AverageAreas:32.5949 33.7821 33.4825 32.4908 32.5698 33.364 33.3075 32.7764 32.7462 31.8215 
AreaStds:1.29036 1.22646 1.33367 1.14974 1.10159 1.33247 1.25282 1.3141 1.29163 1.28054 
AverageVolumes:14.5064 15.6797 15.1844 14.7441 14.4934 15.1517 15.2123 14.9802 14.7511 14.3437 
VolumeStds:0.862585 0.864749 0.919981 0.770652 0.74514 0.923414 0.871332 0.889623 0.869501 0.856395 
Timestep:3355000
Temperature: 717.835
AverageArea: 33.0635
AreaStd: 1.49061
AverageVolume: 15.0015
VolumeStd: 1.00172
VornoiIndicies:0 0 0 0 2 8 3 0 0 0 0 0 0 0 0 ,0 0 0 1 0 9 3 0 0 0 0 0 0 0 0 ,0 0 0 0 2 8 1 0 0 0 0 0 0 0 0 ,0 0 0 1 2 6 3 1 0 0 0 0 0 0 0 ,0 0 0 0 2 8 4 0 0 0 0 0 0 0 0 ,0 0 0 0 3 6 3 0 0 0 0 0 0 0 0 ,0 0 0 0 1 10 2 0 0 0 0 0 0 0 0 ,0 0 0 0 3 6 4 0 0 0 0 0 0 0 0 ,0 0 0 0 2 8 2 0 0 0 0 0 0 0 0 ,0 0 0 0 0 12 0 0 0 0 0 0 0 0 0 ,
VornoiFreq:0.0244875 0.0267654 0.0284738 0.0313212 0.0316059 0.034738 0.070615 0.0797267 0.0968109 0.146925 
AverageAreas:32.979 32.3078 32.7027 33.2254 33.3255 33.0996 32.7917 33.2531 32.5485 31.8727 
AreaStds:1.37433 1.20752 1.33915 1.32019 1.31174 1.22964 1.39445 1.25138 1.32105 1.28419 
AverageVolumes:15.0183 14.6284 14.5892 15.0099 15.3639 14.933 15.0072 15.1582 14.6367 14.3797 
VolumeStds:0.95707 0.812689 0.910226 0.898787 0.925373 0.854231 0.939557 0.863318 0.891194 0.859724 
Timestep:3395000
Temperature: 700.952
AverageArea: 33.0577
AreaStd: 1.51526
AverageVolume: 15.0006
VolumeStd: 1.01078
VornoiIndicies:0 0 0 0 2 8 3 0 0 0 0 0 0 0 0 ,0 0 0 1 2 6 3 1 0 0 0 0 0 0 0 ,0 0 0 0 2 8 4 0 0 0 0 0 0 0 0 ,0 0 0 1 0 9 3 0 0 0 0 0 0 0 0 ,0 0 0 0 2 8 1 0 0 0 0 0 0 0 0 ,0 0 0 0 3 6 3 0 0 0 0 0 0 0 0 ,0 0 0 0 3 6 4 0 0 0 0 0 0 0 0 ,0 0 0 0 1 10 2 0 0 0 0 0 0 0 0 ,0 0 0 0 2 8 2 0 0 0 0 0 0 0 0 ,0 0 0 0 0 12 0 0 0 0 0 0 0 0 0 ,
VornoiFreq:0.023918 0.0273349 0.0281891 0.0296128 0.0310364 0.041287 0.0748861 0.0797267 0.0854214 0.142369 
AverageAreas:33.1668 33.1188 33.4776 32.5484 32.5562 33.1087 33.3061 32.6442 32.4729 31.7755 
AreaStds:1.22735 1.29787 1.30369 1.17654 1.23245 1.29211 1.41422 1.33427 1.32176 1.27498 
AverageVolumes:15.124 14.9879 15.4938 14.8017 14.4795 14.943 15.1998 14.8898 14.588 14.31 
VolumeStds:0.846693 0.846721 0.897553 0.802769 0.843448 0.891921 0.958696 0.889745 0.894064 0.84352 
Timestep:3435000
Temperature: 695.879
AverageArea: 33.0949
AreaStd: 1.54324
AverageVolume: 15.025
VolumeStd: 1.03198
VornoiIndicies:0 0 0 0 2 8 3 0 0 0 0 0 0 0 0 ,0 0 0 0 2 8 1 0 0 0 0 0 0 0 0 ,0 0 0 0 2 8 4 0 0 0 0 0 0 0 0 ,0 0 0 0 3 6 3 0 0 0 0 0 0 0 0 ,0 0 0 1 2 6 3 1 0 0 0 0 0 0 0 ,0 0 0 1 0 9 3 0 0 0 0 0 0 0 0 ,0 0 0 0 3 6 4 0 0 0 0 0 0 0 0 ,0 0 0 0 1 10 2 0 0 0 0 0 0 0 0 ,0 0 0 0 2 8 2 0 0 0 0 0 0 0 0 ,0 0 0 0 0 12 0 0 0 0 0 0 0 0 0 ,
VornoiFreq:0.0199317 0.0264806 0.0273349 0.0276196 0.029328 0.0313212 0.0697608 0.083713 0.0951025 0.150911 
AverageAreas:32.9156 32.4056 33.6641 33.3316 33.3601 32.4827 33.2808 32.8169 32.6399 31.8835 
AreaStds:1.42454 1.3744 1.40229 1.28149 1.66524 1.21483 1.32738 1.40753 1.34615 1.36752 
AverageVolumes:14.9267 14.3823 15.5899 15.0768 15.1317 14.7595 15.1525 15.0262 14.6955 14.388 
VolumeStds:0.951855 0.922152 0.968034 0.889755 1.12654 0.819482 0.911467 0.946369 0.90101 0.905902 
Timestep:3475000
Temperature: 656.071
AverageArea: 33.01
AreaStd: 1.52096
AverageVolume: 14.9725
VolumeStd: 1.00827
VornoiIndicies:0 0 0 0 2 8 3 0 0 0 0 0 0 0 0 ,0 0 0 1 2 6 3 1 0 0 0 0 0 0 0 ,0 0 0 0 2 8 4 0 0 0 0 0 0 0 0 ,0 0 0 1 0 9 3 0 0 0 0 0 0 0 0 ,0 0 0 0 3 6 3 0 0 0 0 0 0 0 0 ,0 0 0 0 2 8 1 0 0 0 0 0 0 0 0 ,0 0 0 0 3 6 4 0 0 0 0 0 0 0 0 ,0 0 0 0 1 10 2 0 0 0 0 0 0 0 0 ,0 0 0 0 2 8 2 0 0 0 0 0 0 0 0 ,0 0 0 0 0 12 0 0 0 0 0 0 0 0 0 ,
VornoiFreq:0.023918 0.0273349 0.0298975 0.030467 0.0341686 0.0350228 0.071754 0.0811503 0.0973804 0.153759 
AverageAreas:32.8805 33.1066 33.5186 32.4818 33.0147 32.6786 33.2345 32.6833 32.569 31.6799 
AreaStds:1.29546 1.14136 1.14572 1.5203 1.24758 1.3309 1.36528 1.29441 1.34109 1.25662 
AverageVolumes:14.9205 14.963 15.5189 14.7606 14.8839 14.5595 15.1474 14.9395 14.6672 14.255 
VolumeStds:0.881146 0.804684 0.807693 1.02866 0.843453 0.889638 0.925505 0.88456 0.899973 0.846537 
Timestep:3510000
Temperature: 651.254
AverageArea: 32.9928
AreaStd: 1.48291
AverageVolume: 14.9691
VolumeStd: 0.99138
VornoiIndicies:0 0 0 0 3 6 3 0 0 0 0 0 0 0 0 ,0 0 0 1 0 9 3 0 0 0 0 0 0 0 0 ,0 0 0 0 2 8 3 0 0 0 0 0 0 0 0 ,0 0 0 0 2 8 4 0 0 0 0 0 0 0 0 ,0 0 0 1 2 6 3 1 0 0 0 0 0 0 0 ,0 0 0 0 2 8 1 0 0 0 0 0 0 0 0 ,0 0 0 0 3 6 4 0 0 0 0 0 0 0 0 ,0 0 0 0 1 10 2 0 0 0 0 0 0 0 0 ,0 0 0 0 2 8 2 0 0 0 0 0 0 0 0 ,0 0 0 0 0 12 0 0 0 0 0 0 0 0 0 ,
VornoiFreq:0.0261959 0.0264806 0.0267654 0.029328 0.0313212 0.0321754 0.0734624 0.0746014 0.0922551 0.156036 
AverageAreas:32.8911 32.3564 32.9461 33.5187 33.301 32.4166 33.1819 32.7412 32.5823 31.7714 
AreaStds:1.20242 1.24049 1.29173 1.15521 1.35895 1.30251 1.22064 1.39621 1.40298 1.27987 
AverageVolumes:14.793 14.6822 14.9861 15.4799 15.1494 14.3882 15.1325 14.9884 14.6804 14.3174 
VolumeStds:0.831938 0.818064 0.870734 0.824391 0.922176 0.875921 0.850053 0.941644 0.946605 0.853313 
Timestep:3550000
Temperature: 650.156
AverageArea: 32.9819
AreaStd: 1.53182
AverageVolume: 14.9579
VolumeStd: 1.01719
VornoiIndicies:0 0 0 0 2 8 3 0 0 0 0 0 0 0 0 ,0 0 0 0 2 8 4 0 0 0 0 0 0 0 0 ,0 0 0 0 3 6 3 0 0 0 0 0 0 0 0 ,0 0 0 1 0 9 3 0 0 0 0 0 0 0 0 ,0 0 0 0 2 8 1 0 0 0 0 0 0 0 0 ,0 0 0 1 2 6 3 1 0 0 0 0 0 0 0 ,0 0 0 0 3 6 4 0 0 0 0 0 0 0 0 ,0 0 0 0 1 10 2 0 0 0 0 0 0 0 0 ,0 0 0 0 2 8 2 0 0 0 0 0 0 0 0 ,0 0 0 0 0 12 0 0 0 0 0 0 0 0 0 ,
VornoiFreq:0.0216401 0.0250569 0.0273349 0.030467 0.0321754 0.0327449 0.0674829 0.0811503 0.0899772 0.146071 
AverageAreas:32.9009 33.6297 33.1825 32.2809 32.4955 33.1073 33.1825 32.6715 32.5795 31.6814 
AreaStds:1.28037 1.11771 1.36762 1.18809 1.2675 1.33094 1.35023 1.41759 1.38526 1.31281 
AverageVolumes:14.9492 15.5941 14.9462 14.6325 14.4606 15.0096 15.1476 14.9349 14.6888 14.2631 
VolumeStds:0.861898 0.787227 0.912138 0.815895 0.841521 0.917413 0.939816 0.965478 0.922009 0.868795 
Timestep:3590000
Temperature: 603.455
AverageArea: 32.9106
AreaStd: 1.50154
AverageVolume: 14.9087
VolumeStd: 0.998982
VornoiIndicies:0 0 0 1 2 5 5 0 0 0 0 0 0 0 0 ,0 0 0 0 2 8 4 0 0 0 0 0 0 0 0 ,0 0 0 0 2 8 1 0 0 0 0 0 0 0 0 ,0 0 0 0 3 6 3 0 0 0 0 0 0 0 0 ,0 0 0 1 0 9 3 0 0 0 0 0 0 0 0 ,0 0 0 1 2 6 3 1 0 0 0 0 0 0 0 ,0 0 0 0 3 6 4 0 0 0 0 0 0 0 0 ,0 0 0 0 1 10 2 0 0 0 0 0 0 0 0 ,0 0 0 0 2 8 2 0 0 0 0 0 0 0 0 ,0 0 0 0 0 12 0 0 0 0 0 0 0 0 0 ,
VornoiFreq:0.0216401 0.0224943 0.0301822 0.030467 0.0321754 0.0387244 0.0760251 0.082574 0.095672 0.147494 
AverageAreas:33.0536 33.5212 32.2879 32.764 32.3464 32.9004 33.1697 32.649 32.388 31.6671 
AreaStds:1.07743 1.2527 1.07143 1.24445 1.17454 1.2977 1.32059 1.37542 1.2958 1.28765 
AverageVolumes:14.9218 15.4884 14.3089 14.7145 14.6627 14.8438 15.1133 14.9254 14.5513 14.2495 
VolumeStds:0.751651 0.846645 0.713488 0.820235 0.789991 0.889359 0.919539 0.936153 0.874687 0.85146 
Timestep:3630000
Temperature: 609.2
AverageArea: 32.9069
AreaStd: 1.49109
AverageVolume: 14.909
VolumeStd: 0.990692
VornoiIndicies:0 0 0 1 2 6 2 1 0 0 0 0 0 0 0 ,0 0 0 0 2 8 4 0 0 0 0 0 0 0 0 ,0 0 0 1 2 6 3 1 0 0 0 0 0 0 0 ,0 0 0 1 0 9 3 0 0 0 0 0 0 0 0 ,0 0 0 0 2 8 1 0 0 0 0 0 0 0 0 ,0 0 0 0 3 6 3 0 0 0 0 0 0 0 0 ,0 0 0 0 3 6 4 0 0 0 0 0 0 0 0 ,0 0 0 0 1 10 2 0 0 0 0 0 0 0 0 ,0 0 0 0 2 8 2 0 0 0 0 0 0 0 0 ,0 0 0 0 0 12 0 0 0 0 0 0 0 0 0 ,
VornoiFreq:0.0202164 0.0244875 0.0270501 0.0301822 0.0341686 0.034738 0.0814351 0.0871298 0.0982346 0.151196 
AverageAreas:32.9282 33.4759 33.175 32.4239 32.3823 32.9616 33.1634 32.5369 32.468 31.6228 
AreaStds:1.29173 1.36038 1.24685 1.30912 1.18909 1.44251 1.39215 1.27883 1.27281 1.3202 
AverageVolumes:14.7552 15.494 15.0239 14.7162 14.3734 14.8563 15.1124 14.8383 14.6056 14.2209 
VolumeStds:0.870276 0.934716 0.863364 0.895418 0.800109 0.95099 0.963085 0.88033 0.842122 0.877511 
Timestep:3665000
Temperature: 590.175
AverageArea: 32.8713
AreaStd: 1.49586
AverageVolume: 14.8883
VolumeStd: 0.989566
VornoiIndicies:0 0 0 0 2 8 3 0 0 0 0 0 0 0 0 ,0 0 0 0 2 8 4 0 0 0 0 0 0 0 0 ,0 0 0 1 0 9 3 0 0 0 0 0 0 0 0 ,0 0 0 0 3 6 3 0 0 0 0 0 0 0 0 ,0 0 0 1 2 6 3 1 0 0 0 0 0 0 0 ,0 0 0 0 2 8 1 0 0 0 0 0 0 0 0 ,0 0 0 0 3 6 4 0 0 0 0 0 0 0 0 ,0 0 0 0 1 10 2 0 0 0 0 0 0 0 0 ,0 0 0 0 2 8 2 0 0 0 0 0 0 0 0 ,0 0 0 0 0 12 0 0 0 0 0 0 0 0 0 ,
VornoiFreq:0.0219248 0.0230638 0.0296128 0.0298975 0.0321754 0.0353075 0.0723235 0.0874146 0.0985194 0.164009 
AverageAreas:33.0085 33.3369 32.5033 33.0089 33.0374 32.4974 33.192 32.4751 32.5442 31.5862 
AreaStds:1.23736 1.11522 1.50564 1.1178 1.16389 1.26151 1.24316 1.30037 1.19854 1.31186 
AverageVolumes:15.0492 15.3984 14.8055 14.8622 14.9359 14.4364 15.1183 14.7965 14.636 14.2028 
VolumeStds:0.858935 0.780085 1.03611 0.766186 0.793687 0.835885 0.857598 0.87458 0.804352 0.872672 
Timestep:3705000
Temperature: 547.943
AverageArea: 32.8237
AreaStd: 1.46484
AverageVolume: 14.8671
VolumeStd: 0.976877
VornoiIndicies:0 0 0 0 2 8 3 0 0 0 0 0 0 0 0 ,0 0 0 0 2 8 4 0 0 0 0 0 0 0 0 ,0 0 0 1 0 9 3 0 0 0 0 0 0 0 0 ,0 0 0 0 2 8 1 0 0 0 0 0 0 0 0 ,0 0 0 1 2 6 3 1 0 0 0 0 0 0 0 ,0 0 0 0 3 6 3 0 0 0 0 0 0 0 0 ,0 0 0 0 3 6 4 0 0 0 0 0 0 0 0 ,0 0 0 0 1 10 2 0 0 0 0 0 0 0 0 ,0 0 0 0 2 8 2 0 0 0 0 0 0 0 0 ,0 0 0 0 0 12 0 0 0 0 0 0 0 0 0 ,
VornoiFreq:0.0230638 0.0230638 0.0301822 0.0324601 0.0335991 0.035877 0.0777335 0.0851367 0.0973804 0.156321 
AverageAreas:33.122 33.5591 32.1196 32.2678 32.9544 32.7065 33.2091 32.6495 32.3391 31.5674 
AreaStds:1.18924 1.34111 1.20651 1.13019 1.26204 1.27485 1.29241 1.30499 1.17801 1.3304 
AverageVolumes:15.1199 15.5566 14.5412 14.3257 14.8952 14.6939 15.1463 14.9323 14.5149 14.1995 
VolumeStds:0.803071 0.941553 0.806291 0.763042 0.856323 0.858157 0.89413 0.883234 0.794832 0.888063 
Timestep:3745000
Temperature: 549
AverageArea: 32.851
AreaStd: 1.46289
AverageVolume: 14.8767
VolumeStd: 0.965899
VornoiIndicies:0 0 0 1 2 6 2 1 0 0 0 0 0 0 0 ,0 0 0 0 2 8 4 0 0 0 0 0 0 0 0 ,0 0 0 1 0 9 3 0 0 0 0 0 0 0 0 ,0 0 0 0 2 8 1 0 0 0 0 0 0 0 0 ,0 0 0 0 3 6 3 0 0 0 0 0 0 0 0 ,0 0 0 1 2 6 3 1 0 0 0 0 0 0 0 ,0 0 0 0 3 6 4 0 0 0 0 0 0 0 0 ,0 0 0 0 1 10 2 0 0 0 0 0 0 0 0 ,0 0 0 0 2 8 2 0 0 0 0 0 0 0 0 ,0 0 0 0 0 12 0 0 0 0 0 0 0 0 0 ,
VornoiFreq:0.0224943 0.0230638 0.0290433 0.0313212 0.0313212 0.0338838 0.0734624 0.0845672 0.0982346 0.15262 
AverageAreas:32.5285 33.2841 32.2079 32.4763 33.1716 33.0027 33.1022 32.5371 32.5425 31.5729 
AreaStds:1.24164 1.11039 1.29902 1.0834 1.35176 1.28337 1.23935 1.33814 1.23412 1.24029 
AverageVolumes:14.5127 15.3204 14.5911 14.4466 15.0077 14.9283 15.0667 14.8444 14.6591 14.1987 
VolumeStds:0.833169 0.798191 0.86058 0.736912 0.927926 0.879154 0.864098 0.904038 0.812866 0.816999 
Timestep:3780000
Temperature: 533.133
AverageArea: 32.7663
AreaStd: 1.44987
AverageVolume: 14.8319
VolumeStd: 0.95852
VornoiIndicies:0 0 0 0 2 8 4 0 0 0 0 0 0 0 0 ,0 0 0 0 2 8 3 0 0 0 0 0 0 0 0 ,0 0 0 0 3 6 3 0 0 0 0 0 0 0 0 ,0 0 0 1 0 9 3 0 0 0 0 0 0 0 0 ,0 0 0 0 2 8 1 0 0 0 0 0 0 0 0 ,0 0 0 1 2 6 3 1 0 0 0 0 0 0 0 ,0 0 0 0 1 10 2 0 0 0 0 0 0 0 0 ,0 0 0 0 3 6 4 0 0 0 0 0 0 0 0 ,0 0 0 0 2 8 2 0 0 0 0 0 0 0 0 ,0 0 0 0 0 12 0 0 0 0 0 0 0 0 0 ,
VornoiFreq:0.0242027 0.0264806 0.029328 0.029328 0.0344533 0.034738 0.0768793 0.0831435 0.0982346 0.160592 
AverageAreas:33.444 33.0448 33.0252 32.181 32.493 32.9934 32.3881 33.0849 32.4321 31.5076 
AreaStds:1.06037 1.35451 1.19615 1.19059 1.23714 1.28639 1.23624 1.23108 1.28394 1.26705 
AverageVolumes:15.4778 15.0724 14.8831 14.5835 14.4681 14.9077 14.7607 15.058 14.5912 14.1641 
VolumeStds:0.749921 0.905346 0.822963 0.791411 0.819687 0.862543 0.849852 0.860582 0.860401 0.842695 
Timestep:3820000
Temperature: 497.249
AverageArea: 32.7588
AreaStd: 1.45072
AverageVolume: 14.8238
VolumeStd: 0.950078
VornoiIndicies:0 0 0 1 2 5 4 0 0 0 0 0 0 0 0 ,0 0 0 1 0 9 3 0 0 0 0 0 0 0 0 ,0 0 0 0 2 8 4 0 0 0 0 0 0 0 0 ,0 0 0 0 3 6 3 0 0 0 0 0 0 0 0 ,0 0 0 0 2 8 1 0 0 0 0 0 0 0 0 ,0 0 0 1 2 6 3 1 0 0 0 0 0 0 0 ,0 0 0 0 1 10 2 0 0 0 0 0 0 0 0 ,0 0 0 0 3 6 4 0 0 0 0 0 0 0 0 ,0 0 0 0 2 8 2 0 0 0 0 0 0 0 0 ,0 0 0 0 0 12 0 0 0 0 0 0 0 0 0 ,
VornoiFreq:0.0224943 0.0264806 0.0298975 0.0298975 0.0307517 0.0330296 0.0805809 0.0822893 0.0993736 0.165718 
AverageAreas:32.887 32.2664 33.3678 32.9219 32.4631 32.7888 32.3541 32.9199 32.4578 31.4788 
AreaStds:1.23139 1.32761 1.29864 1.33025 1.09299 1.21507 1.29021 1.19706 1.26134 1.25466 
AverageVolumes:14.7074 14.6289 15.3825 14.8185 14.4267 14.7891 14.7291 14.9574 14.6052 14.1439 
VolumeStds:0.830971 0.886271 0.93645 0.899457 0.737527 0.816474 0.873352 0.816281 0.842091 0.825684 
Timestep:3860000
Temperature: 504.952
AverageArea: 32.7568
AreaStd: 1.44694
AverageVolume: 14.8306
VolumeStd: 0.951158
VornoiIndicies:0 0 0 0 2 8 3 0 0 0 0 0 0 0 0 ,0 0 0 1 0 9 3 0 0 0 0 0 0 0 0 ,0 0 0 0 3 6 3 0 0 0 0 0 0 0 0 ,0 0 0 1 2 6 3 1 0 0 0 0 0 0 0 ,0 0 0 0 2 8 4 0 0 0 0 0 0 0 0 ,0 0 0 0 2 8 1 0 0 0 0 0 0 0 0 ,0 0 0 0 3 6 4 0 0 0 0 0 0 0 0 ,0 0 0 0 1 10 2 0 0 0 0 0 0 0 0 ,0 0 0 0 2 8 2 0 0 0 0 0 0 0 0 ,0 0 0 0 0 12 0 0 0 0 0 0 0 0 0 ,
VornoiFreq:0.0261959 0.0261959 0.0279043 0.0279043 0.0296128 0.0341686 0.0777335 0.0802961 0.112472 0.16885 
AverageAreas:32.9592 32.2074 32.7335 33.0847 33.1493 32.5837 33.0427 32.4124 32.4355 31.5168 
AreaStds:1.16026 1.21238 1.36945 1.15776 1.24752 1.28609 1.18386 1.2701 1.31476 1.24712 
AverageVolumes:14.9911 14.5801 14.7147 14.9828 15.2856 14.5265 15.0351 14.7796 14.58 14.1672 
VolumeStds:0.80731 0.802252 0.885279 0.803414 0.858334 0.863871 0.809034 0.840814 0.88368 0.824497 
Timestep:3900000
Temperature: 467.732
AverageArea: 32.7334
AreaStd: 1.43633
AverageVolume: 14.8178
VolumeStd: 0.941826
VornoiIndicies:0 0 0 0 2 8 3 0 0 0 0 0 0 0 0 ,0 0 0 1 0 9 3 0 0 0 0 0 0 0 0 ,0 0 0 1 2 6 3 1 0 0 0 0 0 0 0 ,0 0 0 0 3 6 3 0 0 0 0 0 0 0 0 ,0 0 0 0 2 8 4 0 0 0 0 0 0 0 0 ,0 0 0 0 2 8 1 0 0 0 0 0 0 0 0 ,0 0 0 0 1 10 2 0 0 0 0 0 0 0 0 ,0 0 0 0 3 6 4 0 0 0 0 0 0 0 0 ,0 0 0 0 2 8 2 0 0 0 0 0 0 0 0 ,0 0 0 0 0 12 0 0 0 0 0 0 0 0 0 ,
VornoiFreq:0.0250569 0.0279043 0.0281891 0.0296128 0.0330296 0.0367312 0.0800114 0.0800114 0.090262 0.167141 
AverageAreas:32.7628 32.2281 32.9568 32.7779 33.1966 32.4209 32.4336 32.8699 32.4525 31.444 
AreaStds:1.26425 1.29635 1.17212 1.19078 1.09333 1.19662 1.31389 1.18992 1.28479 1.1627 
AverageVolumes:14.8698 14.6111 14.9272 14.7408 15.285 14.4136 14.7912 14.9145 14.6022 14.1238 
VolumeStds:0.834536 0.882756 0.798591 0.808664 0.761509 0.814295 0.876322 0.817084 0.839709 0.771101 
Timestep:3935000
Temperature: 452.375
AverageArea: 32.7232
AreaStd: 1.44699
AverageVolume: 14.8099
VolumeStd: 0.9506
VornoiIndicies:0 0 0 0 2 8 3 0 0 0 0 0 0 0 0 ,0 0 0 0 2 8 4 0 0 0 0 0 0 0 0 ,0 0 0 0 3 6 3 0 0 0 0 0 0 0 0 ,0 0 0 1 0 9 3 0 0 0 0 0 0 0 0 ,0 0 0 0 2 8 1 0 0 0 0 0 0 0 0 ,0 0 0 1 2 6 3 1 0 0 0 0 0 0 0 ,0 0 0 0 1 10 2 0 0 0 0 0 0 0 0 ,0 0 0 0 3 6 4 0 0 0 0 0 0 0 0 ,0 0 0 0 2 8 2 0 0 0 0 0 0 0 0 ,0 0 0 0 0 12 0 0 0 0 0 0 0 0 0 ,
VornoiFreq:0.0244875 0.0264806 0.0276196 0.0276196 0.0307517 0.0335991 0.0754556 0.0802961 0.0951025 0.167711 
AverageAreas:32.8271 33.0872 32.8274 31.8947 32.4779 33.0104 32.2583 33.0357 32.3766 31.4943 
AreaStds:1.36988 1.21069 1.30879 1.21683 1.13769 1.23377 1.22012 1.21959 1.23197 1.29134 
AverageVolumes:14.9131 15.2357 14.7754 14.3854 14.4462 14.9317 14.6675 15.047 14.5497 14.1657 
VolumeStds:0.936407 0.843848 0.895685 0.808784 0.754801 0.837482 0.822335 0.837186 0.819182 0.85644 
Timestep:3975000
Temperature: 444.972
AverageArea: 32.7144
AreaStd: 1.4305
AverageVolume: 14.8047
VolumeStd: 0.936964
VornoiIndicies:0 0 0 0 2 8 3 0 0 0 0 0 0 0 0 ,0 0 0 1 0 9 3 0 0 0 0 0 0 0 0 ,0 0 0 0 2 8 4 0 0 0 0 0 0 0 0 ,0 0 0 1 2 6 3 1 0 0 0 0 0 0 0 ,0 0 0 0 2 8 1 0 0 0 0 0 0 0 0 ,0 0 0 0 3 6 3 0 0 0 0 0 0 0 0 ,0 0 0 0 1 10 2 0 0 0 0 0 0 0 0 ,0 0 0 0 3 6 4 0 0 0 0 0 0 0 0 ,0 0 0 0 2 8 2 0 0 0 0 0 0 0 0 ,0 0 0 0 0 12 0 0 0 0 0 0 0 0 0 ,
VornoiFreq:0.0210706 0.0233485 0.0281891 0.0318907 0.0335991 0.0341686 0.0763098 0.0800114 0.107631 0.166856 
AverageAreas:33.0102 32.1992 33.1932 32.9995 32.4568 32.7747 32.3327 33.0022 32.3962 31.4379 
AreaStds:1.40263 1.21403 1.19973 1.39604 1.16364 1.05286 1.15632 1.23944 1.26932 1.24898 
AverageVolumes:15.0667 14.593 15.3185 14.9317 14.4335 14.7485 14.736 15.0168 14.5653 14.1287 
VolumeStds:0.948374 0.815712 0.82803 0.954363 0.802292 0.715112 0.78736 0.840622 0.84553 0.824617 
Timestep:4015000
Temperature: 407.929
AverageArea: 32.628
AreaStd: 1.44313
AverageVolume: 14.7528
VolumeStd: 0.946203
VornoiIndicies:0 0 0 1 2 5 4 0 0 0 0 0 0 0 0 ,0 0 0 0 2 8 3 0 0 0 0 0 0 0 0 ,0 0 0 0 2 8 4 0 0 0 0 0 0 0 0 ,0 0 0 1 2 6 3 1 0 0 0 0 0 0 0 ,0 0 0 0 3 6 3 0 0 0 0 0 0 0 0 ,0 0 0 0 2 8 1 0 0 0 0 0 0 0 0 ,0 0 0 0 1 10 2 0 0 0 0 0 0 0 0 ,0 0 0 0 3 6 4 0 0 0 0 0 0 0 0 ,0 0 0 0 2 8 2 0 0 0 0 0 0 0 0 ,0 0 0 0 0 12 0 0 0 0 0 0 0 0 0 ,
VornoiFreq:0.0216401 0.0236333 0.0250569 0.0264806 0.0330296 0.0353075 0.0871298 0.0894077 0.103929 0.171412 
AverageAreas:33.1546 32.7884 33.0165 32.7856 32.8405 32.3197 32.355 32.9057 32.3069 31.3273 
AreaStds:1.11819 1.27738 1.17744 1.167 1.19353 1.18971 1.30723 1.17487 1.19499 1.2211 
AverageVolumes:14.8789 14.9003 15.1944 14.7839 14.7997 14.3508 14.7314 14.9483 14.5056 14.0519 
VolumeStds:0.786319 0.868646 0.802401 0.793089 0.787399 0.809369 0.880248 0.810623 0.795913 0.804756 
Timestep:4055000
Temperature: 397.24
AverageArea: 32.6301
AreaStd: 1.43874
AverageVolume: 14.7502
VolumeStd: 0.947194
VornoiIndicies:0 0 0 0 2 8 3 0 0 0 0 0 0 0 0 ,0 0 0 1 0 9 3 0 0 0 0 0 0 0 0 ,0 0 0 0 2 8 4 0 0 0 0 0 0 0 0 ,0 0 0 0 3 6 3 0 0 0 0 0 0 0 0 ,0 0 0 1 2 6 3 1 0 0 0 0 0 0 0 ,0 0 0 0 2 8 1 0 0 0 0 0 0 0 0 ,0 0 0 0 1 10 2 0 0 0 0 0 0 0 0 ,0 0 0 0 3 6 4 0 0 0 0 0 0 0 0 ,0 0 0 0 2 8 2 0 0 0 0 0 0 0 0 ,0 0 0 0 0 12 0 0 0 0 0 0 0 0 0 ,
VornoiFreq:0.0233485 0.0276196 0.0287585 0.0316059 0.0318907 0.0341686 0.082574 0.082574 0.102506 0.166002 
AverageAreas:32.8029 31.8181 33.161 32.6884 32.6192 32.2093 32.3191 32.9763 32.3554 31.4473 
AreaStds:1.35012 1.31545 1.18791 1.25777 1.26547 1.1532 1.30187 1.25016 1.29376 1.1982 
AverageVolumes:14.9315 14.339 15.286 14.7022 14.6656 14.2859 14.7162 15.0048 14.5394 14.1317 
VolumeStds:0.919519 0.869046 0.813832 0.841336 0.844154 0.76237 0.87762 0.866676 0.872523 0.796167 
Timestep:4090000
Temperature: 387.206
AverageArea: 32.6185
AreaStd: 1.42286
AverageVolume: 14.7442
VolumeStd: 0.933638
VornoiIndicies:0 0 0 1 2 6 3 1 0 0 0 0 0 0 0 ,0 0 0 0 2 8 3 0 0 0 0 0 0 0 0 ,0 0 0 0 2 8 4 0 0 0 0 0 0 0 0 ,0 0 0 1 0 9 3 0 0 0 0 0 0 0 0 ,0 0 0 0 2 8 1 0 0 0 0 0 0 0 0 ,0 0 0 0 3 6 3 0 0 0 0 0 0 0 0 ,0 0 0 0 3 6 4 0 0 0 0 0 0 0 0 ,0 0 0 0 1 10 2 0 0 0 0 0 0 0 0 ,0 0 0 0 2 8 2 0 0 0 0 0 0 0 0 ,0 0 0 0 0 12 0 0 0 0 0 0 0 0 0 ,
VornoiFreq:0.0256264 0.0267654 0.0276196 0.029328 0.0350228 0.0387244 0.0834282 0.0868451 0.0976651 0.169134 
AverageAreas:33.3144 32.6997 33.2291 32.2135 32.203 32.9015 32.9856 32.3428 32.3343 31.3587 
AreaStds:1.28808 1.15567 1.24656 1.14757 1.11266 1.12426 1.31016 1.2533 1.26121 1.21526 
AverageVolumes:15.1242 14.8336 15.3279 14.5952 14.2571 14.8112 15.002 14.7348 14.5288 14.0802 
VolumeStds:0.888633 0.776141 0.864849 0.771353 0.747359 0.769571 0.903274 0.838694 0.840718 0.805053 
Timestep:4130000
Temperature: 345.143
AverageArea: 32.5754
AreaStd: 1.42069
AverageVolume: 14.7226
VolumeStd: 0.929475
VornoiIndicies:0 0 0 1 2 6 2 1 0 0 0 0 0 0 0 ,0 0 0 0 2 8 4 0 0 0 0 0 0 0 0 ,0 0 0 1 0 9 3 0 0 0 0 0 0 0 0 ,0 0 0 0 3 6 3 0 0 0 0 0 0 0 0 ,0 0 0 1 2 6 3 1 0 0 0 0 0 0 0 ,0 0 0 0 2 8 1 0 0 0 0 0 0 0 0 ,0 0 0 0 3 6 4 0 0 0 0 0 0 0 0 ,0 0 0 0 1 10 2 0 0 0 0 0 0 0 0 ,0 0 0 0 2 8 2 0 0 0 0 0 0 0 0 ,0 0 0 0 0 12 0 0 0 0 0 0 0 0 0 ,
VornoiFreq:0.0253417 0.0273349 0.0281891 0.030467 0.0316059 0.0338838 0.0760251 0.0916856 0.101936 0.161446 
AverageAreas:32.5092 33.0029 31.8255 32.8458 32.7771 32.3724 32.9449 32.2252 32.2696 31.3047 
AreaStds:1.36559 1.07046 1.23757 1.06777 1.20224 1.1743 1.20013 1.24585 1.2159 1.2434 
AverageVolumes:14.4994 15.2 14.3662 14.7988 14.7814 14.3835 14.9974 14.6684 14.5013 14.0452 
VolumeStds:0.916979 0.753525 0.813139 0.724482 0.803846 0.79208 0.817681 0.839894 0.816268 0.82466 
Timestep:4170000
Temperature: 346.362
AverageArea: 32.5623
AreaStd: 1.41974
AverageVolume: 14.7122
VolumeStd: 0.92422
VornoiIndicies:0 0 0 0 2 8 3 0 0 0 0 0 0 0 0 ,0 0 0 1 0 9 3 0 0 0 0 0 0 0 0 ,0 0 0 1 2 6 3 1 0 0 0 0 0 0 0 ,0 0 0 0 3 6 3 0 0 0 0 0 0 0 0 ,0 0 0 0 2 8 4 0 0 0 0 0 0 0 0 ,0 0 0 0 2 8 1 0 0 0 0 0 0 0 0 ,0 0 0 0 3 6 4 0 0 0 0 0 0 0 0 ,0 0 0 0 1 10 2 0 0 0 0 0 0 0 0 ,0 0 0 0 2 8 2 0 0 0 0 0 0 0 0 ,0 0 0 0 0 12 0 0 0 0 0 0 0 0 0 ,
VornoiFreq:0.0250569 0.0267654 0.0290433 0.0296128 0.0310364 0.0344533 0.0763098 0.0839977 0.0988041 0.171697 
AverageAreas:32.7014 32.0576 32.8592 32.716 33.0689 32.255 32.8863 32.3292 32.2532 31.2445 
AreaStds:1.27912 1.12267 1.23283 1.09006 1.15248 1.15568 1.18936 1.26153 1.19223 1.21466 
AverageVolumes:14.8442 14.5161 14.8488 14.6973 15.2194 14.3104 14.9483 14.7248 14.4954 14.0049 
VolumeStds:0.856594 0.75151 0.840578 0.746307 0.790646 0.750118 0.81198 0.843946 0.801358 0.800563 
Timestep:4205000
Temperature: 324.868
AverageArea: 32.5363
AreaStd: 1.40152
AverageVolume: 14.6984
VolumeStd: 0.91163
VornoiIndicies:0 0 0 0 2 8 3 0 0 0 0 0 0 0 0 ,0 0 0 1 0 9 3 0 0 0 0 0 0 0 0 ,0 0 0 0 2 8 4 0 0 0 0 0 0 0 0 ,0 0 0 0 3 6 3 0 0 0 0 0 0 0 0 ,0 0 0 1 2 6 3 1 0 0 0 0 0 0 0 ,0 0 0 0 2 8 1 0 0 0 0 0 0 0 0 ,0 0 0 0 1 10 2 0 0 0 0 0 0 0 0 ,0 0 0 0 3 6 4 0 0 0 0 0 0 0 0 ,0 0 0 0 2 8 2 0 0 0 0 0 0 0 0 ,0 0 0 0 0 12 0 0 0 0 0 0 0 0 0 ,
VornoiFreq:0.0233485 0.0256264 0.0281891 0.030467 0.0307517 0.0432802 0.0834282 0.0874146 0.104499 0.171697 
AverageAreas:32.6458 31.9543 33.0169 32.7427 32.7308 32.2695 32.2291 32.8449 32.3433 31.2905 
AreaStds:1.20141 1.16112 1.18378 1.06338 1.13947 1.09163 1.18759 1.10977 1.22133 1.24012 
AverageVolumes:14.819 14.4603 15.1968 14.7141 14.7454 14.3145 14.6547 14.9139 14.537 14.0415 
VolumeStds:0.777951 0.77883 0.812648 0.727306 0.766463 0.71603 0.790295 0.748102 0.810858 0.816039 
Timestep:4245000
Temperature: 306.455
AverageArea: 32.5125
AreaStd: 1.41395
AverageVolume: 14.683
VolumeStd: 0.921725
VornoiIndicies:0 0 0 0 2 8 3 0 0 0 0 0 0 0 0 ,0 0 0 0 2 8 4 0 0 0 0 0 0 0 0 ,0 0 0 1 0 9 3 0 0 0 0 0 0 0 0 ,0 0 0 1 2 6 3 1 0 0 0 0 0 0 0 ,0 0 0 0 3 6 3 0 0 0 0 0 0 0 0 ,0 0 0 0 2 8 1 0 0 0 0 0 0 0 0 ,0 0 0 0 3 6 4 0 0 0 0 0 0 0 0 ,0 0 0 0 1 10 2 0 0 0 0 0 0 0 0 ,0 0 0 0 2 8 2 0 0 0 0 0 0 0 0 ,0 0 0 0 0 12 0 0 0 0 0 0 0 0 0 ,
VornoiFreq:0.022779 0.0250569 0.0256264 0.0270501 0.0344533 0.035877 0.0848519 0.0871298 0.105923 0.170843 
AverageAreas:32.8339 32.8967 32.1146 32.6081 32.6869 32.2475 32.8467 32.2146 32.3209 31.2005 
AreaStds:1.42035 1.10806 1.17275 1.08376 1.19211 1.06058 1.22801 1.28458 1.18086 1.21139 
AverageVolumes:14.9534 15.1177 14.5584 14.6674 14.6797 14.3112 14.9226 14.657 14.5286 13.9771 
VolumeStds:0.958465 0.761765 0.785149 0.715331 0.791658 0.711883 0.843348 0.856275 0.791416 0.797339 
Timestep:4285000
Temperature: 298.03
AverageArea: 32.4903
AreaStd: 1.38285
AverageVolume: 14.6716
VolumeStd: 0.901715
VornoiIndicies:0 0 0 1 0 9 3 0 0 0 0 0 0 0 0 ,0 0 0 0 2 8 3 0 0 0 0 0 0 0 0 ,0 0 0 1 2 6 3 1 0 0 0 0 0 0 0 ,0 0 0 0 2 8 4 0 0 0 0 0 0 0 0 ,0 0 0 0 2 8 1 0 0 0 0 0 0 0 0 ,0 0 0 0 3 6 3 0 0 0 0 0 0 0 0 ,0 0 0 0 3 6 4 0 0 0 0 0 0 0 0 ,0 0 0 0 1 10 2 0 0 0 0 0 0 0 0 ,0 0 0 0 2 8 2 0 0 0 0 0 0 0 0 ,0 0 0 0 0 12 0 0 0 0 0 0 0 0 0 ,
VornoiFreq:0.0236333 0.0270501 0.029328 0.0301822 0.0353075 0.0370159 0.0791572 0.0857062 0.116458 0.172551 
AverageAreas:31.9239 32.7148 32.7767 32.9475 32.3298 32.5514 32.8726 32.1867 32.2161 31.2563 
AreaStds:1.08702 1.29975 1.33283 1.11836 1.12892 1.12719 1.17837 1.21232 1.16604 1.17428 
AverageVolumes:14.4075 14.8453 14.7987 15.1522 14.3613 14.5989 14.9419 14.6291 14.4626 14.0206 
VolumeStds:0.719121 0.879118 0.886974 0.781028 0.755163 0.770973 0.812708 0.80084 0.773897 0.774473 
Timestep:4325000
Temperature: 264.582
AverageArea: 32.4547
AreaStd: 1.37431
AverageVolume: 14.6472
VolumeStd: 0.891143
VornoiIndicies:0 0 0 0 2 8 3 0 0 0 0 0 0 0 0 ,0 0 0 1 0 9 3 0 0 0 0 0 0 0 0 ,0 0 0 0 2 8 4 0 0 0 0 0 0 0 0 ,0 0 0 0 3 6 3 0 0 0 0 0 0 0 0 ,0 0 0 1 2 6 3 1 0 0 0 0 0 0 0 ,0 0 0 0 2 8 1 0 0 0 0 0 0 0 0 ,0 0 0 0 3 6 4 0 0 0 0 0 0 0 0 ,0 0 0 0 1 10 2 0 0 0 0 0 0 0 0 ,0 0 0 0 2 8 2 0 0 0 0 0 0 0 0 ,0 0 0 0 0 12 0 0 0 0 0 0 0 0 0 ,
VornoiFreq:0.0267654 0.0273349 0.0301822 0.0307517 0.0307517 0.0401481 0.0808656 0.0862756 0.106777 0.169704 
AverageAreas:32.6217 32.0779 32.9396 32.6896 32.8298 32.1292 32.8151 32.102 32.1066 31.2129 
AreaStds:1.2701 1.10075 1.16324 1.1342 1.20803 1.10208 1.18487 1.20549 1.14135 1.18018 
AverageVolumes:14.8004 14.5432 15.1356 14.71 14.8349 14.2186 14.9072 14.5805 14.3841 13.9914 
VolumeStds:0.853437 0.718289 0.795286 0.752576 0.822021 0.726245 0.808925 0.797912 0.759076 0.775388 
Timestep:4360000
Temperature: 252.555
AverageArea: 32.516
AreaStd: 1.39044
AverageVolume: 14.6904
VolumeStd: 0.905606
VornoiIndicies:0 0 0 1 0 9 3 0 0 0 0 0 0 0 0 ,0 0 0 0 2 8 3 0 0 0 0 0 0 0 0 ,0 0 0 0 2 8 4 0 0 0 0 0 0 0 0 ,0 0 0 0 3 6 3 0 0 0 0 0 0 0 0 ,0 0 0 1 2 6 3 1 0 0 0 0 0 0 0 ,0 0 0 0 2 8 1 0 0 0 0 0 0 0 0 ,0 0 0 0 3 6 4 0 0 0 0 0 0 0 0 ,0 0 0 0 1 10 2 0 0 0 0 0 0 0 0 ,0 0 0 0 2 8 2 0 0 0 0 0 0 0 0 ,0 0 0 0 0 12 0 0 0 0 0 0 0 0 0 ,
VornoiFreq:0.0236333 0.0253417 0.0276196 0.0307517 0.0316059 0.0384396 0.0808656 0.0896925 0.0973804 0.175968 
AverageAreas:32.1602 32.7063 32.8958 32.6756 32.8723 32.1952 32.8175 32.2005 32.2343 31.2848 
AreaStds:1.06738 1.25103 1.13404 1.0502 1.28692 1.16606 1.18211 1.26589 1.15604 1.20086 
AverageVolumes:14.5842 14.8684 15.095 14.6995 14.855 14.2796 14.9122 14.6448 14.464 14.0432 
VolumeStds:0.70521 0.855716 0.761224 0.727741 0.881547 0.786926 0.813022 0.836876 0.773929 0.790597 
Timestep:4400000
Temperature: 245.612
AverageArea: 32.4472
AreaStd: 1.3847
AverageVolume: 14.6486
VolumeStd: 0.900433
VornoiIndicies:0 0 0 1 2 5 4 0 0 0 0 0 0 0 0 ,0 0 0 0 2 8 4 0 0 0 0 0 0 0 0 ,0 0 0 1 0 9 3 0 0 0 0 0 0 0 0 ,0 0 0 1 2 6 3 1 0 0 0 0 0 0 0 ,0 0 0 0 3 6 3 0 0 0 0 0 0 0 0 ,0 0 0 0 2 8 1 0 0 0 0 0 0 0 0 ,0 0 0 0 3 6 4 0 0 0 0 0 0 0 0 ,0 0 0 0 1 10 2 0 0 0 0 0 0 0 0 ,0 0 0 0 2 8 2 0 0 0 0 0 0 0 0 ,0 0 0 0 0 12 0 0 0 0 0 0 0 0 0 ,
VornoiFreq:0.0224943 0.0267654 0.0273349 0.0287585 0.0310364 0.0373007 0.0857062 0.0911162 0.111902 0.173405 
AverageAreas:32.5549 32.9969 32.0385 32.458 32.6729 32.3115 32.7439 32.1125 32.197 31.2075 
AreaStds:0.955155 1.11408 1.15903 1.24419 1.09629 1.16556 1.1209 1.22603 1.18731 1.21162 
AverageVolumes:14.499 15.188 14.5209 14.5742 14.7065 14.3401 14.8602 14.588 14.4503 13.9904 
VolumeStds:0.660846 0.793592 0.775192 0.832879 0.762309 0.789243 0.762879 0.814884 0.791067 0.792223 
Timestep:4440000
Temperature: 205.679
AverageArea: 32.4141
AreaStd: 1.39299
AverageVolume: 14.63
VolumeStd: 0.90585
VornoiIndicies:0 0 0 1 0 9 3 0 0 0 0 0 0 0 0 ,0 0 0 0 2 8 3 0 0 0 0 0 0 0 0 ,0 0 0 0 2 8 4 0 0 0 0 0 0 0 0 ,0 0 0 1 2 6 3 1 0 0 0 0 0 0 0 ,0 0 0 0 3 6 3 0 0 0 0 0 0 0 0 ,0 0 0 0 2 8 1 0 0 0 0 0 0 0 0 ,0 0 0 0 3 6 4 0 0 0 0 0 0 0 0 ,0 0 0 0 1 10 2 0 0 0 0 0 0 0 0 ,0 0 0 0 2 8 2 0 0 0 0 0 0 0 0 ,0 0 0 0 0 12 0 0 0 0 0 0 0 0 0 ,
VornoiFreq:0.0222096 0.0256264 0.0273349 0.0279043 0.0327449 0.0378702 0.0888383 0.0894077 0.105638 0.178815 
AverageAreas:31.8902 32.5854 32.7467 32.685 32.7298 32.1669 32.7839 32.1445 32.2545 31.1292 
AreaStds:1.13719 1.10344 1.21793 1.13291 1.06592 1.09054 1.16737 1.29187 1.20512 1.17609 
AverageVolumes:14.3966 14.7806 15.0214 14.7381 14.7406 14.258 14.8835 14.6225 14.498 13.9396 
VolumeStds:0.738524 0.755006 0.842416 0.755069 0.719034 0.732618 0.800703 0.861151 0.799058 0.77406 
Timestep:4480000
Temperature: 202.525
AverageArea: 32.4173
AreaStd: 1.38334
AverageVolume: 14.6305
VolumeStd: 0.896697
VornoiIndicies:0 0 0 0 2 8 4 0 0 0 0 0 0 0 0 ,0 0 0 0 2 8 3 0 0 0 0 0 0 0 0 ,0 0 0 1 0 9 3 0 0 0 0 0 0 0 0 ,0 0 0 1 2 6 3 1 0 0 0 0 0 0 0 ,0 0 0 0 3 6 3 0 0 0 0 0 0 0 0 ,0 0 0 0 2 8 1 0 0 0 0 0 0 0 0 ,0 0 0 0 3 6 4 0 0 0 0 0 0 0 0 ,0 0 0 0 1 10 2 0 0 0 0 0 0 0 0 ,0 0 0 0 2 8 2 0 0 0 0 0 0 0 0 ,0 0 0 0 0 12 0 0 0 0 0 0 0 0 0 ,
VornoiFreq:0.0244875 0.0253417 0.0253417 0.0310364 0.0324601 0.0361617 0.0874146 0.0914009 0.105068 0.173975 
AverageAreas:32.8173 32.5985 31.8512 32.8439 32.6524 32.2359 32.7909 32.0992 32.1601 31.1744 
AreaStds:1.00665 1.26408 1.15189 1.24917 1.126 1.22751 1.12783 1.23956 1.14892 1.2192 
AverageVolumes:15.0647 14.8063 14.3942 14.8566 14.6861 14.2957 14.887 14.5769 14.4264 13.9739 
VolumeStds:0.704158 0.844013 0.744745 0.843307 0.759737 0.82499 0.762842 0.829012 0.764602 0.79823 
Timestep:4515000
Temperature: 181.611
AverageArea: 32.3687
AreaStd: 1.36636
AverageVolume: 14.6006
VolumeStd: 0.884065
VornoiIndicies:0 0 0 1 2 6 2 1 0 0 0 0 0 0 0 ,0 0 0 0 2 8 3 0 0 0 0 0 0 0 0 ,0 0 0 0 2 8 4 0 0 0 0 0 0 0 0 ,0 0 0 1 2 6 3 1 0 0 0 0 0 0 0 ,0 0 0 0 3 6 3 0 0 0 0 0 0 0 0 ,0 0 0 0 2 8 1 0 0 0 0 0 0 0 0 ,0 0 0 0 3 6 4 0 0 0 0 0 0 0 0 ,0 0 0 0 1 10 2 0 0 0 0 0 0 0 0 ,0 0 0 0 2 8 2 0 0 0 0 0 0 0 0 ,0 0 0 0 0 12 0 0 0 0 0 0 0 0 0 ,
VornoiFreq:0.0233485 0.0244875 0.0247722 0.0307517 0.0316059 0.0367312 0.082574 0.0919704 0.104784 0.178815 
AverageAreas:32.2689 32.6288 32.9407 32.7394 32.4993 32.1305 32.7008 32.0801 32.1332 31.1305 
AreaStds:1.13237 1.20115 1.12308 1.12948 1.07286 1.13688 1.15489 1.22467 1.12202 1.14997 
AverageVolumes:14.369 14.8091 15.1423 14.7582 14.5726 14.2396 14.8407 14.5788 14.4157 13.9492 
VolumeStds:0.743368 0.812685 0.78197 0.757682 0.741715 0.774935 0.772678 0.809798 0.740291 0.753371 
Timestep:4555000
Temperature: 150.732
AverageArea: 32.3618
AreaStd: 1.36826
AverageVolume: 14.5965
VolumeStd: 0.88646
VornoiIndicies:0 0 0 1 0 9 3 0 0 0 0 0 0 0 0 ,0 0 0 0 2 8 3 0 0 0 0 0 0 0 0 ,0 0 0 1 2 6 3 1 0 0 0 0 0 0 0 ,0 0 0 0 2 8 4 0 0 0 0 0 0 0 0 ,0 0 0 0 3 6 3 0 0 0 0 0 0 0 0 ,0 0 0 0 2 8 1 0 0 0 0 0 0 0 0 ,0 0 0 0 3 6 4 0 0 0 0 0 0 0 0 ,0 0 0 0 1 10 2 0 0 0 0 0 0 0 0 ,0 0 0 0 2 8 2 0 0 0 0 0 0 0 0 ,0 0 0 0 0 12 0 0 0 0 0 0 0 0 0 ,
VornoiFreq:0.0224943 0.0244875 0.0273349 0.0290433 0.0330296 0.0367312 0.0879841 0.0942483 0.109339 0.180809 
AverageAreas:31.8234 32.5302 32.6257 32.952 32.6749 32.2022 32.6862 32.084 32.1525 31.1683 
AreaStds:1.27846 1.27534 1.21094 1.05066 1.06291 1.16315 1.176 1.29678 1.10201 1.18454 
AverageVolumes:14.3848 14.7356 14.6778 15.1561 14.6941 14.2705 14.8233 14.5719 14.422 13.974 
VolumeStds:0.839379 0.8538 0.786905 0.740491 0.719447 0.784699 0.811725 0.859463 0.747203 0.775185 
Timestep:4595000
Temperature: 152.276
AverageArea: 32.329
AreaStd: 1.37103
AverageVolume: 14.5788
VolumeStd: 0.886417
VornoiIndicies:0 0 0 1 2 6 3 1 0 0 0 0 0 0 0 ,0 0 0 1 0 9 3 0 0 0 0 0 0 0 0 ,0 0 0 0 2 8 3 0 0 0 0 0 0 0 0 ,0 0 0 0 3 6 3 0 0 0 0 0 0 0 0 ,0 0 0 0 2 8 4 0 0 0 0 0 0 0 0 ,0 0 0 0 2 8 1 0 0 0 0 0 0 0 0 ,0 0 0 0 3 6 4 0 0 0 0 0 0 0 0 ,0 0 0 0 1 10 2 0 0 0 0 0 0 0 0 ,0 0 0 0 2 8 2 0 0 0 0 0 0 0 0 ,0 0 0 0 0 12 0 0 0 0 0 0 0 0 0 ,
VornoiFreq:0.0236333 0.023918 0.0247722 0.0273349 0.0279043 0.0395786 0.0845672 0.0914009 0.107346 0.183087 
AverageAreas:32.5374 31.8306 32.6773 32.632 33.0519 32.2868 32.6583 31.9697 32.0999 31.1157 
AreaStds:1.17547 1.18645 1.29712 1.01932 1.19441 1.13012 1.13345 1.22535 1.16031 1.1812 
AverageVolumes:14.6228 14.38 14.8641 14.6805 15.2269 14.3378 14.8082 14.503 14.3954 13.9401 
VolumeStds:0.78468 0.779403 0.873052 0.699677 0.821726 0.75347 0.773999 0.804001 0.775846 0.772393 
