Timestep:770000
Temperature: 1992.51
AverageArea: 36.0442
AreaStd: 2.26904
AverageVolume: 16.6585
VolumeStd: 1.64997
VornoiIndicies:0 0 0 1 2 6 3 1 0 0 0 0 0 0 0 ,0 0 0 0 4 4 6 0 0 0 0 0 0 0 0 ,0 0 0 1 3 5 3 2 0 0 0 0 0 0 0 ,0 0 0 0 4 4 5 0 0 0 0 0 0 0 0 ,0 0 0 0 4 5 4 1 0 0 0 0 0 0 0 ,0 0 0 0 3 6 3 0 0 0 0 0 0 0 0 ,0 0 0 1 3 4 4 1 0 0 0 0 0 0 0 ,0 0 0 1 3 4 5 1 0 0 0 0 0 0 0 ,0 0 0 0 2 8 2 0 0 0 0 0 0 0 0 ,0 0 0 0 3 6 4 0 0 0 0 0 0 0 0 ,
VornoiFreq:0.0130979 0.0133827 0.0133827 0.0136674 0.0139522 0.0170843 0.0170843 0.0176538 0.0187927 0.0350228 
AverageAreas:35.8496 36.2251 35.9578 35.0291 36.3748 34.3108 35.4271 36.0231 35.0786 35.5001 
AreaStds:1.77601 1.75422 1.61849 1.82705 2.2618 2.07788 1.86144 2.0157 1.90641 1.72222 
AverageVolumes:16.5318 16.9933 16.5607 15.9901 17.0644 15.4395 16.1346 16.7597 16.0676 16.4196 
VolumeStds:1.25828 1.3063 1.15967 1.26724 1.58026 1.42674 1.23046 1.42211 1.28227 1.24838 
Timestep:795000
Temperature: 1880.52
AverageArea: 35.8868
AreaStd: 2.22877
AverageVolume: 16.5636
VolumeStd: 1.61325
VornoiIndicies:0 0 0 1 3 5 2 2 0 0 0 0 0 0 0 ,0 0 0 0 2 8 4 0 0 0 0 0 0 0 0 ,0 0 0 1 4 3 4 2 0 0 0 0 0 0 0 ,0 0 0 0 3 6 5 0 0 0 0 0 0 0 0 ,0 0 0 0 2 8 2 0 0 0 0 0 0 0 0 ,0 0 0 1 2 6 3 1 0 0 0 0 0 0 0 ,0 0 0 1 3 4 5 1 0 0 0 0 0 0 0 ,0 0 0 1 3 4 4 1 0 0 0 0 0 0 0 ,0 0 0 0 3 6 3 0 0 0 0 0 0 0 0 ,0 0 0 0 3 6 4 0 0 0 0 0 0 0 0 ,
VornoiFreq:0.0128132 0.0130979 0.0130979 0.0142369 0.0156606 0.0165148 0.017369 0.0219248 0.0261959 0.0327449 
AverageAreas:35.2007 35.7504 35.7984 36.0149 34.2616 34.9746 35.3286 35.4065 34.6724 35.039 
AreaStds:1.9934 1.85606 2.01979 2.09228 1.69371 2.00208 1.93983 1.8518 1.90997 1.74524 
AverageVolumes:16.0462 16.7949 16.5866 16.8582 15.4846 15.9648 16.2935 16.2036 15.7345 16.1415 
VolumeStds:1.35013 1.36077 1.48817 1.45593 1.1489 1.38162 1.36082 1.3149 1.3096 1.22461 
Timestep:825000
Temperature: 1890.24
AverageArea: 35.8905
AreaStd: 2.27756
AverageVolume: 16.58
VolumeStd: 1.65055
VornoiIndicies:0 0 0 0 4 4 6 0 0 0 0 0 0 0 0 ,0 0 0 1 2 5 4 0 0 0 0 0 0 0 0 ,0 0 0 0 4 5 4 1 0 0 0 0 0 0 0 ,0 0 0 0 3 6 3 0 0 0 0 0 0 0 0 ,0 0 0 1 3 4 5 1 0 0 0 0 0 0 0 ,0 0 0 1 3 5 3 2 0 0 0 0 0 0 0 ,0 0 0 1 3 4 4 1 0 0 0 0 0 0 0 ,0 0 0 1 2 6 3 1 0 0 0 0 0 0 0 ,0 0 0 0 2 8 2 0 0 0 0 0 0 0 0 ,0 0 0 0 3 6 4 0 0 0 0 0 0 0 0 ,
VornoiFreq:0.0130979 0.0133827 0.0162301 0.0165148 0.017369 0.017369 0.018508 0.0187927 0.0222096 0.0324601 
AverageAreas:35.7281 34.0473 36.0812 34.9082 35.7306 36.0035 34.9978 35.4291 34.4376 34.9821 
AreaStds:1.62317 1.68392 1.73744 1.82566 1.90521 1.81068 1.65123 2.27323 1.87288 1.85817 
AverageVolumes:16.6797 15.2435 16.8738 15.851 16.5543 16.7093 15.8955 16.2744 15.6749 16.1171 
VolumeStds:1.18813 1.16007 1.23177 1.22319 1.31641 1.28094 1.13627 1.51471 1.29136 1.28747 
Timestep:855000
Temperature: 1827.18
AverageArea: 35.7665
AreaStd: 2.19753
AverageVolume: 16.4956
VolumeStd: 1.59141
VornoiIndicies:0 0 0 0 4 4 4 0 0 0 0 0 0 0 0 ,0 0 0 0 3 6 5 0 0 0 0 0 0 0 0 ,0 0 0 0 4 5 4 1 0 0 0 0 0 0 0 ,0 0 0 1 3 5 3 2 0 0 0 0 0 0 0 ,0 0 0 0 2 8 2 0 0 0 0 0 0 0 0 ,0 0 0 1 3 4 4 1 0 0 0 0 0 0 0 ,0 0 0 1 2 6 3 1 0 0 0 0 0 0 0 ,0 0 0 1 3 4 5 1 0 0 0 0 0 0 0 ,0 0 0 0 3 6 3 0 0 0 0 0 0 0 0 ,0 0 0 0 3 6 4 0 0 0 0 0 0 0 0 ,
VornoiFreq:0.0130979 0.0139522 0.0142369 0.0148064 0.017369 0.018508 0.0202164 0.0224943 0.0236333 0.0327449 
AverageAreas:34.2874 35.6762 36.0094 35.7163 34.7474 35.5102 35.3274 35.5151 34.3998 34.8972 
AreaStds:1.51344 1.74829 1.93316 2.0433 1.89952 1.89659 1.79604 2.01466 1.84308 1.91019 
AverageVolumes:15.3603 16.7003 16.7856 16.5088 15.9447 16.2662 16.2395 16.4343 15.6108 16.0644 
VolumeStds:0.994459 1.26759 1.44939 1.36528 1.31126 1.29489 1.19513 1.41212 1.25444 1.33935 
Timestep:885000
Temperature: 1827.07
AverageArea: 35.5458
AreaStd: 2.12998
AverageVolume: 16.3594
VolumeStd: 1.54664
VornoiIndicies:0 0 0 0 4 4 6 0 0 0 0 0 0 0 0 ,0 0 0 0 4 5 4 1 0 0 0 0 0 0 0 ,0 0 0 0 3 6 5 0 0 0 0 0 0 0 0 ,0 0 0 1 3 5 3 2 0 0 0 0 0 0 0 ,0 0 0 1 3 4 4 1 0 0 0 0 0 0 0 ,0 0 0 1 3 4 5 1 0 0 0 0 0 0 0 ,0 0 0 1 2 6 3 1 0 0 0 0 0 0 0 ,0 0 0 0 2 8 2 0 0 0 0 0 0 0 0 ,0 0 0 0 3 6 3 0 0 0 0 0 0 0 0 ,0 0 0 0 3 6 4 0 0 0 0 0 0 0 0 ,
VornoiFreq:0.0142369 0.0153759 0.0167995 0.017369 0.018508 0.0196469 0.0202164 0.0224943 0.0250569 0.0398633 
AverageAreas:35.94 36.1793 35.934 35.4709 34.5086 35.3632 34.5485 33.9179 34.4515 34.9137 
AreaStds:2.06264 1.8253 2.05696 1.63243 1.46232 1.59085 1.75949 1.74564 2.06578 1.87677 
AverageVolumes:16.8528 16.9128 16.8603 16.338 15.5824 16.3682 15.7658 15.3276 15.6096 16.0779 
VolumeStds:1.46527 1.23993 1.49529 1.23524 1.00655 1.18762 1.26187 1.17295 1.39767 1.33982 
Timestep:915000
Temperature: 1828.84
AverageArea: 35.6118
AreaStd: 2.26255
AverageVolume: 16.3961
VolumeStd: 1.62766
VornoiIndicies:0 0 0 1 2 5 4 0 0 0 0 0 0 0 0 ,0 0 0 0 1 10 2 0 0 0 0 0 0 0 0 ,0 0 0 0 4 4 5 0 0 0 0 0 0 0 0 ,0 0 0 0 3 6 5 0 0 0 0 0 0 0 0 ,0 0 0 1 3 4 5 1 0 0 0 0 0 0 0 ,0 0 0 0 2 8 2 0 0 0 0 0 0 0 0 ,0 0 0 1 3 4 4 1 0 0 0 0 0 0 0 ,0 0 0 0 3 6 3 0 0 0 0 0 0 0 0 ,0 0 0 1 2 6 3 1 0 0 0 0 0 0 0 ,0 0 0 0 3 6 4 0 0 0 0 0 0 0 0 ,
VornoiFreq:0.0145216 0.0148064 0.0148064 0.0170843 0.0187927 0.0210706 0.0210706 0.022779 0.0247722 0.0327449 
AverageAreas:34.2998 34.7481 34.7968 35.88 35.9201 34.1922 34.702 34.2686 34.7173 34.8628 
AreaStds:1.92227 2.05338 2.03785 1.92341 2.35151 1.85057 1.95232 2.15887 1.72238 1.75041 
AverageVolumes:15.4013 16.1773 15.8551 16.8698 16.7146 15.5605 15.7231 15.4921 15.8335 16.0155 
VolumeStds:1.30122 1.42447 1.40528 1.36182 1.65396 1.2357 1.32654 1.46455 1.19347 1.23578 
Timestep:945000
Temperature: 1776.49
AverageArea: 35.493
AreaStd: 2.13952
AverageVolume: 16.3372
VolumeStd: 1.54258
VornoiIndicies:0 0 0 0 1 10 2 0 0 0 0 0 0 0 0 ,0 0 0 0 4 4 6 0 0 0 0 0 0 0 0 ,0 0 0 1 3 4 4 1 0 0 0 0 0 0 0 ,0 0 0 0 4 5 4 1 0 0 0 0 0 0 0 ,0 0 0 1 3 5 3 2 0 0 0 0 0 0 0 ,0 0 0 1 3 4 5 1 0 0 0 0 0 0 0 ,0 0 0 0 2 8 2 0 0 0 0 0 0 0 0 ,0 0 0 0 3 6 3 0 0 0 0 0 0 0 0 ,0 0 0 1 2 6 3 1 0 0 0 0 0 0 0 ,0 0 0 0 3 6 4 0 0 0 0 0 0 0 0 ,
VornoiFreq:0.0133827 0.0136674 0.0150911 0.0156606 0.0159453 0.0176538 0.0202164 0.0202164 0.0230638 0.0373007 
AverageAreas:34.597 35.2175 35.3041 35.9736 35.6454 35.5608 34.1301 34.1398 35.2033 34.7039 
AreaStds:1.54069 1.50411 1.57745 1.67109 1.8718 1.8509 1.88048 1.58471 1.97763 1.85737 
AverageVolumes:16.0131 16.2854 16.1334 16.772 16.5202 16.5196 15.4883 15.4097 16.1715 15.9334 
VolumeStds:1.03553 1.0895 1.08512 1.23884 1.3081 1.28263 1.25815 1.09935 1.35631 1.31795 
Timestep:975000
Temperature: 1714.99
AverageArea: 35.5439
AreaStd: 2.16067
AverageVolume: 16.3645
VolumeStd: 1.53883
VornoiIndicies:0 0 0 0 3 6 5 0 0 0 0 0 0 0 0 ,0 0 0 0 4 4 4 0 0 0 0 0 0 0 0 ,0 0 0 0 2 8 4 0 0 0 0 0 0 0 0 ,0 0 0 1 3 4 5 1 0 0 0 0 0 0 0 ,0 0 0 1 3 4 4 1 0 0 0 0 0 0 0 ,0 0 0 0 4 4 5 0 0 0 0 0 0 0 0 ,0 0 0 0 2 8 2 0 0 0 0 0 0 0 0 ,0 0 0 1 2 6 3 1 0 0 0 0 0 0 0 ,0 0 0 0 3 6 3 0 0 0 0 0 0 0 0 ,0 0 0 0 3 6 4 0 0 0 0 0 0 0 0 ,
VornoiFreq:0.0148064 0.0148064 0.0159453 0.0162301 0.0170843 0.0190774 0.0202164 0.0202164 0.0242027 0.0353075 
AverageAreas:35.5174 34.2385 35.328 35.6554 35.3353 35.3805 34.1718 34.6684 33.7857 34.5941 
AreaStds:1.95638 2.02876 1.60464 1.6576 1.91159 1.82274 1.72055 1.70412 1.63734 1.85293 
AverageVolumes:16.5507 15.4601 16.5568 16.564 16.2407 16.2643 15.5474 15.8337 15.1954 15.8593 
VolumeStds:1.3835 1.37452 1.17869 1.16844 1.31202 1.28121 1.17846 1.17371 1.15434 1.28224 
Timestep:1005000
Temperature: 1739.22
AverageArea: 35.4212
AreaStd: 2.18002
AverageVolume: 16.2917
VolumeStd: 1.55576
VornoiIndicies:0 0 0 1 3 4 5 1 0 0 0 0 0 0 0 ,0 0 0 0 1 10 2 0 0 0 0 0 0 0 0 ,0 0 0 1 3 5 3 2 0 0 0 0 0 0 0 ,0 0 0 0 4 4 4 0 0 0 0 0 0 0 0 ,0 0 0 1 3 4 4 1 0 0 0 0 0 0 0 ,0 0 0 0 4 4 5 0 0 0 0 0 0 0 0 ,0 0 0 1 2 6 3 1 0 0 0 0 0 0 0 ,0 0 0 0 3 6 3 0 0 0 0 0 0 0 0 ,0 0 0 0 2 8 2 0 0 0 0 0 0 0 0 ,0 0 0 0 3 6 4 0 0 0 0 0 0 0 0 ,
VornoiFreq:0.0167995 0.0170843 0.0176538 0.0190774 0.0193622 0.0196469 0.0222096 0.0264806 0.0287585 0.035877 
AverageAreas:35.6676 34.7726 35.2365 33.929 34.6668 34.8561 35.164 34.2834 34.3147 34.7525 
AreaStds:2.04529 2.14635 1.5508 2.10506 2.03082 1.92099 1.87165 1.90619 1.76261 1.87831 
AverageVolumes:16.5758 16.1639 16.1683 15.2141 15.7299 15.8906 16.1335 15.5391 15.6264 15.9683 
VolumeStds:1.47045 1.54587 1.12851 1.45545 1.42659 1.30048 1.23064 1.29214 1.18105 1.29279 
Timestep:1035000
Temperature: 1711.47
AverageArea: 35.2926
AreaStd: 2.06424
AverageVolume: 16.2137
VolumeStd: 1.47927
VornoiIndicies:0 0 0 0 2 8 4 0 0 0 0 0 0 0 0 ,0 0 0 1 3 4 5 1 0 0 0 0 0 0 0 ,0 0 0 0 4 4 5 0 0 0 0 0 0 0 0 ,0 0 0 0 4 4 6 0 0 0 0 0 0 0 0 ,0 0 0 1 3 5 3 2 0 0 0 0 0 0 0 ,0 0 0 1 3 4 4 1 0 0 0 0 0 0 0 ,0 0 0 1 2 6 3 1 0 0 0 0 0 0 0 ,0 0 0 0 3 6 3 0 0 0 0 0 0 0 0 ,0 0 0 0 2 8 2 0 0 0 0 0 0 0 0 ,0 0 0 0 3 6 4 0 0 0 0 0 0 0 0 ,
VornoiFreq:0.0148064 0.0148064 0.0159453 0.0165148 0.0190774 0.0210706 0.0213554 0.0250569 0.0261959 0.0370159 
AverageAreas:35.8226 35.3319 34.8441 35.027 35.5773 34.8359 34.3164 34.2856 33.9352 34.7165 
AreaStds:1.45027 2.10035 2.13671 1.96724 1.92289 1.66383 1.63407 2.00054 1.74881 1.96395 
AverageVolumes:16.8 16.3694 15.9316 16.2338 16.4608 15.859 15.5945 15.5135 15.3814 15.9527 
VolumeStds:1.03701 1.52214 1.50206 1.39093 1.3502 1.14961 1.10951 1.3655 1.19043 1.35086 
Timestep:1065000
Temperature: 1665.78
AverageArea: 35.2555
AreaStd: 2.08887
AverageVolume: 16.1979
VolumeStd: 1.49616
VornoiIndicies:0 0 0 0 4 5 4 1 0 0 0 0 0 0 0 ,0 0 0 1 3 4 5 1 0 0 0 0 0 0 0 ,0 0 0 0 1 10 2 0 0 0 0 0 0 0 0 ,0 0 0 0 3 6 5 0 0 0 0 0 0 0 0 ,0 0 0 1 3 5 2 2 0 0 0 0 0 0 0 ,0 0 0 1 2 6 3 1 0 0 0 0 0 0 0 ,0 0 0 1 3 4 4 1 0 0 0 0 0 0 0 ,0 0 0 0 2 8 2 0 0 0 0 0 0 0 0 ,0 0 0 0 3 6 3 0 0 0 0 0 0 0 0 ,0 0 0 0 3 6 4 0 0 0 0 0 0 0 0 ,
VornoiFreq:0.0148064 0.0148064 0.0162301 0.0162301 0.0162301 0.0224943 0.022779 0.0270501 0.0270501 0.0435649 
AverageAreas:35.4733 35.3192 34.5368 35.5965 34.5506 35.1144 34.9738 34.1297 33.9925 34.5831 
AreaStds:1.96352 1.77925 1.66101 1.85168 1.71983 1.96337 1.81702 1.6619 1.7777 1.78502 
AverageVolumes:16.4707 16.2773 16.0106 16.6576 15.624 16.0963 15.9633 15.4933 15.3408 15.8996 
VolumeStds:1.45013 1.23085 1.19472 1.32131 1.17158 1.33805 1.28859 1.14346 1.19169 1.24769 
Timestep:1095000
Temperature: 1637.2
AverageArea: 35.1479
AreaStd: 2.00219
AverageVolume: 16.1302
VolumeStd: 1.44281
VornoiIndicies:0 0 0 0 4 4 5 0 0 0 0 0 0 0 0 ,0 0 0 1 3 5 3 2 0 0 0 0 0 0 0 ,0 0 0 0 3 6 5 0 0 0 0 0 0 0 0 ,0 0 0 0 2 8 4 0 0 0 0 0 0 0 0 ,0 0 0 1 2 6 3 1 0 0 0 0 0 0 0 ,0 0 0 1 3 4 4 1 0 0 0 0 0 0 0 ,0 0 0 0 3 6 3 0 0 0 0 0 0 0 0 ,0 0 0 0 2 8 2 0 0 0 0 0 0 0 0 ,0 0 0 1 3 4 5 1 0 0 0 0 0 0 0 ,0 0 0 0 3 6 4 0 0 0 0 0 0 0 0 ,
VornoiFreq:0.0150911 0.0156606 0.0179385 0.0182232 0.0199317 0.0230638 0.0233485 0.0236333 0.0236333 0.0404328 
AverageAreas:34.689 35.5021 35.0074 35.1217 34.2831 34.5649 34.0458 33.9311 35.3042 34.7615 
AreaStds:1.45206 1.84605 1.46796 1.41037 1.47364 1.74149 1.91888 1.61728 2.05572 1.77031 
AverageVolumes:15.8812 16.4602 16.284 16.3828 15.5489 15.6903 15.3678 15.4022 16.2626 15.9783 
VolumeStds:1.05831 1.30842 1.07523 0.992871 1.04132 1.24995 1.30708 1.10666 1.35795 1.22631 
Timestep:1120000
Temperature: 1592.47
AverageArea: 35.1694
AreaStd: 2.03507
AverageVolume: 16.1479
VolumeStd: 1.4544
VornoiIndicies:0 0 0 0 2 8 4 0 0 0 0 0 0 0 0 ,0 0 0 0 4 4 4 0 0 0 0 0 0 0 0 ,0 0 0 0 4 5 4 1 0 0 0 0 0 0 0 ,0 0 0 0 1 10 2 0 0 0 0 0 0 0 0 ,0 0 0 1 3 4 4 1 0 0 0 0 0 0 0 ,0 0 0 0 2 8 2 0 0 0 0 0 0 0 0 ,0 0 0 1 3 4 5 1 0 0 0 0 0 0 0 ,0 0 0 1 2 6 3 1 0 0 0 0 0 0 0 ,0 0 0 0 3 6 3 0 0 0 0 0 0 0 0 ,0 0 0 0 3 6 4 0 0 0 0 0 0 0 0 ,
VornoiFreq:0.0150911 0.0153759 0.0156606 0.0170843 0.0193622 0.0207859 0.0213554 0.0233485 0.0256264 0.0464123 
AverageAreas:35.0706 34.2667 35.3111 34.4514 34.5646 33.8669 35.3192 34.4479 34.046 34.7335 
AreaStds:1.50775 1.5549 1.79129 1.92405 1.73471 1.79313 1.82741 1.98107 1.91384 1.77567 
AverageVolumes:16.3614 15.4371 16.3345 15.9961 15.6867 15.3303 16.3281 15.6885 15.3811 15.9792 
VolumeStds:1.08773 1.08489 1.27487 1.39618 1.20983 1.21994 1.30816 1.35487 1.29343 1.22128 
Timestep:1150000
Temperature: 1625.14
AverageArea: 35.1602
AreaStd: 2.05337
AverageVolume: 16.1541
VolumeStd: 1.47933
VornoiIndicies:0 0 0 0 3 6 5 0 0 0 0 0 0 0 0 ,0 0 0 0 1 10 2 0 0 0 0 0 0 0 0 ,0 0 0 1 2 5 4 0 0 0 0 0 0 0 0 ,0 0 0 1 3 4 5 1 0 0 0 0 0 0 0 ,0 0 0 1 2 6 3 1 0 0 0 0 0 0 0 ,0 0 0 0 4 4 5 0 0 0 0 0 0 0 0 ,0 0 0 1 3 4 4 1 0 0 0 0 0 0 0 ,0 0 0 0 3 6 3 0 0 0 0 0 0 0 0 ,0 0 0 0 2 8 2 0 0 0 0 0 0 0 0 ,0 0 0 0 3 6 4 0 0 0 0 0 0 0 0 ,
VornoiFreq:0.0148064 0.0150911 0.0165148 0.0187927 0.0202164 0.0210706 0.0259112 0.0273349 0.030467 0.0418565 
AverageAreas:35.6891 34.5019 33.7552 35.4213 34.2564 34.6708 34.7933 34.5317 33.6874 34.5308 
AreaStds:1.49914 1.77484 1.66987 1.81221 1.73915 1.79569 1.78517 2.00197 1.45966 1.95603 
AverageVolumes:16.7373 15.9779 15.1091 16.4089 15.5409 15.8687 15.8286 15.743 15.2127 15.8427 
VolumeStds:1.13109 1.29843 1.15102 1.3137 1.24812 1.24422 1.20818 1.40226 0.989924 1.33682 
Timestep:1180000
Temperature: 1552.34
AverageArea: 35.019
AreaStd: 2.01391
AverageVolume: 16.0519
VolumeStd: 1.43931
VornoiIndicies:0 0 0 1 2 5 4 0 0 0 0 0 0 0 0 ,0 0 0 0 2 8 4 0 0 0 0 0 0 0 0 ,0 0 0 1 3 4 5 1 0 0 0 0 0 0 0 ,0 0 0 0 4 4 6 0 0 0 0 0 0 0 0 ,0 0 0 0 4 4 5 0 0 0 0 0 0 0 0 ,0 0 0 1 3 4 4 1 0 0 0 0 0 0 0 ,0 0 0 1 2 6 3 1 0 0 0 0 0 0 0 ,0 0 0 0 3 6 3 0 0 0 0 0 0 0 0 ,0 0 0 0 2 8 2 0 0 0 0 0 0 0 0 ,0 0 0 0 3 6 4 0 0 0 0 0 0 0 0 ,
VornoiFreq:0.0148064 0.0167995 0.0167995 0.0176538 0.0199317 0.0213554 0.0219248 0.0287585 0.0298975 0.0429954 
AverageAreas:34.1245 35.2212 35.7107 35.2788 34.7643 34.5316 34.3532 34.1424 33.4259 34.3215 
AreaStds:1.75594 1.72553 1.72746 1.71105 1.80526 1.51506 1.65993 1.62957 1.70605 1.69626 
AverageVolumes:15.3385 16.4851 16.5919 16.446 15.8552 15.6707 15.5984 15.4292 15.0558 15.6856 
VolumeStds:1.17686 1.22746 1.26708 1.24132 1.29846 1.01668 1.10518 1.10133 1.1414 1.1861 
Timestep:1210000
Temperature: 1534.87
AverageArea: 35.0407
AreaStd: 1.98415
AverageVolume: 16.0802
VolumeStd: 1.41583
VornoiIndicies:0 0 0 0 1 10 2 0 0 0 0 0 0 0 0 ,0 0 0 0 4 4 6 0 0 0 0 0 0 0 0 ,0 0 0 0 2 8 4 0 0 0 0 0 0 0 0 ,0 0 0 0 3 6 5 0 0 0 0 0 0 0 0 ,0 0 0 0 2 8 3 0 0 0 0 0 0 0 0 ,0 0 0 1 3 4 4 1 0 0 0 0 0 0 0 ,0 0 0 1 2 6 3 1 0 0 0 0 0 0 0 ,0 0 0 0 3 6 3 0 0 0 0 0 0 0 0 ,0 0 0 0 2 8 2 0 0 0 0 0 0 0 0 ,0 0 0 0 3 6 4 0 0 0 0 0 0 0 0 ,
VornoiFreq:0.0162301 0.0162301 0.017369 0.0193622 0.0199317 0.0202164 0.0210706 0.0287585 0.0316059 0.0452733 
AverageAreas:33.8789 35.2422 34.9082 35.236 34.3512 34.5067 34.5518 33.8876 33.8799 34.4215 
AreaStds:1.9378 1.98594 1.80038 1.6094 1.49056 1.66031 1.79418 1.78181 1.73203 1.78012 
AverageVolumes:15.5688 16.4152 16.299 16.449 15.7803 15.6578 15.7429 15.2814 15.3888 15.7825 
VolumeStds:1.34497 1.4276 1.28785 1.15131 1.0292 1.13237 1.24632 1.20197 1.16495 1.23744 
Timestep:1240000
Temperature: 1495.51
AverageArea: 34.9332
AreaStd: 1.94774
AverageVolume: 16.0115
VolumeStd: 1.39842
VornoiIndicies:0 0 0 0 4 4 5 0 0 0 0 0 0 0 0 ,0 0 0 0 1 10 2 0 0 0 0 0 0 0 0 ,0 0 0 1 2 5 4 0 0 0 0 0 0 0 0 ,0 0 0 0 3 6 5 0 0 0 0 0 0 0 0 ,0 0 0 1 2 6 3 1 0 0 0 0 0 0 0 ,0 0 0 1 3 4 5 1 0 0 0 0 0 0 0 ,0 0 0 1 3 4 4 1 0 0 0 0 0 0 0 ,0 0 0 0 3 6 3 0 0 0 0 0 0 0 0 ,0 0 0 0 2 8 2 0 0 0 0 0 0 0 0 ,0 0 0 0 3 6 4 0 0 0 0 0 0 0 0 ,
VornoiFreq:0.0167995 0.017369 0.0182232 0.018508 0.0199317 0.0207859 0.0213554 0.0222096 0.0321754 0.0432802 
AverageAreas:34.3343 34.4454 34.0224 35.4717 34.0428 35.1668 34.4664 33.9505 33.9128 34.5126 
AreaStds:1.59914 1.74931 1.66249 1.51383 1.70474 1.61885 1.61997 1.54968 1.99448 1.743 
AverageVolumes:15.5924 15.9623 15.2743 16.6448 15.4546 16.224 15.5649 15.313 15.4147 15.8525 
VolumeStds:1.13403 1.21444 1.10987 1.06829 1.15981 1.14475 1.13757 1.06123 1.38261 1.22378 
Timestep:1270000
Temperature: 1503.43
AverageArea: 34.8489
AreaStd: 1.94125
AverageVolume: 15.9556
VolumeStd: 1.3795
VornoiIndicies:0 0 0 0 2 8 4 0 0 0 0 0 0 0 0 ,0 0 0 1 3 4 5 1 0 0 0 0 0 0 0 ,0 0 0 0 4 4 5 0 0 0 0 0 0 0 0 ,0 0 0 0 3 6 5 0 0 0 0 0 0 0 0 ,0 0 0 0 1 10 2 0 0 0 0 0 0 0 0 ,0 0 0 1 3 4 4 1 0 0 0 0 0 0 0 ,0 0 0 1 2 6 3 1 0 0 0 0 0 0 0 ,0 0 0 0 3 6 3 0 0 0 0 0 0 0 0 ,0 0 0 0 2 8 2 0 0 0 0 0 0 0 0 ,0 0 0 0 3 6 4 0 0 0 0 0 0 0 0 ,
VornoiFreq:0.0165148 0.0170843 0.017369 0.0187927 0.0207859 0.0207859 0.0233485 0.0256264 0.0350228 0.0475513 
AverageAreas:35.2175 34.9017 34.4958 34.9114 33.9885 34.2822 34.2106 33.6188 33.525 34.5591 
AreaStds:1.69207 1.5609 1.61266 1.32316 1.38113 1.97691 1.54845 1.7139 1.71717 1.65515 
AverageVolumes:16.4856 16.073 15.7866 16.2041 15.5999 15.5348 15.5617 15.1287 15.1592 15.8969 
VolumeStds:1.17107 1.11709 1.11179 0.943038 0.943584 1.35841 1.05681 1.1796 1.16703 1.16167 
Timestep:1300000
Temperature: 1438.28
AverageArea: 34.7508
AreaStd: 1.92576
AverageVolume: 15.9007
VolumeStd: 1.37165
VornoiIndicies:0 0 0 1 3 5 3 2 0 0 0 0 0 0 0 ,0 0 0 0 2 8 1 0 0 0 0 0 0 0 0 ,0 0 0 0 3 6 5 0 0 0 0 0 0 0 0 ,0 0 0 1 3 4 5 1 0 0 0 0 0 0 0 ,0 0 0 0 1 10 2 0 0 0 0 0 0 0 0 ,0 0 0 1 3 4 4 1 0 0 0 0 0 0 0 ,0 0 0 0 3 6 3 0 0 0 0 0 0 0 0 ,0 0 0 1 2 6 3 1 0 0 0 0 0 0 0 ,0 0 0 0 2 8 2 0 0 0 0 0 0 0 0 ,0 0 0 0 3 6 4 0 0 0 0 0 0 0 0 ,
VornoiFreq:0.0162301 0.0176538 0.0190774 0.0193622 0.0196469 0.0205011 0.0276196 0.0301822 0.0364465 0.0475513 
AverageAreas:34.5271 33.0991 35.0003 34.8391 33.9457 34.2794 33.8687 34.2174 33.6458 34.229 
AreaStds:1.70944 1.63717 1.61663 1.65779 1.52717 1.58284 1.69115 1.58913 1.84559 1.77635 
AverageVolumes:15.775 14.7197 16.3195 16.0582 15.6207 15.5277 15.2927 15.5826 15.2221 15.6895 
VolumeStds:1.24507 1.11455 1.12383 1.17322 1.02223 1.05178 1.16262 1.13476 1.27104 1.23465 
Timestep:1330000
Temperature: 1444.43
AverageArea: 34.7091
AreaStd: 1.96386
AverageVolume: 15.8692
VolumeStd: 1.38811
VornoiIndicies:0 0 0 0 4 4 6 0 0 0 0 0 0 0 0 ,0 0 0 0 1 10 2 0 0 0 0 0 0 0 0 ,0 0 0 1 2 5 4 0 0 0 0 0 0 0 0 ,0 0 0 0 3 6 5 0 0 0 0 0 0 0 0 ,0 0 0 1 2 6 3 1 0 0 0 0 0 0 0 ,0 0 0 1 3 4 5 1 0 0 0 0 0 0 0 ,0 0 0 1 3 4 4 1 0 0 0 0 0 0 0 ,0 0 0 0 3 6 3 0 0 0 0 0 0 0 0 ,0 0 0 0 2 8 2 0 0 0 0 0 0 0 0 ,0 0 0 0 3 6 4 0 0 0 0 0 0 0 0 ,
VornoiFreq:0.0159453 0.017369 0.017369 0.018508 0.0190774 0.0216401 0.0219248 0.0290433 0.0390091 0.0512528 
AverageAreas:35.1347 33.8914 33.797 34.6243 34.0348 34.8178 34.3838 33.5616 33.465 34.1353 
AreaStds:1.52992 1.67412 2.00299 1.73811 1.88149 1.74234 1.72955 1.53251 1.70238 1.69989 
AverageVolumes:16.3278 15.6345 15.1451 16.043 15.4271 16.0184 15.5803 15.08 15.1058 15.5994 
VolumeStds:1.1213 1.15603 1.34322 1.25302 1.25319 1.23877 1.17254 1.01201 1.15352 1.17576 
Timestep:1360000
Temperature: 1437.95
AverageArea: 34.6134
AreaStd: 1.90173
AverageVolume: 15.819
VolumeStd: 1.3456
VornoiIndicies:0 0 0 1 2 5 4 0 0 0 0 0 0 0 0 ,0 0 0 1 3 4 5 1 0 0 0 0 0 0 0 ,0 0 0 0 1 10 2 0 0 0 0 0 0 0 0 ,0 0 0 0 3 6 5 0 0 0 0 0 0 0 0 ,0 0 0 0 4 4 5 0 0 0 0 0 0 0 0 ,0 0 0 1 3 4 4 1 0 0 0 0 0 0 0 ,0 0 0 1 2 6 3 1 0 0 0 0 0 0 0 ,0 0 0 0 2 8 2 0 0 0 0 0 0 0 0 ,0 0 0 0 3 6 3 0 0 0 0 0 0 0 0 ,0 0 0 0 3 6 4 0 0 0 0 0 0 0 0 ,
VornoiFreq:0.0165148 0.0170843 0.0176538 0.0205011 0.0216401 0.022779 0.0259112 0.0301822 0.030467 0.0481207 
AverageAreas:33.6423 35.2778 33.8465 35.1207 34.2944 34.2956 33.9237 33.5212 33.5616 33.9722 
AreaStds:1.50614 1.58196 1.86106 1.74956 1.67933 1.90376 1.76968 1.50184 1.52734 1.8197 
AverageVolumes:15.0657 16.3184 15.6078 16.3496 15.5932 15.5406 15.3668 15.1499 15.1002 15.484 
VolumeStds:0.997915 1.14931 1.32042 1.22432 1.18553 1.28432 1.19017 1.01168 1.02533 1.22632 
Timestep:1390000
Temperature: 1364.38
AverageArea: 34.6163
AreaStd: 1.89557
AverageVolume: 15.8338
VolumeStd: 1.36109
VornoiIndicies:0 0 0 0 2 8 4 0 0 0 0 0 0 0 0 ,0 0 0 1 3 5 3 2 0 0 0 0 0 0 0 ,0 0 0 1 3 4 5 1 0 0 0 0 0 0 0 ,0 0 0 1 3 4 4 1 0 0 0 0 0 0 0 ,0 0 0 0 1 10 2 0 0 0 0 0 0 0 0 ,0 0 0 1 2 6 3 1 0 0 0 0 0 0 0 ,0 0 0 0 3 6 5 0 0 0 0 0 0 0 0 ,0 0 0 0 3 6 3 0 0 0 0 0 0 0 0 ,0 0 0 0 2 8 2 0 0 0 0 0 0 0 0 ,0 0 0 0 3 6 4 0 0 0 0 0 0 0 0 ,
VornoiFreq:0.0176538 0.0176538 0.0196469 0.0202164 0.0207859 0.0210706 0.0244875 0.0287585 0.0410023 0.0569476 
AverageAreas:34.6655 34.7872 34.7017 34.2437 34.4017 33.8845 34.9111 34.0057 33.7916 34.0493 
AreaStds:1.69659 1.591 1.70155 1.5632 1.63806 1.73694 1.79167 1.59271 1.6255 1.79247 
AverageVolumes:16.1407 15.9332 15.981 15.5285 15.9865 15.3687 16.2087 15.3552 15.3384 15.5482 
VolumeStds:1.20975 1.10972 1.20474 1.1259 1.15594 1.19537 1.28971 1.06369 1.08593 1.25447 
Timestep:1420000
Temperature: 1350.52
AverageArea: 34.5017
AreaStd: 1.87544
AverageVolume: 15.7759
VolumeStd: 1.33299
VornoiIndicies:0 0 0 0 2 8 1 0 0 0 0 0 0 0 0 ,0 0 0 0 4 4 5 0 0 0 0 0 0 0 0 ,0 0 0 1 3 4 4 1 0 0 0 0 0 0 0 ,0 0 0 0 1 10 2 0 0 0 0 0 0 0 0 ,0 0 0 1 3 4 5 1 0 0 0 0 0 0 0 ,0 0 0 0 2 8 4 0 0 0 0 0 0 0 0 ,0 0 0 1 2 6 3 1 0 0 0 0 0 0 0 ,0 0 0 0 3 6 3 0 0 0 0 0 0 0 0 ,0 0 0 0 2 8 2 0 0 0 0 0 0 0 0 ,0 0 0 0 3 6 4 0 0 0 0 0 0 0 0 ,
VornoiFreq:0.0176538 0.0176538 0.0176538 0.0190774 0.0193622 0.0210706 0.0247722 0.0318907 0.0407175 0.0589408 
AverageAreas:33.0613 34.0866 33.8485 33.9364 34.901 34.6337 34.0244 33.8452 33.6013 34.0429 
AreaStds:1.47003 1.63142 1.46884 1.48997 1.9232 1.71286 1.7158 1.5877 1.64462 1.60484 
AverageVolumes:14.7437 15.4368 15.2691 15.676 16.1396 16.1388 15.4653 15.3047 15.2372 15.5685 
VolumeStds:0.996267 1.12392 1.07088 1.02425 1.33017 1.19615 1.17044 1.06496 1.12928 1.1034 
Timestep:1445000
Temperature: 1328.28
AverageArea: 34.5133
AreaStd: 1.8309
AverageVolume: 15.7762
VolumeStd: 1.3052
VornoiIndicies:0 0 0 0 3 6 5 0 0 0 0 0 0 0 0 ,0 0 0 0 1 10 2 0 0 0 0 0 0 0 0 ,0 0 0 0 4 4 6 0 0 0 0 0 0 0 0 ,0 0 0 0 2 8 1 0 0 0 0 0 0 0 0 ,0 0 0 1 3 4 5 1 0 0 0 0 0 0 0 ,0 0 0 1 3 4 4 1 0 0 0 0 0 0 0 ,0 0 0 1 2 6 3 1 0 0 0 0 0 0 0 ,0 0 0 0 3 6 3 0 0 0 0 0 0 0 0 ,0 0 0 0 2 8 2 0 0 0 0 0 0 0 0 ,0 0 0 0 3 6 4 0 0 0 0 0 0 0 0 ,
VornoiFreq:0.0190774 0.0196469 0.0213554 0.0230638 0.023918 0.0242027 0.0253417 0.0273349 0.0367312 0.0526765 
AverageAreas:34.8436 34.05 34.6582 32.801 34.7811 33.9941 34.6133 33.7944 33.4981 34.0108 
AreaStds:1.64241 1.7122 1.50939 1.67877 1.64221 1.50405 1.69136 1.57204 1.72322 1.60298 
AverageVolumes:16.2024 15.728 16.0322 14.5292 16.0085 15.3631 15.8601 15.2623 15.148 15.5373 
VolumeStds:1.2238 1.17761 1.10701 1.12143 1.14366 1.04785 1.14917 1.08595 1.16761 1.11878 
Timestep:1475000
Temperature: 1305.39
AverageArea: 34.372
AreaStd: 1.79833
AverageVolume: 15.6925
VolumeStd: 1.27569
VornoiIndicies:0 0 0 1 3 4 5 1 0 0 0 0 0 0 0 ,0 0 0 0 2 8 4 0 0 0 0 0 0 0 0 ,0 0 0 0 4 4 5 0 0 0 0 0 0 0 0 ,0 0 0 1 2 5 4 0 0 0 0 0 0 0 0 ,0 0 0 1 3 4 4 1 0 0 0 0 0 0 0 ,0 0 0 0 1 10 2 0 0 0 0 0 0 0 0 ,0 0 0 1 2 6 3 1 0 0 0 0 0 0 0 ,0 0 0 0 3 6 3 0 0 0 0 0 0 0 0 ,0 0 0 0 2 8 2 0 0 0 0 0 0 0 0 ,0 0 0 0 3 6 4 0 0 0 0 0 0 0 0 ,
VornoiFreq:0.017369 0.0179385 0.018508 0.0187927 0.0193622 0.0230638 0.0287585 0.0298975 0.0398633 0.0654897 
AverageAreas:34.8718 34.5647 34.34 33.6528 34.3752 33.5964 33.908 33.4916 33.482 34.0531 
AreaStds:1.84626 1.69731 1.5375 1.64705 1.68042 1.48607 1.73723 1.62361 1.51462 1.64025 
AverageVolumes:16.0645 16.0806 15.6589 15.0565 15.6886 15.4336 15.3822 15.081 15.1665 15.5841 
VolumeStds:1.27447 1.22108 1.08088 1.11124 1.19394 1.04235 1.18422 1.09218 1.04957 1.14175 
Timestep:1505000
Temperature: 1289.74
AverageArea: 34.4197
AreaStd: 1.81285
AverageVolume: 15.7208
VolumeStd: 1.2828
VornoiIndicies:0 0 0 0 3 6 5 0 0 0 0 0 0 0 0 ,0 0 0 0 4 4 5 0 0 0 0 0 0 0 0 ,0 0 0 1 3 5 3 2 0 0 0 0 0 0 0 ,0 0 0 0 2 8 1 0 0 0 0 0 0 0 0 ,0 0 0 1 2 5 4 0 0 0 0 0 0 0 0 ,0 0 0 0 1 10 2 0 0 0 0 0 0 0 0 ,0 0 0 1 2 6 3 1 0 0 0 0 0 0 0 ,0 0 0 0 3 6 3 0 0 0 0 0 0 0 0 ,0 0 0 0 2 8 2 0 0 0 0 0 0 0 0 ,0 0 0 0 3 6 4 0 0 0 0 0 0 0 0 ,
VornoiFreq:0.018508 0.018508 0.0190774 0.0193622 0.0216401 0.0242027 0.0256264 0.0318907 0.0421412 0.0555239 
AverageAreas:34.4963 34.1384 34.7908 32.9436 33.7237 33.9489 34.1514 33.6028 33.313 34.1742 
AreaStds:1.58915 1.79677 1.45569 1.36398 1.6228 1.66891 1.5982 1.51796 1.66145 1.76397 
AverageVolumes:15.9834 15.5419 16.0252 14.6519 15.1776 15.67 15.5777 15.1267 15.0228 15.6619 
VolumeStds:1.17254 1.29252 1.01138 0.931205 1.11752 1.13286 1.09618 1.02114 1.13482 1.224 
Timestep:1535000
Temperature: 1222.4
AverageArea: 34.4034
AreaStd: 1.81652
AverageVolume: 15.7224
VolumeStd: 1.28094
VornoiIndicies:0 0 0 1 2 5 4 0 0 0 0 0 0 0 0 ,0 0 0 0 4 4 5 0 0 0 0 0 0 0 0 ,0 0 0 0 1 10 2 0 0 0 0 0 0 0 0 ,0 0 0 0 3 6 5 0 0 0 0 0 0 0 0 ,0 0 0 1 3 4 4 1 0 0 0 0 0 0 0 ,0 0 0 1 3 4 5 1 0 0 0 0 0 0 0 ,0 0 0 1 2 6 3 1 0 0 0 0 0 0 0 ,0 0 0 0 3 6 3 0 0 0 0 0 0 0 0 ,0 0 0 0 2 8 2 0 0 0 0 0 0 0 0 ,0 0 0 0 3 6 4 0 0 0 0 0 0 0 0 ,
VornoiFreq:0.0196469 0.0207859 0.0213554 0.0213554 0.0222096 0.0222096 0.0279043 0.0307517 0.0404328 0.0640661 
AverageAreas:33.0325 33.8637 34.0725 34.6297 34.0692 34.6587 34.2505 33.6824 33.3884 33.929 
AreaStds:1.37651 1.50605 1.49669 1.56441 1.74501 1.66322 1.56193 1.89315 1.67028 1.58611 
AverageVolumes:14.6877 15.3382 15.7631 16.0597 15.3976 15.9326 15.6217 15.2096 15.0994 15.5331 
VolumeStds:0.91333 1.04737 1.05761 1.17532 1.2316 1.1281 1.07485 1.31441 1.12266 1.09648 
Timestep:1565000
Temperature: 1199.93
AverageArea: 34.2309
AreaStd: 1.77654
AverageVolume: 15.6213
VolumeStd: 1.26393
VornoiIndicies:0 0 0 0 2 8 3 0 0 0 0 0 0 0 0 ,0 0 0 1 3 4 4 1 0 0 0 0 0 0 0 ,0 0 0 1 2 5 4 0 0 0 0 0 0 0 0 ,0 0 0 0 2 8 4 0 0 0 0 0 0 0 0 ,0 0 0 0 3 6 5 0 0 0 0 0 0 0 0 ,0 0 0 0 1 10 2 0 0 0 0 0 0 0 0 ,0 0 0 0 3 6 3 0 0 0 0 0 0 0 0 ,0 0 0 1 2 6 3 1 0 0 0 0 0 0 0 ,0 0 0 0 2 8 2 0 0 0 0 0 0 0 0 ,0 0 0 0 3 6 4 0 0 0 0 0 0 0 0 ,
VornoiFreq:0.0193622 0.0202164 0.0216401 0.0222096 0.0236333 0.0264806 0.0279043 0.0350228 0.0427107 0.0600797 
AverageAreas:33.9812 33.9061 33.1968 34.2683 34.6432 33.7534 33.5369 34.1554 33.2749 33.9156 
AreaStds:1.53476 1.60107 1.68482 1.52484 1.54635 1.60207 1.6711 1.56711 1.48503 1.56307 
AverageVolumes:15.5592 15.2863 14.7719 15.9345 16.0822 15.5381 15.1201 15.5574 14.9993 15.5031 
VolumeStds:1.10411 1.07788 1.10116 1.10263 1.12235 1.08963 1.16188 1.07712 1.02637 1.07973 
Timestep:1595000
Temperature: 1205.58
AverageArea: 34.1197
AreaStd: 1.7439
AverageVolume: 15.5496
VolumeStd: 1.22576
VornoiIndicies:0 0 0 0 4 4 5 0 0 0 0 0 0 0 0 ,0 0 0 0 3 6 5 0 0 0 0 0 0 0 0 ,0 0 0 0 0 12 0 0 0 0 0 0 0 0 0 ,0 0 0 1 3 4 4 1 0 0 0 0 0 0 0 ,0 0 0 0 2 8 4 0 0 0 0 0 0 0 0 ,0 0 0 1 2 6 3 1 0 0 0 0 0 0 0 ,0 0 0 0 1 10 2 0 0 0 0 0 0 0 0 ,0 0 0 0 3 6 3 0 0 0 0 0 0 0 0 ,0 0 0 0 2 8 2 0 0 0 0 0 0 0 0 ,0 0 0 0 3 6 4 0 0 0 0 0 0 0 0 ,
VornoiFreq:0.0193622 0.0196469 0.0213554 0.0213554 0.0219248 0.0276196 0.0310364 0.0316059 0.0492597 0.0623576 
AverageAreas:33.8045 34.4515 32.7252 34.1998 34.3019 33.8512 33.4068 33.2946 32.9579 33.7839 
AreaStds:1.59374 1.51408 1.75755 1.55445 1.37145 1.27412 1.45692 1.50786 1.46495 1.58619 
AverageVolumes:15.3572 15.9633 14.8364 15.5414 15.9217 15.3264 15.3015 14.9402 14.8221 15.4196 
VolumeStds:1.14753 1.07734 1.17924 1.08856 1.01195 0.885077 0.999688 0.999561 0.996583 1.11016 
Timestep:1625000
Temperature: 1176.83
AverageArea: 34.065
AreaStd: 1.76736
AverageVolume: 15.5234
VolumeStd: 1.23734
VornoiIndicies:0 0 0 0 2 8 4 0 0 0 0 0 0 0 0 ,0 0 0 1 2 5 4 0 0 0 0 0 0 0 0 ,0 0 0 1 3 4 4 1 0 0 0 0 0 0 0 ,0 0 0 0 0 12 0 0 0 0 0 0 0 0 0 ,0 0 0 0 2 8 1 0 0 0 0 0 0 0 0 ,0 0 0 1 2 6 3 1 0 0 0 0 0 0 0 ,0 0 0 0 1 10 2 0 0 0 0 0 0 0 0 ,0 0 0 0 3 6 3 0 0 0 0 0 0 0 0 ,0 0 0 0 2 8 2 0 0 0 0 0 0 0 0 ,0 0 0 0 3 6 4 0 0 0 0 0 0 0 0 ,
VornoiFreq:0.0202164 0.0202164 0.0233485 0.0250569 0.0259112 0.0264806 0.0307517 0.0310364 0.0489749 0.0711845 
AverageAreas:34.5455 33.1133 33.9764 32.5557 32.847 33.5728 33.6617 33.4297 32.974 33.7992 
AreaStds:1.46234 1.42632 1.52706 1.30592 1.46522 1.59469 1.56357 1.42885 1.47519 1.58691 
AverageVolumes:16.1174 14.7537 15.3693 14.736 14.5986 15.1684 15.5044 15.0726 14.8377 15.437 
VolumeStds:1.05349 0.937656 1.05302 0.872737 0.996769 1.09224 1.09857 0.920755 0.986108 1.10013 
Timestep:1655000
Temperature: 1142.64
AverageArea: 34.0068
AreaStd: 1.71217
AverageVolume: 15.4859
VolumeStd: 1.20133
VornoiIndicies:0 0 0 1 2 5 4 0 0 0 0 0 0 0 0 ,0 0 0 1 3 4 4 1 0 0 0 0 0 0 0 ,0 0 0 0 2 8 3 0 0 0 0 0 0 0 0 ,0 0 0 0 0 12 0 0 0 0 0 0 0 0 0 ,0 0 0 0 2 8 1 0 0 0 0 0 0 0 0 ,0 0 0 1 2 6 3 1 0 0 0 0 0 0 0 ,0 0 0 0 1 10 2 0 0 0 0 0 0 0 0 ,0 0 0 0 3 6 3 0 0 0 0 0 0 0 0 ,0 0 0 0 2 8 2 0 0 0 0 0 0 0 0 ,0 0 0 0 3 6 4 0 0 0 0 0 0 0 0 ,
VornoiFreq:0.0202164 0.0205011 0.0219248 0.0242027 0.0264806 0.0287585 0.0350228 0.0350228 0.0535308 0.0595103 
AverageAreas:33.7354 34.043 33.6462 32.7745 32.7463 33.8538 33.4782 33.3528 33.0959 33.7694 
AreaStds:1.50755 1.30817 1.36408 1.74476 1.55711 1.67358 1.58932 1.41826 1.5228 1.52973 
AverageVolumes:15.1694 15.407 15.3541 14.8668 14.5349 15.3818 15.3878 15.0049 14.9183 15.4157 
VolumeStds:1.03367 0.913953 0.927044 1.19344 1.04206 1.16543 1.08017 0.965178 1.03878 1.05049 
Timestep:1685000
Temperature: 1080.92
AverageArea: 33.8841
AreaStd: 1.71354
AverageVolume: 15.4207
VolumeStd: 1.19264
VornoiIndicies:0 0 0 0 3 6 5 0 0 0 0 0 0 0 0 ,0 0 0 1 2 5 4 0 0 0 0 0 0 0 0 ,0 0 0 0 2 8 3 0 0 0 0 0 0 0 0 ,0 0 0 0 2 8 4 0 0 0 0 0 0 0 0 ,0 0 0 0 0 12 0 0 0 0 0 0 0 0 0 ,0 0 0 1 2 6 3 1 0 0 0 0 0 0 0 ,0 0 0 0 3 6 3 0 0 0 0 0 0 0 0 ,0 0 0 0 1 10 2 0 0 0 0 0 0 0 0 ,0 0 0 0 2 8 2 0 0 0 0 0 0 0 0 ,0 0 0 0 3 6 4 0 0 0 0 0 0 0 0 ,
VornoiFreq:0.0219248 0.0222096 0.022779 0.0264806 0.029328 0.0321754 0.034738 0.0361617 0.0558087 0.0671982 
AverageAreas:34.2714 33.3868 33.663 34.2993 32.4791 33.6024 33.1432 33.2415 33.0172 33.4951 
AreaStds:1.68163 1.64514 1.75996 1.55072 1.50792 1.69459 1.5295 1.47699 1.59232 1.45557 
AverageVolumes:15.8578 14.9434 15.4032 15.9483 14.7204 15.2013 14.8849 15.2091 14.8727 15.2361 
VolumeStds:1.18185 1.13064 1.23953 1.09295 1.0246 1.15446 1.02273 1.04707 1.08553 1.00209 
Timestep:1715000
Temperature: 1104.62
AverageArea: 33.8756
AreaStd: 1.68619
AverageVolume: 15.4206
VolumeStd: 1.16982
VornoiIndicies:0 0 0 0 3 6 5 0 0 0 0 0 0 0 0 ,0 0 0 0 2 8 4 0 0 0 0 0 0 0 0 ,0 0 0 1 3 4 5 1 0 0 0 0 0 0 0 ,0 0 0 0 2 8 1 0 0 0 0 0 0 0 0 ,0 0 0 1 2 6 3 1 0 0 0 0 0 0 0 ,0 0 0 0 3 6 3 0 0 0 0 0 0 0 0 ,0 0 0 0 0 12 0 0 0 0 0 0 0 0 0 ,0 0 0 0 1 10 2 0 0 0 0 0 0 0 0 ,0 0 0 0 2 8 2 0 0 0 0 0 0 0 0 ,0 0 0 0 3 6 4 0 0 0 0 0 0 0 0 ,
VornoiFreq:0.0213554 0.0219248 0.0219248 0.0250569 0.0267654 0.0307517 0.0324601 0.0455581 0.0569476 0.0595103 
AverageAreas:34.4147 33.8863 34.4707 32.6437 33.7391 33.3519 32.1735 33.2002 33.082 33.6677 
AreaStds:1.50172 1.71143 1.67108 1.38199 1.69823 1.60845 1.45404 1.43047 1.44155 1.50506 
AverageVolumes:15.9529 15.6896 15.8624 14.4983 15.2856 15.026 14.5126 15.2105 14.9331 15.3606 
VolumeStds:1.04837 1.19436 1.19447 0.925513 1.17037 1.11715 0.95778 0.98068 0.98239 1.03505 
Timestep:1745000
Temperature: 1055.75
AverageArea: 33.8698
AreaStd: 1.61587
AverageVolume: 15.4178
VolumeStd: 1.13085
VornoiIndicies:0 0 0 1 3 4 5 1 0 0 0 0 0 0 0 ,0 0 0 0 2 8 3 0 0 0 0 0 0 0 0 ,0 0 0 1 3 4 4 1 0 0 0 0 0 0 0 ,0 0 0 0 2 8 1 0 0 0 0 0 0 0 0 ,0 0 0 1 2 6 3 1 0 0 0 0 0 0 0 ,0 0 0 0 1 10 2 0 0 0 0 0 0 0 0 ,0 0 0 0 0 12 0 0 0 0 0 0 0 0 0 ,0 0 0 0 3 6 3 0 0 0 0 0 0 0 0 ,0 0 0 0 2 8 2 0 0 0 0 0 0 0 0 ,0 0 0 0 3 6 4 0 0 0 0 0 0 0 0 ,
VornoiFreq:0.0207859 0.0216401 0.0219248 0.0256264 0.0310364 0.0355923 0.0384396 0.0384396 0.0606492 0.0680524 
AverageAreas:34.3756 33.6143 33.9293 32.8249 33.3399 33.3195 32.6 33.3447 33.0835 33.7146 
AreaStds:1.30918 1.33777 1.66635 1.35585 1.46078 1.51807 1.54291 1.32376 1.40067 1.43697 
AverageVolumes:15.7912 15.3536 15.4225 14.5894 15.0616 15.2858 14.7872 15.0207 14.9142 15.3794 
VolumeStds:0.911335 0.949203 1.13404 0.917457 0.994464 1.06318 1.05055 0.918959 0.947237 1.01195 
Timestep:1770000
Temperature: 1051.08
AverageArea: 33.7795
AreaStd: 1.62563
AverageVolume: 15.385
VolumeStd: 1.13462
VornoiIndicies:0 0 0 1 2 5 4 0 0 0 0 0 0 0 0 ,0 0 0 1 2 6 2 1 0 0 0 0 0 0 0 ,0 0 0 0 2 8 4 0 0 0 0 0 0 0 0 ,0 0 0 0 2 8 1 0 0 0 0 0 0 0 0 ,0 0 0 1 2 6 3 1 0 0 0 0 0 0 0 ,0 0 0 0 3 6 3 0 0 0 0 0 0 0 0 ,0 0 0 0 1 10 2 0 0 0 0 0 0 0 0 ,0 0 0 0 0 12 0 0 0 0 0 0 0 0 0 ,0 0 0 0 2 8 2 0 0 0 0 0 0 0 0 ,0 0 0 0 3 6 4 0 0 0 0 0 0 0 0 ,
VornoiFreq:0.0230638 0.0233485 0.0236333 0.023918 0.0287585 0.0333144 0.0447039 0.0481207 0.0666287 0.0774487 
AverageAreas:33.1146 33.1741 34.1634 32.9551 33.7924 33.3119 33.4781 32.3793 32.853 33.695 
AreaStds:1.49513 1.47866 1.50053 1.28396 1.50017 1.34451 1.46078 1.46834 1.46493 1.38666 
AverageVolumes:14.7933 14.8472 15.8341 14.706 15.3407 15.0031 15.4234 14.6597 14.7765 15.4034 
VolumeStds:1.02804 0.988713 1.08411 0.867616 1.03235 0.941585 1.01029 0.998971 0.9879 0.970287 
Timestep:1800000
Temperature: 995.375
AverageArea: 33.7448
AreaStd: 1.62368
AverageVolume: 15.3559
VolumeStd: 1.1288
VornoiIndicies:0 0 0 1 0 9 3 0 0 0 0 0 0 0 0 ,0 0 0 1 2 5 4 0 0 0 0 0 0 0 0 ,0 0 0 1 2 5 5 0 0 0 0 0 0 0 0 ,0 0 0 0 2 8 1 0 0 0 0 0 0 0 0 ,0 0 0 1 2 6 3 1 0 0 0 0 0 0 0 ,0 0 0 0 3 6 3 0 0 0 0 0 0 0 0 ,0 0 0 0 1 10 2 0 0 0 0 0 0 0 0 ,0 0 0 0 0 12 0 0 0 0 0 0 0 0 0 ,0 0 0 0 3 6 4 0 0 0 0 0 0 0 0 ,0 0 0 0 2 8 2 0 0 0 0 0 0 0 0 ,
VornoiFreq:0.0207859 0.0213554 0.0219248 0.0242027 0.0310364 0.0313212 0.0455581 0.0489749 0.0689066 0.0694761 
AverageAreas:33.4283 33.3975 33.6617 32.9254 33.6359 33.1127 33.3053 32.3624 33.5726 32.979 
AreaStds:1.42244 1.49986 1.41688 1.54665 1.36779 1.55794 1.48284 1.39013 1.42114 1.42651 
AverageVolumes:15.3648 14.9805 15.2831 14.6824 15.2689 14.8621 15.3021 14.667 15.3089 14.8687 
VolumeStds:0.9988 1.02922 1.00228 1.02273 0.909223 1.03153 1.01302 0.926546 0.974096 0.96441 
Timestep:1830000
Temperature: 991.518
AverageArea: 33.6284
AreaStd: 1.56088
AverageVolume: 15.2991
VolumeStd: 1.08035
VornoiIndicies:0 0 0 0 3 6 5 0 0 0 0 0 0 0 0 ,0 0 0 1 2 5 4 0 0 0 0 0 0 0 0 ,0 0 0 0 2 8 4 0 0 0 0 0 0 0 0 ,0 0 0 0 2 8 1 0 0 0 0 0 0 0 0 ,0 0 0 1 2 6 3 1 0 0 0 0 0 0 0 ,0 0 0 0 3 6 3 0 0 0 0 0 0 0 0 ,0 0 0 0 1 10 2 0 0 0 0 0 0 0 0 ,0 0 0 0 0 12 0 0 0 0 0 0 0 0 0 ,0 0 0 0 3 6 4 0 0 0 0 0 0 0 0 ,0 0 0 0 2 8 2 0 0 0 0 0 0 0 0 ,
VornoiFreq:0.0202164 0.0222096 0.0247722 0.0273349 0.030467 0.0335991 0.0563781 0.0654897 0.0734624 0.0754556 
AverageAreas:33.8624 33.2304 34.0168 33.0092 33.5064 33.166 33.1981 32.3848 33.3948 32.9657 
AreaStds:1.26852 1.63453 1.3139 1.36459 1.48537 1.5214 1.36577 1.41673 1.42642 1.38008 
AverageVolumes:15.6051 14.8787 15.8242 14.7467 15.1967 14.9172 15.2231 14.6708 15.2194 14.8635 
VolumeStds:0.904183 1.10943 0.92183 0.924105 1.03023 1.03927 0.930901 0.947485 0.996848 0.944614 
Timestep:1860000
Temperature: 960.328
AverageArea: 33.568
AreaStd: 1.59029
AverageVolume: 15.2718
VolumeStd: 1.0967
VornoiIndicies:0 0 0 0 3 6 5 0 0 0 0 0 0 0 0 ,0 0 0 1 0 9 3 0 0 0 0 0 0 0 0 ,0 0 0 1 2 6 3 1 0 0 0 0 0 0 0 ,0 0 0 0 2 8 4 0 0 0 0 0 0 0 0 ,0 0 0 0 3 6 3 0 0 0 0 0 0 0 0 ,0 0 0 0 2 8 1 0 0 0 0 0 0 0 0 ,0 0 0 0 1 10 2 0 0 0 0 0 0 0 0 ,0 0 0 0 0 12 0 0 0 0 0 0 0 0 0 ,0 0 0 0 3 6 4 0 0 0 0 0 0 0 0 ,0 0 0 0 2 8 2 0 0 0 0 0 0 0 0 ,
VornoiFreq:0.0205011 0.0224943 0.0310364 0.0313212 0.0313212 0.0318907 0.059795 0.0703303 0.0763098 0.0777335 
AverageAreas:33.8523 32.9262 33.6031 33.8247 33.1425 33.0324 33.2091 32.2611 33.7371 32.8039 
AreaStds:1.53801 1.51836 1.63749 1.37677 1.32925 1.44451 1.43893 1.43765 1.48196 1.43422 
AverageVolumes:15.5966 15.0265 15.2685 15.6667 14.8769 14.7684 15.2603 14.608 15.4402 14.78 
VolumeStds:1.07842 1.04276 1.11213 0.961269 0.896139 1.00461 0.987112 0.963653 1.03686 0.980995 
Timestep:1890000
Temperature: 939.674
AverageArea: 33.4195
AreaStd: 1.60142
AverageVolume: 15.1701
VolumeStd: 1.09775
VornoiIndicies:0 0 0 1 2 5 4 0 0 0 0 0 0 0 0 ,0 0 0 0 2 8 3 0 0 0 0 0 0 0 0 ,0 0 0 0 2 8 4 0 0 0 0 0 0 0 0 ,0 0 0 0 2 8 1 0 0 0 0 0 0 0 0 ,0 0 0 0 3 6 3 0 0 0 0 0 0 0 0 ,0 0 0 1 2 6 3 1 0 0 0 0 0 0 0 ,0 0 0 0 1 10 2 0 0 0 0 0 0 0 0 ,0 0 0 0 2 8 2 0 0 0 0 0 0 0 0 ,0 0 0 0 3 6 4 0 0 0 0 0 0 0 0 ,0 0 0 0 0 12 0 0 0 0 0 0 0 0 0 ,
VornoiFreq:0.0224943 0.0236333 0.0270501 0.0279043 0.030467 0.0341686 0.0612187 0.0720387 0.0740319 0.0765945 
AverageAreas:32.9637 33.4245 33.5151 32.5359 33.1759 33.2594 33.0406 32.6676 33.3368 32.0915 
AreaStds:1.48968 1.62582 1.4612 1.4467 1.42987 1.22118 1.32915 1.46434 1.5711 1.39885 
AverageVolumes:14.7085 15.2996 15.4558 14.4296 14.934 14.9951 15.1417 14.6857 15.1754 14.4831 
VolumeStds:1.02777 1.12389 1.01151 0.96062 1.00529 0.821354 0.887793 1.00585 1.0839 0.926248 
Timestep:1920000
Temperature: 885.182
AverageArea: 33.3835
AreaStd: 1.59536
AverageVolume: 15.1662
VolumeStd: 1.08814
VornoiIndicies:0 0 0 0 3 6 5 0 0 0 0 0 0 0 0 ,0 0 0 1 0 9 3 0 0 0 0 0 0 0 0 ,0 0 0 0 2 8 4 0 0 0 0 0 0 0 0 ,0 0 0 0 2 8 1 0 0 0 0 0 0 0 0 ,0 0 0 0 3 6 3 0 0 0 0 0 0 0 0 ,0 0 0 1 2 6 3 1 0 0 0 0 0 0 0 ,0 0 0 0 1 10 2 0 0 0 0 0 0 0 0 ,0 0 0 0 3 6 4 0 0 0 0 0 0 0 0 ,0 0 0 0 2 8 2 0 0 0 0 0 0 0 0 ,0 0 0 0 0 12 0 0 0 0 0 0 0 0 0 ,
VornoiFreq:0.0219248 0.0281891 0.029328 0.0301822 0.0324601 0.0333144 0.0589408 0.0723235 0.0797267 0.0862756 
AverageAreas:33.9997 32.7208 33.7531 32.5798 33.3479 33.4741 33.0474 33.314 32.5877 32.0486 
AreaStds:1.40672 1.26178 1.16774 1.34725 1.41433 1.55252 1.34745 1.45711 1.45585 1.45597 
AverageVolumes:15.706 14.8604 15.6185 14.4914 15.0656 15.2091 15.1423 15.192 14.6517 14.4717 
VolumeStds:1.00139 0.85512 0.836753 0.915045 0.963721 1.07515 0.908208 1.01488 0.975787 0.977411 
Timestep:1950000
Temperature: 869.795
AverageArea: 33.3989
AreaStd: 1.59039
AverageVolume: 15.1804
VolumeStd: 1.08373
VornoiIndicies:0 0 0 0 2 8 3 0 0 0 0 0 0 0 0 ,0 0 0 0 2 8 4 0 0 0 0 0 0 0 0 ,0 0 0 1 0 9 3 0 0 0 0 0 0 0 0 ,0 0 0 1 2 6 3 1 0 0 0 0 0 0 0 ,0 0 0 0 3 6 3 0 0 0 0 0 0 0 0 ,0 0 0 0 2 8 1 0 0 0 0 0 0 0 0 ,0 0 0 0 1 10 2 0 0 0 0 0 0 0 0 ,0 0 0 0 3 6 4 0 0 0 0 0 0 0 0 ,0 0 0 0 2 8 2 0 0 0 0 0 0 0 0 ,0 0 0 0 0 12 0 0 0 0 0 0 0 0 0 ,
VornoiFreq:0.022779 0.0233485 0.0261959 0.0290433 0.0298975 0.0307517 0.0643508 0.070615 0.0831435 0.100513 
AverageAreas:33.5516 33.7635 32.7173 33.2454 33.0497 32.717 32.9506 33.4166 32.8849 32.0699 
AreaStds:1.4102 1.4288 1.35795 1.40889 1.47429 1.24771 1.28516 1.40697 1.46997 1.43054 
AverageVolumes:15.3381 15.611 14.885 15.0476 14.8261 14.5586 15.0953 15.2477 14.8221 14.494 
VolumeStds:0.979831 1.01314 0.892675 0.994921 1.00565 0.835841 0.857388 0.964157 0.99239 0.963463 
Timestep:1980000
Temperature: 863.005
AverageArea: 33.2274
AreaStd: 1.57314
AverageVolume: 15.0847
VolumeStd: 1.06474
VornoiIndicies:0 0 0 1 2 5 4 0 0 0 0 0 0 0 0 ,0 0 0 0 2 8 4 0 0 0 0 0 0 0 0 ,0 0 0 0 2 8 1 0 0 0 0 0 0 0 0 ,0 0 0 1 0 9 3 0 0 0 0 0 0 0 0 ,0 0 0 1 2 6 3 1 0 0 0 0 0 0 0 ,0 0 0 0 3 6 3 0 0 0 0 0 0 0 0 ,0 0 0 0 1 10 2 0 0 0 0 0 0 0 0 ,0 0 0 0 3 6 4 0 0 0 0 0 0 0 0 ,0 0 0 0 2 8 2 0 0 0 0 0 0 0 0 ,0 0 0 0 0 12 0 0 0 0 0 0 0 0 0 ,
VornoiFreq:0.0219248 0.0259112 0.0264806 0.0273349 0.0321754 0.0330296 0.0680524 0.0751708 0.0936788 0.10336 
AverageAreas:32.9976 33.5459 32.6506 32.7833 33.3303 32.9818 32.8932 33.2958 32.7034 31.9318 
AreaStds:1.45116 1.33004 1.41612 1.36912 1.49745 1.46105 1.41474 1.30306 1.43866 1.3931 
AverageVolumes:14.7579 15.4916 14.5353 14.9186 15.1356 14.7973 15.0535 15.1741 14.7304 14.415 
VolumeStds:0.983878 0.931885 0.940455 0.917168 1.03422 0.961925 0.976633 0.907098 0.966977 0.933296 
Timestep:2010000
Temperature: 807.422
AverageArea: 33.2336
AreaStd: 1.54412
AverageVolume: 15.0985
VolumeStd: 1.04368
VornoiIndicies:0 0 0 1 2 5 4 0 0 0 0 0 0 0 0 ,0 0 0 0 2 8 3 0 0 0 0 0 0 0 0 ,0 0 0 1 0 9 3 0 0 0 0 0 0 0 0 ,0 0 0 0 2 8 1 0 0 0 0 0 0 0 0 ,0 0 0 1 2 6 3 1 0 0 0 0 0 0 0 ,0 0 0 0 3 6 3 0 0 0 0 0 0 0 0 ,0 0 0 0 1 10 2 0 0 0 0 0 0 0 0 ,0 0 0 0 3 6 4 0 0 0 0 0 0 0 0 ,0 0 0 0 2 8 2 0 0 0 0 0 0 0 0 ,0 0 0 0 0 12 0 0 0 0 0 0 0 0 0 ,
VornoiFreq:0.023918 0.0250569 0.0267654 0.0307517 0.0321754 0.0344533 0.0677677 0.0760251 0.0942483 0.11361 
AverageAreas:33.0724 33.1593 32.6457 32.835 33.3123 33.1622 32.7894 33.4143 32.6634 31.9843 
AreaStds:1.55341 1.33377 1.38062 1.35468 1.38385 1.43368 1.36112 1.48862 1.28441 1.33693 
AverageVolumes:14.795 15.097 14.8726 14.6481 15.0951 14.9619 14.9799 15.272 14.7093 14.4471 
VolumeStds:1.0759 0.922914 0.95478 0.898097 0.956994 0.983479 0.920274 1.01708 0.885972 0.888546 
Timestep:2040000
Temperature: 805.534
AverageArea: 33.1472
AreaStd: 1.52607
AverageVolume: 15.0378
VolumeStd: 1.02968
VornoiIndicies:0 0 0 0 2 8 4 0 0 0 0 0 0 0 0 ,0 0 0 0 2 8 3 0 0 0 0 0 0 0 0 ,0 0 0 0 3 6 3 0 0 0 0 0 0 0 0 ,0 0 0 1 0 9 3 0 0 0 0 0 0 0 0 ,0 0 0 1 2 6 3 1 0 0 0 0 0 0 0 ,0 0 0 0 2 8 1 0 0 0 0 0 0 0 0 ,0 0 0 0 1 10 2 0 0 0 0 0 0 0 0 ,0 0 0 0 3 6 4 0 0 0 0 0 0 0 0 ,0 0 0 0 2 8 2 0 0 0 0 0 0 0 0 ,0 0 0 0 0 12 0 0 0 0 0 0 0 0 0 ,
VornoiFreq:0.0253417 0.0264806 0.029328 0.0298975 0.030467 0.0310364 0.0723235 0.0788724 0.0936788 0.109909 
AverageAreas:33.3977 33.3243 33.0046 32.7754 33.1289 32.6014 32.6678 33.2226 32.7354 31.812 
AreaStds:1.43037 1.33533 1.33809 1.40543 1.24345 1.47197 1.29006 1.30156 1.37798 1.30154 
AverageVolumes:15.4023 15.2299 14.85 14.9417 14.9591 14.5267 14.9156 15.1266 14.748 14.3302 
VolumeStds:1.00894 0.936543 0.898977 0.963918 0.874932 0.975404 0.87492 0.899815 0.93857 0.879017 
Timestep:2070000
Temperature: 739.676
AverageArea: 33.1281
AreaStd: 1.52203
AverageVolume: 15.0436
VolumeStd: 1.02788
VornoiIndicies:0 0 0 1 2 5 4 0 0 0 0 0 0 0 0 ,0 0 0 1 0 9 3 0 0 0 0 0 0 0 0 ,0 0 0 0 2 8 3 0 0 0 0 0 0 0 0 ,0 0 0 0 2 8 4 0 0 0 0 0 0 0 0 ,0 0 0 0 2 8 1 0 0 0 0 0 0 0 0 ,0 0 0 1 2 6 3 1 0 0 0 0 0 0 0 ,0 0 0 0 3 6 4 0 0 0 0 0 0 0 0 ,0 0 0 0 2 8 2 0 0 0 0 0 0 0 0 ,0 0 0 0 1 10 2 0 0 0 0 0 0 0 0 ,0 0 0 0 0 12 0 0 0 0 0 0 0 0 0 ,
VornoiFreq:0.0222096 0.0224943 0.0264806 0.0310364 0.0330296 0.0378702 0.0757403 0.089123 0.0914009 0.124146 
AverageAreas:32.9134 32.7734 33.0384 33.4844 32.5424 33.2464 33.3796 32.6794 32.8545 31.9215 
AreaStds:1.1873 1.53287 1.38257 1.38433 1.47046 1.41881 1.32247 1.28408 1.34585 1.30303 
AverageVolumes:14.6845 14.9544 15.0561 15.4752 14.4712 15.0674 15.2432 14.7135 15.0458 14.4208 
VolumeStds:0.796742 1.0312 0.949283 0.948366 0.984087 0.962933 0.925202 0.872183 0.908617 0.878579 
Timestep:2095000
Temperature: 750.88
AverageArea: 33.0738
AreaStd: 1.49131
AverageVolume: 15.0051
VolumeStd: 1.00744
VornoiIndicies:0 0 0 0 2 8 3 0 0 0 0 0 0 0 0 ,0 0 0 0 2 8 4 0 0 0 0 0 0 0 0 ,0 0 0 0 3 6 3 0 0 0 0 0 0 0 0 ,0 0 0 0 2 8 1 0 0 0 0 0 0 0 0 ,0 0 0 1 0 9 3 0 0 0 0 0 0 0 0 ,0 0 0 1 2 6 3 1 0 0 0 0 0 0 0 ,0 0 0 0 1 10 2 0 0 0 0 0 0 0 0 ,0 0 0 0 3 6 4 0 0 0 0 0 0 0 0 ,0 0 0 0 2 8 2 0 0 0 0 0 0 0 0 ,0 0 0 0 0 12 0 0 0 0 0 0 0 0 0 ,
VornoiFreq:0.0261959 0.0279043 0.0313212 0.0327449 0.0330296 0.0350228 0.0737472 0.0788724 0.0953872 0.121298 
AverageAreas:33.0842 33.2404 33.0551 32.5921 32.6013 33.2579 32.7464 33.3282 32.6198 31.9703 
AreaStds:1.47093 1.31785 1.40951 1.3672 1.21297 1.40609 1.25234 1.35572 1.3835 1.37027 
AverageVolumes:15.0634 15.3081 14.9123 14.4937 14.8158 15.0631 14.9733 15.2042 14.6788 14.4402 
VolumeStds:1.02847 0.931076 0.958323 0.931713 0.803525 0.941338 0.846388 0.921022 0.93609 0.915279 
Timestep:2125000
Temperature: 703.597
AverageArea: 33.0275
AreaStd: 1.49111
AverageVolume: 14.9753
VolumeStd: 0.99897
VornoiIndicies:0 0 0 0 2 8 3 0 0 0 0 0 0 0 0 ,0 0 0 0 2 8 4 0 0 0 0 0 0 0 0 ,0 0 0 1 0 9 3 0 0 0 0 0 0 0 0 ,0 0 0 0 3 6 3 0 0 0 0 0 0 0 0 ,0 0 0 0 2 8 1 0 0 0 0 0 0 0 0 ,0 0 0 1 2 6 3 1 0 0 0 0 0 0 0 ,0 0 0 0 1 10 2 0 0 0 0 0 0 0 0 ,0 0 0 0 3 6 4 0 0 0 0 0 0 0 0 ,0 0 0 0 2 8 2 0 0 0 0 0 0 0 0 ,0 0 0 0 0 12 0 0 0 0 0 0 0 0 0 ,
VornoiFreq:0.0242027 0.029328 0.0296128 0.0321754 0.0333144 0.0333144 0.0794419 0.0797267 0.0936788 0.130979 
AverageAreas:33.0015 33.312 32.5345 33.0388 32.4572 33.3061 32.7136 33.2471 32.5734 31.8979 
AreaStds:1.47002 1.37217 1.30583 1.31978 1.31473 1.31064 1.29877 1.24416 1.30917 1.3327 
AverageVolumes:15.0146 15.3543 14.8038 14.8792 14.4245 15.1053 14.9562 15.1664 14.6531 14.4015 
VolumeStds:0.996301 0.941928 0.879264 0.888288 0.885634 0.912023 0.881569 0.868914 0.873816 0.887506 
Timestep:2155000
Temperature: 698.407
AverageArea: 33.0173
AreaStd: 1.49826
AverageVolume: 14.9769
VolumeStd: 1.00719
VornoiIndicies:0 0 0 1 2 5 4 0 0 0 0 0 0 0 0 ,0 0 0 1 0 9 3 0 0 0 0 0 0 0 0 ,0 0 0 1 2 6 3 1 0 0 0 0 0 0 0 ,0 0 0 0 2 8 4 0 0 0 0 0 0 0 0 ,0 0 0 0 3 6 3 0 0 0 0 0 0 0 0 ,0 0 0 0 2 8 1 0 0 0 0 0 0 0 0 ,0 0 0 0 1 10 2 0 0 0 0 0 0 0 0 ,0 0 0 0 3 6 4 0 0 0 0 0 0 0 0 ,0 0 0 0 2 8 2 0 0 0 0 0 0 0 0 ,0 0 0 0 0 12 0 0 0 0 0 0 0 0 0 ,
VornoiFreq:0.0205011 0.0279043 0.029328 0.0298975 0.0321754 0.0355923 0.0822893 0.082574 0.0914009 0.124146 
AverageAreas:33.4278 32.6426 33.3299 33.556 32.8872 32.3564 32.5248 33.1027 32.6346 31.8207 
AreaStds:1.25019 1.43528 1.33502 1.35604 1.28304 1.2858 1.27227 1.37896 1.28861 1.29428 
AverageVolumes:15.0284 14.8855 15.1028 15.5532 14.7956 14.3486 14.8435 15.0698 14.6964 14.3553 
VolumeStds:0.83688 0.990701 0.889242 0.958665 0.869693 0.84979 0.85026 0.964406 0.882152 0.859127 
Timestep:2185000
Temperature: 654.338
AverageArea: 32.9422
AreaStd: 1.44924
AverageVolume: 14.9307
VolumeStd: 0.967018
VornoiIndicies:0 0 0 0 2 8 3 0 0 0 0 0 0 0 0 ,0 0 0 1 0 9 3 0 0 0 0 0 0 0 0 ,0 0 0 0 2 8 4 0 0 0 0 0 0 0 0 ,0 0 0 1 2 6 3 1 0 0 0 0 0 0 0 ,0 0 0 0 3 6 3 0 0 0 0 0 0 0 0 ,0 0 0 0 2 8 1 0 0 0 0 0 0 0 0 ,0 0 0 0 1 10 2 0 0 0 0 0 0 0 0 ,0 0 0 0 3 6 4 0 0 0 0 0 0 0 0 ,0 0 0 0 2 8 2 0 0 0 0 0 0 0 0 ,0 0 0 0 0 12 0 0 0 0 0 0 0 0 0 ,
VornoiFreq:0.023918 0.0284738 0.0318907 0.0333144 0.0344533 0.035877 0.0760251 0.0845672 0.0959567 0.132688 
AverageAreas:32.9072 32.3957 33.1184 33.0466 32.8613 32.5828 32.5656 33.2014 32.5027 31.8767 
AreaStds:1.4331 1.20731 1.17908 1.20352 1.3046 1.28988 1.29136 1.28204 1.28496 1.36293 
AverageVolumes:14.9756 14.7143 15.2224 14.9318 14.7611 14.5188 14.8671 15.1326 14.6195 14.3972 
VolumeStds:0.968324 0.789721 0.815807 0.807394 0.884064 0.85897 0.877164 0.901569 0.855789 0.908615 
Timestep:2215000
Temperature: 649.875
AverageArea: 32.8794
AreaStd: 1.48235
AverageVolume: 14.8855
VolumeStd: 0.992457
VornoiIndicies:0 0 0 1 2 6 2 1 0 0 0 0 0 0 0 ,0 0 0 0 2 8 4 0 0 0 0 0 0 0 0 ,0 0 0 1 2 6 3 1 0 0 0 0 0 0 0 ,0 0 0 1 0 9 3 0 0 0 0 0 0 0 0 ,0 0 0 0 2 8 1 0 0 0 0 0 0 0 0 ,0 0 0 0 3 6 3 0 0 0 0 0 0 0 0 ,0 0 0 0 3 6 4 0 0 0 0 0 0 0 0 ,0 0 0 0 1 10 2 0 0 0 0 0 0 0 0 ,0 0 0 0 2 8 2 0 0 0 0 0 0 0 0 ,0 0 0 0 0 12 0 0 0 0 0 0 0 0 0 ,
VornoiFreq:0.0270501 0.0301822 0.0310364 0.0321754 0.0338838 0.0350228 0.0746014 0.0794419 0.0973804 0.134396 
AverageAreas:32.8263 33.3038 32.9454 32.332 32.6378 32.8273 33.0496 32.5399 32.5445 31.6483 
AreaStds:1.26313 1.34621 1.40109 1.3016 1.4158 1.30949 1.2679 1.18681 1.31108 1.40738 
AverageVolumes:14.6908 15.3354 14.8712 14.6743 14.5611 14.7478 15.0451 14.8484 14.6371 14.2397 
VolumeStds:0.8503 0.94851 0.924253 0.886583 0.967746 0.883602 0.876367 0.807501 0.895011 0.944007 
Timestep:2245000
Temperature: 585.961
AverageArea: 32.862
AreaStd: 1.45717
AverageVolume: 14.8803
VolumeStd: 0.973327
VornoiIndicies:0 0 0 0 2 8 3 0 0 0 0 0 0 0 0 ,0 0 0 1 0 9 3 0 0 0 0 0 0 0 0 ,0 0 0 0 2 8 4 0 0 0 0 0 0 0 0 ,0 0 0 1 2 6 3 1 0 0 0 0 0 0 0 ,0 0 0 0 2 8 1 0 0 0 0 0 0 0 0 ,0 0 0 0 3 6 3 0 0 0 0 0 0 0 0 ,0 0 0 0 3 6 4 0 0 0 0 0 0 0 0 ,0 0 0 0 1 10 2 0 0 0 0 0 0 0 0 ,0 0 0 0 2 8 2 0 0 0 0 0 0 0 0 ,0 0 0 0 0 12 0 0 0 0 0 0 0 0 0 ,
VornoiFreq:0.0261959 0.0261959 0.0307517 0.0335991 0.0341686 0.0375854 0.0817198 0.0862756 0.0919704 0.142369 
AverageAreas:32.738 32.3624 33.2795 33.1614 32.4804 32.7705 33.0127 32.4475 32.4624 31.7829 
AreaStds:1.48653 1.34144 1.18904 1.34731 1.13211 1.19988 1.32694 1.21611 1.22692 1.3544 
AverageVolumes:14.8399 14.7036 15.3524 15.0385 14.436 14.6898 15.0118 14.7908 14.5667 14.3323 
VolumeStds:1.00149 0.906254 0.83693 0.940743 0.771151 0.794066 0.926011 0.820193 0.816923 0.904667 
Timestep:2275000
Temperature: 573.469
AverageArea: 32.8132
AreaStd: 1.45978
AverageVolume: 14.8565
VolumeStd: 0.973103
VornoiIndicies:0 0 0 0 2 8 3 0 0 0 0 0 0 0 0 ,0 0 0 1 0 9 3 0 0 0 0 0 0 0 0 ,0 0 0 0 2 8 1 0 0 0 0 0 0 0 0 ,0 0 0 0 2 8 4 0 0 0 0 0 0 0 0 ,0 0 0 1 2 6 3 1 0 0 0 0 0 0 0 ,0 0 0 0 3 6 3 0 0 0 0 0 0 0 0 ,0 0 0 0 3 6 4 0 0 0 0 0 0 0 0 ,0 0 0 0 1 10 2 0 0 0 0 0 0 0 0 ,0 0 0 0 2 8 2 0 0 0 0 0 0 0 0 ,0 0 0 0 0 12 0 0 0 0 0 0 0 0 0 ,
VornoiFreq:0.0216401 0.0281891 0.0310364 0.0313212 0.0344533 0.0350228 0.0814351 0.0848519 0.105353 0.144932 
AverageAreas:32.6768 32.2686 32.5232 33.3072 32.9636 32.8597 33.0625 32.443 32.4518 31.6539 
AreaStds:1.43063 1.04854 1.27553 1.30258 1.19104 1.3887 1.27149 1.13371 1.31764 1.36442 
AverageVolumes:14.7939 14.6262 14.4735 15.388 14.8733 14.7721 15.0548 14.7747 14.5912 14.253 
VolumeStds:0.984621 0.705024 0.886923 0.921365 0.833339 0.943909 0.857876 0.767096 0.882853 0.911111 
Timestep:2305000
Temperature: 545.708
AverageArea: 32.772
AreaStd: 1.46464
AverageVolume: 14.8245
VolumeStd: 0.975268
VornoiIndicies:0 0 0 0 2 8 3 0 0 0 0 0 0 0 0 ,0 0 0 0 3 6 3 0 0 0 0 0 0 0 0 ,0 0 0 1 2 6 3 1 0 0 0 0 0 0 0 ,0 0 0 0 2 8 4 0 0 0 0 0 0 0 0 ,0 0 0 1 0 9 3 0 0 0 0 0 0 0 0 ,0 0 0 0 2 8 1 0 0 0 0 0 0 0 0 ,0 0 0 0 1 10 2 0 0 0 0 0 0 0 0 ,0 0 0 0 3 6 4 0 0 0 0 0 0 0 0 ,0 0 0 0 2 8 2 0 0 0 0 0 0 0 0 ,0 0 0 0 0 12 0 0 0 0 0 0 0 0 0 ,
VornoiFreq:0.0222096 0.0287585 0.030467 0.0307517 0.0324601 0.0364465 0.0800114 0.089123 0.0970957 0.142654 
AverageAreas:32.9273 32.8819 32.8567 32.9687 32.2955 32.3935 32.4837 32.9452 32.4781 31.6818 
AreaStds:1.26436 1.34192 1.36614 1.24512 1.26339 1.31672 1.27 1.28933 1.40064 1.37356 
AverageVolumes:14.9824 14.8221 14.8298 15.1183 14.6415 14.3945 14.8036 14.9812 14.6025 14.2702 
VolumeStds:0.872664 0.896244 0.915309 0.839841 0.854825 0.885593 0.85706 0.880719 0.941655 0.919261 
Timestep:2335000
Temperature: 526.371
AverageArea: 32.7225
AreaStd: 1.48089
AverageVolume: 14.7949
VolumeStd: 0.97829
VornoiIndicies:0 0 0 0 2 8 3 0 0 0 0 0 0 0 0 ,0 0 0 1 0 9 3 0 0 0 0 0 0 0 0 ,0 0 0 0 2 8 4 0 0 0 0 0 0 0 0 ,0 0 0 0 3 6 3 0 0 0 0 0 0 0 0 ,0 0 0 1 2 6 3 1 0 0 0 0 0 0 0 ,0 0 0 0 2 8 1 0 0 0 0 0 0 0 0 ,0 0 0 0 3 6 4 0 0 0 0 0 0 0 0 ,0 0 0 0 1 10 2 0 0 0 0 0 0 0 0 ,0 0 0 0 2 8 2 0 0 0 0 0 0 0 0 ,0 0 0 0 0 12 0 0 0 0 0 0 0 0 0 ,
VornoiFreq:0.0236333 0.0284738 0.0313212 0.0313212 0.0327449 0.0370159 0.0754556 0.0862756 0.0990888 0.143223 
AverageAreas:32.4471 32.2139 33.0956 32.7147 32.7555 32.4927 32.9222 32.5109 32.3379 31.5935 
AreaStds:1.33139 1.43944 1.35929 1.32326 1.39655 1.278 1.32737 1.27205 1.36927 1.37786 
AverageVolumes:14.6568 14.6001 15.2109 14.6877 14.7523 14.4474 14.9517 14.8336 14.5119 14.2236 
VolumeStds:0.914119 0.956568 0.944258 0.900015 0.9462 0.858325 0.900559 0.86209 0.897869 0.911317 
Timestep:2365000
Temperature: 504.511
AverageArea: 32.7503
AreaStd: 1.45305
AverageVolume: 14.8162
VolumeStd: 0.963632
VornoiIndicies:0 0 0 0 2 8 3 0 0 0 0 0 0 0 0 ,0 0 0 1 0 9 3 0 0 0 0 0 0 0 0 ,0 0 0 0 2 8 4 0 0 0 0 0 0 0 0 ,0 0 0 1 2 6 3 1 0 0 0 0 0 0 0 ,0 0 0 0 2 8 1 0 0 0 0 0 0 0 0 ,0 0 0 0 3 6 3 0 0 0 0 0 0 0 0 ,0 0 0 0 3 6 4 0 0 0 0 0 0 0 0 ,0 0 0 0 1 10 2 0 0 0 0 0 0 0 0 ,0 0 0 0 2 8 2 0 0 0 0 0 0 0 0 ,0 0 0 0 0 12 0 0 0 0 0 0 0 0 0 ,
VornoiFreq:0.0236333 0.0284738 0.0287585 0.0330296 0.035877 0.0378702 0.0828588 0.0834282 0.0959567 0.14123 
AverageAreas:32.8557 32.4223 33.2792 32.893 32.4537 32.7745 32.8244 32.3642 32.3904 31.6287 
AreaStds:1.34038 1.37659 1.17074 1.30821 1.2616 1.32296 1.28449 1.33204 1.35218 1.30689 
AverageVolumes:14.9229 14.7496 15.3795 14.8459 14.4372 14.7213 14.8933 14.7508 14.5405 14.2459 
VolumeStds:0.911916 0.923551 0.788687 0.908754 0.833338 0.882277 0.873156 0.899695 0.899895 0.87442 
Timestep:2395000
Temperature: 466.931
AverageArea: 32.6372
AreaStd: 1.42861
AverageVolume: 14.7491
VolumeStd: 0.943842
VornoiIndicies:0 0 0 0 2 8 3 0 0 0 0 0 0 0 0 ,0 0 0 1 0 9 3 0 0 0 0 0 0 0 0 ,0 0 0 0 2 8 4 0 0 0 0 0 0 0 0 ,0 0 0 0 2 8 1 0 0 0 0 0 0 0 0 ,0 0 0 1 2 6 3 1 0 0 0 0 0 0 0 ,0 0 0 0 3 6 3 0 0 0 0 0 0 0 0 ,0 0 0 0 3 6 4 0 0 0 0 0 0 0 0 ,0 0 0 0 1 10 2 0 0 0 0 0 0 0 0 ,0 0 0 0 2 8 2 0 0 0 0 0 0 0 0 ,0 0 0 0 0 12 0 0 0 0 0 0 0 0 0 ,
VornoiFreq:0.022779 0.0259112 0.0298975 0.0330296 0.0341686 0.0367312 0.0814351 0.0834282 0.0965262 0.154043 
AverageAreas:32.6835 32.1884 32.7088 32.29 32.9652 32.7459 32.8704 32.2825 32.4308 31.5445 
AreaStds:1.18522 1.40425 1.26842 1.21898 1.22792 1.43113 1.27529 1.21191 1.29493 1.3444 
AverageVolumes:14.8277 14.6046 14.9772 14.3277 14.9023 14.716 14.9151 14.6914 14.5795 14.1934 
VolumeStds:0.800729 0.943224 0.854923 0.806352 0.826342 0.956435 0.870595 0.816173 0.876617 0.89204 
Timestep:2420000
Temperature: 457.375
AverageArea: 32.6477
AreaStd: 1.44776
AverageVolume: 14.7558
VolumeStd: 0.955354
VornoiIndicies:0 0 0 0 2 8 3 0 0 0 0 0 0 0 0 ,0 0 0 0 2 8 4 0 0 0 0 0 0 0 0 ,0 0 0 1 0 9 3 0 0 0 0 0 0 0 0 ,0 0 0 1 2 6 3 1 0 0 0 0 0 0 0 ,0 0 0 0 2 8 1 0 0 0 0 0 0 0 0 ,0 0 0 0 3 6 3 0 0 0 0 0 0 0 0 ,0 0 0 0 1 10 2 0 0 0 0 0 0 0 0 ,0 0 0 0 3 6 4 0 0 0 0 0 0 0 0 ,0 0 0 0 2 8 2 0 0 0 0 0 0 0 0 ,0 0 0 0 0 12 0 0 0 0 0 0 0 0 0 ,
VornoiFreq:0.0259112 0.0270501 0.0287585 0.0296128 0.0353075 0.0355923 0.0882688 0.0911162 0.0970957 0.140945 
AverageAreas:32.7888 32.924 32.0428 32.8348 32.3285 32.6422 32.3182 32.8161 32.2976 31.5114 
AreaStds:1.33979 1.16868 1.23298 1.38787 1.28822 1.34162 1.24785 1.38838 1.21385 1.25581 
AverageVolumes:14.8739 15.1428 14.5164 14.8109 14.3734 14.6434 14.7093 14.9013 14.4827 14.1723 
VolumeStds:0.911712 0.801441 0.826396 0.915714 0.855393 0.9017 0.842565 0.939206 0.823626 0.833753 
Timestep:2450000
Temperature: 421.268
AverageArea: 32.6162
AreaStd: 1.44249
AverageVolume: 14.741
VolumeStd: 0.947028
VornoiIndicies:0 0 0 0 2 8 3 0 0 0 0 0 0 0 0 ,0 0 0 1 0 9 3 0 0 0 0 0 0 0 0 ,0 0 0 1 2 6 3 1 0 0 0 0 0 0 0 ,0 0 0 0 2 8 1 0 0 0 0 0 0 0 0 ,0 0 0 0 2 8 4 0 0 0 0 0 0 0 0 ,0 0 0 0 3 6 3 0 0 0 0 0 0 0 0 ,0 0 0 0 3 6 4 0 0 0 0 0 0 0 0 ,0 0 0 0 1 10 2 0 0 0 0 0 0 0 0 ,0 0 0 0 2 8 2 0 0 0 0 0 0 0 0 ,0 0 0 0 0 12 0 0 0 0 0 0 0 0 0 ,
VornoiFreq:0.0244875 0.0256264 0.0316059 0.0338838 0.0338838 0.0353075 0.0848519 0.0942483 0.0993736 0.150911 
AverageAreas:32.5437 32.2722 32.9811 32.302 32.8262 32.6305 32.6712 32.2111 32.3423 31.5105 
AreaStds:1.41658 1.41511 1.26103 1.17836 1.14517 1.18852 1.28719 1.1566 1.29392 1.27626 
AverageVolumes:14.741 14.6554 14.9162 14.3462 15.0691 14.6455 14.8035 14.6466 14.526 14.1775 
VolumeStds:0.934555 0.927945 0.880264 0.806968 0.806311 0.804265 0.860627 0.775619 0.8712 0.846295 
Timestep:2480000
Temperature: 393.534
AverageArea: 32.5781
AreaStd: 1.43131
AverageVolume: 14.7146
VolumeStd: 0.942318
VornoiIndicies:0 0 0 0 2 8 3 0 0 0 0 0 0 0 0 ,0 0 0 1 0 9 3 0 0 0 0 0 0 0 0 ,0 0 0 0 2 8 4 0 0 0 0 0 0 0 0 ,0 0 0 0 3 6 3 0 0 0 0 0 0 0 0 ,0 0 0 1 2 6 3 1 0 0 0 0 0 0 0 ,0 0 0 0 2 8 1 0 0 0 0 0 0 0 0 ,0 0 0 0 3 6 4 0 0 0 0 0 0 0 0 ,0 0 0 0 1 10 2 0 0 0 0 0 0 0 0 ,0 0 0 0 2 8 2 0 0 0 0 0 0 0 0 ,0 0 0 0 0 12 0 0 0 0 0 0 0 0 0 ,
VornoiFreq:0.0242027 0.0296128 0.0298975 0.0330296 0.0335991 0.0338838 0.0794419 0.0879841 0.108485 0.147494 
AverageAreas:32.395 32.033 32.7738 32.5468 32.8409 32.2302 32.7387 32.3288 32.3805 31.4637 
AreaStds:1.3253 1.25043 1.22927 1.21959 1.37405 1.12504 1.26573 1.17825 1.32824 1.31543 
AverageVolumes:14.6403 14.5069 15.0209 14.5726 14.8445 14.2987 14.8556 14.7181 14.5501 14.1486 
VolumeStds:0.899596 0.842079 0.852635 0.834355 0.91902 0.752517 0.845599 0.802197 0.884479 0.866109 
Timestep:2510000
Temperature: 366.775
AverageArea: 32.5453
AreaStd: 1.40328
AverageVolume: 14.6931
VolumeStd: 0.92186
VornoiIndicies:0 0 0 0 2 8 3 0 0 0 0 0 0 0 0 ,0 0 0 1 0 9 3 0 0 0 0 0 0 0 0 ,0 0 0 0 2 8 4 0 0 0 0 0 0 0 0 ,0 0 0 0 2 8 1 0 0 0 0 0 0 0 0 ,0 0 0 1 2 6 3 1 0 0 0 0 0 0 0 ,0 0 0 0 3 6 3 0 0 0 0 0 0 0 0 ,0 0 0 0 3 6 4 0 0 0 0 0 0 0 0 ,0 0 0 0 1 10 2 0 0 0 0 0 0 0 0 ,0 0 0 0 2 8 2 0 0 0 0 0 0 0 0 ,0 0 0 0 0 12 0 0 0 0 0 0 0 0 0 ,
VornoiFreq:0.0253417 0.0281891 0.0301822 0.030467 0.0327449 0.0373007 0.083713 0.0876993 0.106777 0.148633 
AverageAreas:32.5036 32.0072 32.6444 32.0987 32.87 32.6428 32.6913 32.1987 32.2887 31.4943 
AreaStds:1.18748 1.13401 1.19201 1.21018 1.25286 1.19328 1.24305 1.23336 1.27244 1.32435 
AverageVolumes:14.6976 14.4728 14.9513 14.2195 14.8477 14.6509 14.8009 14.6438 14.493 14.1693 
VolumeStds:0.807976 0.748907 0.824811 0.831739 0.843294 0.800058 0.843412 0.831893 0.842274 0.882977 
Timestep:2540000
Temperature: 346.446
AverageArea: 32.4785
AreaStd: 1.411
AverageVolume: 14.6516
VolumeStd: 0.920736
VornoiIndicies:0 0 0 0 2 8 3 0 0 0 0 0 0 0 0 ,0 0 0 0 2 8 4 0 0 0 0 0 0 0 0 ,0 0 0 1 0 9 3 0 0 0 0 0 0 0 0 ,0 0 0 0 3 6 3 0 0 0 0 0 0 0 0 ,0 0 0 1 2 6 3 1 0 0 0 0 0 0 0 ,0 0 0 0 2 8 1 0 0 0 0 0 0 0 0 ,0 0 0 0 3 6 4 0 0 0 0 0 0 0 0 ,0 0 0 0 1 10 2 0 0 0 0 0 0 0 0 ,0 0 0 0 2 8 2 0 0 0 0 0 0 0 0 ,0 0 0 0 0 12 0 0 0 0 0 0 0 0 0 ,
VornoiFreq:0.0230638 0.0290433 0.0290433 0.0327449 0.0335991 0.035877 0.0834282 0.0882688 0.105353 0.150911 
AverageAreas:32.5812 32.7214 31.9902 32.564 32.517 32.3297 32.714 32.1383 32.2913 31.3627 
AreaStds:1.36622 1.21996 1.1318 1.3069 1.12033 1.12387 1.28557 1.18442 1.29196 1.29013 
AverageVolumes:14.7595 14.9962 14.474 14.6368 14.6184 14.3776 14.8261 14.6017 14.4881 14.0855 
VolumeStds:0.930128 0.830692 0.750989 0.880057 0.762733 0.757065 0.881526 0.780706 0.847946 0.853887 
Timestep:2570000
Temperature: 300.547
AverageArea: 32.4935
AreaStd: 1.40902
AverageVolume: 14.6644
VolumeStd: 0.921312
VornoiIndicies:0 0 0 0 2 8 3 0 0 0 0 0 0 0 0 ,0 0 0 1 0 9 3 0 0 0 0 0 0 0 0 ,0 0 0 1 2 6 3 1 0 0 0 0 0 0 0 ,0 0 0 0 2 8 4 0 0 0 0 0 0 0 0 ,0 0 0 0 3 6 3 0 0 0 0 0 0 0 0 ,0 0 0 0 2 8 1 0 0 0 0 0 0 0 0 ,0 0 0 0 3 6 4 0 0 0 0 0 0 0 0 ,0 0 0 0 1 10 2 0 0 0 0 0 0 0 0 ,0 0 0 0 2 8 2 0 0 0 0 0 0 0 0 ,0 0 0 0 0 12 0 0 0 0 0 0 0 0 0 ,
VornoiFreq:0.0242027 0.0273349 0.0307517 0.0316059 0.0344533 0.0407175 0.0839977 0.0899772 0.103645 0.155182 
AverageAreas:32.5941 31.7424 32.732 32.6113 32.7024 32.2459 32.6903 32.2688 32.3373 31.4009 
AreaStds:1.39897 1.08773 1.31881 1.21698 1.22581 1.18058 1.24423 1.25808 1.25501 1.27543 
AverageVolumes:14.7869 14.3288 14.7492 14.8801 14.6991 14.3307 14.8111 14.6886 14.52 14.1122 
VolumeStds:0.953291 0.709323 0.908148 0.817575 0.831298 0.791173 0.837853 0.829938 0.832358 0.845146 
Timestep:2600000
Temperature: 294.008
AverageArea: 32.4244
AreaStd: 1.39481
AverageVolume: 14.6248
VolumeStd: 0.909091
VornoiIndicies:0 0 0 0 2 8 3 0 0 0 0 0 0 0 0 ,0 0 0 1 0 9 3 0 0 0 0 0 0 0 0 ,0 0 0 0 2 8 4 0 0 0 0 0 0 0 0 ,0 0 0 1 2 6 3 1 0 0 0 0 0 0 0 ,0 0 0 0 3 6 3 0 0 0 0 0 0 0 0 ,0 0 0 0 2 8 1 0 0 0 0 0 0 0 0 ,0 0 0 0 3 6 4 0 0 0 0 0 0 0 0 ,0 0 0 0 1 10 2 0 0 0 0 0 0 0 0 ,0 0 0 0 2 8 2 0 0 0 0 0 0 0 0 ,0 0 0 0 0 12 0 0 0 0 0 0 0 0 0 ,
VornoiFreq:0.0233485 0.0270501 0.0330296 0.0335991 0.0392938 0.0395786 0.0802961 0.0851367 0.107062 0.160023 
AverageAreas:32.288 31.925 32.6493 32.7161 32.3864 32.2316 32.7034 32.1666 32.184 31.3559 
AreaStds:1.4566 1.28548 1.27307 1.27291 1.24988 1.12294 1.22006 1.19509 1.26607 1.27808 
AverageVolumes:14.5782 14.4409 14.9545 14.7593 14.4853 14.3081 14.8273 14.6299 14.4216 14.089 
VolumeStds:0.984317 0.859797 0.874568 0.853014 0.854604 0.759078 0.825965 0.803198 0.843205 0.839235 
Timestep:2630000
Temperature: 250.11
AverageArea: 32.4108
AreaStd: 1.38322
AverageVolume: 14.616
VolumeStd: 0.898397
VornoiIndicies:0 0 0 0 2 8 3 0 0 0 0 0 0 0 0 ,0 0 0 1 0 9 3 0 0 0 0 0 0 0 0 ,0 0 0 0 2 8 4 0 0 0 0 0 0 0 0 ,0 0 0 1 2 6 3 1 0 0 0 0 0 0 0 ,0 0 0 0 2 8 1 0 0 0 0 0 0 0 0 ,0 0 0 0 3 6 3 0 0 0 0 0 0 0 0 ,0 0 0 0 3 6 4 0 0 0 0 0 0 0 0 ,0 0 0 0 1 10 2 0 0 0 0 0 0 0 0 ,0 0 0 0 2 8 2 0 0 0 0 0 0 0 0 ,0 0 0 0 0 12 0 0 0 0 0 0 0 0 0 ,
VornoiFreq:0.0264806 0.0281891 0.029328 0.0313212 0.035877 0.0375854 0.0885535 0.0939636 0.0990888 0.157745 
AverageAreas:32.1011 31.7778 32.7293 32.6095 32.1599 32.5314 32.6536 32.0688 32.224 31.3463 
AreaStds:1.22207 1.14127 1.2638 1.27731 1.07062 1.26667 1.19542 1.17157 1.21183 1.30778 
AverageVolumes:14.4369 14.3451 14.9931 14.7 14.2574 14.5846 14.797 14.5617 14.4574 14.0834 
VolumeStds:0.84072 0.732667 0.852055 0.852166 0.709895 0.841861 0.801714 0.773061 0.805985 0.862631 
Timestep:2660000
Temperature: 239.409
AverageArea: 32.3744
AreaStd: 1.37315
AverageVolume: 14.5941
VolumeStd: 0.894158
VornoiIndicies:0 0 0 1 0 9 3 0 0 0 0 0 0 0 0 ,0 0 0 0 2 8 3 0 0 0 0 0 0 0 0 ,0 0 0 0 2 8 4 0 0 0 0 0 0 0 0 ,0 0 0 1 2 6 3 1 0 0 0 0 0 0 0 ,0 0 0 0 2 8 1 0 0 0 0 0 0 0 0 ,0 0 0 0 3 6 3 0 0 0 0 0 0 0 0 ,0 0 0 0 3 6 4 0 0 0 0 0 0 0 0 ,0 0 0 0 1 10 2 0 0 0 0 0 0 0 0 ,0 0 0 0 2 8 2 0 0 0 0 0 0 0 0 ,0 0 0 0 0 12 0 0 0 0 0 0 0 0 0 ,
VornoiFreq:0.0253417 0.0270501 0.0330296 0.0341686 0.0373007 0.0378702 0.0831435 0.090262 0.106777 0.156036 
AverageAreas:31.654 32.3695 32.6811 32.5878 32.2488 32.4832 32.6114 32.0611 32.1535 31.2846 
AreaStds:1.16634 1.17428 1.22754 1.17685 1.03723 1.1521 1.28404 1.20488 1.26275 1.26297 
AverageVolumes:14.2739 14.6119 14.9714 14.6792 14.3292 14.5423 14.7683 14.5567 14.4094 14.0477 
VolumeStds:0.775116 0.811799 0.825926 0.813281 0.696506 0.772668 0.872896 0.802279 0.844936 0.834118 
Timestep:2690000
Temperature: 200.064
AverageArea: 32.3296
AreaStd: 1.36679
AverageVolume: 14.5668
VolumeStd: 0.886429
VornoiIndicies:0 0 0 1 0 9 3 0 0 0 0 0 0 0 0 ,0 0 0 1 2 6 2 1 0 0 0 0 0 0 0 ,0 0 0 0 2 8 4 0 0 0 0 0 0 0 0 ,0 0 0 1 2 6 3 1 0 0 0 0 0 0 0 ,0 0 0 0 3 6 3 0 0 0 0 0 0 0 0 ,0 0 0 0 2 8 1 0 0 0 0 0 0 0 0 ,0 0 0 0 3 6 4 0 0 0 0 0 0 0 0 ,0 0 0 0 1 10 2 0 0 0 0 0 0 0 0 ,0 0 0 0 2 8 2 0 0 0 0 0 0 0 0 ,0 0 0 0 0 12 0 0 0 0 0 0 0 0 0 ,
VornoiFreq:0.0222096 0.0244875 0.0330296 0.0330296 0.0367312 0.0392938 0.0885535 0.0962415 0.101936 0.160592 
AverageAreas:31.6622 32.3789 32.5973 32.7474 32.4074 32.2291 32.5619 31.937 32.1445 31.2541 
AreaStds:1.14883 1.26766 1.08391 1.20731 1.17158 1.1145 1.19498 1.15884 1.20711 1.26151 
AverageVolumes:14.2819 14.4236 14.9191 14.7889 14.5002 14.3133 14.7354 14.4782 14.4065 14.0297 
VolumeStds:0.755249 0.85162 0.751471 0.811934 0.818086 0.742126 0.803934 0.771862 0.817715 0.832356 
Timestep:2720000
Temperature: 181.796
AverageArea: 32.3185
AreaStd: 1.37312
AverageVolume: 14.5624
VolumeStd: 0.889446
VornoiIndicies:0 0 0 1 0 9 3 0 0 0 0 0 0 0 0 ,0 0 0 0 2 8 3 0 0 0 0 0 0 0 0 ,0 0 0 0 2 8 4 0 0 0 0 0 0 0 0 ,0 0 0 1 2 6 3 1 0 0 0 0 0 0 0 ,0 0 0 0 3 6 3 0 0 0 0 0 0 0 0 ,0 0 0 0 2 8 1 0 0 0 0 0 0 0 0 ,0 0 0 0 3 6 4 0 0 0 0 0 0 0 0 ,0 0 0 0 1 10 2 0 0 0 0 0 0 0 0 ,0 0 0 0 2 8 2 0 0 0 0 0 0 0 0 ,0 0 0 0 0 12 0 0 0 0 0 0 0 0 0 ,
VornoiFreq:0.0261959 0.0270501 0.0290433 0.0335991 0.0373007 0.0427107 0.0862756 0.0896925 0.110763 0.159453 
AverageAreas:31.6861 32.3233 32.6183 32.619 32.4356 32.1286 32.4978 31.9601 32.238 31.1929 
AreaStds:1.16852 1.39071 1.20741 1.19616 1.25269 1.10977 1.25122 1.17692 1.18863 1.22628 
AverageVolumes:14.2895 14.5952 14.9487 14.6958 14.5295 14.2476 14.7039 14.5025 14.4654 13.9927 
VolumeStds:0.779985 0.936564 0.822292 0.819132 0.849373 0.740457 0.832678 0.78178 0.798639 0.812212 
Timestep:2745000
Temperature: 151.07
AverageArea: 32.3244
AreaStd: 1.37176
AverageVolume: 14.5646
VolumeStd: 0.889042
VornoiIndicies:0 0 0 0 2 8 3 0 0 0 0 0 0 0 0 ,0 0 0 1 0 9 3 0 0 0 0 0 0 0 0 ,0 0 0 0 2 8 4 0 0 0 0 0 0 0 0 ,0 0 0 0 3 6 3 0 0 0 0 0 0 0 0 ,0 0 0 1 2 6 3 1 0 0 0 0 0 0 0 ,0 0 0 0 2 8 1 0 0 0 0 0 0 0 0 ,0 0 0 0 3 6 4 0 0 0 0 0 0 0 0 ,0 0 0 0 1 10 2 0 0 0 0 0 0 0 0 ,0 0 0 0 2 8 2 0 0 0 0 0 0 0 0 ,0 0 0 0 0 12 0 0 0 0 0 0 0 0 0 ,
VornoiFreq:0.0230638 0.0273349 0.0298975 0.0335991 0.0353075 0.0381549 0.0862756 0.0919704 0.105638 0.155752 
AverageAreas:32.3479 31.8325 32.6357 32.59 32.6457 32.1578 32.585 31.9075 32.1367 31.2108 
AreaStds:1.4646 1.29271 1.163 1.17149 1.15232 1.15906 1.24096 1.15957 1.23046 1.24421 
AverageVolumes:14.6058 14.4007 14.9388 14.621 14.693 14.2724 14.7588 14.454 14.4104 14.0021 
VolumeStds:0.973238 0.863103 0.800766 0.793813 0.795939 0.767058 0.834878 0.765317 0.823752 0.819027 
Timestep:2775000
Temperature: 130.941
AverageArea: 32.3146
AreaStd: 1.36186
AverageVolume: 14.5597
VolumeStd: 0.88496
VornoiIndicies:0 0 0 1 0 9 3 0 0 0 0 0 0 0 0 ,0 0 0 0 2 8 3 0 0 0 0 0 0 0 0 ,0 0 0 1 2 6 3 1 0 0 0 0 0 0 0 ,0 0 0 0 2 8 4 0 0 0 0 0 0 0 0 ,0 0 0 0 2 8 1 0 0 0 0 0 0 0 0 ,0 0 0 0 3 6 3 0 0 0 0 0 0 0 0 ,0 0 0 0 3 6 4 0 0 0 0 0 0 0 0 ,0 0 0 0 1 10 2 0 0 0 0 0 0 0 0 ,0 0 0 0 2 8 2 0 0 0 0 0 0 0 0 ,0 0 0 0 0 12 0 0 0 0 0 0 0 0 0 ,
VornoiFreq:0.0242027 0.0247722 0.0307517 0.034738 0.0384396 0.0384396 0.083713 0.0973804 0.107346 0.160308 
AverageAreas:31.9061 32.2578 32.5621 32.495 32.1318 32.3594 32.5825 31.9753 32.1107 31.2344 
AreaStds:1.17663 1.30257 1.17436 1.08916 1.13088 1.22102 1.2475 1.20827 1.19593 1.25193 
AverageVolumes:14.4434 14.5282 14.6541 14.8704 14.2547 14.4598 14.7597 14.5046 14.3852 14.018 
VolumeStds:0.771942 0.858663 0.798017 0.7325 0.745507 0.834289 0.840198 0.803947 0.805754 0.82458 
Timestep:2805000
Temperature: 98.7287
AverageArea: 32.3036
AreaStd: 1.37142
AverageVolume: 14.5516
VolumeStd: 0.887559
VornoiIndicies:0 0 0 1 0 9 3 0 0 0 0 0 0 0 0 ,0 0 0 1 2 6 2 1 0 0 0 0 0 0 0 ,0 0 0 0 2 8 4 0 0 0 0 0 0 0 0 ,0 0 0 1 2 6 3 1 0 0 0 0 0 0 0 ,0 0 0 0 3 6 3 0 0 0 0 0 0 0 0 ,0 0 0 0 2 8 1 0 0 0 0 0 0 0 0 ,0 0 0 0 3 6 4 0 0 0 0 0 0 0 0 ,0 0 0 0 1 10 2 0 0 0 0 0 0 0 0 ,0 0 0 0 2 8 2 0 0 0 0 0 0 0 0 ,0 0 0 0 0 12 0 0 0 0 0 0 0 0 0 ,
VornoiFreq:0.0242027 0.0242027 0.0330296 0.0335991 0.035877 0.0418565 0.0896925 0.0899772 0.109055 0.162585 
AverageAreas:31.7305 32.3027 32.5414 32.5753 32.4452 32.2567 32.4615 31.9293 32.1181 31.2001 
AreaStds:1.16043 1.10186 1.09949 1.26919 1.23708 1.11822 1.26488 1.15743 1.21938 1.24644 
AverageVolumes:14.3301 14.3765 14.883 14.6755 14.5386 14.3292 14.6768 14.4773 14.3826 13.9957 
VolumeStds:0.765651 0.742623 0.757772 0.867897 0.842468 0.746868 0.844044 0.767775 0.813264 0.823594 
Timestep:2835000
Temperature: 72.5819
AverageArea: 32.3177
AreaStd: 1.37053
AverageVolume: 14.5607
VolumeStd: 0.887604
VornoiIndicies:0 0 0 1 2 6 2 1 0 0 0 0 0 0 0 ,0 0 0 0 2 8 3 0 0 0 0 0 0 0 0 ,0 0 0 0 2 8 4 0 0 0 0 0 0 0 0 ,0 0 0 0 3 6 3 0 0 0 0 0 0 0 0 ,0 0 0 1 2 6 3 1 0 0 0 0 0 0 0 ,0 0 0 0 2 8 1 0 0 0 0 0 0 0 0 ,0 0 0 0 3 6 4 0 0 0 0 0 0 0 0 ,0 0 0 0 1 10 2 0 0 0 0 0 0 0 0 ,0 0 0 0 2 8 2 0 0 0 0 0 0 0 0 ,0 0 0 0 0 12 0 0 0 0 0 0 0 0 0 ,
VornoiFreq:0.022779 0.0233485 0.0298975 0.0333144 0.0350228 0.0432802 0.0876993 0.0985194 0.106777 0.15803 
AverageAreas:32.4465 32.1271 32.6153 32.4901 32.6838 32.1034 32.5084 31.9716 32.1499 31.2095 
AreaStds:1.11658 1.31023 1.10839 1.17056 1.21033 1.07826 1.22905 1.17896 1.20092 1.239 
AverageVolumes:14.4639 14.4659 14.9494 14.5574 14.7504 14.2339 14.6982 14.5011 14.4188 14.0012 
VolumeStds:0.756703 0.883179 0.750656 0.789066 0.823444 0.73436 0.818724 0.784386 0.801709 0.818185 
Timestep:2865000
Temperature: 48.7647
AverageArea: 32.3096
AreaStd: 1.36995
AverageVolume: 14.5556
VolumeStd: 0.88664
VornoiIndicies:0 0 0 1 0 9 3 0 0 0 0 0 0 0 0 ,0 0 0 0 2 8 3 0 0 0 0 0 0 0 0 ,0 0 0 1 2 6 3 1 0 0 0 0 0 0 0 ,0 0 0 0 2 8 4 0 0 0 0 0 0 0 0 ,0 0 0 0 3 6 3 0 0 0 0 0 0 0 0 ,0 0 0 0 2 8 1 0 0 0 0 0 0 0 0 ,0 0 0 0 3 6 4 0 0 0 0 0 0 0 0 ,0 0 0 0 1 10 2 0 0 0 0 0 0 0 0 ,0 0 0 0 2 8 2 0 0 0 0 0 0 0 0 ,0 0 0 0 0 12 0 0 0 0 0 0 0 0 0 ,
VornoiFreq:0.0236333 0.0244875 0.0330296 0.0333144 0.0364465 0.041287 0.0874146 0.0979499 0.104214 0.161162 
AverageAreas:31.7624 32.3223 32.6076 32.4269 32.4714 32.2362 32.5798 31.9767 32.1283 31.2074 
AreaStds:1.27826 1.36671 1.21848 1.20848 1.25667 1.16983 1.24398 1.16449 1.20679 1.23593 
AverageVolumes:14.3437 14.5957 14.6789 14.8042 14.546 14.3226 14.7421 14.504 14.3978 14.0021 
VolumeStds:0.834573 0.924484 0.81949 0.825392 0.847121 0.772047 0.835612 0.765268 0.808782 0.815792 
Timestep:2895000
Temperature: 48.5819
AverageArea: 32.303
AreaStd: 1.36778
AverageVolume: 14.5518
VolumeStd: 0.88496
VornoiIndicies:0 0 0 1 2 6 2 1 0 0 0 0 0 0 0 ,0 0 0 1 0 9 3 0 0 0 0 0 0 0 0 ,0 0 0 0 2 8 4 0 0 0 0 0 0 0 0 ,0 0 0 1 2 6 3 1 0 0 0 0 0 0 0 ,0 0 0 0 3 6 3 0 0 0 0 0 0 0 0 ,0 0 0 0 2 8 1 0 0 0 0 0 0 0 0 ,0 0 0 0 3 6 4 0 0 0 0 0 0 0 0 ,0 0 0 0 1 10 2 0 0 0 0 0 0 0 0 ,0 0 0 0 2 8 2 0 0 0 0 0 0 0 0 ,0 0 0 0 0 12 0 0 0 0 0 0 0 0 0 ,
VornoiFreq:0.0233485 0.0244875 0.0316059 0.0361617 0.0381549 0.0421412 0.0848519 0.0942483 0.0996583 0.159453 
AverageAreas:32.4201 31.4742 32.4343 32.4799 32.4047 32.1548 32.5345 32.0163 32.086 31.2407 
AreaStds:1.16129 1.02601 1.16624 1.27174 1.20923 1.11338 1.22013 1.21718 1.1973 1.25711 
AverageVolumes:14.4561 14.1611 14.8175 14.5876 14.495 14.2706 14.7254 14.5332 14.3764 14.0219 
VolumeStds:0.782671 0.684977 0.807039 0.870609 0.81889 0.744548 0.808374 0.80355 0.794143 0.828698 
Timestep:2925000
Temperature: 44.3647
AverageArea: 32.3072
AreaStd: 1.36848
AverageVolume: 14.5562
VolumeStd: 0.886182
VornoiIndicies:0 0 0 1 2 6 2 1 0 0 0 0 0 0 0 ,0 0 0 1 0 9 3 0 0 0 0 0 0 0 0 ,0 0 0 0 2 8 4 0 0 0 0 0 0 0 0 ,0 0 0 1 2 6 3 1 0 0 0 0 0 0 0 ,0 0 0 0 3 6 3 0 0 0 0 0 0 0 0 ,0 0 0 0 2 8 1 0 0 0 0 0 0 0 0 ,0 0 0 0 3 6 4 0 0 0 0 0 0 0 0 ,0 0 0 0 1 10 2 0 0 0 0 0 0 0 0 ,0 0 0 0 2 8 2 0 0 0 0 0 0 0 0 ,0 0 0 0 0 12 0 0 0 0 0 0 0 0 0 ,
VornoiFreq:0.0216401 0.0253417 0.0330296 0.0341686 0.0381549 0.0407175 0.0899772 0.0922551 0.109055 0.160877 
AverageAreas:32.3352 31.6828 32.5206 32.6768 32.4864 32.2091 32.5538 32.0012 32.1398 31.2148 
AreaStds:1.18861 1.2473 1.12497 1.20635 1.1636 1.15157 1.20205 1.17206 1.2147 1.23409 
AverageVolumes:14.4011 14.3007 14.8825 14.7272 14.5504 14.3081 14.7329 14.5286 14.4107 14.0059 
VolumeStds:0.805275 0.827655 0.789443 0.829409 0.794685 0.771057 0.797311 0.774879 0.82072 0.812759 
Timestep:2955000
Temperature: 42.5865
AverageArea: 32.2975
AreaStd: 1.35959
AverageVolume: 14.548
VolumeStd: 0.879696
VornoiIndicies:0 0 0 1 0 9 3 0 0 0 0 0 0 0 0 ,0 0 0 0 2 8 3 0 0 0 0 0 0 0 0 ,0 0 0 1 2 6 3 1 0 0 0 0 0 0 0 ,0 0 0 0 2 8 4 0 0 0 0 0 0 0 0 ,0 0 0 0 3 6 3 0 0 0 0 0 0 0 0 ,0 0 0 0 2 8 1 0 0 0 0 0 0 0 0 ,0 0 0 0 3 6 4 0 0 0 0 0 0 0 0 ,0 0 0 0 1 10 2 0 0 0 0 0 0 0 0 ,0 0 0 0 2 8 2 0 0 0 0 0 0 0 0 ,0 0 0 0 0 12 0 0 0 0 0 0 0 0 0 ,
VornoiFreq:0.0236333 0.023918 0.0327449 0.0338838 0.0395786 0.0398633 0.082574 0.0939636 0.104784 0.159453 
AverageAreas:31.6909 32.0849 32.5975 32.6248 32.3709 32.2262 32.4834 31.9486 32.0642 31.2132 
AreaStds:1.09419 1.28771 1.08272 1.12987 1.23007 1.16733 1.20186 1.17419 1.22517 1.24086 
AverageVolumes:14.3109 14.4143 14.6633 14.9502 14.4716 14.3107 14.6879 14.4909 14.3622 14.0032 
VolumeStds:0.73485 0.863758 0.739677 0.759678 0.833349 0.765222 0.801338 0.77441 0.821012 0.815676 
Timestep:2985000
Temperature: 39.2787
AverageArea: 32.2975
AreaStd: 1.36378
AverageVolume: 14.5487
VolumeStd: 0.882836
VornoiIndicies:0 0 0 1 2 6 2 1 0 0 0 0 0 0 0 ,0 0 0 1 0 9 3 0 0 0 0 0 0 0 0 ,0 0 0 0 2 8 4 0 0 0 0 0 0 0 0 ,0 0 0 1 2 6 3 1 0 0 0 0 0 0 0 ,0 0 0 0 3 6 3 0 0 0 0 0 0 0 0 ,0 0 0 0 2 8 1 0 0 0 0 0 0 0 0 ,0 0 0 0 3 6 4 0 0 0 0 0 0 0 0 ,0 0 0 0 1 10 2 0 0 0 0 0 0 0 0 ,0 0 0 0 2 8 2 0 0 0 0 0 0 0 0 ,0 0 0 0 0 12 0 0 0 0 0 0 0 0 0 ,
VornoiFreq:0.0236333 0.0259112 0.0313212 0.0333144 0.0367312 0.0407175 0.0885535 0.0899772 0.109909 0.160023 
AverageAreas:32.4136 31.7 32.5463 32.6246 32.3907 32.1233 32.6176 31.9511 32.1563 31.1912 
AreaStds:1.22197 1.14876 1.12646 1.27593 1.22969 1.08378 1.26931 1.13741 1.22424 1.24374 
AverageVolumes:14.4499 14.3095 14.9009 14.6953 14.4941 14.2566 14.7801 14.4934 14.4146 13.9914 
VolumeStds:0.828144 0.73945 0.769351 0.86242 0.826811 0.729476 0.846568 0.756482 0.826147 0.821574 
Timestep:3015000
Temperature: 35.7779
AverageArea: 32.2889
AreaStd: 1.36438
AverageVolume: 14.5418
VolumeStd: 0.881021
VornoiIndicies:0 0 0 0 2 8 3 0 0 0 0 0 0 0 0 ,0 0 0 1 2 6 2 1 0 0 0 0 0 0 0 ,0 0 0 0 2 8 4 0 0 0 0 0 0 0 0 ,0 0 0 1 2 6 3 1 0 0 0 0 0 0 0 ,0 0 0 0 3 6 3 0 0 0 0 0 0 0 0 ,0 0 0 0 2 8 1 0 0 0 0 0 0 0 0 ,0 0 0 0 3 6 4 0 0 0 0 0 0 0 0 ,0 0 0 0 1 10 2 0 0 0 0 0 0 0 0 ,0 0 0 0 2 8 2 0 0 0 0 0 0 0 0 ,0 0 0 0 0 12 0 0 0 0 0 0 0 0 0 ,
VornoiFreq:0.0242027 0.0242027 0.0321754 0.0327449 0.0367312 0.0438497 0.0848519 0.0919704 0.105068 0.161446 
AverageAreas:32.295 32.3879 32.4742 32.4316 32.4579 32.2036 32.5748 31.9055 32.1135 31.2202 
AreaStds:1.29644 1.16571 1.18226 1.26985 1.20754 1.17978 1.28251 1.13914 1.18704 1.23117 
AverageVolumes:14.5768 14.4282 14.8447 14.5615 14.528 14.2925 14.7454 14.4662 14.3875 14.0097 
VolumeStds:0.891805 0.776731 0.799453 0.858916 0.810112 0.775291 0.845235 0.749836 0.792043 0.808623 
Timestep:3045000
Temperature: 32.9339
AverageArea: 32.288
AreaStd: 1.36159
AverageVolume: 14.5424
VolumeStd: 0.880119
VornoiIndicies:0 0 0 0 2 8 3 0 0 0 0 0 0 0 0 ,0 0 0 1 0 9 3 0 0 0 0 0 0 0 0 ,0 0 0 1 2 6 3 1 0 0 0 0 0 0 0 ,0 0 0 0 2 8 4 0 0 0 0 0 0 0 0 ,0 0 0 0 3 6 3 0 0 0 0 0 0 0 0 ,0 0 0 0 2 8 1 0 0 0 0 0 0 0 0 ,0 0 0 0 3 6 4 0 0 0 0 0 0 0 0 ,0 0 0 0 1 10 2 0 0 0 0 0 0 0 0 ,0 0 0 0 2 8 2 0 0 0 0 0 0 0 0 ,0 0 0 0 0 12 0 0 0 0 0 0 0 0 0 ,
VornoiFreq:0.0253417 0.0261959 0.0307517 0.0333144 0.0355923 0.041287 0.0834282 0.0931093 0.105923 0.159169 
AverageAreas:32.3035 31.5762 32.5625 32.4419 32.2735 32.1625 32.5162 31.9491 32.077 31.2047 
AreaStds:1.37746 1.11237 1.08969 1.173 1.17505 1.06302 1.24029 1.13859 1.23189 1.25655 
AverageVolumes:14.5705 14.2349 14.6667 14.8149 14.4202 14.2709 14.7142 14.4932 14.3684 14.001 
VolumeStds:0.927031 0.735859 0.735301 0.790658 0.800958 0.717045 0.828291 0.755896 0.824644 0.827147 
Timestep:3070000
Temperature: 30.4729
AverageArea: 32.2873
AreaStd: 1.36068
AverageVolume: 14.5422
VolumeStd: 0.879432
VornoiIndicies:0 0 0 1 2 6 2 1 0 0 0 0 0 0 0 ,0 0 0 0 2 8 3 0 0 0 0 0 0 0 0 ,0 0 0 0 2 8 4 0 0 0 0 0 0 0 0 ,0 0 0 1 2 6 3 1 0 0 0 0 0 0 0 ,0 0 0 0 3 6 3 0 0 0 0 0 0 0 0 ,0 0 0 0 2 8 1 0 0 0 0 0 0 0 0 ,0 0 0 0 3 6 4 0 0 0 0 0 0 0 0 ,0 0 0 0 1 10 2 0 0 0 0 0 0 0 0 ,0 0 0 0 2 8 2 0 0 0 0 0 0 0 0 ,0 0 0 0 0 12 0 0 0 0 0 0 0 0 0 ,
VornoiFreq:0.022779 0.0247722 0.0318907 0.0330296 0.0335991 0.0410023 0.0868451 0.094533 0.1082 0.161731 
AverageAreas:32.4472 32.3394 32.3843 32.4489 32.3679 32.1302 32.5239 31.8769 32.0725 31.2065 
AreaStds:1.12282 1.34008 1.08801 1.18936 1.20527 1.10007 1.28107 1.15456 1.21143 1.23565 
AverageVolumes:14.4658 14.5984 14.7786 14.5839 14.4799 14.2504 14.7224 14.4425 14.3543 14.0019 
VolumeStds:0.772458 0.905377 0.746822 0.800616 0.819607 0.730393 0.850694 0.760914 0.811554 0.815178 
Timestep:3100000
Temperature: 28.2008
AverageArea: 32.2855
AreaStd: 1.36535
AverageVolume: 14.5417
VolumeStd: 0.882707
VornoiIndicies:0 0 0 1 2 6 2 1 0 0 0 0 0 0 0 ,0 0 0 1 0 9 3 0 0 0 0 0 0 0 0 ,0 0 0 0 2 8 4 0 0 0 0 0 0 0 0 ,0 0 0 1 2 6 3 1 0 0 0 0 0 0 0 ,0 0 0 0 3 6 3 0 0 0 0 0 0 0 0 ,0 0 0 0 2 8 1 0 0 0 0 0 0 0 0 ,0 0 0 0 3 6 4 0 0 0 0 0 0 0 0 ,0 0 0 0 1 10 2 0 0 0 0 0 0 0 0 ,0 0 0 0 2 8 2 0 0 0 0 0 0 0 0 ,0 0 0 0 0 12 0 0 0 0 0 0 0 0 0 ,
VornoiFreq:0.0233485 0.0264806 0.030467 0.0321754 0.034738 0.0444191 0.0868451 0.0948178 0.107916 0.156606 
AverageAreas:32.3884 31.6537 32.5143 32.5051 32.4379 32.2153 32.4976 31.9531 32.0427 31.171 
AreaStds:1.14627 1.20558 1.2326 1.12114 1.21588 1.13013 1.24941 1.15918 1.2243 1.22747 
AverageVolumes:14.4299 14.2867 14.8665 14.6149 14.5252 14.304 14.7009 14.4929 14.3457 13.9805 
VolumeStds:0.761576 0.793248 0.821843 0.762395 0.825242 0.75213 0.832043 0.761107 0.821109 0.809677 
Timestep:3130000
Temperature: 25.0165
AverageArea: 32.2811
AreaStd: 1.35879
AverageVolume: 14.5378
VolumeStd: 0.878661
VornoiIndicies:0 0 0 0 2 8 3 0 0 0 0 0 0 0 0 ,0 0 0 1 0 9 3 0 0 0 0 0 0 0 0 ,0 0 0 1 2 6 3 1 0 0 0 0 0 0 0 ,0 0 0 0 2 8 4 0 0 0 0 0 0 0 0 ,0 0 0 0 3 6 3 0 0 0 0 0 0 0 0 ,0 0 0 0 2 8 1 0 0 0 0 0 0 0 0 ,0 0 0 0 3 6 4 0 0 0 0 0 0 0 0 ,0 0 0 0 1 10 2 0 0 0 0 0 0 0 0 ,0 0 0 0 2 8 2 0 0 0 0 0 0 0 0 ,0 0 0 0 0 12 0 0 0 0 0 0 0 0 0 ,
VornoiFreq:0.023918 0.0250569 0.0310364 0.0313212 0.0367312 0.0410023 0.0885535 0.0928246 0.107916 0.158599 
AverageAreas:32.2796 31.638 32.4798 32.4573 32.3886 32.1722 32.5148 31.929 32.0867 31.206 
AreaStds:1.32292 1.10325 1.12922 1.14459 1.22739 1.14946 1.25256 1.16069 1.20938 1.24638 
AverageVolumes:14.5668 14.2708 14.5988 14.8444 14.4905 14.2773 14.7075 14.4785 14.3782 14.0018 
VolumeStds:0.907032 0.739152 0.76115 0.783745 0.822672 0.755561 0.827315 0.761596 0.810734 0.820643 
Timestep:3160000
Temperature: 21.9759
AverageArea: 32.2768
AreaStd: 1.36005
AverageVolume: 14.5362
VolumeStd: 0.878542
VornoiIndicies:0 0 0 1 2 6 2 1 0 0 0 0 0 0 0 ,0 0 0 1 0 9 3 0 0 0 0 0 0 0 0 ,0 0 0 0 2 8 4 0 0 0 0 0 0 0 0 ,0 0 0 1 2 6 3 1 0 0 0 0 0 0 0 ,0 0 0 0 3 6 3 0 0 0 0 0 0 0 0 ,0 0 0 0 2 8 1 0 0 0 0 0 0 0 0 ,0 0 0 0 3 6 4 0 0 0 0 0 0 0 0 ,0 0 0 0 1 10 2 0 0 0 0 0 0 0 0 ,0 0 0 0 2 8 2 0 0 0 0 0 0 0 0 ,0 0 0 0 0 12 0 0 0 0 0 0 0 0 0 ,
VornoiFreq:0.0256264 0.0259112 0.0310364 0.0316059 0.0378702 0.042426 0.0839977 0.0953872 0.109339 0.158314 
AverageAreas:32.4483 31.6276 32.5213 32.6329 32.2765 32.1776 32.5058 31.928 32.0521 31.1922 
AreaStds:1.22402 1.23145 1.1099 1.15291 1.17055 1.09411 1.23081 1.158 1.21036 1.22912 
AverageVolumes:14.4727 14.2683 14.8665 14.709 14.4081 14.2839 14.7167 14.4761 14.3519 13.9927 
VolumeStds:0.818421 0.816583 0.742137 0.780519 0.785218 0.731966 0.814987 0.761997 0.814037 0.808582 
Timestep:3190000
Temperature: 19.3052
AverageArea: 32.275
AreaStd: 1.36169
AverageVolume: 14.5344
VolumeStd: 0.87939
VornoiIndicies:0 0 0 1 2 6 2 1 0 0 0 0 0 0 0 ,0 0 0 1 0 9 3 0 0 0 0 0 0 0 0 ,0 0 0 1 2 6 3 1 0 0 0 0 0 0 0 ,0 0 0 0 2 8 4 0 0 0 0 0 0 0 0 ,0 0 0 0 3 6 3 0 0 0 0 0 0 0 0 ,0 0 0 0 2 8 1 0 0 0 0 0 0 0 0 ,0 0 0 0 3 6 4 0 0 0 0 0 0 0 0 ,0 0 0 0 1 10 2 0 0 0 0 0 0 0 0 ,0 0 0 0 2 8 2 0 0 0 0 0 0 0 0 ,0 0 0 0 0 12 0 0 0 0 0 0 0 0 0 ,
VornoiFreq:0.0236333 0.0267654 0.0318907 0.0338838 0.0367312 0.042426 0.0839977 0.0933941 0.109339 0.156891 
AverageAreas:32.3695 31.5694 32.631 32.5301 32.2997 32.1743 32.5013 31.9123 32.0738 31.1989 
AreaStds:1.19662 1.10879 1.15902 1.19017 1.20765 1.08433 1.25368 1.12787 1.22324 1.25901 
AverageVolumes:14.4231 14.2284 14.6979 14.8795 14.4269 14.2803 14.7051 14.4697 14.3704 13.9983 
VolumeStds:0.808172 0.735282 0.782868 0.800199 0.824445 0.718104 0.832303 0.743705 0.818243 0.827291 
Timestep:3220000
Temperature: 16.1906
AverageArea: 32.2734
AreaStd: 1.36004
AverageVolume: 14.5345
VolumeStd: 0.878784
VornoiIndicies:0 0 0 0 2 8 3 0 0 0 0 0 0 0 0 ,0 0 0 1 0 9 3 0 0 0 0 0 0 0 0 ,0 0 0 1 2 6 3 1 0 0 0 0 0 0 0 ,0 0 0 0 2 8 4 0 0 0 0 0 0 0 0 ,0 0 0 0 3 6 3 0 0 0 0 0 0 0 0 ,0 0 0 0 2 8 1 0 0 0 0 0 0 0 0 ,0 0 0 0 3 6 4 0 0 0 0 0 0 0 0 ,0 0 0 0 1 10 2 0 0 0 0 0 0 0 0 ,0 0 0 0 2 8 2 0 0 0 0 0 0 0 0 ,0 0 0 0 0 12 0 0 0 0 0 0 0 0 0 ,
VornoiFreq:0.0244875 0.0256264 0.030467 0.0330296 0.0373007 0.0432802 0.0851367 0.094533 0.109055 0.159453 
AverageAreas:32.2577 31.6033 32.507 32.5249 32.3565 32.1735 32.5132 31.941 32.0983 31.1981 
AreaStds:1.39844 1.0739 1.21497 1.18993 1.1717 1.12651 1.21651 1.18051 1.21961 1.24367 
AverageVolumes:14.5436 14.252 14.618 14.8801 14.4652 14.2813 14.7131 14.4846 14.3819 13.9982 
VolumeStds:0.944873 0.722766 0.825933 0.812261 0.793944 0.746366 0.80488 0.777514 0.816562 0.817636 
Timestep:3250000
Temperature: 13.2323
AverageArea: 32.2724
AreaStd: 1.35961
AverageVolume: 14.5336
VolumeStd: 0.878092
VornoiIndicies:0 0 0 0 2 8 3 0 0 0 0 0 0 0 0 ,0 0 0 1 0 9 3 0 0 0 0 0 0 0 0 ,0 0 0 1 2 6 3 1 0 0 0 0 0 0 0 ,0 0 0 0 2 8 4 0 0 0 0 0 0 0 0 ,0 0 0 0 3 6 3 0 0 0 0 0 0 0 0 ,0 0 0 0 2 8 1 0 0 0 0 0 0 0 0 ,0 0 0 0 3 6 4 0 0 0 0 0 0 0 0 ,0 0 0 0 1 10 2 0 0 0 0 0 0 0 0 ,0 0 0 0 2 8 2 0 0 0 0 0 0 0 0 ,0 0 0 0 0 12 0 0 0 0 0 0 0 0 0 ,
VornoiFreq:0.0244875 0.0256264 0.030467 0.0330296 0.0355923 0.0415718 0.0848519 0.0942483 0.110763 0.158314 
AverageAreas:32.1271 31.6219 32.6156 32.4869 32.3528 32.1779 32.4707 31.9232 32.0737 31.1809 
AreaStds:1.30646 1.08353 1.15454 1.1072 1.20705 1.11786 1.21076 1.17242 1.21643 1.24291 
AverageVolumes:14.452 14.2645 14.6853 14.859 14.4654 14.2824 14.6848 14.4743 14.3689 13.9875 
VolumeStds:0.877654 0.725938 0.782822 0.74846 0.818264 0.740053 0.802009 0.772694 0.815474 0.818209 
Timestep:3280000
Temperature: 10.235
AverageArea: 32.2728
AreaStd: 1.36013
AverageVolume: 14.5339
VolumeStd: 0.878788
VornoiIndicies:0 0 0 0 2 8 3 0 0 0 0 0 0 0 0 ,0 0 0 1 0 9 3 0 0 0 0 0 0 0 0 ,0 0 0 1 2 6 3 1 0 0 0 0 0 0 0 ,0 0 0 0 2 8 4 0 0 0 0 0 0 0 0 ,0 0 0 0 3 6 3 0 0 0 0 0 0 0 0 ,0 0 0 0 2 8 1 0 0 0 0 0 0 0 0 ,0 0 0 0 3 6 4 0 0 0 0 0 0 0 0 ,0 0 0 0 1 10 2 0 0 0 0 0 0 0 0 ,0 0 0 0 2 8 2 0 0 0 0 0 0 0 0 ,0 0 0 0 0 12 0 0 0 0 0 0 0 0 0 ,
VornoiFreq:0.0236333 0.0256264 0.0313212 0.0316059 0.0361617 0.0421412 0.0859909 0.0933941 0.110763 0.15746 
AverageAreas:32.1428 31.601 32.5905 32.5264 32.3164 32.1722 32.4632 31.9381 32.0757 31.1813 
AreaStds:1.36504 1.09925 1.17385 1.14102 1.17502 1.08827 1.23009 1.18445 1.21145 1.24467 
AverageVolumes:14.4656 14.2499 14.6832 14.8895 14.4412 14.2815 14.6769 14.4847 14.367 13.9876 
VolumeStds:0.924355 0.735352 0.795996 0.76355 0.795887 0.727028 0.815809 0.780305 0.811831 0.819658 
Timestep:3310000
Temperature: 7.44786
AverageArea: 32.273
AreaStd: 1.35947
AverageVolume: 14.5341
VolumeStd: 0.878269
VornoiIndicies:0 0 0 1 2 6 2 1 0 0 0 0 0 0 0 ,0 0 0 0 2 8 3 0 0 0 0 0 0 0 0 ,0 0 0 1 2 6 3 1 0 0 0 0 0 0 0 ,0 0 0 0 2 8 4 0 0 0 0 0 0 0 0 ,0 0 0 0 3 6 3 0 0 0 0 0 0 0 0 ,0 0 0 0 2 8 1 0 0 0 0 0 0 0 0 ,0 0 0 0 3 6 4 0 0 0 0 0 0 0 0 ,0 0 0 0 1 10 2 0 0 0 0 0 0 0 0 ,0 0 0 0 2 8 2 0 0 0 0 0 0 0 0 ,0 0 0 0 0 12 0 0 0 0 0 0 0 0 0 ,
VornoiFreq:0.0236333 0.0242027 0.030467 0.0324601 0.0367312 0.0432802 0.0842825 0.0953872 0.109909 0.159169 
AverageAreas:32.4916 32.1517 32.6333 32.5077 32.3333 32.1772 32.5114 31.9204 32.0704 31.1851 
AreaStds:1.21517 1.29506 1.19426 1.16027 1.1883 1.11909 1.2423 1.17211 1.20973 1.24202 
AverageVolumes:14.5049 14.4689 14.7016 14.8796 14.4544 14.285 14.7057 14.473 14.3645 13.9899 
VolumeStds:0.817842 0.872518 0.801821 0.789586 0.807837 0.743714 0.818909 0.773638 0.811787 0.818073 
Timestep:3340000
Temperature: 4.41139
AverageArea: 32.2734
AreaStd: 1.36118
AverageVolume: 14.5343
VolumeStd: 0.879398
VornoiIndicies:0 0 0 1 2 6 2 1 0 0 0 0 0 0 0 ,0 0 0 1 0 9 3 0 0 0 0 0 0 0 0 ,0 0 0 0 2 8 4 0 0 0 0 0 0 0 0 ,0 0 0 1 2 6 3 1 0 0 0 0 0 0 0 ,0 0 0 0 3 6 3 0 0 0 0 0 0 0 0 ,0 0 0 0 2 8 1 0 0 0 0 0 0 0 0 ,0 0 0 0 3 6 4 0 0 0 0 0 0 0 0 ,0 0 0 0 1 10 2 0 0 0 0 0 0 0 0 ,0 0 0 0 2 8 2 0 0 0 0 0 0 0 0 ,0 0 0 0 0 12 0 0 0 0 0 0 0 0 0 ,
VornoiFreq:0.0242027 0.0270501 0.0307517 0.0330296 0.0353075 0.0407175 0.0842825 0.0922551 0.107631 0.157175 
AverageAreas:32.398 31.5501 32.5343 32.544 32.3108 32.1353 32.479 31.9643 32.0779 31.1812 
AreaStds:1.17281 1.1116 1.20304 1.22599 1.18588 1.08717 1.21822 1.17555 1.21806 1.24394 
AverageVolumes:14.4489 14.2194 14.8932 14.6387 14.4407 14.2601 14.6873 14.5031 14.3706 13.9869 
VolumeStds:0.790304 0.738495 0.819013 0.834866 0.806989 0.726964 0.808201 0.772721 0.816526 0.818645 
Timestep:3370000
Temperature: 1.52123
AverageArea: 32.2727
AreaStd: 1.35986
AverageVolume: 14.534
VolumeStd: 0.878676
VornoiIndicies:0 0 0 1 0 9 3 0 0 0 0 0 0 0 0 ,0 0 0 1 2 6 2 1 0 0 0 0 0 0 0 ,0 0 0 1 2 6 3 1 0 0 0 0 0 0 0 ,0 0 0 0 2 8 4 0 0 0 0 0 0 0 0 ,0 0 0 0 3 6 3 0 0 0 0 0 0 0 0 ,0 0 0 0 2 8 1 0 0 0 0 0 0 0 0 ,0 0 0 0 3 6 4 0 0 0 0 0 0 0 0 ,0 0 0 0 1 10 2 0 0 0 0 0 0 0 0 ,0 0 0 0 2 8 2 0 0 0 0 0 0 0 0 ,0 0 0 0 0 12 0 0 0 0 0 0 0 0 0 ,
VornoiFreq:0.0253417 0.0256264 0.0313212 0.0327449 0.0355923 0.041287 0.0868451 0.095672 0.1082 0.15803 
AverageAreas:31.5989 32.3941 32.6015 32.4657 32.3521 32.1795 32.5044 31.9466 32.0791 31.1824 
AreaStds:1.10159 1.1385 1.21982 1.11155 1.17788 1.12408 1.21474 1.16353 1.22318 1.24243 
AverageVolumes:14.2487 14.4387 14.6782 14.8401 14.4666 14.2868 14.7086 14.4882 14.3737 13.9879 
VolumeStds:0.736118 0.756957 0.823211 0.759948 0.798748 0.747942 0.809751 0.76481 0.820871 0.817427 
Timestep:3395000
Temperature: 0.997499
AverageArea: 32.2736
AreaStd: 1.36048
AverageVolume: 14.5346
VolumeStd: 0.879097
VornoiIndicies:0 0 0 0 2 8 3 0 0 0 0 0 0 0 0 ,0 0 0 1 0 9 3 0 0 0 0 0 0 0 0 ,0 0 0 0 2 8 4 0 0 0 0 0 0 0 0 ,0 0 0 1 2 6 3 1 0 0 0 0 0 0 0 ,0 0 0 0 3 6 3 0 0 0 0 0 0 0 0 ,0 0 0 0 2 8 1 0 0 0 0 0 0 0 0 ,0 0 0 0 3 6 4 0 0 0 0 0 0 0 0 ,0 0 0 0 1 10 2 0 0 0 0 0 0 0 0 ,0 0 0 0 2 8 2 0 0 0 0 0 0 0 0 ,0 0 0 0 0 12 0 0 0 0 0 0 0 0 0 ,
VornoiFreq:0.0236333 0.0261959 0.0318907 0.0327449 0.0361617 0.0429954 0.0845672 0.0948178 0.106492 0.157745 
AverageAreas:32.1761 31.5982 32.5204 32.6136 32.3811 32.2027 32.5277 31.9219 32.0526 31.1832 
AreaStds:1.33615 1.09337 1.1691 1.18293 1.19351 1.13329 1.24721 1.16718 1.22332 1.24633 
AverageVolumes:14.486 14.2482 14.8872 14.6967 14.4869 14.3032 14.7218 14.4716 14.3545 13.9883 
VolumeStds:0.891231 0.731534 0.790838 0.7974 0.807818 0.756002 0.830647 0.767274 0.822324 0.820704 
Timestep:3425000
Temperature: 1.00945
AverageArea: 32.2725
AreaStd: 1.36094
AverageVolume: 14.5338
VolumeStd: 0.878955
VornoiIndicies:0 0 0 1 2 6 2 1 0 0 0 0 0 0 0 ,0 0 0 1 0 9 3 0 0 0 0 0 0 0 0 ,0 0 0 0 2 8 4 0 0 0 0 0 0 0 0 ,0 0 0 1 2 6 3 1 0 0 0 0 0 0 0 ,0 0 0 0 3 6 3 0 0 0 0 0 0 0 0 ,0 0 0 0 2 8 1 0 0 0 0 0 0 0 0 ,0 0 0 0 3 6 4 0 0 0 0 0 0 0 0 ,0 0 0 0 1 10 2 0 0 0 0 0 0 0 0 ,0 0 0 0 2 8 2 0 0 0 0 0 0 0 0 ,0 0 0 0 0 12 0 0 0 0 0 0 0 0 0 ,
VornoiFreq:0.0242027 0.0250569 0.0310364 0.0310364 0.0373007 0.041287 0.0854214 0.0953872 0.107916 0.158314 
AverageAreas:32.3502 31.6067 32.5199 32.56 32.3779 32.1616 32.5119 31.9116 32.1017 31.185 
AreaStds:1.21437 1.09877 1.18643 1.16261 1.20129 1.13509 1.22872 1.17818 1.22085 1.24522 
AverageVolumes:14.4154 14.2537 14.8875 14.6568 14.4869 14.2736 14.7123 14.4661 14.3871 13.9898 
VolumeStds:0.808405 0.737084 0.804392 0.790551 0.814869 0.753138 0.813851 0.775112 0.816015 0.819358 
Timestep:3455000
Temperature: 0.985475
AverageArea: 32.2721
AreaStd: 1.35964
AverageVolume: 14.5336
VolumeStd: 0.878759
VornoiIndicies:0 0 0 0 2 8 3 0 0 0 0 0 0 0 0 ,0 0 0 1 0 9 3 0 0 0 0 0 0 0 0 ,0 0 0 1 2 6 3 1 0 0 0 0 0 0 0 ,0 0 0 0 2 8 4 0 0 0 0 0 0 0 0 ,0 0 0 0 3 6 3 0 0 0 0 0 0 0 0 ,0 0 0 0 2 8 1 0 0 0 0 0 0 0 0 ,0 0 0 0 3 6 4 0 0 0 0 0 0 0 0 ,0 0 0 0 1 10 2 0 0 0 0 0 0 0 0 ,0 0 0 0 2 8 2 0 0 0 0 0 0 0 0 ,0 0 0 0 0 12 0 0 0 0 0 0 0 0 0 ,
VornoiFreq:0.0230638 0.0242027 0.0307517 0.0335991 0.0364465 0.0427107 0.0859909 0.094533 0.110763 0.158884 
AverageAreas:32.1872 31.6165 32.5953 32.5003 32.3359 32.1656 32.5107 31.9269 32.0956 31.1832 
AreaStds:1.36813 1.11876 1.20316 1.14992 1.17649 1.11556 1.2516 1.1644 1.22532 1.23959 
AverageVolumes:14.5009 14.2609 14.679 14.8678 14.4514 14.2777 14.7086 14.4764 14.3822 13.9884 
VolumeStds:0.930916 0.748955 0.812827 0.784073 0.797077 0.739669 0.826586 0.768051 0.820881 0.815981 
Timestep:3485000
Temperature: 1.001
AverageArea: 32.2716
AreaStd: 1.3592
AverageVolume: 14.5333
VolumeStd: 0.878059
VornoiIndicies:0 0 0 0 2 8 3 0 0 0 0 0 0 0 0 ,0 0 0 1 0 9 3 0 0 0 0 0 0 0 0 ,0 0 0 1 2 6 3 1 0 0 0 0 0 0 0 ,0 0 0 0 2 8 4 0 0 0 0 0 0 0 0 ,0 0 0 0 3 6 3 0 0 0 0 0 0 0 0 ,0 0 0 0 2 8 1 0 0 0 0 0 0 0 0 ,0 0 0 0 3 6 4 0 0 0 0 0 0 0 0 ,0 0 0 0 1 10 2 0 0 0 0 0 0 0 0 ,0 0 0 0 2 8 2 0 0 0 0 0 0 0 0 ,0 0 0 0 0 12 0 0 0 0 0 0 0 0 0 ,
VornoiFreq:0.0233485 0.0244875 0.0321754 0.0327449 0.0370159 0.0418565 0.0854214 0.094533 0.107916 0.158314 
AverageAreas:32.192 31.5901 32.6145 32.525 32.3714 32.1604 32.5025 31.9122 32.0779 31.1928 
AreaStds:1.39058 1.11347 1.16734 1.15365 1.18303 1.11636 1.22846 1.16062 1.22889 1.24445 
AverageVolumes:14.5016 14.2452 14.6867 14.8874 14.4855 14.2749 14.7074 14.4658 14.371 13.9946 
VolumeStds:0.939128 0.746646 0.79237 0.792043 0.803699 0.741619 0.812449 0.765247 0.820255 0.818381 
Timestep:3515000
Temperature: 0.999657
AverageArea: 32.2713
AreaStd: 1.36098
AverageVolume: 14.5331
VolumeStd: 0.879319
VornoiIndicies:0 0 0 0 2 8 3 0 0 0 0 0 0 0 0 ,0 0 0 1 0 9 3 0 0 0 0 0 0 0 0 ,0 0 0 1 2 6 3 1 0 0 0 0 0 0 0 ,0 0 0 0 2 8 4 0 0 0 0 0 0 0 0 ,0 0 0 0 3 6 3 0 0 0 0 0 0 0 0 ,0 0 0 0 2 8 1 0 0 0 0 0 0 0 0 ,0 0 0 0 3 6 4 0 0 0 0 0 0 0 0 ,0 0 0 0 1 10 2 0 0 0 0 0 0 0 0 ,0 0 0 0 2 8 2 0 0 0 0 0 0 0 0 ,0 0 0 0 0 12 0 0 0 0 0 0 0 0 0 ,
VornoiFreq:0.0230638 0.0253417 0.0313212 0.0321754 0.0370159 0.0432802 0.0854214 0.0942483 0.110194 0.159169 
AverageAreas:32.1978 31.6197 32.5257 32.4782 32.3596 32.1672 32.5143 31.9226 32.0941 31.1766 
AreaStds:1.36745 1.10525 1.18917 1.11088 1.19024 1.11812 1.21872 1.16728 1.21486 1.23564 
AverageVolumes:14.5003 14.2618 14.6294 14.8544 14.4704 14.2788 14.712 14.4737 14.3793 13.9842 
VolumeStds:0.912654 0.73713 0.810392 0.750879 0.80996 0.741959 0.807243 0.770645 0.817384 0.813203 
Timestep:3545000
Temperature: 1.00093
AverageArea: 32.2717
AreaStd: 1.35999
AverageVolume: 14.5332
VolumeStd: 0.878602
VornoiIndicies:0 0 0 0 2 8 3 0 0 0 0 0 0 0 0 ,0 0 0 1 0 9 3 0 0 0 0 0 0 0 0 ,0 0 0 1 2 6 3 1 0 0 0 0 0 0 0 ,0 0 0 0 2 8 4 0 0 0 0 0 0 0 0 ,0 0 0 0 3 6 3 0 0 0 0 0 0 0 0 ,0 0 0 0 2 8 1 0 0 0 0 0 0 0 0 ,0 0 0 0 3 6 4 0 0 0 0 0 0 0 0 ,0 0 0 0 1 10 2 0 0 0 0 0 0 0 0 ,0 0 0 0 2 8 2 0 0 0 0 0 0 0 0 ,0 0 0 0 0 12 0 0 0 0 0 0 0 0 0 ,
VornoiFreq:0.023918 0.023918 0.030467 0.0327449 0.0373007 0.042426 0.0865604 0.0942483 0.111617 0.160023 
AverageAreas:32.1789 31.585 32.5917 32.504 32.3475 32.1687 32.48 31.9527 32.0893 31.1904 
AreaStds:1.34839 1.08607 1.26543 1.08904 1.19829 1.11617 1.2257 1.17114 1.20299 1.24477 
AverageVolumes:14.4929 14.2445 14.6755 14.8724 14.4663 14.279 14.6919 14.4969 14.3756 13.9924 
VolumeStds:0.92205 0.730594 0.855681 0.74116 0.812151 0.7392 0.813944 0.771863 0.809734 0.8185 
Timestep:3575000
Temperature: 0.991803
AverageArea: 32.2713
AreaStd: 1.36156
AverageVolume: 14.533
VolumeStd: 0.879436
VornoiIndicies:0 0 0 0 2 8 3 0 0 0 0 0 0 0 0 ,0 0 0 1 0 9 3 0 0 0 0 0 0 0 0 ,0 0 0 1 2 6 3 1 0 0 0 0 0 0 0 ,0 0 0 0 2 8 4 0 0 0 0 0 0 0 0 ,0 0 0 0 3 6 3 0 0 0 0 0 0 0 0 ,0 0 0 0 2 8 1 0 0 0 0 0 0 0 0 ,0 0 0 0 3 6 4 0 0 0 0 0 0 0 0 ,0 0 0 0 1 10 2 0 0 0 0 0 0 0 0 ,0 0 0 0 2 8 2 0 0 0 0 0 0 0 0 ,0 0 0 0 0 12 0 0 0 0 0 0 0 0 0 ,
VornoiFreq:0.0236333 0.0253417 0.0307517 0.0327449 0.035877 0.041287 0.0854214 0.0948178 0.109055 0.158884 
AverageAreas:32.1649 31.611 32.5913 32.5295 32.3633 32.1907 32.4815 31.9172 32.0807 31.1799 
AreaStds:1.29687 1.08398 1.20824 1.15315 1.18654 1.09866 1.2343 1.17366 1.21269 1.24701 
AverageVolumes:14.4791 14.2551 14.6729 14.8863 14.4756 14.292 14.6908 14.4689 14.3708 13.9866 
VolumeStds:0.869451 0.727771 0.819086 0.788018 0.802671 0.735576 0.816509 0.772647 0.811782 0.82107 
Timestep:3605000
Temperature: 0.991929
AverageArea: 32.2717
AreaStd: 1.36001
AverageVolume: 14.5332
VolumeStd: 0.878626
VornoiIndicies:0 0 0 0 2 8 3 0 0 0 0 0 0 0 0 ,0 0 0 1 0 9 3 0 0 0 0 0 0 0 0 ,0 0 0 1 2 6 3 1 0 0 0 0 0 0 0 ,0 0 0 0 2 8 4 0 0 0 0 0 0 0 0 ,0 0 0 0 3 6 3 0 0 0 0 0 0 0 0 ,0 0 0 0 2 8 1 0 0 0 0 0 0 0 0 ,0 0 0 0 3 6 4 0 0 0 0 0 0 0 0 ,0 0 0 0 1 10 2 0 0 0 0 0 0 0 0 ,0 0 0 0 2 8 2 0 0 0 0 0 0 0 0 ,0 0 0 0 0 12 0 0 0 0 0 0 0 0 0 ,
VornoiFreq:0.023918 0.0259112 0.030467 0.0327449 0.0361617 0.0421412 0.0845672 0.0936788 0.109909 0.158884 
AverageAreas:32.1756 31.6604 32.5661 32.5194 32.3414 32.1645 32.5142 31.9401 32.1019 31.182 
AreaStds:1.34117 1.12148 1.14589 1.16702 1.19522 1.12401 1.22563 1.19646 1.22716 1.24091 
AverageVolumes:14.4735 14.2898 14.6536 14.8854 14.4625 14.2762 14.7087 14.4852 14.3861 13.9875 
VolumeStds:0.89125 0.751755 0.780462 0.800694 0.808827 0.745972 0.806762 0.788737 0.819756 0.816532 
Timestep:3635000
Temperature: 1.00386
AverageArea: 32.2727
AreaStd: 1.35965
AverageVolume: 14.5338
VolumeStd: 0.878388
VornoiIndicies:0 0 0 1 2 6 2 1 0 0 0 0 0 0 0 ,0 0 0 1 0 9 3 0 0 0 0 0 0 0 0 ,0 0 0 1 2 6 3 1 0 0 0 0 0 0 0 ,0 0 0 0 2 8 4 0 0 0 0 0 0 0 0 ,0 0 0 0 3 6 3 0 0 0 0 0 0 0 0 ,0 0 0 0 2 8 1 0 0 0 0 0 0 0 0 ,0 0 0 0 3 6 4 0 0 0 0 0 0 0 0 ,0 0 0 0 1 10 2 0 0 0 0 0 0 0 0 ,0 0 0 0 2 8 2 0 0 0 0 0 0 0 0 ,0 0 0 0 0 12 0 0 0 0 0 0 0 0 0 ,
VornoiFreq:0.0236333 0.0247722 0.0318907 0.0327449 0.0367312 0.042426 0.0854214 0.094533 0.109055 0.159738 
AverageAreas:32.3606 31.5814 32.5485 32.445 32.3313 32.1768 32.4732 31.9453 32.0986 31.1956 
AreaStds:1.15094 1.11782 1.17588 1.11659 1.19095 1.12135 1.23738 1.15635 1.22417 1.24401 
AverageVolumes:14.4171 14.2383 14.6428 14.8278 14.4517 14.2791 14.6842 14.4889 14.3829 13.9961 
VolumeStds:0.774543 0.750946 0.804584 0.764857 0.807722 0.737774 0.815728 0.762732 0.819382 0.817944 
Timestep:3665000
Temperature: 1.0046
AverageArea: 32.2737
AreaStd: 1.35989
AverageVolume: 14.5345
VolumeStd: 0.878557
VornoiIndicies:0 0 0 0 2 8 3 0 0 0 0 0 0 0 0 ,0 0 0 1 0 9 3 0 0 0 0 0 0 0 0 ,0 0 0 1 2 6 3 1 0 0 0 0 0 0 0 ,0 0 0 0 2 8 4 0 0 0 0 0 0 0 0 ,0 0 0 0 3 6 3 0 0 0 0 0 0 0 0 ,0 0 0 0 2 8 1 0 0 0 0 0 0 0 0 ,0 0 0 0 3 6 4 0 0 0 0 0 0 0 0 ,0 0 0 0 1 10 2 0 0 0 0 0 0 0 0 ,0 0 0 0 2 8 2 0 0 0 0 0 0 0 0 ,0 0 0 0 0 12 0 0 0 0 0 0 0 0 0 ,
VornoiFreq:0.0233485 0.0250569 0.0318907 0.0321754 0.0355923 0.0410023 0.0842825 0.0928246 0.109055 0.158599 
AverageAreas:32.1597 31.6642 32.6473 32.5215 32.358 32.1636 32.4686 31.9078 32.0873 31.1764 
AreaStds:1.34957 1.12474 1.20973 1.16318 1.18768 1.12194 1.22336 1.16644 1.2186 1.23836 
AverageVolumes:14.4813 14.2886 14.7131 14.8866 14.4741 14.2796 14.6787 14.4655 14.3776 13.9844 
VolumeStds:0.918375 0.745642 0.809881 0.788679 0.80603 0.748385 0.814146 0.769192 0.817431 0.816566 
Timestep:3695000
Temperature: 1.00834
AverageArea: 32.273
AreaStd: 1.35991
AverageVolume: 14.5341
VolumeStd: 0.878684
VornoiIndicies:0 0 0 0 2 8 3 0 0 0 0 0 0 0 0 ,0 0 0 1 0 9 3 0 0 0 0 0 0 0 0 ,0 0 0 1 2 6 3 1 0 0 0 0 0 0 0 ,0 0 0 0 2 8 4 0 0 0 0 0 0 0 0 ,0 0 0 0 3 6 3 0 0 0 0 0 0 0 0 ,0 0 0 0 2 8 1 0 0 0 0 0 0 0 0 ,0 0 0 0 3 6 4 0 0 0 0 0 0 0 0 ,0 0 0 0 1 10 2 0 0 0 0 0 0 0 0 ,0 0 0 0 2 8 2 0 0 0 0 0 0 0 0 ,0 0 0 0 0 12 0 0 0 0 0 0 0 0 0 ,
VornoiFreq:0.0244875 0.0253417 0.0287585 0.0330296 0.0364465 0.0418565 0.0851367 0.0942483 0.109909 0.157745 
AverageAreas:32.1812 31.6995 32.6109 32.53 32.3732 32.1723 32.5005 31.9236 32.0793 31.1643 
AreaStds:1.35524 1.16709 1.16309 1.1347 1.19704 1.11825 1.20745 1.174 1.22952 1.22694 
AverageVolumes:14.4844 14.3108 14.6883 14.8872 14.4802 14.2833 14.7025 14.4752 14.3722 13.9773 
VolumeStds:0.903534 0.774517 0.79111 0.768657 0.812627 0.743977 0.802261 0.773158 0.824899 0.808896 
