Timestep:770000
Temperature: 1992.51
Density: 6.8553
AverageArea: 36.0442
AreaStd: 2.26904
AverageVolume: 16.6585
VolumeStd: 1.64997
VornoiIndicies:0 0 0 1 2 6 3 1 0 0 0 0 0 0 0 ,0 0 0 0 4 4 6 0 0 0 0 0 0 0 0 ,0 0 0 1 3 5 3 2 0 0 0 0 0 0 0 ,0 0 0 0 4 4 5 0 0 0 0 0 0 0 0 ,0 0 0 0 4 5 4 1 0 0 0 0 0 0 0 ,0 0 0 0 3 6 3 0 0 0 0 0 0 0 0 ,0 0 0 1 3 4 4 1 0 0 0 0 0 0 0 ,0 0 0 1 3 4 5 1 0 0 0 0 0 0 0 ,0 0 0 0 2 8 2 0 0 0 0 0 0 0 0 ,0 0 0 0 3 6 4 0 0 0 0 0 0 0 0 ,
VornoiFreq:0.0130979 0.0133827 0.0133827 0.0136674 0.0139522 0.0170843 0.0170843 0.0176538 0.0187927 0.0350228 
AverageAreas:35.8496 36.2251 35.9578 35.0291 36.3748 34.3108 35.4271 36.0231 35.0786 35.5001 
AreaStds:1.77601 1.75422 1.61849 1.82705 2.2618 2.07788 1.86144 2.0157 1.90641 1.72222 
AverageVolumes:16.5318 16.9933 16.5607 15.9901 17.0644 15.4395 16.1346 16.7597 16.0676 16.4196 
VolumeStds:1.25828 1.3063 1.15967 1.26724 1.58026 1.42674 1.23046 1.42211 1.28227 1.24838 
Timestep:785000
Temperature: 1888.42
Density: 6.90151
AverageArea: 35.7367
AreaStd: 2.29245
AverageVolume: 16.4703
VolumeStd: 1.65582
VornoiIndicies:0 0 0 1 3 5 3 2 0 0 0 0 0 0 0 ,0 0 0 1 4 3 4 2 0 0 0 0 0 0 0 ,0 0 0 0 4 4 5 0 0 0 0 0 0 0 0 ,0 0 0 0 3 6 5 0 0 0 0 0 0 0 0 ,0 0 0 1 2 6 3 1 0 0 0 0 0 0 0 ,0 0 0 1 3 4 4 1 0 0 0 0 0 0 0 ,0 0 0 1 3 4 5 1 0 0 0 0 0 0 0 ,0 0 0 0 2 8 2 0 0 0 0 0 0 0 0 ,0 0 0 0 3 6 3 0 0 0 0 0 0 0 0 ,0 0 0 0 3 6 4 0 0 0 0 0 0 0 0 ,
VornoiFreq:0.0139522 0.0139522 0.0150911 0.0165148 0.0170843 0.0170843 0.018508 0.0187927 0.0190774 0.0392938 
AverageAreas:35.5376 36.0806 35.0719 35.585 34.9828 35.2413 36.3954 34.7953 34.0899 35.0822 
AreaStds:1.96785 1.91662 1.78935 1.9342 2.20517 1.69377 1.90661 2.02557 1.80629 2.1419 
AverageVolumes:16.4455 16.701 16.032 16.6067 16.0249 16.054 17.0395 15.9038 15.3498 16.159 
VolumeStds:1.35973 1.41267 1.22809 1.40498 1.50956 1.15897 1.38173 1.36039 1.21695 1.44908 
Timestep:805000
Temperature: 1941.43
Density: 6.92739
AverageArea: 35.6821
AreaStd: 2.23297
AverageVolume: 16.4355
VolumeStd: 1.61702
VornoiIndicies:0 0 0 1 3 5 2 2 0 0 0 0 0 0 0 ,0 0 0 0 4 4 4 0 0 0 0 0 0 0 0 ,0 0 0 1 3 5 3 2 0 0 0 0 0 0 0 ,0 0 0 1 3 4 4 1 0 0 0 0 0 0 0 ,0 0 0 0 4 5 4 1 0 0 0 0 0 0 0 ,0 0 0 0 2 8 2 0 0 0 0 0 0 0 0 ,0 0 0 0 3 6 3 0 0 0 0 0 0 0 0 ,0 0 0 1 3 4 5 1 0 0 0 0 0 0 0 ,0 0 0 1 2 6 3 1 0 0 0 0 0 0 0 ,0 0 0 0 3 6 4 0 0 0 0 0 0 0 0 ,
VornoiFreq:0.0133827 0.0139522 0.0150911 0.0153759 0.0159453 0.0165148 0.0165148 0.018508 0.0193622 0.0330296 
AverageAreas:35.2651 34.4761 35.7543 34.4131 36.0676 34.2889 34.447 35.8106 35.1089 35.2279 
AreaStds:1.88087 1.86911 1.75253 1.50692 1.86849 1.69229 1.76079 1.78592 1.57257 1.85604 
AverageVolumes:16.0851 15.5635 16.5582 15.4714 16.8638 15.6069 15.6119 16.6648 16.0304 16.2927 
VolumeStds:1.28664 1.33162 1.32679 1.02761 1.29988 1.15965 1.15665 1.27284 1.04659 1.32064 
Timestep:825000
Temperature: 1867.92
Density: 6.9381
AverageArea: 35.6001
AreaStd: 2.20167
AverageVolume: 16.3938
VolumeStd: 1.57934
VornoiIndicies:0 0 0 0 1 10 2 0 0 0 0 0 0 0 0 ,0 0 0 0 3 6 5 0 0 0 0 0 0 0 0 ,0 0 0 0 4 4 5 0 0 0 0 0 0 0 0 ,0 0 0 0 4 5 4 1 0 0 0 0 0 0 0 ,0 0 0 1 3 4 5 1 0 0 0 0 0 0 0 ,0 0 0 1 3 4 4 1 0 0 0 0 0 0 0 ,0 0 0 1 2 6 3 1 0 0 0 0 0 0 0 ,0 0 0 0 2 8 2 0 0 0 0 0 0 0 0 ,0 0 0 0 3 6 3 0 0 0 0 0 0 0 0 ,0 0 0 0 3 6 4 0 0 0 0 0 0 0 0 ,
VornoiFreq:0.0130979 0.0136674 0.0148064 0.0148064 0.0170843 0.0187927 0.0190774 0.0233485 0.0250569 0.0421412 
AverageAreas:34.7941 35.7089 35.3199 36.2498 35.8864 34.7512 34.6622 34.1478 34.3327 34.7911 
AreaStds:1.8363 2.10725 1.88779 1.97726 2.13948 1.66767 1.65419 1.86425 1.97713 1.69152 
AverageVolumes:16.1574 16.7715 16.2366 16.9105 16.6799 15.7217 15.7802 15.5117 15.5204 15.9837 
VolumeStds:1.30004 1.51109 1.22627 1.44929 1.46149 1.12665 1.08895 1.27715 1.32238 1.18462 
Timestep:845000
Temperature: 1799.35
Density: 6.92121
AverageArea: 35.6944
AreaStd: 2.12777
AverageVolume: 16.4548
VolumeStd: 1.54877
VornoiIndicies:0 0 0 0 4 4 4 0 0 0 0 0 0 0 0 ,0 0 0 0 4 4 5 0 0 0 0 0 0 0 0 ,0 0 0 0 4 5 4 1 0 0 0 0 0 0 0 ,0 0 0 1 3 5 2 2 0 0 0 0 0 0 0 ,0 0 0 0 2 8 2 0 0 0 0 0 0 0 0 ,0 0 0 1 3 4 5 1 0 0 0 0 0 0 0 ,0 0 0 1 2 6 3 1 0 0 0 0 0 0 0 ,0 0 0 0 3 6 3 0 0 0 0 0 0 0 0 ,0 0 0 1 3 4 4 1 0 0 0 0 0 0 0 ,0 0 0 0 3 6 4 0 0 0 0 0 0 0 0 ,
VornoiFreq:0.0142369 0.0150911 0.0153759 0.0153759 0.0176538 0.0179385 0.0182232 0.0187927 0.0210706 0.0355923 
AverageAreas:34.6629 34.9453 35.9609 34.6977 34.23 35.3214 34.9557 34.7315 35.1371 35.4268 
AreaStds:1.74775 1.56246 2.00301 1.99467 1.77992 1.53785 1.81928 1.85194 1.82609 1.86288 
AverageVolumes:15.6588 15.9719 16.7254 15.6708 15.5725 16.3069 16.0011 15.822 16.0369 16.4132 
VolumeStds:1.17919 1.16816 1.4416 1.40312 1.20514 1.10566 1.27328 1.27428 1.2524 1.31413 
Timestep:865000
Temperature: 1792.51
Density: 6.93677
AverageArea: 35.5849
AreaStd: 2.20509
AverageVolume: 16.3913
VolumeStd: 1.57987
VornoiIndicies:0 0 0 0 4 4 6 0 0 0 0 0 0 0 0 ,0 0 0 0 4 5 4 1 0 0 0 0 0 0 0 ,0 0 0 0 4 4 4 0 0 0 0 0 0 0 0 ,0 0 0 0 4 4 5 0 0 0 0 0 0 0 0 ,0 0 0 1 3 4 5 1 0 0 0 0 0 0 0 ,0 0 0 1 3 4 4 1 0 0 0 0 0 0 0 ,0 0 0 1 2 6 3 1 0 0 0 0 0 0 0 ,0 0 0 0 2 8 2 0 0 0 0 0 0 0 0 ,0 0 0 0 3 6 3 0 0 0 0 0 0 0 0 ,0 0 0 0 3 6 4 0 0 0 0 0 0 0 0 ,
VornoiFreq:0.0148064 0.0148064 0.0162301 0.0165148 0.0167995 0.0170843 0.017369 0.0202164 0.0244875 0.042426 
AverageAreas:35.4397 36.1133 34.4365 35.6297 35.4231 34.7337 35.0972 34.1564 34.1319 34.6764 
AreaStds:1.95295 2.0594 1.73052 2.10774 1.89595 1.87343 1.89876 1.85655 1.78581 1.82763 
AverageVolumes:16.4533 16.882 15.5342 16.4438 16.4144 15.7937 16.0828 15.5212 15.373 15.9326 
VolumeStds:1.40654 1.4927 1.19043 1.44988 1.30327 1.34342 1.30501 1.21064 1.19315 1.26357 
Timestep:885000
Temperature: 1753.54
Density: 6.98547
AverageArea: 35.3838
AreaStd: 2.1346
AverageVolume: 16.273
VolumeStd: 1.53348
VornoiIndicies:0 0 0 1 2 5 4 0 0 0 0 0 0 0 0 ,0 0 0 0 4 4 4 0 0 0 0 0 0 0 0 ,0 0 0 1 3 5 3 2 0 0 0 0 0 0 0 ,0 0 0 0 4 4 5 0 0 0 0 0 0 0 0 ,0 0 0 1 2 6 3 1 0 0 0 0 0 0 0 ,0 0 0 1 3 4 5 1 0 0 0 0 0 0 0 ,0 0 0 0 2 8 2 0 0 0 0 0 0 0 0 ,0 0 0 1 3 4 4 1 0 0 0 0 0 0 0 ,0 0 0 0 3 6 3 0 0 0 0 0 0 0 0 ,0 0 0 0 3 6 4 0 0 0 0 0 0 0 0 ,
VornoiFreq:0.0142369 0.0145216 0.0159453 0.0167995 0.0176538 0.0196469 0.0216401 0.0216401 0.023918 0.0401481 
AverageAreas:34.7117 34.0374 35.4345 34.6062 34.571 35.3422 34.1839 34.7713 34.5759 34.6974 
AreaStds:1.95461 1.65979 1.74874 1.56254 1.64871 1.78635 1.72462 2.0215 2.02957 1.84748 
AverageVolumes:15.7364 15.2387 16.3686 15.7705 15.7297 16.304 15.578 15.7706 15.6997 15.9397 
VolumeStds:1.36076 1.12183 1.27005 1.0516 1.1091 1.2531 1.20644 1.39627 1.39539 1.23273 
Timestep:905000
Temperature: 1723.5
Density: 6.98633
AverageArea: 35.36
AreaStd: 2.15562
AverageVolume: 16.2518
VolumeStd: 1.54013
VornoiIndicies:0 0 0 1 3 5 3 2 0 0 0 0 0 0 0 ,0 0 0 0 2 8 4 0 0 0 0 0 0 0 0 ,0 0 0 1 2 5 4 0 0 0 0 0 0 0 0 ,0 0 0 0 1 10 2 0 0 0 0 0 0 0 0 ,0 0 0 1 3 4 5 1 0 0 0 0 0 0 0 ,0 0 0 1 3 4 4 1 0 0 0 0 0 0 0 ,0 0 0 0 3 6 3 0 0 0 0 0 0 0 0 ,0 0 0 1 2 6 3 1 0 0 0 0 0 0 0 ,0 0 0 0 2 8 2 0 0 0 0 0 0 0 0 ,0 0 0 0 3 6 4 0 0 0 0 0 0 0 0 ,
VornoiFreq:0.0136674 0.0139522 0.0148064 0.0156606 0.0182232 0.0205011 0.0210706 0.0222096 0.0244875 0.0370159 
AverageAreas:35.752 35.3742 34.1613 34.1691 35.3734 35.0544 34.2798 35.1339 33.7964 34.9238 
AreaStds:2.02728 1.79084 2.15889 1.73699 1.97234 2.03842 1.6143 2.02498 1.78077 2.07156 
AverageVolumes:16.5269 16.5433 15.3346 15.7028 16.3805 15.9636 15.4818 16.1247 15.2864 16.0744 
VolumeStds:1.43173 1.2813 1.44295 1.18278 1.38201 1.40164 1.10184 1.37061 1.22032 1.42414 
Timestep:925000
Temperature: 1686.19
Density: 6.98281
AverageArea: 35.3838
AreaStd: 2.17166
AverageVolume: 16.2756
VolumeStd: 1.54403
VornoiIndicies:0 0 0 0 4 5 4 1 0 0 0 0 0 0 0 ,0 0 0 1 3 5 3 2 0 0 0 0 0 0 0 ,0 0 0 0 2 8 4 0 0 0 0 0 0 0 0 ,0 0 0 0 4 4 6 0 0 0 0 0 0 0 0 ,0 0 0 1 3 4 5 1 0 0 0 0 0 0 0 ,0 0 0 1 3 4 4 1 0 0 0 0 0 0 0 ,0 0 0 1 2 6 3 1 0 0 0 0 0 0 0 ,0 0 0 0 3 6 3 0 0 0 0 0 0 0 0 ,0 0 0 0 2 8 2 0 0 0 0 0 0 0 0 ,0 0 0 0 3 6 4 0 0 0 0 0 0 0 0 ,
VornoiFreq:0.0148064 0.0150911 0.0153759 0.0153759 0.0156606 0.0167995 0.0176538 0.0233485 0.0287585 0.0395786 
AverageAreas:35.546 35.6611 35.0594 35.5902 35.705 35.2991 34.6884 33.9104 34.0622 34.7784 
AreaStds:1.68458 1.95341 2.1429 2.00222 1.82393 1.85098 1.88503 1.47121 1.70783 1.86978 
AverageVolumes:16.4712 16.5258 16.3811 16.6058 16.6637 16.1317 15.8604 15.2288 15.462 15.9988 
VolumeStds:1.19434 1.33462 1.47426 1.4195 1.37523 1.28702 1.28605 1.01832 1.17646 1.29292 
Timestep:945000
Temperature: 1623.04
Density: 7.04364
AverageArea: 35.1245
AreaStd: 2.05114
AverageVolume: 16.1106
VolumeStd: 1.47352
VornoiIndicies:0 0 0 0 4 4 6 0 0 0 0 0 0 0 0 ,0 0 0 0 2 8 4 0 0 0 0 0 0 0 0 ,0 0 0 0 4 4 5 0 0 0 0 0 0 0 0 ,0 0 0 1 3 4 5 1 0 0 0 0 0 0 0 ,0 0 0 0 1 10 2 0 0 0 0 0 0 0 0 ,0 0 0 1 3 4 4 1 0 0 0 0 0 0 0 ,0 0 0 1 2 6 3 1 0 0 0 0 0 0 0 ,0 0 0 0 3 6 3 0 0 0 0 0 0 0 0 ,0 0 0 0 2 8 2 0 0 0 0 0 0 0 0 ,0 0 0 0 3 6 4 0 0 0 0 0 0 0 0 ,
VornoiFreq:0.0165148 0.0167995 0.0170843 0.0176538 0.0182232 0.0187927 0.0213554 0.0222096 0.0281891 0.0432802 
AverageAreas:35.5192 35.156 34.3239 34.9917 34.7038 34.6811 34.7427 33.8618 34.0676 34.6766 
AreaStds:1.80777 1.72917 1.74898 1.70463 2.1533 1.61896 1.92927 1.82653 1.90693 1.81513 
AverageVolumes:16.5299 16.4242 15.5899 16.0737 16.1183 15.7418 15.8369 15.2631 15.469 15.9422 
VolumeStds:1.25674 1.21651 1.20364 1.18589 1.56704 1.12983 1.32224 1.2328 1.31334 1.24733 
Timestep:965000
Temperature: 1589.04
Density: 7.03217
AverageArea: 35.1684
AreaStd: 2.04702
AverageVolume: 16.1504
VolumeStd: 1.46078
VornoiIndicies:0 0 0 0 2 8 4 0 0 0 0 0 0 0 0 ,0 0 0 0 4 4 5 0 0 0 0 0 0 0 0 ,0 0 0 1 3 5 3 2 0 0 0 0 0 0 0 ,0 0 0 0 1 10 2 0 0 0 0 0 0 0 0 ,0 0 0 1 3 4 5 1 0 0 0 0 0 0 0 ,0 0 0 0 3 6 3 0 0 0 0 0 0 0 0 ,0 0 0 1 3 4 4 1 0 0 0 0 0 0 0 ,0 0 0 1 2 6 3 1 0 0 0 0 0 0 0 ,0 0 0 0 2 8 2 0 0 0 0 0 0 0 0 ,0 0 0 0 3 6 4 0 0 0 0 0 0 0 0 ,
VornoiFreq:0.0150911 0.0156606 0.0159453 0.0165148 0.0193622 0.0222096 0.0222096 0.0259112 0.0313212 0.0421412 
AverageAreas:34.8289 34.8801 35.6776 34.1969 35.7718 34.0422 34.6996 34.2106 33.9372 34.5563 
AreaStds:1.91652 1.94039 1.82208 1.69398 1.8769 1.77046 1.95838 1.81786 1.86027 1.82704 
AverageVolumes:16.2495 15.9318 16.5193 15.7812 16.6237 15.3802 15.7692 15.5102 15.413 15.8683 
VolumeStds:1.42757 1.37661 1.22976 1.16546 1.32732 1.19133 1.34828 1.22653 1.27927 1.28477 
Timestep:985000
Temperature: 1592.38
Density: 7.09346
AverageArea: 34.9091
AreaStd: 1.93403
AverageVolume: 15.99
VolumeStd: 1.38813
VornoiIndicies:0 0 0 1 2 5 4 0 0 0 0 0 0 0 0 ,0 0 0 1 3 5 3 2 0 0 0 0 0 0 0 ,0 0 0 0 1 10 2 0 0 0 0 0 0 0 0 ,0 0 0 0 2 8 4 0 0 0 0 0 0 0 0 ,0 0 0 1 3 4 4 1 0 0 0 0 0 0 0 ,0 0 0 1 2 6 3 1 0 0 0 0 0 0 0 ,0 0 0 1 3 4 5 1 0 0 0 0 0 0 0 ,0 0 0 0 3 6 3 0 0 0 0 0 0 0 0 ,0 0 0 0 2 8 2 0 0 0 0 0 0 0 0 ,0 0 0 0 3 6 4 0 0 0 0 0 0 0 0 ,
VornoiFreq:0.0167995 0.0179385 0.0190774 0.0190774 0.0202164 0.0222096 0.022779 0.0230638 0.0270501 0.0390091 
AverageAreas:33.7407 35.3091 34.2929 35.1128 34.1749 34.8379 34.9843 33.6466 33.4043 34.313 
AreaStds:1.54792 1.63855 1.47318 1.77634 1.85113 1.54565 1.82087 1.7493 1.72139 1.7895 
AverageVolumes:15.0746 16.299 15.8745 16.469 15.4626 15.9455 16.0949 15.1205 15.0481 15.7153 
VolumeStds:1.05878 1.15841 1.05041 1.2845 1.25569 1.04681 1.26064 1.16886 1.1797 1.2629 
Timestep:1005000
Temperature: 1566.76
Density: 7.06609
AverageArea: 35.0135
AreaStd: 2.00342
AverageVolume: 16.0584
VolumeStd: 1.4356
VornoiIndicies:0 0 0 1 3 5 3 2 0 0 0 0 0 0 0 ,0 0 0 0 4 5 4 1 0 0 0 0 0 0 0 ,0 0 0 0 4 4 5 0 0 0 0 0 0 0 0 ,0 0 0 1 2 5 4 0 0 0 0 0 0 0 0 ,0 0 0 1 3 4 5 1 0 0 0 0 0 0 0 ,0 0 0 1 3 4 4 1 0 0 0 0 0 0 0 ,0 0 0 1 2 6 3 1 0 0 0 0 0 0 0 ,0 0 0 0 2 8 2 0 0 0 0 0 0 0 0 ,0 0 0 0 3 6 3 0 0 0 0 0 0 0 0 ,0 0 0 0 3 6 4 0 0 0 0 0 0 0 0 ,
VornoiFreq:0.0159453 0.0162301 0.0167995 0.0167995 0.0179385 0.0213554 0.0236333 0.0276196 0.0290433 0.0506834 
AverageAreas:35.6124 35.1727 34.4359 33.8983 35.0346 34.6556 34.409 33.9186 33.8274 34.4405 
AreaStds:1.83823 1.74143 1.73877 1.83255 1.63701 1.4287 1.49516 1.64042 1.86565 1.8969 
AverageVolumes:16.5391 16.302 15.6326 15.2153 16.1538 15.7164 15.6421 15.3798 15.2128 15.7903 
VolumeStds:1.30153 1.26075 1.25501 1.25577 1.10377 1.01793 1.02843 1.10381 1.28925 1.32041 
Timestep:1025000
Temperature: 1506.5
Density: 7.10176
AverageArea: 34.9321
AreaStd: 1.95223
AverageVolume: 16.0109
VolumeStd: 1.4012
VornoiIndicies:0 0 0 1 2 5 5 0 0 0 0 0 0 0 0 ,0 0 0 0 3 6 5 0 0 0 0 0 0 0 0 ,0 0 0 1 2 5 4 0 0 0 0 0 0 0 0 ,0 0 0 0 2 8 4 0 0 0 0 0 0 0 0 ,0 0 0 0 3 6 3 0 0 0 0 0 0 0 0 ,0 0 0 1 3 4 4 1 0 0 0 0 0 0 0 ,0 0 0 1 3 4 5 1 0 0 0 0 0 0 0 ,0 0 0 1 2 6 3 1 0 0 0 0 0 0 0 ,0 0 0 0 2 8 2 0 0 0 0 0 0 0 0 ,0 0 0 0 3 6 4 0 0 0 0 0 0 0 0 ,
VornoiFreq:0.0153759 0.0176538 0.0182232 0.0187927 0.0205011 0.0210706 0.0219248 0.0253417 0.0344533 0.0515376 
AverageAreas:34.8348 35.1026 33.8316 34.6548 33.6802 34.4153 34.8032 34.4563 33.8217 34.4691 
AreaStds:1.68765 1.71581 1.78123 2.10223 1.89098 1.75622 1.70306 1.70708 1.65487 1.68215 
AverageVolumes:15.9764 16.3586 15.2125 16.1392 15.1733 15.5949 15.9678 15.7094 15.3486 15.8203 
VolumeStds:1.18951 1.27754 1.25483 1.49595 1.3162 1.18088 1.25169 1.1996 1.14417 1.16743 
Timestep:1045000
Temperature: 1491.72
Density: 7.11437
AverageArea: 34.8164
AreaStd: 1.91466
AverageVolume: 15.9479
VolumeStd: 1.3585
VornoiIndicies:0 0 0 0 3 6 5 0 0 0 0 0 0 0 0 ,0 0 0 0 1 10 2 0 0 0 0 0 0 0 0 ,0 0 0 0 4 4 6 0 0 0 0 0 0 0 0 ,0 0 0 0 2 8 1 0 0 0 0 0 0 0 0 ,0 0 0 1 3 4 5 1 0 0 0 0 0 0 0 ,0 0 0 1 2 6 3 1 0 0 0 0 0 0 0 ,0 0 0 1 3 4 4 1 0 0 0 0 0 0 0 ,0 0 0 0 3 6 3 0 0 0 0 0 0 0 0 ,0 0 0 0 2 8 2 0 0 0 0 0 0 0 0 ,0 0 0 0 3 6 4 0 0 0 0 0 0 0 0 ,
VornoiFreq:0.0165148 0.017369 0.0176538 0.018508 0.0193622 0.0224943 0.0224943 0.0259112 0.0401481 0.0455581 
AverageAreas:34.7841 33.7203 34.9646 32.9785 35.0236 34.3118 34.3176 34.0029 33.6918 34.2225 
AreaStds:1.55728 1.54243 1.68627 1.76505 1.79105 1.70843 1.47298 1.67005 1.6409 1.75542 
AverageVolumes:16.1283 15.4667 16.1842 14.641 16.1775 15.6125 15.5447 15.3929 15.2666 15.6643 
VolumeStds:1.08561 1.09345 1.22078 1.16286 1.24401 1.21832 1.03102 1.12596 1.14668 1.25019 
Timestep:1065000
Temperature: 1438.88
Density: 7.13752
AverageArea: 34.7054
AreaStd: 1.90208
AverageVolume: 15.8784
VolumeStd: 1.34734
VornoiIndicies:0 0 0 0 4 5 4 1 0 0 0 0 0 0 0 ,0 0 0 0 4 4 5 0 0 0 0 0 0 0 0 ,0 0 0 1 3 5 2 2 0 0 0 0 0 0 0 ,0 0 0 0 1 10 2 0 0 0 0 0 0 0 0 ,0 0 0 1 3 4 4 1 0 0 0 0 0 0 0 ,0 0 0 1 3 4 5 1 0 0 0 0 0 0 0 ,0 0 0 0 3 6 3 0 0 0 0 0 0 0 0 ,0 0 0 1 2 6 3 1 0 0 0 0 0 0 0 ,0 0 0 0 2 8 2 0 0 0 0 0 0 0 0 ,0 0 0 0 3 6 4 0 0 0 0 0 0 0 0 ,
VornoiFreq:0.0165148 0.0170843 0.0176538 0.018508 0.0199317 0.0236333 0.0253417 0.0259112 0.035877 0.0512528 
AverageAreas:34.8143 34.3921 34.5865 34.1188 34.6399 34.8031 34.0465 34.1737 33.5601 34.2629 
AreaStds:1.71457 1.84664 1.72698 1.71307 1.46811 1.66827 1.60352 2.03876 1.72012 1.72722 
AverageVolumes:16.0171 15.7037 15.7376 15.7989 15.753 16.0176 15.3983 15.5469 15.1659 15.7298 
VolumeStds:1.18033 1.27557 1.16724 1.1774 1.03925 1.15204 1.0799 1.40892 1.1607 1.21391 
Timestep:1085000
Temperature: 1386.63
Density: 7.16563
AverageArea: 34.6198
AreaStd: 1.82651
AverageVolume: 15.8315
VolumeStd: 1.29564
VornoiIndicies:0 0 0 0 3 6 5 0 0 0 0 0 0 0 0 ,0 0 0 0 2 8 1 0 0 0 0 0 0 0 0 ,0 0 0 0 2 8 4 0 0 0 0 0 0 0 0 ,0 0 0 1 3 4 4 1 0 0 0 0 0 0 0 ,0 0 0 1 3 4 5 1 0 0 0 0 0 0 0 ,0 0 0 0 1 10 2 0 0 0 0 0 0 0 0 ,0 0 0 1 2 6 3 1 0 0 0 0 0 0 0 ,0 0 0 0 3 6 3 0 0 0 0 0 0 0 0 ,0 0 0 0 2 8 2 0 0 0 0 0 0 0 0 ,0 0 0 0 3 6 4 0 0 0 0 0 0 0 0 ,
VornoiFreq:0.017369 0.0182232 0.0182232 0.0190774 0.0196469 0.0233485 0.0236333 0.0267654 0.035877 0.0512528 
AverageAreas:34.8236 33.4291 34.8449 34.3178 34.7139 34.1622 34.0684 33.8099 33.4919 34.1174 
AreaStds:1.39296 1.53916 1.54761 1.44779 1.57028 1.44524 1.8507 1.43343 1.85312 1.58709 
AverageVolumes:16.172 14.956 16.277 15.5529 15.9258 15.8396 15.462 15.3126 15.1468 15.5847 
VolumeStds:0.980271 1.03293 1.11968 1.01663 1.0937 1.0309 1.28345 1.02709 1.26782 1.10016 
Timestep:1105000
Temperature: 1407.27
Density: 7.19417
AverageArea: 34.4725
AreaStd: 1.84263
AverageVolume: 15.7423
VolumeStd: 1.30665
VornoiIndicies:0 0 0 0 2 8 1 0 0 0 0 0 0 0 0 ,0 0 0 0 2 8 4 0 0 0 0 0 0 0 0 ,0 0 0 1 3 4 5 1 0 0 0 0 0 0 0 ,0 0 0 0 3 6 5 0 0 0 0 0 0 0 0 ,0 0 0 1 3 4 4 1 0 0 0 0 0 0 0 ,0 0 0 1 2 6 3 1 0 0 0 0 0 0 0 ,0 0 0 0 1 10 2 0 0 0 0 0 0 0 0 ,0 0 0 0 3 6 3 0 0 0 0 0 0 0 0 ,0 0 0 0 2 8 2 0 0 0 0 0 0 0 0 ,0 0 0 0 3 6 4 0 0 0 0 0 0 0 0 ,
VornoiFreq:0.0170843 0.0182232 0.018508 0.0193622 0.0207859 0.0230638 0.0233485 0.0324601 0.0432802 0.0560934 
AverageAreas:33.0815 34.4406 34.9702 34.5626 34.0957 34.2146 33.9013 33.4997 33.3455 33.9206 
AreaStds:1.82722 1.64297 1.54642 1.86588 1.66744 1.46116 1.5595 1.59847 1.73537 1.6013 
AverageVolumes:14.7281 15.9911 16.1639 16.0218 15.4048 15.6166 15.6011 15.0716 15.0519 15.4878 
VolumeStds:1.2113 1.15822 1.09601 1.35981 1.12565 1.02233 1.08909 1.08308 1.18723 1.13256 
Timestep:1125000
Temperature: 1314.56
Density: 7.20092
AverageArea: 34.4317
AreaStd: 1.83986
AverageVolume: 15.7222
VolumeStd: 1.30226
VornoiIndicies:0 0 0 1 2 6 2 1 0 0 0 0 0 0 0 ,0 0 0 0 2 8 1 0 0 0 0 0 0 0 0 ,0 0 0 0 2 8 4 0 0 0 0 0 0 0 0 ,0 0 0 1 3 4 5 1 0 0 0 0 0 0 0 ,0 0 0 1 3 4 4 1 0 0 0 0 0 0 0 ,0 0 0 0 1 10 2 0 0 0 0 0 0 0 0 ,0 0 0 1 2 6 3 1 0 0 0 0 0 0 0 ,0 0 0 0 3 6 3 0 0 0 0 0 0 0 0 ,0 0 0 0 2 8 2 0 0 0 0 0 0 0 0 ,0 0 0 0 3 6 4 0 0 0 0 0 0 0 0 ,
VornoiFreq:0.0179385 0.0187927 0.0196469 0.0202164 0.0253417 0.0261959 0.0270501 0.0284738 0.0404328 0.0569476 
AverageAreas:33.3213 33.4222 34.4807 34.8957 34.3497 33.8223 33.9339 33.6918 33.4409 34.0204 
AreaStds:1.72897 1.87298 1.61632 1.52114 1.8604 1.37986 1.76752 1.6699 1.46614 1.43886 
AverageVolumes:14.8475 14.9563 16.0132 16.0827 15.6367 15.5862 15.3959 15.2171 15.0909 15.5527 
VolumeStds:1.13707 1.24703 1.17083 1.09591 1.31163 0.947051 1.23014 1.14214 1.0143 1.02463 
Timestep:1145000
Temperature: 1295.63
Density: 7.22012
AverageArea: 34.3935
AreaStd: 1.76592
AverageVolume: 15.716
VolumeStd: 1.25028
VornoiIndicies:0 0 0 0 2 8 4 0 0 0 0 0 0 0 0 ,0 0 0 0 2 8 1 0 0 0 0 0 0 0 0 ,0 0 0 0 2 8 3 0 0 0 0 0 0 0 0 ,0 0 0 1 3 4 5 1 0 0 0 0 0 0 0 ,0 0 0 1 3 4 4 1 0 0 0 0 0 0 0 ,0 0 0 1 2 6 3 1 0 0 0 0 0 0 0 ,0 0 0 0 1 10 2 0 0 0 0 0 0 0 0 ,0 0 0 0 3 6 3 0 0 0 0 0 0 0 0 ,0 0 0 0 2 8 2 0 0 0 0 0 0 0 0 ,0 0 0 0 3 6 4 0 0 0 0 0 0 0 0 ,
VornoiFreq:0.0196469 0.0199317 0.0202164 0.0210706 0.0216401 0.0242027 0.0298975 0.0338838 0.0415718 0.0535308 
AverageAreas:34.6572 32.9724 34.2013 34.7009 34.3768 33.8467 33.9633 33.5588 33.4139 34.0284 
AreaStds:1.62292 1.39777 1.64463 1.60465 1.37906 1.38565 1.58519 1.47564 1.66013 1.63154 
AverageVolumes:16.1808 14.6736 15.7379 15.9847 15.6337 15.3223 15.7046 15.1016 15.1231 15.5554 
VolumeStds:1.16625 0.925456 1.14381 1.14512 0.967791 0.937069 1.10259 1.00502 1.12859 1.13904 
Timestep:1165000
Temperature: 1285.17
Density: 7.25503
AverageArea: 34.2073
AreaStd: 1.74954
AverageVolume: 15.5989
VolumeStd: 1.2438
VornoiIndicies:0 0 0 0 3 6 5 0 0 0 0 0 0 0 0 ,0 0 0 0 0 12 0 0 0 0 0 0 0 0 0 ,0 0 0 0 2 8 4 0 0 0 0 0 0 0 0 ,0 0 0 0 1 10 2 0 0 0 0 0 0 0 0 ,0 0 0 1 2 6 3 1 0 0 0 0 0 0 0 ,0 0 0 1 3 4 5 1 0 0 0 0 0 0 0 ,0 0 0 1 3 4 4 1 0 0 0 0 0 0 0 ,0 0 0 0 3 6 3 0 0 0 0 0 0 0 0 ,0 0 0 0 2 8 2 0 0 0 0 0 0 0 0 ,0 0 0 0 3 6 4 0 0 0 0 0 0 0 0 ,
VornoiFreq:0.0199317 0.0205011 0.0210706 0.0216401 0.0233485 0.0233485 0.0236333 0.0284738 0.0458428 0.0646355 
AverageAreas:34.4819 32.4667 34.2679 33.7701 33.6336 34.7724 33.983 33.493 33.3684 33.7889 
AreaStds:1.6271 1.61266 1.52281 1.68594 1.77586 1.50623 1.58235 1.57814 1.56285 1.55708 
AverageVolumes:16.0003 14.6848 15.8541 15.5674 15.2293 16.0504 15.3635 15.0854 15.0864 15.4291 
VolumeStds:1.17699 1.08011 1.07881 1.168 1.25307 1.06566 1.03391 1.07849 1.08257 1.08617 
Timestep:1185000
Temperature: 1265.58
Density: 7.29251
AverageArea: 34.062
AreaStd: 1.76264
AverageVolume: 15.5103
VolumeStd: 1.23714
VornoiIndicies:0 0 0 0 3 6 5 0 0 0 0 0 0 0 0 ,0 0 0 0 0 12 0 0 0 0 0 0 0 0 0 ,0 0 0 1 3 4 4 1 0 0 0 0 0 0 0 ,0 0 0 0 2 8 1 0 0 0 0 0 0 0 0 ,0 0 0 0 2 8 4 0 0 0 0 0 0 0 0 ,0 0 0 0 1 10 2 0 0 0 0 0 0 0 0 ,0 0 0 1 2 6 3 1 0 0 0 0 0 0 0 ,0 0 0 0 3 6 3 0 0 0 0 0 0 0 0 ,0 0 0 0 2 8 2 0 0 0 0 0 0 0 0 ,0 0 0 0 3 6 4 0 0 0 0 0 0 0 0 ,
VornoiFreq:0.0210706 0.0219248 0.0219248 0.0222096 0.0224943 0.0267654 0.0279043 0.0307517 0.0546697 0.0640661 
AverageAreas:34.2495 32.5184 34.0419 32.9618 34.4035 33.4601 33.8815 33.3804 32.927 33.8142 
AreaStds:1.47747 1.49564 1.54228 1.60789 1.60499 1.55247 1.45072 1.67402 1.56564 1.61266 
AverageVolumes:15.8006 14.7408 15.4293 14.6601 16.0225 15.3319 15.3657 15.0287 14.7961 15.4411 
VolumeStds:1.03702 1.00889 1.03701 1.05389 1.1388 1.0602 0.997989 1.13922 1.05397 1.11773 
Timestep:1205000
Temperature: 1217.17
Density: 7.28176
AverageArea: 34.0913
AreaStd: 1.72198
AverageVolume: 15.5428
VolumeStd: 1.21323
VornoiIndicies:0 0 0 1 2 6 2 1 0 0 0 0 0 0 0 ,0 0 0 1 3 4 5 1 0 0 0 0 0 0 0 ,0 0 0 0 2 8 1 0 0 0 0 0 0 0 0 ,0 0 0 0 0 12 0 0 0 0 0 0 0 0 0 ,0 0 0 1 3 4 4 1 0 0 0 0 0 0 0 ,0 0 0 1 2 6 3 1 0 0 0 0 0 0 0 ,0 0 0 0 1 10 2 0 0 0 0 0 0 0 0 ,0 0 0 0 3 6 3 0 0 0 0 0 0 0 0 ,0 0 0 0 2 8 2 0 0 0 0 0 0 0 0 ,0 0 0 0 3 6 4 0 0 0 0 0 0 0 0 ,
VornoiFreq:0.0190774 0.0199317 0.0202164 0.023918 0.0261959 0.0276196 0.0321754 0.034738 0.0481207 0.0671982 
AverageAreas:33.2534 34.5959 32.8651 33.0049 34.1395 33.7668 33.2638 33.2849 33.1069 33.8739 
AreaStds:1.55111 1.43777 1.49529 1.66849 1.41416 1.64799 1.60059 1.59772 1.41076 1.4922 
AverageVolumes:14.8696 15.978 14.6089 15.0502 15.4893 15.3208 15.2443 14.968 14.9248 15.5058 
VolumeStds:1.03312 0.976584 0.969559 1.14015 0.988301 1.11585 1.10766 1.08005 0.949298 1.03466 
Timestep:1225000
Temperature: 1176.54
Density: 7.31128
AverageArea: 33.9502
AreaStd: 1.70037
AverageVolume: 15.4684
VolumeStd: 1.19105
VornoiIndicies:0 0 0 1 2 6 3 1 0 0 0 0 0 0 0 ,0 0 0 1 3 4 4 1 0 0 0 0 0 0 0 ,0 0 0 1 3 4 5 1 0 0 0 0 0 0 0 ,0 0 0 1 2 5 4 0 0 0 0 0 0 0 0 ,0 0 0 0 2 8 4 0 0 0 0 0 0 0 0 ,0 0 0 0 0 12 0 0 0 0 0 0 0 0 0 ,0 0 0 0 3 6 3 0 0 0 0 0 0 0 0 ,0 0 0 0 1 10 2 0 0 0 0 0 0 0 0 ,0 0 0 0 2 8 2 0 0 0 0 0 0 0 0 ,0 0 0 0 3 6 4 0 0 0 0 0 0 0 0 ,
VornoiFreq:0.0230638 0.0233485 0.023918 0.0247722 0.0259112 0.0276196 0.0335991 0.0418565 0.0575171 0.0634966 
AverageAreas:33.7765 34.1232 34.3005 33.3989 34.0321 32.1135 33.3315 33.4426 33.2393 33.7704 
AreaStds:1.49519 1.43372 1.4698 1.43856 1.41196 1.42066 1.53476 1.45844 1.54288 1.63351 
AverageVolumes:15.3978 15.4863 15.7742 14.9782 15.8012 14.4559 15.0263 15.3656 15.0115 15.4364 
VolumeStds:1.0136 0.991128 1.03549 0.993615 0.99697 0.932116 1.04763 0.996075 1.05024 1.12388 
Timestep:1245000
Temperature: 1147.44
Density: 7.33643
AverageArea: 33.8595
AreaStd: 1.70262
AverageVolume: 15.4205
VolumeStd: 1.1896
VornoiIndicies:0 0 0 0 2 8 1 0 0 0 0 0 0 0 0 ,0 0 0 0 2 8 3 0 0 0 0 0 0 0 0 ,0 0 0 1 3 4 4 1 0 0 0 0 0 0 0 ,0 0 0 1 2 5 4 0 0 0 0 0 0 0 0 ,0 0 0 1 2 6 3 1 0 0 0 0 0 0 0 ,0 0 0 0 3 6 3 0 0 0 0 0 0 0 0 ,0 0 0 0 0 12 0 0 0 0 0 0 0 0 0 ,0 0 0 0 1 10 2 0 0 0 0 0 0 0 0 ,0 0 0 0 2 8 2 0 0 0 0 0 0 0 0 ,0 0 0 0 3 6 4 0 0 0 0 0 0 0 0 ,
VornoiFreq:0.0222096 0.0222096 0.0233485 0.0264806 0.029328 0.0321754 0.0398633 0.0404328 0.0603645 0.0649203 
AverageAreas:32.4632 33.3077 33.9736 33.566 33.8596 33.0911 32.2862 33.4151 33.0496 33.6906 
AreaStds:1.46582 1.52983 1.42775 1.52911 1.58018 1.63717 1.48864 1.52017 1.50752 1.34431 
AverageVolumes:14.3401 15.1461 15.42 15.104 15.4085 14.835 14.5796 15.3604 14.9232 15.381 
VolumeStds:0.971728 1.04468 0.990787 1.05215 1.07602 1.13403 0.966488 1.05153 1.02815 0.909625 
Timestep:1265000
Temperature: 1097.44
Density: 7.36763
AverageArea: 33.7453
AreaStd: 1.66522
AverageVolume: 15.3538
VolumeStd: 1.1554
VornoiIndicies:0 0 0 0 2 8 4 0 0 0 0 0 0 0 0 ,0 0 0 1 3 4 4 1 0 0 0 0 0 0 0 ,0 0 0 0 2 8 3 0 0 0 0 0 0 0 0 ,0 0 0 0 2 8 1 0 0 0 0 0 0 0 0 ,0 0 0 0 3 6 3 0 0 0 0 0 0 0 0 ,0 0 0 1 2 6 3 1 0 0 0 0 0 0 0 ,0 0 0 0 0 12 0 0 0 0 0 0 0 0 0 ,0 0 0 0 1 10 2 0 0 0 0 0 0 0 0 ,0 0 0 0 2 8 2 0 0 0 0 0 0 0 0 ,0 0 0 0 3 6 4 0 0 0 0 0 0 0 0 ,
VornoiFreq:0.0222096 0.023918 0.0247722 0.0261959 0.0338838 0.0338838 0.0447039 0.0489749 0.0620729 0.0691913 
AverageAreas:34.0267 33.5696 33.4979 32.6797 33.1904 33.6102 32.1789 33.2788 32.8397 33.7948 
AreaStds:1.30428 1.42713 1.63563 1.63933 1.45338 1.64986 1.51201 1.38826 1.47696 1.62475 
AverageVolumes:15.7831 15.1584 15.3057 14.5141 14.9203 15.2414 14.5375 15.2688 14.7525 15.4623 
VolumeStds:0.911222 0.974943 1.11913 1.11305 0.988397 1.14194 1.01498 0.969038 0.987587 1.15057 
Timestep:1280000
Temperature: 1086.77
Density: 7.35853
AverageArea: 33.7389
AreaStd: 1.62845
AverageVolume: 15.3519
VolumeStd: 1.13215
VornoiIndicies:0 0 0 0 2 8 3 0 0 0 0 0 0 0 0 ,0 0 0 1 2 5 4 0 0 0 0 0 0 0 0 ,0 0 0 0 2 8 4 0 0 0 0 0 0 0 0 ,0 0 0 0 2 8 1 0 0 0 0 0 0 0 0 ,0 0 0 1 2 6 3 1 0 0 0 0 0 0 0 ,0 0 0 0 3 6 3 0 0 0 0 0 0 0 0 ,0 0 0 0 0 12 0 0 0 0 0 0 0 0 0 ,0 0 0 0 1 10 2 0 0 0 0 0 0 0 0 ,0 0 0 0 2 8 2 0 0 0 0 0 0 0 0 ,0 0 0 0 3 6 4 0 0 0 0 0 0 0 0 ,
VornoiFreq:0.0213554 0.0219248 0.0276196 0.0281891 0.0327449 0.0341686 0.0429954 0.047836 0.0643508 0.0657745 
AverageAreas:33.2264 33.4594 33.86 32.9485 33.5923 33.2424 32.3509 33.2458 33.0569 33.4734 
AreaStds:1.56621 1.54329 1.33312 1.54777 1.57897 1.44411 1.47023 1.55586 1.49624 1.42356 
AverageVolumes:15.0895 15.0085 15.6727 14.7043 15.2279 14.9619 14.6461 15.2373 14.9387 15.2411 
VolumeStds:1.11188 1.04848 0.932207 1.04311 1.08578 0.98974 0.982838 1.06925 1.0011 0.990834 
Timestep:1300000
Temperature: 1044.19
Density: 7.39734
AverageArea: 33.603
AreaStd: 1.61699
AverageVolume: 15.2789
VolumeStd: 1.12102
VornoiIndicies:0 0 0 0 2 8 4 0 0 0 0 0 0 0 0 ,0 0 0 1 0 9 3 0 0 0 0 0 0 0 0 ,0 0 0 1 2 5 4 0 0 0 0 0 0 0 0 ,0 0 0 0 3 6 3 0 0 0 0 0 0 0 0 ,0 0 0 0 2 8 1 0 0 0 0 0 0 0 0 ,0 0 0 1 2 6 3 1 0 0 0 0 0 0 0 ,0 0 0 0 1 10 2 0 0 0 0 0 0 0 0 ,0 0 0 0 0 12 0 0 0 0 0 0 0 0 0 ,0 0 0 0 3 6 4 0 0 0 0 0 0 0 0 ,0 0 0 0 2 8 2 0 0 0 0 0 0 0 0 ,
VornoiFreq:0.0219248 0.0219248 0.0236333 0.0284738 0.0296128 0.0316059 0.0526765 0.0589408 0.0623576 0.0808656 
AverageAreas:33.6593 33.037 33.1067 33.378 32.71 33.6917 33.1633 32.2764 33.3127 32.8317 
AreaStds:1.45621 1.38412 1.48889 1.50813 1.40389 1.40639 1.41544 1.44403 1.32497 1.49023 
AverageVolumes:15.5267 15.0573 14.7754 15.0984 14.56 15.3386 15.1954 14.6044 15.1509 14.7831 
VolumeStds:1.01363 0.933743 1.00066 1.07281 0.969438 0.9931 0.975826 0.963786 0.923657 0.990472 
Timestep:1320000
Temperature: 994.499
Density: 7.43011
AverageArea: 33.4684
AreaStd: 1.59497
AverageVolume: 15.2007
VolumeStd: 1.09475
VornoiIndicies:0 0 0 0 2 8 4 0 0 0 0 0 0 0 0 ,0 0 0 1 0 9 3 0 0 0 0 0 0 0 0 ,0 0 0 0 2 8 3 0 0 0 0 0 0 0 0 ,0 0 0 1 2 6 3 1 0 0 0 0 0 0 0 ,0 0 0 0 2 8 1 0 0 0 0 0 0 0 0 ,0 0 0 0 3 6 3 0 0 0 0 0 0 0 0 ,0 0 0 0 0 12 0 0 0 0 0 0 0 0 0 ,0 0 0 0 1 10 2 0 0 0 0 0 0 0 0 ,0 0 0 0 2 8 2 0 0 0 0 0 0 0 0 ,0 0 0 0 3 6 4 0 0 0 0 0 0 0 0 ,
VornoiFreq:0.0233485 0.0233485 0.0253417 0.0296128 0.0301822 0.0318907 0.0629271 0.0634966 0.0740319 0.0757403 
AverageAreas:33.6103 32.838 33.0694 33.55 32.5597 33.1089 32.1239 33.0433 32.7082 33.5624 
AreaStds:1.19097 1.5499 1.41672 1.3888 1.13266 1.36029 1.41034 1.38023 1.45119 1.47034 
AverageVolumes:15.5174 14.9703 15.0433 15.2382 14.4835 14.8679 14.5062 15.1347 14.6987 15.3231 
VolumeStds:0.840664 1.05002 0.945719 1.00126 0.749584 0.921584 0.942018 0.956208 0.975893 1.02392 
Timestep:1340000
Temperature: 992.022
Density: 7.4222
AverageArea: 33.4563
AreaStd: 1.58789
AverageVolume: 15.1998
VolumeStd: 1.09276
VornoiIndicies:0 0 0 1 2 6 2 1 0 0 0 0 0 0 0 ,0 0 0 0 2 8 1 0 0 0 0 0 0 0 0 ,0 0 0 1 2 5 4 0 0 0 0 0 0 0 0 ,0 0 0 1 0 9 3 0 0 0 0 0 0 0 0 ,0 0 0 1 2 6 3 1 0 0 0 0 0 0 0 ,0 0 0 0 3 6 3 0 0 0 0 0 0 0 0 ,0 0 0 0 1 10 2 0 0 0 0 0 0 0 0 ,0 0 0 0 3 6 4 0 0 0 0 0 0 0 0 ,0 0 0 0 0 12 0 0 0 0 0 0 0 0 0 ,0 0 0 0 2 8 2 0 0 0 0 0 0 0 0 ,
VornoiFreq:0.0219248 0.0253417 0.0273349 0.0276196 0.030467 0.0324601 0.0623576 0.0740319 0.0746014 0.0820046 
AverageAreas:33.2691 32.6585 33.2761 32.758 33.5174 32.9098 33.0446 33.5794 32.1849 32.6981 
AreaStds:1.6725 1.37007 1.41579 1.61602 1.32846 1.22651 1.4386 1.49593 1.37891 1.39026 
AverageVolumes:14.9214 14.5124 14.9249 14.8965 15.198 14.7649 15.1442 15.3698 14.5515 14.6902 
VolumeStds:1.14714 0.914447 0.989342 1.09815 0.937983 0.84454 1.01191 1.02312 0.937507 0.950418 
Timestep:1360000
Temperature: 936.926
Density: 7.44329
AverageArea: 33.3719
AreaStd: 1.52344
AverageVolume: 15.1591
VolumeStd: 1.04139
VornoiIndicies:0 0 0 1 3 4 4 1 0 0 0 0 0 0 0 ,0 0 0 0 2 8 3 0 0 0 0 0 0 0 0 ,0 0 0 0 2 8 1 0 0 0 0 0 0 0 0 ,0 0 0 0 2 8 4 0 0 0 0 0 0 0 0 ,0 0 0 0 3 6 3 0 0 0 0 0 0 0 0 ,0 0 0 1 2 6 3 1 0 0 0 0 0 0 0 ,0 0 0 0 1 10 2 0 0 0 0 0 0 0 0 ,0 0 0 0 3 6 4 0 0 0 0 0 0 0 0 ,0 0 0 0 0 12 0 0 0 0 0 0 0 0 0 ,0 0 0 0 2 8 2 0 0 0 0 0 0 0 0 ,
VornoiFreq:0.022779 0.0236333 0.0281891 0.0287585 0.0355923 0.0361617 0.0660592 0.0703303 0.0834282 0.0868451 
AverageAreas:33.3451 33.044 32.7018 33.8997 33.1384 33.3515 32.8998 33.4166 32.1499 32.7949 
AreaStds:1.33623 1.39388 1.4109 1.31353 1.51027 1.42458 1.34177 1.35724 1.36204 1.47642 
AverageVolumes:15.0367 15.0386 14.5478 15.748 14.9257 15.1149 15.0524 15.2342 14.5285 14.7799 
VolumeStds:0.917222 0.953272 0.940293 0.905061 0.97971 0.971112 0.919485 0.933207 0.915793 0.996052 
Timestep:1380000
Temperature: 883.729
Density: 7.4673
AverageArea: 33.2807
AreaStd: 1.55705
AverageVolume: 15.1122
VolumeStd: 1.06252
VornoiIndicies:0 0 0 0 2 8 3 0 0 0 0 0 0 0 0 ,0 0 0 1 2 5 4 0 0 0 0 0 0 0 0 ,0 0 0 0 2 8 4 0 0 0 0 0 0 0 0 ,0 0 0 1 2 6 3 1 0 0 0 0 0 0 0 ,0 0 0 0 3 6 3 0 0 0 0 0 0 0 0 ,0 0 0 0 2 8 1 0 0 0 0 0 0 0 0 ,0 0 0 0 1 10 2 0 0 0 0 0 0 0 0 ,0 0 0 0 3 6 4 0 0 0 0 0 0 0 0 ,0 0 0 0 2 8 2 0 0 0 0 0 0 0 0 ,0 0 0 0 0 12 0 0 0 0 0 0 0 0 0 ,
VornoiFreq:0.0205011 0.0216401 0.0264806 0.0281891 0.0324601 0.0327449 0.065205 0.0694761 0.0936788 0.101936 
AverageAreas:32.9923 33.0982 33.6927 33.1748 33.223 32.8921 33.0289 33.4079 32.5856 31.983 
AreaStds:1.32521 1.19221 1.40699 1.21023 1.24478 1.47364 1.45253 1.48529 1.48198 1.3749 
AverageVolumes:14.9942 14.8199 15.6215 15.0022 14.9874 14.6925 15.1403 15.2452 14.6455 14.4196 
VolumeStds:0.86796 0.822988 1.0071 0.834784 0.855327 0.970351 0.990323 1.03914 0.999279 0.921563 
Timestep:1400000
Temperature: 886.316
Density: 7.49759
AverageArea: 33.1818
AreaStd: 1.5251
AverageVolume: 15.0564
VolumeStd: 1.04205
VornoiIndicies:0 0 0 1 2 5 5 0 0 0 0 0 0 0 0 ,0 0 0 1 0 9 3 0 0 0 0 0 0 0 0 ,0 0 0 0 2 8 4 0 0 0 0 0 0 0 0 ,0 0 0 0 2 8 1 0 0 0 0 0 0 0 0 ,0 0 0 0 3 6 3 0 0 0 0 0 0 0 0 ,0 0 0 1 2 6 3 1 0 0 0 0 0 0 0 ,0 0 0 0 1 10 2 0 0 0 0 0 0 0 0 ,0 0 0 0 3 6 4 0 0 0 0 0 0 0 0 ,0 0 0 0 2 8 2 0 0 0 0 0 0 0 0 ,0 0 0 0 0 12 0 0 0 0 0 0 0 0 0 ,
VornoiFreq:0.0242027 0.0290433 0.0296128 0.0335991 0.0335991 0.0344533 0.0677677 0.0743166 0.0896925 0.101936 
AverageAreas:33.3116 32.6538 33.6052 32.6157 33.0994 33.052 32.7776 33.2501 32.7556 31.9688 
AreaStds:1.62098 1.42219 1.23518 1.38227 1.30003 1.29329 1.39489 1.33399 1.33448 1.38574 
AverageVolumes:15.1169 14.8631 15.5487 14.5095 14.928 14.8986 14.9786 15.1268 14.7593 14.4384 
VolumeStds:1.1126 0.955522 0.86604 0.927648 0.878354 0.862244 0.956133 0.921143 0.911802 0.934878 
Timestep:1420000
Temperature: 862.489
Density: 7.49537
AverageArea: 33.1641
AreaStd: 1.49307
AverageVolume: 15.0488
VolumeStd: 1.00604
VornoiIndicies:0 0 0 0 2 8 4 0 0 0 0 0 0 0 0 ,0 0 0 1 0 9 3 0 0 0 0 0 0 0 0 ,0 0 0 0 2 8 3 0 0 0 0 0 0 0 0 ,0 0 0 1 2 6 3 1 0 0 0 0 0 0 0 ,0 0 0 0 3 6 3 0 0 0 0 0 0 0 0 ,0 0 0 0 2 8 1 0 0 0 0 0 0 0 0 ,0 0 0 0 3 6 4 0 0 0 0 0 0 0 0 ,0 0 0 0 1 10 2 0 0 0 0 0 0 0 0 ,0 0 0 0 2 8 2 0 0 0 0 0 0 0 0 ,0 0 0 0 0 12 0 0 0 0 0 0 0 0 0 ,
VornoiFreq:0.0242027 0.0250569 0.0270501 0.0333144 0.0361617 0.0373007 0.0683371 0.0734624 0.0911162 0.115319 
AverageAreas:33.3412 32.6215 33.3524 33.1956 33.0501 32.6726 33.2386 32.7296 32.5561 31.9239 
AreaStds:1.24761 1.26656 1.44716 1.34273 1.24464 1.40167 1.21634 1.19186 1.32233 1.27505 
AverageVolumes:15.3701 14.8203 15.2509 15.0138 14.895 14.5394 15.1305 14.9534 14.6459 14.4045 
VolumeStds:0.876186 0.857751 0.99018 0.932538 0.838102 0.92583 0.848792 0.819474 0.904108 0.852064 
Timestep:1440000
Temperature: 793.936
Density: 7.53025
AverageArea: 33.044
AreaStd: 1.49104
AverageVolume: 14.9724
VolumeStd: 1.00333
VornoiIndicies:0 0 0 0 2 8 3 0 0 0 0 0 0 0 0 ,0 0 0 0 2 8 4 0 0 0 0 0 0 0 0 ,0 0 0 1 0 9 3 0 0 0 0 0 0 0 0 ,0 0 0 0 3 6 3 0 0 0 0 0 0 0 0 ,0 0 0 1 2 6 3 1 0 0 0 0 0 0 0 ,0 0 0 0 2 8 1 0 0 0 0 0 0 0 0 ,0 0 0 0 1 10 2 0 0 0 0 0 0 0 0 ,0 0 0 0 2 8 2 0 0 0 0 0 0 0 0 ,0 0 0 0 3 6 4 0 0 0 0 0 0 0 0 ,0 0 0 0 0 12 0 0 0 0 0 0 0 0 0 ,
VornoiFreq:0.0222096 0.0270501 0.029328 0.0301822 0.0318907 0.0333144 0.0700456 0.0800114 0.0834282 0.113041 
AverageAreas:32.8947 33.293 32.5629 33.1158 32.8951 32.4858 32.7122 32.5776 33.3216 31.6742 
AreaStds:1.31373 1.23678 1.24685 1.28307 1.27267 1.32854 1.29018 1.40716 1.38365 1.27138 
AverageVolumes:14.955 15.3089 14.8015 14.9279 14.819 14.4342 14.9454 14.6603 15.2093 14.2437 
VolumeStds:0.898573 0.856939 0.839896 0.872736 0.886187 0.891429 0.878272 0.967472 0.954007 0.836763 
Timestep:1460000
Temperature: 790.513
Density: 7.51795
AverageArea: 33.0652
AreaStd: 1.4844
AverageVolume: 14.9883
VolumeStd: 0.991745
VornoiIndicies:0 0 0 0 2 8 4 0 0 0 0 0 0 0 0 ,0 0 0 0 2 8 3 0 0 0 0 0 0 0 0 ,0 0 0 1 0 9 3 0 0 0 0 0 0 0 0 ,0 0 0 0 2 8 1 0 0 0 0 0 0 0 0 ,0 0 0 1 2 6 3 1 0 0 0 0 0 0 0 ,0 0 0 0 3 6 3 0 0 0 0 0 0 0 0 ,0 0 0 0 3 6 4 0 0 0 0 0 0 0 0 ,0 0 0 0 1 10 2 0 0 0 0 0 0 0 0 ,0 0 0 0 2 8 2 0 0 0 0 0 0 0 0 ,0 0 0 0 0 12 0 0 0 0 0 0 0 0 0 ,
VornoiFreq:0.0230638 0.0242027 0.0253417 0.0321754 0.0335991 0.0355923 0.0726082 0.0763098 0.0951025 0.117597 
AverageAreas:33.5541 32.9751 32.5089 32.7016 33.1271 32.97 33.2294 32.6571 32.4837 31.8108 
AreaStds:1.23344 1.25082 1.24489 1.22063 1.2504 1.20797 1.31922 1.26036 1.42439 1.38896 
AverageVolumes:15.5257 15.0021 14.7544 14.577 14.9657 14.8324 15.1203 14.9042 14.6106 14.3399 
VolumeStds:0.86782 0.839 0.841648 0.807352 0.851687 0.808328 0.909718 0.852651 0.971826 0.919286 
Timestep:1480000
Temperature: 753.875
Density: 7.54219
AverageArea: 32.9552
AreaStd: 1.49266
AverageVolume: 14.9304
VolumeStd: 0.994628
VornoiIndicies:0 0 0 1 0 9 3 0 0 0 0 0 0 0 0 ,0 0 0 0 2 8 4 0 0 0 0 0 0 0 0 ,0 0 0 0 2 8 3 0 0 0 0 0 0 0 0 ,0 0 0 1 2 6 3 1 0 0 0 0 0 0 0 ,0 0 0 0 3 6 3 0 0 0 0 0 0 0 0 ,0 0 0 0 2 8 1 0 0 0 0 0 0 0 0 ,0 0 0 0 3 6 4 0 0 0 0 0 0 0 0 ,0 0 0 0 1 10 2 0 0 0 0 0 0 0 0 ,0 0 0 0 2 8 2 0 0 0 0 0 0 0 0 ,0 0 0 0 0 12 0 0 0 0 0 0 0 0 0 ,
VornoiFreq:0.022779 0.023918 0.0259112 0.030467 0.0327449 0.0370159 0.0797267 0.0874146 0.0965262 0.126424 
AverageAreas:32.1234 33.0881 32.915 33.0893 32.957 32.6876 33.1358 32.4909 32.6641 31.7276 
AreaStds:1.32924 1.24066 1.29845 1.33887 1.30752 1.31999 1.28962 1.3186 1.32317 1.33023 
AverageVolumes:14.512 15.2163 14.9352 14.9646 14.852 14.5618 15.0605 14.7988 14.7287 14.2821 
VolumeStds:0.920033 0.831151 0.898216 0.897424 0.871829 0.885951 0.882173 0.899348 0.894443 0.872466 
Timestep:1500000
Temperature: 704.39
Density: 7.55413
AverageArea: 32.9202
AreaStd: 1.46165
AverageVolume: 14.9071
VolumeStd: 0.968315
VornoiIndicies:0 0 0 0 2 8 4 0 0 0 0 0 0 0 0 ,0 0 0 0 2 8 3 0 0 0 0 0 0 0 0 ,0 0 0 1 2 6 3 1 0 0 0 0 0 0 0 ,0 0 0 1 0 9 3 0 0 0 0 0 0 0 0 ,0 0 0 0 2 8 1 0 0 0 0 0 0 0 0 ,0 0 0 0 3 6 3 0 0 0 0 0 0 0 0 ,0 0 0 0 3 6 4 0 0 0 0 0 0 0 0 ,0 0 0 0 1 10 2 0 0 0 0 0 0 0 0 ,0 0 0 0 2 8 2 0 0 0 0 0 0 0 0 ,0 0 0 0 0 12 0 0 0 0 0 0 0 0 0 ,
VornoiFreq:0.0259112 0.0290433 0.0307517 0.0321754 0.0364465 0.0435649 0.0748861 0.0785877 0.0928246 0.125285 
AverageAreas:33.3673 32.7044 32.9307 32.3617 32.4548 33.0465 33.0209 32.4738 32.4899 31.6884 
AreaStds:1.25305 1.2541 1.3501 1.24068 1.22477 1.31761 1.35895 1.35397 1.30659 1.29514 
AverageVolumes:15.3874 14.8161 14.8174 14.6622 14.4336 14.8984 15.0184 14.7985 14.609 14.2661 
VolumeStds:0.854153 0.845166 0.917157 0.826021 0.827393 0.878345 0.930678 0.921124 0.879782 0.860342 
Timestep:1520000
Temperature: 689.838
Density: 7.56954
AverageArea: 32.8508
AreaStd: 1.48785
AverageVolume: 14.8655
VolumeStd: 0.982262
VornoiIndicies:0 0 0 0 2 8 3 0 0 0 0 0 0 0 0 ,0 0 0 1 2 5 4 0 0 0 0 0 0 0 0 ,0 0 0 1 0 9 3 0 0 0 0 0 0 0 0 ,0 0 0 0 2 8 1 0 0 0 0 0 0 0 0 ,0 0 0 1 2 6 3 1 0 0 0 0 0 0 0 ,0 0 0 0 3 6 3 0 0 0 0 0 0 0 0 ,0 0 0 0 1 10 2 0 0 0 0 0 0 0 0 ,0 0 0 0 3 6 4 0 0 0 0 0 0 0 0 ,0 0 0 0 2 8 2 0 0 0 0 0 0 0 0 ,0 0 0 0 0 12 0 0 0 0 0 0 0 0 0 ,
VornoiFreq:0.0242027 0.0253417 0.0267654 0.0301822 0.0301822 0.0330296 0.0820046 0.082574 0.0916856 0.137813 
AverageAreas:32.8936 33.1026 32.5431 32.5672 33.0649 32.6897 32.4265 32.9035 32.3784 31.5663 
AreaStds:1.14359 1.41266 1.30976 1.35066 1.22129 1.2858 1.30949 1.25412 1.30235 1.32628 
AverageVolumes:14.9303 14.8089 14.8081 14.5026 14.9696 14.6333 14.7705 14.9256 14.5202 14.1857 
VolumeStds:0.762363 0.922422 0.893733 0.924705 0.83839 0.858496 0.871327 0.85443 0.860305 0.873168 
Timestep:1540000
Temperature: 649.576
Density: 7.56103
AverageArea: 32.873
AreaStd: 1.445
AverageVolume: 14.8802
VolumeStd: 0.950607
VornoiIndicies:0 0 0 0 2 8 3 0 0 0 0 0 0 0 0 ,0 0 0 1 0 9 3 0 0 0 0 0 0 0 0 ,0 0 0 0 2 8 4 0 0 0 0 0 0 0 0 ,0 0 0 0 2 8 1 0 0 0 0 0 0 0 0 ,0 0 0 1 2 6 3 1 0 0 0 0 0 0 0 ,0 0 0 0 3 6 3 0 0 0 0 0 0 0 0 ,0 0 0 0 3 6 4 0 0 0 0 0 0 0 0 ,0 0 0 0 1 10 2 0 0 0 0 0 0 0 0 ,0 0 0 0 2 8 2 0 0 0 0 0 0 0 0 ,0 0 0 0 0 12 0 0 0 0 0 0 0 0 0 ,
VornoiFreq:0.023918 0.0242027 0.0279043 0.0313212 0.0335991 0.0364465 0.0777335 0.0820046 0.0965262 0.126424 
AverageAreas:32.697 32.149 33.1447 32.4302 32.9744 32.7246 33.0075 32.459 32.5263 31.5778 
AreaStds:0.975122 1.274 1.0595 1.27749 1.37178 1.29019 1.22955 1.24102 1.303 1.28907 
AverageVolumes:14.8124 14.5407 15.2206 14.4207 14.8979 14.6872 14.9989 14.7817 14.6346 14.1997 
VolumeStds:0.684669 0.864965 0.729243 0.844051 0.927025 0.859806 0.844239 0.833564 0.871223 0.851182 
Timestep:1560000
Temperature: 599.973
Density: 7.5968
AverageArea: 32.7615
AreaStd: 1.43342
AverageVolume: 14.8163
VolumeStd: 0.949726
VornoiIndicies:0 0 0 0 2 8 3 0 0 0 0 0 0 0 0 ,0 0 0 1 0 9 3 0 0 0 0 0 0 0 0 ,0 0 0 1 2 6 3 1 0 0 0 0 0 0 0 ,0 0 0 0 2 8 4 0 0 0 0 0 0 0 0 ,0 0 0 0 3 6 3 0 0 0 0 0 0 0 0 ,0 0 0 0 2 8 1 0 0 0 0 0 0 0 0 ,0 0 0 0 1 10 2 0 0 0 0 0 0 0 0 ,0 0 0 0 3 6 4 0 0 0 0 0 0 0 0 ,0 0 0 0 2 8 2 0 0 0 0 0 0 0 0 ,0 0 0 0 0 12 0 0 0 0 0 0 0 0 0 ,
VornoiFreq:0.0276196 0.0279043 0.0281891 0.0284738 0.0341686 0.0364465 0.0748861 0.0774487 0.101367 0.136674 
AverageAreas:32.8087 32.2337 32.9948 33.2541 32.7812 32.4978 32.4217 32.8819 32.423 31.5133 
AreaStds:1.28211 1.2646 1.21354 1.10313 1.45254 1.31786 1.2479 1.28171 1.24846 1.25938 
AverageVolumes:14.885 14.6179 14.928 15.3198 14.7241 14.4502 14.7609 14.9379 14.5599 14.1666 
VolumeStds:0.875828 0.839544 0.833529 0.759882 0.973761 0.889548 0.850773 0.869528 0.832483 0.833715 
Timestep:1580000
Temperature: 581.182
Density: 7.60407
AverageArea: 32.7225
AreaStd: 1.41486
AverageVolume: 14.7946
VolumeStd: 0.929497
VornoiIndicies:0 0 0 1 2 5 4 0 0 0 0 0 0 0 0 ,0 0 0 0 2 8 4 0 0 0 0 0 0 0 0 ,0 0 0 1 0 9 3 0 0 0 0 0 0 0 0 ,0 0 0 0 2 8 1 0 0 0 0 0 0 0 0 ,0 0 0 1 2 6 3 1 0 0 0 0 0 0 0 ,0 0 0 0 3 6 3 0 0 0 0 0 0 0 0 ,0 0 0 0 3 6 4 0 0 0 0 0 0 0 0 ,0 0 0 0 1 10 2 0 0 0 0 0 0 0 0 ,0 0 0 0 2 8 2 0 0 0 0 0 0 0 0 ,0 0 0 0 0 12 0 0 0 0 0 0 0 0 0 ,
VornoiFreq:0.0233485 0.0261959 0.0264806 0.0316059 0.0321754 0.0395786 0.0780182 0.0785877 0.105068 0.138667 
AverageAreas:32.6638 33.0739 32.2367 32.3485 32.9561 32.7634 32.8978 32.267 32.4073 31.4674 
AreaStds:1.18094 1.23692 1.18164 1.41138 1.15949 1.19156 1.19895 1.22873 1.30377 1.25952 
AverageVolumes:14.5202 15.2391 14.6198 14.3756 14.8746 14.7035 14.9546 14.6747 14.5703 14.1352 
VolumeStds:0.790815 0.863463 0.801562 0.950024 0.774945 0.82324 0.825234 0.832004 0.868501 0.82494 
Timestep:1600000
Temperature: 550.14
Density: 7.61709
AverageArea: 32.6745
AreaStd: 1.42419
AverageVolume: 14.7658
VolumeStd: 0.929307
VornoiIndicies:0 0 0 0 2 8 3 0 0 0 0 0 0 0 0 ,0 0 0 1 0 9 3 0 0 0 0 0 0 0 0 ,0 0 0 0 2 8 4 0 0 0 0 0 0 0 0 ,0 0 0 1 2 6 3 1 0 0 0 0 0 0 0 ,0 0 0 0 3 6 3 0 0 0 0 0 0 0 0 ,0 0 0 0 2 8 1 0 0 0 0 0 0 0 0 ,0 0 0 0 3 6 4 0 0 0 0 0 0 0 0 ,0 0 0 0 1 10 2 0 0 0 0 0 0 0 0 ,0 0 0 0 2 8 2 0 0 0 0 0 0 0 0 ,0 0 0 0 0 12 0 0 0 0 0 0 0 0 0 ,
VornoiFreq:0.0205011 0.023918 0.0270501 0.0290433 0.0378702 0.0407175 0.0802961 0.0854214 0.100228 0.139237 
AverageAreas:32.7308 32.0925 32.8695 32.8309 32.8642 32.3453 32.8217 32.1878 32.3973 31.4317 
AreaStds:1.05704 1.0883 1.41877 1.37297 1.09816 1.37157 1.17548 1.25413 1.21381 1.35745 
AverageVolumes:14.8442 14.5194 15.0869 14.7952 14.7858 14.3814 14.881 14.6222 14.5767 14.1177 
VolumeStds:0.699015 0.721989 0.959216 0.907999 0.741291 0.900033 0.81161 0.839671 0.810397 0.884133 
Timestep:1620000
Temperature: 497.51
Density: 7.62762
AverageArea: 32.6404
AreaStd: 1.3976
AverageVolume: 14.7477
VolumeStd: 0.922997
VornoiIndicies:0 0 0 0 2 8 3 0 0 0 0 0 0 0 0 ,0 0 0 1 0 9 3 0 0 0 0 0 0 0 0 ,0 0 0 1 2 6 3 1 0 0 0 0 0 0 0 ,0 0 0 0 2 8 4 0 0 0 0 0 0 0 0 ,0 0 0 0 2 8 1 0 0 0 0 0 0 0 0 ,0 0 0 0 3 6 3 0 0 0 0 0 0 0 0 ,0 0 0 0 3 6 4 0 0 0 0 0 0 0 0 ,0 0 0 0 1 10 2 0 0 0 0 0 0 0 0 ,0 0 0 0 2 8 2 0 0 0 0 0 0 0 0 ,0 0 0 0 0 12 0 0 0 0 0 0 0 0 0 ,
VornoiFreq:0.0230638 0.0270501 0.0287585 0.0296128 0.0330296 0.0432802 0.0811503 0.0859909 0.103075 0.1418 
AverageAreas:32.4421 32.1482 32.9549 32.9915 32.2184 32.6615 32.9859 32.2773 32.3313 31.3909 
AreaStds:0.998456 1.29843 1.24996 1.04609 1.23154 1.26542 1.19616 1.15008 1.2239 1.28612 
AverageVolumes:14.6759 14.5683 14.8806 15.1733 14.283 14.6443 15.0106 14.6898 14.5151 14.0938 
VolumeStds:0.704258 0.884923 0.833101 0.753471 0.822477 0.845655 0.828176 0.786421 0.824338 0.837826 
Timestep:1640000
Temperature: 462.236
Density: 7.6412
AverageArea: 32.5809
AreaStd: 1.39137
AverageVolume: 14.7087
VolumeStd: 0.91039
VornoiIndicies:0 0 0 0 2 8 3 0 0 0 0 0 0 0 0 ,0 0 0 1 0 9 3 0 0 0 0 0 0 0 0 ,0 0 0 0 2 8 4 0 0 0 0 0 0 0 0 ,0 0 0 1 2 6 3 1 0 0 0 0 0 0 0 ,0 0 0 0 2 8 1 0 0 0 0 0 0 0 0 ,0 0 0 0 3 6 3 0 0 0 0 0 0 0 0 ,0 0 0 0 1 10 2 0 0 0 0 0 0 0 0 ,0 0 0 0 3 6 4 0 0 0 0 0 0 0 0 ,0 0 0 0 2 8 2 0 0 0 0 0 0 0 0 ,0 0 0 0 0 12 0 0 0 0 0 0 0 0 0 ,
VornoiFreq:0.0233485 0.0247722 0.0279043 0.0281891 0.0335991 0.0384396 0.0689066 0.0794419 0.106777 0.142938 
AverageAreas:32.5699 31.8647 33.0183 32.9646 32.413 32.5938 32.2667 32.7984 32.2286 31.323 
AreaStds:1.34552 1.19281 1.10817 1.22249 1.32533 1.1975 1.17324 1.14997 1.16053 1.25868 
AverageVolumes:14.7433 14.3863 15.1985 14.893 14.417 14.6153 14.6844 14.8833 14.459 14.0528 
VolumeStds:0.915554 0.799166 0.740417 0.828535 0.877719 0.80832 0.794416 0.789682 0.769032 0.817649 
Timestep:1660000
Temperature: 452.185
Density: 7.65328
AverageArea: 32.5332
AreaStd: 1.39023
AverageVolume: 14.6841
VolumeStd: 0.907172
VornoiIndicies:0 0 0 0 2 8 4 0 0 0 0 0 0 0 0 ,0 0 0 0 2 8 3 0 0 0 0 0 0 0 0 ,0 0 0 1 0 9 3 0 0 0 0 0 0 0 0 ,0 0 0 0 3 6 3 0 0 0 0 0 0 0 0 ,0 0 0 1 2 6 3 1 0 0 0 0 0 0 0 ,0 0 0 0 2 8 1 0 0 0 0 0 0 0 0 ,0 0 0 0 3 6 4 0 0 0 0 0 0 0 0 ,0 0 0 0 1 10 2 0 0 0 0 0 0 0 0 ,0 0 0 0 2 8 2 0 0 0 0 0 0 0 0 ,0 0 0 0 0 12 0 0 0 0 0 0 0 0 0 ,
VornoiFreq:0.0259112 0.0273349 0.0284738 0.0327449 0.0330296 0.035877 0.0774487 0.0894077 0.0999431 0.142369 
AverageAreas:32.7714 32.3385 32.0042 32.7357 32.7314 32.1903 32.6988 32.2683 32.4033 31.2359 
AreaStds:1.19494 1.20522 1.15699 1.16075 1.06674 1.35664 1.21852 1.16131 1.2131 1.27388 
AverageVolumes:15.0218 14.5932 14.4849 14.7209 14.7304 14.2826 14.8254 14.688 14.5806 14.0011 
VolumeStds:0.820288 0.806977 0.775847 0.753033 0.737882 0.895514 0.822493 0.784499 0.805873 0.829157 
Timestep:1680000
Temperature: 403.384
Density: 7.67032
AverageArea: 32.4642
AreaStd: 1.37955
AverageVolume: 14.642
VolumeStd: 0.897885
VornoiIndicies:0 0 0 1 2 5 4 0 0 0 0 0 0 0 0 ,0 0 0 0 2 8 4 0 0 0 0 0 0 0 0 ,0 0 0 1 0 9 3 0 0 0 0 0 0 0 0 ,0 0 0 0 2 8 1 0 0 0 0 0 0 0 0 ,0 0 0 1 2 6 3 1 0 0 0 0 0 0 0 ,0 0 0 0 3 6 3 0 0 0 0 0 0 0 0 ,0 0 0 0 3 6 4 0 0 0 0 0 0 0 0 ,0 0 0 0 1 10 2 0 0 0 0 0 0 0 0 ,0 0 0 0 2 8 2 0 0 0 0 0 0 0 0 ,0 0 0 0 0 12 0 0 0 0 0 0 0 0 0 ,
VornoiFreq:0.0233485 0.0267654 0.0296128 0.0353075 0.0367312 0.0370159 0.0768793 0.0820046 0.102221 0.140661 
AverageAreas:32.5308 32.8767 31.9477 32.1629 32.7555 32.5462 32.779 32.0962 32.1725 31.2193 
AreaStds:1.33879 1.13131 1.29882 1.24996 1.18515 1.15623 1.15525 1.14568 1.1382 1.28032 
AverageVolumes:14.4667 15.0959 14.4613 14.2635 14.7438 14.6041 14.8694 14.5785 14.4354 13.9973 
VolumeStds:0.870798 0.766445 0.869159 0.820881 0.807249 0.785833 0.797479 0.764876 0.766349 0.832726 
Timestep:1700000
Temperature: 372.905
Density: 7.67201
AverageArea: 32.4534
AreaStd: 1.36166
AverageVolume: 14.6364
VolumeStd: 0.881323
VornoiIndicies:0 0 0 0 2 8 3 0 0 0 0 0 0 0 0 ,0 0 0 1 0 9 3 0 0 0 0 0 0 0 0 ,0 0 0 0 2 8 4 0 0 0 0 0 0 0 0 ,0 0 0 0 3 6 3 0 0 0 0 0 0 0 0 ,0 0 0 1 2 6 3 1 0 0 0 0 0 0 0 ,0 0 0 0 2 8 1 0 0 0 0 0 0 0 0 ,0 0 0 0 3 6 4 0 0 0 0 0 0 0 0 ,0 0 0 0 1 10 2 0 0 0 0 0 0 0 0 ,0 0 0 0 2 8 2 0 0 0 0 0 0 0 0 ,0 0 0 0 0 12 0 0 0 0 0 0 0 0 0 ,
VornoiFreq:0.0216401 0.0264806 0.0287585 0.0324601 0.0324601 0.0350228 0.0865604 0.0899772 0.107631 0.14664 
AverageAreas:32.4415 31.8815 32.8263 32.7876 32.6079 32.0332 32.658 32.132 32.2221 31.1821 
AreaStds:1.11642 1.08537 1.00338 1.16662 1.08986 1.29528 1.21074 1.13603 1.1811 1.25458 
AverageVolumes:14.6664 14.4038 15.0688 14.7594 14.6527 14.1848 14.781 14.6042 14.4459 13.9765 
VolumeStds:0.747095 0.741199 0.6958 0.784128 0.7169 0.870112 0.824376 0.758057 0.786556 0.813079 
Timestep:1720000
Temperature: 346.534
Density: 7.68457
AverageArea: 32.4124
AreaStd: 1.35979
AverageVolume: 14.6105
VolumeStd: 0.876612
VornoiIndicies:0 0 0 0 2 8 3 0 0 0 0 0 0 0 0 ,0 0 0 1 0 9 3 0 0 0 0 0 0 0 0 ,0 0 0 0 2 8 4 0 0 0 0 0 0 0 0 ,0 0 0 1 2 6 3 1 0 0 0 0 0 0 0 ,0 0 0 0 2 8 1 0 0 0 0 0 0 0 0 ,0 0 0 0 3 6 3 0 0 0 0 0 0 0 0 ,0 0 0 0 1 10 2 0 0 0 0 0 0 0 0 ,0 0 0 0 3 6 4 0 0 0 0 0 0 0 0 ,0 0 0 0 2 8 2 0 0 0 0 0 0 0 0 ,0 0 0 0 0 12 0 0 0 0 0 0 0 0 0 ,
VornoiFreq:0.023918 0.0242027 0.0298975 0.0330296 0.0370159 0.0373007 0.0834282 0.0857062 0.0976651 0.148633 
AverageAreas:32.5516 32.0064 32.7841 32.512 32.1424 32.5553 32.059 32.6103 32.1208 31.1635 
AreaStds:1.30371 1.09251 1.10299 1.26386 1.34716 1.19079 1.14393 1.15757 1.09419 1.28591 
AverageVolumes:14.7522 14.4781 15.0319 14.592 14.2446 14.5916 14.555 14.7655 14.3973 13.9693 
VolumeStds:0.88928 0.741361 0.759219 0.861854 0.884195 0.784821 0.76115 0.777178 0.727896 0.831643 
Timestep:1740000
Temperature: 299.189
Density: 7.69547
AverageArea: 32.3701
AreaStd: 1.35282
AverageVolume: 14.5878
VolumeStd: 0.873742
VornoiIndicies:0 0 0 0 2 8 3 0 0 0 0 0 0 0 0 ,0 0 0 1 2 5 4 0 0 0 0 0 0 0 0 ,0 0 0 0 2 8 4 0 0 0 0 0 0 0 0 ,0 0 0 1 2 6 3 1 0 0 0 0 0 0 0 ,0 0 0 0 2 8 1 0 0 0 0 0 0 0 0 ,0 0 0 0 3 6 3 0 0 0 0 0 0 0 0 ,0 0 0 0 3 6 4 0 0 0 0 0 0 0 0 ,0 0 0 0 1 10 2 0 0 0 0 0 0 0 0 ,0 0 0 0 2 8 2 0 0 0 0 0 0 0 0 ,0 0 0 0 0 12 0 0 0 0 0 0 0 0 0 ,
VornoiFreq:0.0224943 0.0256264 0.0290433 0.0333144 0.0350228 0.0375854 0.0854214 0.0868451 0.108485 0.148633 
AverageAreas:32.4821 32.5706 32.6704 32.6268 32.087 32.4831 32.6425 31.9963 32.1258 31.1201 
AreaStds:1.11619 1.29261 0.991328 1.20226 1.34703 1.1094 1.18288 1.14271 1.13303 1.24196 
AverageVolumes:14.716 14.4853 14.9521 14.6767 14.2165 14.5603 14.7729 14.5153 14.4032 13.9389 
VolumeStds:0.754577 0.856922 0.660602 0.807446 0.885996 0.755308 0.796957 0.767585 0.755659 0.80376 
Timestep:1760000
Temperature: 276.131
Density: 7.6955
AverageArea: 32.3659
AreaStd: 1.35384
AverageVolume: 14.586
VolumeStd: 0.873867
VornoiIndicies:0 0 0 1 2 5 4 0 0 0 0 0 0 0 0 ,0 0 0 1 0 9 3 0 0 0 0 0 0 0 0 ,0 0 0 0 2 8 4 0 0 0 0 0 0 0 0 ,0 0 0 1 2 6 3 1 0 0 0 0 0 0 0 ,0 0 0 0 3 6 3 0 0 0 0 0 0 0 0 ,0 0 0 0 2 8 1 0 0 0 0 0 0 0 0 ,0 0 0 0 3 6 4 0 0 0 0 0 0 0 0 ,0 0 0 0 1 10 2 0 0 0 0 0 0 0 0 ,0 0 0 0 2 8 2 0 0 0 0 0 0 0 0 ,0 0 0 0 0 12 0 0 0 0 0 0 0 0 0 ,
VornoiFreq:0.0207859 0.0210706 0.0287585 0.0290433 0.0364465 0.0375854 0.0868451 0.0914009 0.111617 0.151196 
AverageAreas:32.5456 31.7819 32.5908 32.6671 32.4531 32.0279 32.6905 32.0574 32.1173 31.1717 
AreaStds:1.2188 1.16657 1.05443 1.23322 1.1281 1.31718 1.16523 1.15381 1.13383 1.26066 
AverageVolumes:14.4821 14.3657 14.9028 14.6956 14.5512 14.1741 14.8184 14.5534 14.4008 13.9743 
VolumeStds:0.788331 0.779884 0.733033 0.83405 0.766083 0.862702 0.786578 0.768258 0.748764 0.812822 
Timestep:1775000
Temperature: 253.082
Density: 7.70296
AverageArea: 32.3461
AreaStd: 1.35193
AverageVolume: 14.5715
VolumeStd: 0.871365
VornoiIndicies:0 0 0 1 0 9 3 0 0 0 0 0 0 0 0 ,0 0 0 1 2 5 4 0 0 0 0 0 0 0 0 ,0 0 0 0 2 8 4 0 0 0 0 0 0 0 0 ,0 0 0 1 2 6 3 1 0 0 0 0 0 0 0 ,0 0 0 0 3 6 3 0 0 0 0 0 0 0 0 ,0 0 0 0 2 8 1 0 0 0 0 0 0 0 0 ,0 0 0 0 3 6 4 0 0 0 0 0 0 0 0 ,0 0 0 0 1 10 2 0 0 0 0 0 0 0 0 ,0 0 0 0 2 8 2 0 0 0 0 0 0 0 0 ,0 0 0 0 0 12 0 0 0 0 0 0 0 0 0 ,
VornoiFreq:0.0230638 0.0230638 0.030467 0.034738 0.0373007 0.0375854 0.0879841 0.0888383 0.104214 0.150057 
AverageAreas:31.883 32.5532 32.6488 32.6176 32.4822 32.0078 32.6156 31.9936 32.0911 31.118 
AreaStds:1.14358 1.19835 1.10761 1.18356 1.17949 1.26507 1.18731 1.11194 1.13527 1.25477 
AverageVolumes:14.4118 14.4973 14.9447 14.6566 14.5565 14.1703 14.7761 14.5099 14.3786 13.9408 
VolumeStds:0.762297 0.780603 0.770021 0.798374 0.787314 0.830141 0.799915 0.74926 0.754119 0.813325 
Timestep:1795000
Temperature: 200.08
Density: 7.69516
AverageArea: 32.3694
AreaStd: 1.34854
AverageVolume: 14.5869
VolumeStd: 0.86967
VornoiIndicies:0 0 0 1 2 5 4 0 0 0 0 0 0 0 0 ,0 0 0 1 0 9 3 0 0 0 0 0 0 0 0 ,0 0 0 1 2 6 3 1 0 0 0 0 0 0 0 ,0 0 0 0 2 8 4 0 0 0 0 0 0 0 0 ,0 0 0 0 3 6 3 0 0 0 0 0 0 0 0 ,0 0 0 0 2 8 1 0 0 0 0 0 0 0 0 ,0 0 0 0 1 10 2 0 0 0 0 0 0 0 0 ,0 0 0 0 3 6 4 0 0 0 0 0 0 0 0 ,0 0 0 0 2 8 2 0 0 0 0 0 0 0 0 ,0 0 0 0 0 12 0 0 0 0 0 0 0 0 0 ,
VornoiFreq:0.0230638 0.0242027 0.0281891 0.0290433 0.0355923 0.0384396 0.0868451 0.0942483 0.109339 0.150911 
AverageAreas:32.7621 31.8474 32.4714 32.6336 32.502 32.0176 32.014 32.723 32.1004 31.1404 
AreaStds:1.15107 1.11845 1.12118 1.11991 1.1246 1.25644 1.10791 1.18943 1.16016 1.23863 
AverageVolumes:14.6313 14.401 14.5847 14.9472 14.559 14.169 14.5268 14.8306 14.3783 13.9519 
VolumeStds:0.776942 0.753229 0.759567 0.765636 0.761108 0.820979 0.74493 0.803725 0.767562 0.80228 
Timestep:1815000
Temperature: 191.24
Density: 7.70026
AverageArea: 32.3524
AreaStd: 1.3498
AverageVolume: 14.5758
VolumeStd: 0.871719
VornoiIndicies:0 0 0 1 2 6 2 1 0 0 0 0 0 0 0 ,0 0 0 0 2 8 3 0 0 0 0 0 0 0 0 ,0 0 0 0 2 8 4 0 0 0 0 0 0 0 0 ,0 0 0 1 2 6 3 1 0 0 0 0 0 0 0 ,0 0 0 0 2 8 1 0 0 0 0 0 0 0 0 ,0 0 0 0 3 6 3 0 0 0 0 0 0 0 0 ,0 0 0 0 3 6 4 0 0 0 0 0 0 0 0 ,0 0 0 0 1 10 2 0 0 0 0 0 0 0 0 ,0 0 0 0 2 8 2 0 0 0 0 0 0 0 0 ,0 0 0 0 0 12 0 0 0 0 0 0 0 0 0 ,
VornoiFreq:0.0224943 0.0259112 0.0270501 0.030467 0.0367312 0.0381549 0.0842825 0.0868451 0.105068 0.149487 
AverageAreas:32.2871 32.4088 32.5152 32.5024 32.128 32.4684 32.6088 32.0175 32.0717 31.1512 
AreaStds:1.22034 1.20213 1.07113 1.18618 1.28877 1.09165 1.15625 1.12671 1.18556 1.26744 
AverageVolumes:14.3592 14.6571 14.8401 14.6053 14.2446 14.543 14.7648 14.5354 14.358 13.9613 
VolumeStds:0.816277 0.812105 0.728382 0.783816 0.844525 0.753625 0.78195 0.756704 0.778607 0.820057 
Timestep:1835000
Temperature: 151.654
Density: 7.70091
AverageArea: 32.351
AreaStd: 1.34769
AverageVolume: 14.5746
VolumeStd: 0.868212
VornoiIndicies:0 0 0 0 2 8 3 0 0 0 0 0 0 0 0 ,0 0 0 1 0 9 3 0 0 0 0 0 0 0 0 ,0 0 0 0 2 8 4 0 0 0 0 0 0 0 0 ,0 0 0 1 2 6 3 1 0 0 0 0 0 0 0 ,0 0 0 0 2 8 1 0 0 0 0 0 0 0 0 ,0 0 0 0 3 6 3 0 0 0 0 0 0 0 0 ,0 0 0 0 3 6 4 0 0 0 0 0 0 0 0 ,0 0 0 0 1 10 2 0 0 0 0 0 0 0 0 ,0 0 0 0 2 8 2 0 0 0 0 0 0 0 0 ,0 0 0 0 0 12 0 0 0 0 0 0 0 0 0 ,
VornoiFreq:0.0242027 0.0264806 0.0267654 0.0316059 0.0355923 0.0404328 0.083713 0.0862756 0.107062 0.150057 
AverageAreas:32.5052 31.9267 32.677 32.434 32.1367 32.4871 32.6454 31.9962 32.0618 31.1149 
AreaStds:1.20903 1.12017 1.11896 1.1468 1.27778 1.07225 1.1406 1.15484 1.18648 1.25587 
AverageVolumes:14.727 14.4256 14.9727 14.5759 14.2515 14.5503 14.7847 14.5128 14.3563 13.9377 
VolumeStds:0.833635 0.743811 0.761447 0.793743 0.825074 0.72306 0.762641 0.765753 0.785567 0.813074 
Timestep:1855000
Temperature: 99.4522
Density: 7.69977
AverageArea: 32.3536
AreaStd: 1.34842
AverageVolume: 14.5772
VolumeStd: 0.868505
VornoiIndicies:0 0 0 0 2 8 3 0 0 0 0 0 0 0 0 ,0 0 0 1 0 9 3 0 0 0 0 0 0 0 0 ,0 0 0 0 2 8 4 0 0 0 0 0 0 0 0 ,0 0 0 0 2 8 1 0 0 0 0 0 0 0 0 ,0 0 0 1 2 6 3 1 0 0 0 0 0 0 0 ,0 0 0 0 3 6 3 0 0 0 0 0 0 0 0 ,0 0 0 0 3 6 4 0 0 0 0 0 0 0 0 ,0 0 0 0 1 10 2 0 0 0 0 0 0 0 0 ,0 0 0 0 2 8 2 0 0 0 0 0 0 0 0 ,0 0 0 0 0 12 0 0 0 0 0 0 0 0 0 ,
VornoiFreq:0.0213554 0.0230638 0.0284738 0.0344533 0.034738 0.0367312 0.0848519 0.0885535 0.105923 0.147779 
AverageAreas:32.57 31.723 32.5621 31.9946 32.4591 32.565 32.621 32.0096 32.071 31.1483 
AreaStds:1.16301 1.19539 1.04211 1.28224 1.15975 1.15386 1.12675 1.13819 1.14884 1.26278 
AverageVolumes:14.7743 14.3141 14.8799 14.1603 14.5597 14.616 14.7626 14.5242 14.3658 13.961 
VolumeStds:0.80118 0.816308 0.713955 0.837058 0.770572 0.78238 0.762485 0.759728 0.756333 0.813221 
Timestep:1875000
Temperature: 85.6746
Density: 7.70058
AverageArea: 32.352
AreaStd: 1.34947
AverageVolume: 14.5762
VolumeStd: 0.870786
VornoiIndicies:0 0 0 1 2 5 4 0 0 0 0 0 0 0 0 ,0 0 0 0 2 8 3 0 0 0 0 0 0 0 0 ,0 0 0 0 2 8 4 0 0 0 0 0 0 0 0 ,0 0 0 1 2 6 3 1 0 0 0 0 0 0 0 ,0 0 0 0 2 8 1 0 0 0 0 0 0 0 0 ,0 0 0 0 3 6 3 0 0 0 0 0 0 0 0 ,0 0 0 0 3 6 4 0 0 0 0 0 0 0 0 ,0 0 0 0 1 10 2 0 0 0 0 0 0 0 0 ,0 0 0 0 2 8 2 0 0 0 0 0 0 0 0 ,0 0 0 0 0 12 0 0 0 0 0 0 0 0 0 ,
VornoiFreq:0.0230638 0.0259112 0.0301822 0.0333144 0.0361617 0.0361617 0.0848519 0.0876993 0.105923 0.149487 
AverageAreas:32.5522 32.4711 32.6547 32.5383 32.1301 32.5137 32.6124 32.0318 32.0697 31.138 
AreaStds:1.15972 1.14831 1.11333 1.12373 1.32025 1.1403 1.15709 1.14906 1.13371 1.25463 
AverageVolumes:14.5067 14.6975 14.9439 14.6287 14.2513 14.5793 14.7642 14.5442 14.3591 13.9508 
VolumeStds:0.765425 0.792527 0.742923 0.751194 0.871745 0.761898 0.779327 0.775539 0.755067 0.80657 
Timestep:1895000
Temperature: 49.885
Density: 7.70015
AverageArea: 32.3541
AreaStd: 1.34297
AverageVolume: 14.5771
VolumeStd: 0.864881
VornoiIndicies:0 0 0 1 2 5 4 0 0 0 0 0 0 0 0 ,0 0 0 1 0 9 3 0 0 0 0 0 0 0 0 ,0 0 0 0 2 8 4 0 0 0 0 0 0 0 0 ,0 0 0 1 2 6 3 1 0 0 0 0 0 0 0 ,0 0 0 0 2 8 1 0 0 0 0 0 0 0 0 ,0 0 0 0 3 6 3 0 0 0 0 0 0 0 0 ,0 0 0 0 1 10 2 0 0 0 0 0 0 0 0 ,0 0 0 0 3 6 4 0 0 0 0 0 0 0 0 ,0 0 0 0 2 8 2 0 0 0 0 0 0 0 0 ,0 0 0 0 0 12 0 0 0 0 0 0 0 0 0 ,
VornoiFreq:0.0224943 0.0267654 0.0296128 0.0318907 0.0364465 0.0404328 0.0854214 0.0908314 0.109909 0.146355 
AverageAreas:32.5399 31.8413 32.6129 32.4799 31.9937 32.4494 31.9957 32.6784 32.0916 31.1104 
AreaStds:1.25186 1.13699 1.12757 1.24111 1.32494 1.10734 1.10361 1.1175 1.1126 1.25097 
AverageVolumes:14.4784 14.3747 14.9002 14.5861 14.1602 14.5381 14.5168 14.8069 14.3814 13.9365 
VolumeStds:0.813973 0.750613 0.757505 0.83319 0.869578 0.753154 0.73822 0.754668 0.742878 0.807103 
Timestep:1915000
Temperature: 48.716
Density: 7.70139
AverageArea: 32.3456
AreaStd: 1.34718
AverageVolume: 14.572
VolumeStd: 0.869102
VornoiIndicies:0 0 0 0 2 8 3 0 0 0 0 0 0 0 0 ,0 0 0 1 0 9 3 0 0 0 0 0 0 0 0 ,0 0 0 0 2 8 4 0 0 0 0 0 0 0 0 ,0 0 0 1 2 6 3 1 0 0 0 0 0 0 0 ,0 0 0 0 3 6 3 0 0 0 0 0 0 0 0 ,0 0 0 0 2 8 1 0 0 0 0 0 0 0 0 ,0 0 0 0 1 10 2 0 0 0 0 0 0 0 0 ,0 0 0 0 3 6 4 0 0 0 0 0 0 0 0 ,0 0 0 0 2 8 2 0 0 0 0 0 0 0 0 ,0 0 0 0 0 12 0 0 0 0 0 0 0 0 0 ,
VornoiFreq:0.0236333 0.023918 0.029328 0.0321754 0.034738 0.0418565 0.0842825 0.0854214 0.104499 0.150342 
AverageAreas:32.3732 31.7986 32.7379 32.5389 32.4826 32.1438 31.9904 32.5723 32.0781 31.1248 
AreaStds:1.18847 1.06805 1.02626 1.17069 1.10307 1.27494 1.12071 1.14765 1.18221 1.26346 
AverageVolumes:14.643 14.3707 15.0034 14.6129 14.569 14.2452 14.5118 14.7514 14.3719 13.9431 
VolumeStds:0.797226 0.720376 0.689817 0.786209 0.750619 0.836113 0.751723 0.774898 0.786332 0.813865 
Timestep:1935000
Temperature: 45.9221
Density: 7.70387
AverageArea: 32.3402
AreaStd: 1.34806
AverageVolume: 14.5695
VolumeStd: 0.86909
VornoiIndicies:0 0 0 1 0 9 3 0 0 0 0 0 0 0 0 ,0 0 0 0 2 8 3 0 0 0 0 0 0 0 0 ,0 0 0 0 2 8 4 0 0 0 0 0 0 0 0 ,0 0 0 1 2 6 3 1 0 0 0 0 0 0 0 ,0 0 0 0 3 6 3 0 0 0 0 0 0 0 0 ,0 0 0 0 2 8 1 0 0 0 0 0 0 0 0 ,0 0 0 0 3 6 4 0 0 0 0 0 0 0 0 ,0 0 0 0 1 10 2 0 0 0 0 0 0 0 0 ,0 0 0 0 2 8 2 0 0 0 0 0 0 0 0 ,0 0 0 0 0 12 0 0 0 0 0 0 0 0 0 ,
VornoiFreq:0.0222096 0.023918 0.0284738 0.0344533 0.0387244 0.0398633 0.0862756 0.0876993 0.105923 0.150057 
AverageAreas:31.8584 32.4559 32.6867 32.6267 32.5359 32.0026 32.5716 32.0167 32.0531 31.0977 
AreaStds:0.978616 1.25613 1.13236 1.19636 1.15793 1.35021 1.13993 1.15679 1.14295 1.2778 
AverageVolumes:14.4033 14.7001 14.9728 14.6824 14.588 14.1562 14.7327 14.5314 14.3513 13.9278 
VolumeStds:0.659 0.849657 0.754676 0.803927 0.781104 0.876921 0.768598 0.769616 0.758636 0.82497 
Timestep:1955000
Temperature: 44.5415
Density: 7.70501
AverageArea: 32.3355
AreaStd: 1.34493
AverageVolume: 14.5661
VolumeStd: 0.867011
VornoiIndicies:0 0 0 0 2 8 3 0 0 0 0 0 0 0 0 ,0 0 0 1 0 9 3 0 0 0 0 0 0 0 0 ,0 0 0 0 2 8 4 0 0 0 0 0 0 0 0 ,0 0 0 1 2 6 3 1 0 0 0 0 0 0 0 ,0 0 0 0 3 6 3 0 0 0 0 0 0 0 0 ,0 0 0 0 2 8 1 0 0 0 0 0 0 0 0 ,0 0 0 0 3 6 4 0 0 0 0 0 0 0 0 ,0 0 0 0 1 10 2 0 0 0 0 0 0 0 0 ,0 0 0 0 2 8 2 0 0 0 0 0 0 0 0 ,0 0 0 0 0 12 0 0 0 0 0 0 0 0 0 ,
VornoiFreq:0.0224943 0.0256264 0.0279043 0.0335991 0.0375854 0.0390091 0.0859909 0.0871298 0.107346 0.149203 
AverageAreas:32.4847 31.883 32.7097 32.5726 32.5136 32.1902 32.5792 31.9958 32.0564 31.0978 
AreaStds:1.1573 1.13639 1.14359 1.14535 1.097 1.35761 1.16598 1.11572 1.17927 1.23672 
AverageVolumes:14.7 14.4103 14.9894 14.6449 14.5824 14.2795 14.7397 14.5177 14.3606 13.9245 
VolumeStds:0.77942 0.751252 0.76904 0.780638 0.739288 0.89334 0.785358 0.74082 0.779548 0.797859 
Timestep:1975000
Temperature: 43.0777
Density: 7.70182
AverageArea: 32.3421
AreaStd: 1.34441
AverageVolume: 14.5694
VolumeStd: 0.86614
VornoiIndicies:0 0 0 1 0 9 3 0 0 0 0 0 0 0 0 ,0 0 0 1 2 5 4 0 0 0 0 0 0 0 0 ,0 0 0 0 2 8 4 0 0 0 0 0 0 0 0 ,0 0 0 1 2 6 3 1 0 0 0 0 0 0 0 ,0 0 0 0 2 8 1 0 0 0 0 0 0 0 0 ,0 0 0 0 3 6 3 0 0 0 0 0 0 0 0 ,0 0 0 0 3 6 4 0 0 0 0 0 0 0 0 ,0 0 0 0 1 10 2 0 0 0 0 0 0 0 0 ,0 0 0 0 2 8 2 0 0 0 0 0 0 0 0 ,0 0 0 0 0 12 0 0 0 0 0 0 0 0 0 ,
VornoiFreq:0.022779 0.022779 0.0250569 0.0307517 0.0373007 0.0387244 0.0808656 0.0874146 0.107631 0.149772 
AverageAreas:31.8562 32.6286 32.6015 32.6071 32.1161 32.361 32.6176 31.9943 32.0567 31.1332 
AreaStds:1.09975 1.34124 1.09837 1.13644 1.24924 1.1302 1.17406 1.14057 1.09958 1.26383 
AverageVolumes:14.3903 14.5446 14.9104 14.6521 14.2298 14.4744 14.7659 14.5222 14.3563 13.95 
VolumeStds:0.743318 0.887157 0.732749 0.763426 0.816162 0.751331 0.795634 0.76104 0.733801 0.816603 
Timestep:1995000
Temperature: 40.854
Density: 7.702
AverageArea: 32.3469
AreaStd: 1.35049
AverageVolume: 14.5734
VolumeStd: 0.869703
VornoiIndicies:0 0 0 0 2 8 3 0 0 0 0 0 0 0 0 ,0 0 0 1 0 9 3 0 0 0 0 0 0 0 0 ,0 0 0 0 2 8 4 0 0 0 0 0 0 0 0 ,0 0 0 1 2 6 3 1 0 0 0 0 0 0 0 ,0 0 0 0 3 6 3 0 0 0 0 0 0 0 0 ,0 0 0 0 2 8 1 0 0 0 0 0 0 0 0 ,0 0 0 0 3 6 4 0 0 0 0 0 0 0 0 ,0 0 0 0 1 10 2 0 0 0 0 0 0 0 0 ,0 0 0 0 2 8 2 0 0 0 0 0 0 0 0 ,0 0 0 0 0 12 0 0 0 0 0 0 0 0 0 ,
VornoiFreq:0.0213554 0.023918 0.0267654 0.0338838 0.0370159 0.0390091 0.0851367 0.0859909 0.10336 0.150342 
AverageAreas:32.4705 31.8936 32.6709 32.5217 32.4503 32.0497 32.6375 31.9594 32.0702 31.1324 
AreaStds:1.23039 1.07593 1.04949 1.12504 1.11086 1.29727 1.10253 1.11682 1.18375 1.26225 
AverageVolumes:14.7175 14.4224 14.9642 14.6083 14.55 14.1975 14.7705 14.4992 14.3698 13.9487 
VolumeStds:0.832631 0.72399 0.720987 0.75259 0.75683 0.849089 0.742956 0.751659 0.7822 0.811699 
Timestep:2015000
Temperature: 38.1418
Density: 7.7013
AverageArea: 32.3477
AreaStd: 1.3407
AverageVolume: 14.5742
VolumeStd: 0.86441
VornoiIndicies:0 0 0 1 2 5 4 0 0 0 0 0 0 0 0 ,0 0 0 1 0 9 3 0 0 0 0 0 0 0 0 ,0 0 0 0 2 8 4 0 0 0 0 0 0 0 0 ,0 0 0 1 2 6 3 1 0 0 0 0 0 0 0 ,0 0 0 0 2 8 1 0 0 0 0 0 0 0 0 ,0 0 0 0 3 6 3 0 0 0 0 0 0 0 0 ,0 0 0 0 1 10 2 0 0 0 0 0 0 0 0 ,0 0 0 0 3 6 4 0 0 0 0 0 0 0 0 ,0 0 0 0 2 8 2 0 0 0 0 0 0 0 0 ,0 0 0 0 0 12 0 0 0 0 0 0 0 0 0 ,
VornoiFreq:0.0230638 0.0247722 0.0310364 0.0335991 0.035877 0.0381549 0.0859909 0.0865604 0.105353 0.14664 
AverageAreas:32.5698 31.7309 32.6427 32.4831 32.1176 32.4624 32.0162 32.6202 32.0209 31.1325 
AreaStds:1.20485 1.14872 1.11214 1.09553 1.32455 1.16775 1.11116 1.12723 1.12847 1.24399 
AverageVolumes:14.5078 14.3261 14.9353 14.5896 14.2385 14.5348 14.5313 14.7701 14.3398 13.9507 
VolumeStds:0.81074 0.778418 0.752639 0.743965 0.862247 0.790786 0.742902 0.766241 0.747132 0.80293 
Timestep:2035000
Temperature: 36.3351
Density: 7.70426
AverageArea: 32.3378
AreaStd: 1.33966
AverageVolume: 14.5669
VolumeStd: 0.862903
VornoiIndicies:0 0 0 0 2 8 3 0 0 0 0 0 0 0 0 ,0 0 0 1 0 9 3 0 0 0 0 0 0 0 0 ,0 0 0 0 2 8 4 0 0 0 0 0 0 0 0 ,0 0 0 1 2 6 3 1 0 0 0 0 0 0 0 ,0 0 0 0 3 6 3 0 0 0 0 0 0 0 0 ,0 0 0 0 2 8 1 0 0 0 0 0 0 0 0 ,0 0 0 0 1 10 2 0 0 0 0 0 0 0 0 ,0 0 0 0 3 6 4 0 0 0 0 0 0 0 0 ,0 0 0 0 2 8 2 0 0 0 0 0 0 0 0 ,0 0 0 0 0 12 0 0 0 0 0 0 0 0 0 ,
VornoiFreq:0.0230638 0.0256264 0.0267654 0.030467 0.0355923 0.0407175 0.0862756 0.090262 0.11418 0.148064 
AverageAreas:32.4922 31.8954 32.6079 32.3604 32.5673 32.1175 31.955 32.6532 32.0916 31.1196 
AreaStds:1.185 1.12949 1.01023 1.08494 1.08844 1.26121 1.08762 1.14832 1.15136 1.25475 
AverageVolumes:14.6989 14.4261 14.9174 14.5001 14.6081 14.233 14.4837 14.7966 14.3748 13.9432 
VolumeStds:0.813459 0.750479 0.685624 0.73517 0.716796 0.816789 0.732492 0.777852 0.757633 0.80802 
Timestep:2055000
Temperature: 34.674
Density: 7.70472
AverageArea: 32.336
AreaStd: 1.34243
AverageVolume: 14.5689
VolumeStd: 0.864925
VornoiIndicies:0 0 0 1 0 9 3 0 0 0 0 0 0 0 0 ,0 0 0 1 2 5 4 0 0 0 0 0 0 0 0 ,0 0 0 0 2 8 4 0 0 0 0 0 0 0 0 ,0 0 0 1 2 6 3 1 0 0 0 0 0 0 0 ,0 0 0 0 3 6 3 0 0 0 0 0 0 0 0 ,0 0 0 0 2 8 1 0 0 0 0 0 0 0 0 ,0 0 0 0 3 6 4 0 0 0 0 0 0 0 0 ,0 0 0 0 1 10 2 0 0 0 0 0 0 0 0 ,0 0 0 0 2 8 2 0 0 0 0 0 0 0 0 ,0 0 0 0 0 12 0 0 0 0 0 0 0 0 0 ,
VornoiFreq:0.0236333 0.023918 0.0298975 0.0324601 0.0378702 0.0401481 0.0842825 0.0865604 0.110763 0.151196 
AverageAreas:31.8567 32.5812 32.5503 32.3927 32.4708 32.0704 32.5698 31.9551 32.0546 31.1194 
AreaStds:1.05423 1.24051 1.0801 1.02848 1.17012 1.27814 1.1004 1.15076 1.12096 1.2588 
AverageVolumes:14.3942 14.4997 14.8745 14.5143 14.5528 14.2058 14.7415 14.4923 14.3599 13.9435 
VolumeStds:0.710871 0.818847 0.736161 0.693592 0.786745 0.841499 0.744594 0.773196 0.745049 0.812869 
Timestep:2075000
Temperature: 32.4731
Density: 7.70436
AverageArea: 32.3371
AreaStd: 1.35281
AverageVolume: 14.5677
VolumeStd: 0.870594
VornoiIndicies:0 0 0 0 2 8 3 0 0 0 0 0 0 0 0 ,0 0 0 1 0 9 3 0 0 0 0 0 0 0 0 ,0 0 0 0 2 8 4 0 0 0 0 0 0 0 0 ,0 0 0 1 2 6 3 1 0 0 0 0 0 0 0 ,0 0 0 0 3 6 3 0 0 0 0 0 0 0 0 ,0 0 0 0 2 8 1 0 0 0 0 0 0 0 0 ,0 0 0 0 1 10 2 0 0 0 0 0 0 0 0 ,0 0 0 0 3 6 4 0 0 0 0 0 0 0 0 ,0 0 0 0 2 8 2 0 0 0 0 0 0 0 0 ,0 0 0 0 0 12 0 0 0 0 0 0 0 0 0 ,
VornoiFreq:0.0230638 0.0247722 0.0270501 0.0307517 0.0355923 0.0375854 0.0865604 0.0879841 0.107631 0.147494 
AverageAreas:32.43 31.8443 32.6922 32.5099 32.3919 31.9835 31.9725 32.621 32.0281 31.098 
AreaStds:1.28084 1.1051 1.14126 1.15576 1.12793 1.19529 1.1492 1.18195 1.11496 1.27818 
AverageVolumes:14.6721 14.3937 14.9746 14.6071 14.5091 14.1507 14.5043 14.7687 14.3418 13.9269 
VolumeStds:0.870354 0.750171 0.775554 0.774683 0.772364 0.780684 0.766332 0.791471 0.738882 0.821961 
Timestep:2095000
Temperature: 30.7079
Density: 7.70606
AverageArea: 32.3288
AreaStd: 1.34265
AverageVolume: 14.5615
VolumeStd: 0.864848
VornoiIndicies:0 0 0 0 2 8 3 0 0 0 0 0 0 0 0 ,0 0 0 1 0 9 3 0 0 0 0 0 0 0 0 ,0 0 0 0 2 8 4 0 0 0 0 0 0 0 0 ,0 0 0 1 2 6 3 1 0 0 0 0 0 0 0 ,0 0 0 0 3 6 3 0 0 0 0 0 0 0 0 ,0 0 0 0 2 8 1 0 0 0 0 0 0 0 0 ,0 0 0 0 3 6 4 0 0 0 0 0 0 0 0 ,0 0 0 0 1 10 2 0 0 0 0 0 0 0 0 ,0 0 0 0 2 8 2 0 0 0 0 0 0 0 0 ,0 0 0 0 0 12 0 0 0 0 0 0 0 0 0 ,
VornoiFreq:0.0230638 0.0242027 0.0270501 0.0316059 0.0364465 0.0395786 0.082574 0.0874146 0.112187 0.149203 
AverageAreas:32.4949 31.81 32.6602 32.5704 32.5812 32.0274 32.6345 31.9877 32.0565 31.1269 
AreaStds:1.19446 1.05925 1.04567 1.26044 1.06794 1.33498 1.15222 1.16483 1.1169 1.25807 
AverageVolumes:14.7224 14.3767 14.9545 14.6408 14.6229 14.1718 14.7845 14.5133 14.3541 13.9458 
VolumeStds:0.804401 0.721765 0.706333 0.846801 0.730631 0.871293 0.777566 0.775646 0.741457 0.80944 
Timestep:2115000
Temperature: 29.5059
Density: 7.70696
AverageArea: 32.3254
AreaStd: 1.34354
AverageVolume: 14.5604
VolumeStd: 0.864957
VornoiIndicies:0 0 0 0 2 8 3 0 0 0 0 0 0 0 0 ,0 0 0 1 0 9 3 0 0 0 0 0 0 0 0 ,0 0 0 0 2 8 4 0 0 0 0 0 0 0 0 ,0 0 0 1 2 6 3 1 0 0 0 0 0 0 0 ,0 0 0 0 3 6 3 0 0 0 0 0 0 0 0 ,0 0 0 0 2 8 1 0 0 0 0 0 0 0 0 ,0 0 0 0 3 6 4 0 0 0 0 0 0 0 0 ,0 0 0 0 1 10 2 0 0 0 0 0 0 0 0 ,0 0 0 0 2 8 2 0 0 0 0 0 0 0 0 ,0 0 0 0 0 12 0 0 0 0 0 0 0 0 0 ,
VornoiFreq:0.0242027 0.0253417 0.0287585 0.0335991 0.0370159 0.0384396 0.0857062 0.0879841 0.108485 0.150057 
AverageAreas:32.4047 31.8172 32.5838 32.5079 32.4414 32.0096 32.6561 31.9084 32.0658 31.106 
AreaStds:1.15512 1.07309 1.17434 1.1275 1.10074 1.24394 1.14572 1.13059 1.11597 1.26121 
AverageVolumes:14.6494 14.3647 14.8869 14.5949 14.519 14.1606 14.7943 14.4595 14.3701 13.9325 
VolumeStds:0.777608 0.718483 0.788459 0.764846 0.744638 0.812996 0.766364 0.760078 0.740483 0.812042 
Timestep:2135000
Temperature: 27.6692
Density: 7.70563
AverageArea: 32.3326
AreaStd: 1.34418
AverageVolume: 14.5649
VolumeStd: 0.864749
VornoiIndicies:0 0 0 1 2 5 4 0 0 0 0 0 0 0 0 ,0 0 0 1 0 9 3 0 0 0 0 0 0 0 0 ,0 0 0 1 2 6 3 1 0 0 0 0 0 0 0 ,0 0 0 0 2 8 4 0 0 0 0 0 0 0 0 ,0 0 0 0 2 8 1 0 0 0 0 0 0 0 0 ,0 0 0 0 3 6 3 0 0 0 0 0 0 0 0 ,0 0 0 0 3 6 4 0 0 0 0 0 0 0 0 ,0 0 0 0 1 10 2 0 0 0 0 0 0 0 0 ,0 0 0 0 2 8 2 0 0 0 0 0 0 0 0 ,0 0 0 0 0 12 0 0 0 0 0 0 0 0 0 ,
VornoiFreq:0.0224943 0.023918 0.0290433 0.029328 0.0370159 0.0384396 0.0862756 0.0874146 0.107062 0.150626 
AverageAreas:32.6471 31.8902 32.4841 32.6408 32.0307 32.4353 32.6192 31.9427 32.1099 31.1075 
AreaStds:1.1434 1.10785 1.24369 1.10096 1.29182 1.14152 1.15889 1.14413 1.1078 1.25162 
AverageVolumes:14.545 14.4203 14.5813 14.9371 14.1771 14.5323 14.7685 14.4868 14.3928 13.9338 
VolumeStds:0.74607 0.741211 0.8322 0.751416 0.852751 0.769311 0.775348 0.76294 0.734366 0.806452 
Timestep:2155000
Temperature: 24.7669
Density: 7.71009
AverageArea: 32.3177
AreaStd: 1.33896
AverageVolume: 14.5552
VolumeStd: 0.861902
VornoiIndicies:0 0 0 1 2 5 4 0 0 0 0 0 0 0 0 ,0 0 0 1 0 9 3 0 0 0 0 0 0 0 0 ,0 0 0 0 2 8 4 0 0 0 0 0 0 0 0 ,0 0 0 1 2 6 3 1 0 0 0 0 0 0 0 ,0 0 0 0 2 8 1 0 0 0 0 0 0 0 0 ,0 0 0 0 3 6 3 0 0 0 0 0 0 0 0 ,0 0 0 0 1 10 2 0 0 0 0 0 0 0 0 ,0 0 0 0 3 6 4 0 0 0 0 0 0 0 0 ,0 0 0 0 2 8 2 0 0 0 0 0 0 0 0 ,0 0 0 0 0 12 0 0 0 0 0 0 0 0 0 ,
VornoiFreq:0.022779 0.0256264 0.0279043 0.0335991 0.0378702 0.0384396 0.0868451 0.0876993 0.111333 0.148633 
AverageAreas:32.4486 31.8636 32.622 32.5785 32.0722 32.4013 31.9398 32.5997 32.0892 31.081 
AreaStds:1.2566 1.05495 1.10072 1.19632 1.29264 1.09318 1.13055 1.1516 1.10475 1.25807 
AverageVolumes:14.4252 14.4006 14.9157 14.658 14.2031 14.5044 14.4774 14.7549 14.3796 13.9189 
VolumeStds:0.82314 0.707225 0.720999 0.800667 0.852078 0.744846 0.756799 0.772833 0.733688 0.812177 
Timestep:2175000
Temperature: 22.6644
Density: 7.70768
AverageArea: 32.322
AreaStd: 1.34489
AverageVolume: 14.5579
VolumeStd: 0.865085
VornoiIndicies:0 0 0 1 0 9 3 0 0 0 0 0 0 0 0 ,0 0 0 1 2 5 4 0 0 0 0 0 0 0 0 ,0 0 0 0 2 8 4 0 0 0 0 0 0 0 0 ,0 0 0 0 3 6 3 0 0 0 0 0 0 0 0 ,0 0 0 1 2 6 3 1 0 0 0 0 0 0 0 ,0 0 0 0 2 8 1 0 0 0 0 0 0 0 0 ,0 0 0 0 3 6 4 0 0 0 0 0 0 0 0 ,0 0 0 0 1 10 2 0 0 0 0 0 0 0 0 ,0 0 0 0 2 8 2 0 0 0 0 0 0 0 0 ,0 0 0 0 0 12 0 0 0 0 0 0 0 0 0 ,
VornoiFreq:0.0230638 0.0230638 0.0270501 0.0344533 0.0353075 0.0378702 0.0845672 0.0871298 0.104499 0.150911 
AverageAreas:31.8204 32.5172 32.6363 32.4336 32.5007 32.0453 32.5971 31.936 32.0504 31.117 
AreaStds:1.12211 1.22319 1.04347 1.09667 1.19792 1.26129 1.16018 1.12915 1.13845 1.25582 
AverageVolumes:14.3791 14.4749 14.9361 14.5212 14.5933 14.1889 14.7534 14.4826 14.3589 13.9401 
VolumeStds:0.751254 0.805506 0.712902 0.746737 0.796327 0.825536 0.774841 0.757587 0.754753 0.808599 
Timestep:2195000
Temperature: 21.4119
Density: 7.70893
AverageArea: 32.3198
AreaStd: 1.3421
AverageVolume: 14.5567
VolumeStd: 0.863774
VornoiIndicies:0 0 0 0 2 8 3 0 0 0 0 0 0 0 0 ,0 0 0 1 0 9 3 0 0 0 0 0 0 0 0 ,0 0 0 0 2 8 4 0 0 0 0 0 0 0 0 ,0 0 0 1 2 6 3 1 0 0 0 0 0 0 0 ,0 0 0 0 2 8 1 0 0 0 0 0 0 0 0 ,0 0 0 0 3 6 3 0 0 0 0 0 0 0 0 ,0 0 0 0 3 6 4 0 0 0 0 0 0 0 0 ,0 0 0 0 1 10 2 0 0 0 0 0 0 0 0 ,0 0 0 0 2 8 2 0 0 0 0 0 0 0 0 ,0 0 0 0 0 12 0 0 0 0 0 0 0 0 0 ,
VornoiFreq:0.0222096 0.0242027 0.0267654 0.0327449 0.035877 0.0367312 0.0868451 0.0888383 0.1082 0.150342 
AverageAreas:32.4593 31.9221 32.6594 32.4655 31.9671 32.4497 32.615 31.9445 32.0651 31.0933 
AreaStds:1.20127 1.15255 1.0688 1.18743 1.26816 1.10983 1.17447 1.12356 1.13206 1.23948 
AverageVolumes:14.6895 14.4384 14.9513 14.5768 14.1405 14.5339 14.7658 14.4867 14.3632 13.9265 
VolumeStds:0.811644 0.769979 0.731537 0.805244 0.83159 0.753246 0.785104 0.748895 0.74948 0.799216 
Timestep:2215000
Temperature: 19.1867
Density: 7.70875
AverageArea: 32.32
AreaStd: 1.34045
AverageVolume: 14.5567
VolumeStd: 0.862067
VornoiIndicies:0 0 0 0 2 8 3 0 0 0 0 0 0 0 0 ,0 0 0 1 0 9 3 0 0 0 0 0 0 0 0 ,0 0 0 0 2 8 4 0 0 0 0 0 0 0 0 ,0 0 0 1 2 6 3 1 0 0 0 0 0 0 0 ,0 0 0 0 2 8 1 0 0 0 0 0 0 0 0 ,0 0 0 0 3 6 3 0 0 0 0 0 0 0 0 ,0 0 0 0 1 10 2 0 0 0 0 0 0 0 0 ,0 0 0 0 3 6 4 0 0 0 0 0 0 0 0 ,0 0 0 0 2 8 2 0 0 0 0 0 0 0 0 ,0 0 0 0 0 12 0 0 0 0 0 0 0 0 0 ,
VornoiFreq:0.0230638 0.0250569 0.0284738 0.0307517 0.0381549 0.0384396 0.0851367 0.0868451 0.106207 0.151196 
AverageAreas:32.4548 31.841 32.6274 32.44 32.0406 32.3988 31.9064 32.6264 32.061 31.1084 
AreaStds:1.21171 1.07622 1.06618 1.0951 1.29622 1.13164 1.12034 1.12572 1.14574 1.25206 
AverageVolumes:14.6947 14.3875 14.932 14.5586 14.1806 14.4924 14.4609 14.7705 14.3623 13.9353 
VolumeStds:0.825437 0.722057 0.737213 0.741442 0.84771 0.762321 0.750494 0.75853 0.758648 0.806411 
Timestep:2235000
Temperature: 17.5522
Density: 7.70996
AverageArea: 32.3157
AreaStd: 1.34206
AverageVolume: 14.5541
VolumeStd: 0.862633
VornoiIndicies:0 0 0 1 2 5 4 0 0 0 0 0 0 0 0 ,0 0 0 1 0 9 3 0 0 0 0 0 0 0 0 ,0 0 0 0 2 8 4 0 0 0 0 0 0 0 0 ,0 0 0 1 2 6 3 1 0 0 0 0 0 0 0 ,0 0 0 0 3 6 3 0 0 0 0 0 0 0 0 ,0 0 0 0 2 8 1 0 0 0 0 0 0 0 0 ,0 0 0 0 3 6 4 0 0 0 0 0 0 0 0 ,0 0 0 0 1 10 2 0 0 0 0 0 0 0 0 ,0 0 0 0 2 8 2 0 0 0 0 0 0 0 0 ,0 0 0 0 0 12 0 0 0 0 0 0 0 0 0 ,
VornoiFreq:0.0236333 0.0250569 0.029328 0.0324601 0.0364465 0.0370159 0.0851367 0.0876993 0.107916 0.148064 
AverageAreas:32.5472 31.7247 32.6307 32.4387 32.4852 31.9832 32.5994 31.9311 32.0535 31.1054 
AreaStds:1.22658 1.08042 1.10824 1.14162 1.13525 1.24494 1.16428 1.12233 1.12122 1.26641 
AverageVolumes:14.481 14.3057 14.9303 14.561 14.5571 14.1527 14.7592 14.4788 14.3589 13.9352 
VolumeStds:0.801578 0.720797 0.755231 0.774263 0.761062 0.816634 0.781403 0.750571 0.74313 0.815472 
Timestep:2255000
Temperature: 15.3856
Density: 7.70977
AverageArea: 32.3159
AreaStd: 1.34174
AverageVolume: 14.5545
VolumeStd: 0.863041
VornoiIndicies:0 0 0 0 2 8 3 0 0 0 0 0 0 0 0 ,0 0 0 1 0 9 3 0 0 0 0 0 0 0 0 ,0 0 0 0 2 8 4 0 0 0 0 0 0 0 0 ,0 0 0 1 2 6 3 1 0 0 0 0 0 0 0 ,0 0 0 0 3 6 3 0 0 0 0 0 0 0 0 ,0 0 0 0 2 8 1 0 0 0 0 0 0 0 0 ,0 0 0 0 1 10 2 0 0 0 0 0 0 0 0 ,0 0 0 0 3 6 4 0 0 0 0 0 0 0 0 ,0 0 0 0 2 8 2 0 0 0 0 0 0 0 0 ,0 0 0 0 0 12 0 0 0 0 0 0 0 0 0 ,
VornoiFreq:0.0224943 0.0233485 0.0276196 0.0316059 0.0370159 0.0387244 0.0862756 0.0876993 0.106492 0.149772 
AverageAreas:32.4129 31.7248 32.6416 32.4479 32.4688 32.0289 31.9383 32.6416 32.0314 31.1065 
AreaStds:1.21747 1.09578 1.10856 1.15664 1.10369 1.26823 1.11663 1.14953 1.13737 1.25748 
AverageVolumes:14.664 14.3185 14.9422 14.5644 14.5483 14.1781 14.4866 14.7869 14.3427 13.9348 
VolumeStds:0.817086 0.734065 0.757246 0.778208 0.74369 0.827508 0.74768 0.773878 0.752084 0.80935 
Timestep:2270000
Temperature: 14.3001
Density: 7.71001
AverageArea: 32.3153
AreaStd: 1.34114
AverageVolume: 14.5542
VolumeStd: 0.86292
VornoiIndicies:0 0 0 0 2 8 3 0 0 0 0 0 0 0 0 ,0 0 0 1 0 9 3 0 0 0 0 0 0 0 0 ,0 0 0 0 2 8 4 0 0 0 0 0 0 0 0 ,0 0 0 1 2 6 3 1 0 0 0 0 0 0 0 ,0 0 0 0 3 6 3 0 0 0 0 0 0 0 0 ,0 0 0 0 2 8 1 0 0 0 0 0 0 0 0 ,0 0 0 0 1 10 2 0 0 0 0 0 0 0 0 ,0 0 0 0 3 6 4 0 0 0 0 0 0 0 0 ,0 0 0 0 2 8 2 0 0 0 0 0 0 0 0 ,0 0 0 0 0 12 0 0 0 0 0 0 0 0 0 ,
VornoiFreq:0.0224943 0.0247722 0.0276196 0.0338838 0.0364465 0.0384396 0.0865604 0.0865604 0.106777 0.149203 
AverageAreas:32.4332 31.8341 32.6628 32.4544 32.4248 32.0327 31.9362 32.5963 32.0386 31.1004 
AreaStds:1.24411 1.11487 1.15225 1.18896 1.11528 1.30178 1.11277 1.14223 1.11778 1.25266 
AverageVolumes:14.6797 14.3831 14.9581 14.5651 14.52 14.1802 14.4836 14.7571 14.3492 13.9312 
VolumeStds:0.841807 0.741781 0.790553 0.798215 0.748254 0.852935 0.74577 0.769136 0.74108 0.807221 
Timestep:2290000
Temperature: 11.9419
Density: 7.71019
AverageArea: 32.3152
AreaStd: 1.34007
AverageVolume: 14.5537
VolumeStd: 0.861742
VornoiIndicies:0 0 0 1 0 9 3 0 0 0 0 0 0 0 0 ,0 0 0 0 2 8 3 0 0 0 0 0 0 0 0 ,0 0 0 0 2 8 4 0 0 0 0 0 0 0 0 ,0 0 0 1 2 6 3 1 0 0 0 0 0 0 0 ,0 0 0 0 3 6 3 0 0 0 0 0 0 0 0 ,0 0 0 0 2 8 1 0 0 0 0 0 0 0 0 ,0 0 0 0 3 6 4 0 0 0 0 0 0 0 0 ,0 0 0 0 1 10 2 0 0 0 0 0 0 0 0 ,0 0 0 0 2 8 2 0 0 0 0 0 0 0 0 ,0 0 0 0 0 12 0 0 0 0 0 0 0 0 0 ,
VornoiFreq:0.022779 0.0230638 0.0287585 0.0344533 0.0375854 0.0381549 0.0862756 0.0882688 0.107631 0.150342 
AverageAreas:31.7421 32.4289 32.7056 32.4759 32.477 32.0435 32.6025 31.9385 32.0512 31.1074 
AreaStds:1.12882 1.1967 1.11407 1.11648 1.1292 1.26349 1.13277 1.10534 1.14458 1.25224 
AverageVolumes:14.3292 14.6787 14.9789 14.5732 14.5536 14.186 14.7589 14.4812 14.3584 13.9356 
VolumeStds:0.756371 0.805479 0.758033 0.751365 0.756693 0.82653 0.759601 0.741017 0.759126 0.807331 
Timestep:2310000
Temperature: 9.93427
Density: 7.71029
AverageArea: 32.3145
AreaStd: 1.34115
AverageVolume: 14.5535
VolumeStd: 0.862723
VornoiIndicies:0 0 0 1 2 5 4 0 0 0 0 0 0 0 0 ,0 0 0 1 0 9 3 0 0 0 0 0 0 0 0 ,0 0 0 0 2 8 4 0 0 0 0 0 0 0 0 ,0 0 0 1 2 6 3 1 0 0 0 0 0 0 0 ,0 0 0 0 3 6 3 0 0 0 0 0 0 0 0 ,0 0 0 0 2 8 1 0 0 0 0 0 0 0 0 ,0 0 0 0 3 6 4 0 0 0 0 0 0 0 0 ,0 0 0 0 1 10 2 0 0 0 0 0 0 0 0 ,0 0 0 0 2 8 2 0 0 0 0 0 0 0 0 ,0 0 0 0 0 12 0 0 0 0 0 0 0 0 0 ,
VornoiFreq:0.022779 0.0230638 0.0287585 0.0324601 0.0364465 0.0392938 0.0868451 0.089123 0.106777 0.149487 
AverageAreas:32.5768 31.6997 32.7157 32.4536 32.4418 32.0054 32.6103 31.953 32.0378 31.1044 
AreaStds:1.18665 1.06445 1.11686 1.16393 1.09039 1.25235 1.14298 1.09908 1.14459 1.2591 
AverageVolumes:14.5069 14.2984 14.9856 14.5687 14.5306 14.1604 14.764 14.4942 14.3491 13.9328 
VolumeStds:0.77038 0.716052 0.759856 0.785489 0.73431 0.820811 0.768745 0.737065 0.757932 0.809928 
Timestep:2330000
Temperature: 7.99536
Density: 7.71002
AverageArea: 32.3159
AreaStd: 1.34023
AverageVolume: 14.5544
VolumeStd: 0.861939
VornoiIndicies:0 0 0 1 2 5 4 0 0 0 0 0 0 0 0 ,0 0 0 1 0 9 3 0 0 0 0 0 0 0 0 ,0 0 0 0 2 8 4 0 0 0 0 0 0 0 0 ,0 0 0 1 2 6 3 1 0 0 0 0 0 0 0 ,0 0 0 0 3 6 3 0 0 0 0 0 0 0 0 ,0 0 0 0 2 8 1 0 0 0 0 0 0 0 0 ,0 0 0 0 1 10 2 0 0 0 0 0 0 0 0 ,0 0 0 0 3 6 4 0 0 0 0 0 0 0 0 ,0 0 0 0 2 8 2 0 0 0 0 0 0 0 0 ,0 0 0 0 0 12 0 0 0 0 0 0 0 0 0 ,
VornoiFreq:0.022779 0.0247722 0.0279043 0.0324601 0.0344533 0.0370159 0.0848519 0.0868451 0.106492 0.150057 
AverageAreas:32.534 31.7834 32.5976 32.4644 32.429 32.0096 31.9115 32.5697 32.0345 31.1089 
AreaStds:1.21582 1.10616 1.09227 1.20532 1.11167 1.26584 1.08966 1.14084 1.13937 1.25292 
AverageVolumes:14.4818 14.3497 14.9107 14.5652 14.5291 14.1641 14.4673 14.7395 14.3447 13.9364 
VolumeStds:0.793808 0.742703 0.753399 0.812747 0.749991 0.828474 0.731769 0.763561 0.756709 0.806853 
Timestep:2350000
Temperature: 6.06417
Density: 7.70992
AverageArea: 32.3158
AreaStd: 1.3418
AverageVolume: 14.5543
VolumeStd: 0.862875
VornoiIndicies:0 0 0 0 2 8 3 0 0 0 0 0 0 0 0 ,0 0 0 1 0 9 3 0 0 0 0 0 0 0 0 ,0 0 0 0 2 8 4 0 0 0 0 0 0 0 0 ,0 0 0 1 2 6 3 1 0 0 0 0 0 0 0 ,0 0 0 0 3 6 3 0 0 0 0 0 0 0 0 ,0 0 0 0 2 8 1 0 0 0 0 0 0 0 0 ,0 0 0 0 3 6 4 0 0 0 0 0 0 0 0 ,0 0 0 0 1 10 2 0 0 0 0 0 0 0 0 ,0 0 0 0 2 8 2 0 0 0 0 0 0 0 0 ,0 0 0 0 0 12 0 0 0 0 0 0 0 0 0 ,
VornoiFreq:0.0236333 0.0250569 0.0284738 0.0318907 0.0361617 0.0390091 0.0876993 0.0879841 0.108485 0.149487 
AverageAreas:32.4995 31.7804 32.6643 32.4318 32.4159 32.0439 32.6064 31.932 32.0374 31.1055 
AreaStds:1.19964 1.0522 1.13114 1.17442 1.10159 1.27256 1.13114 1.12699 1.12254 1.26519 
AverageVolumes:14.7293 14.3509 14.952 14.5563 14.5219 14.1894 14.7648 14.4768 14.3467 13.9341 
VolumeStds:0.806791 0.705628 0.773614 0.79576 0.751797 0.838553 0.76362 0.755192 0.742538 0.81468 
Timestep:2370000
Temperature: 4.03387
Density: 7.71031
AverageArea: 32.315
AreaStd: 1.34114
AverageVolume: 14.5539
VolumeStd: 0.862584
VornoiIndicies:0 0 0 1 2 5 4 0 0 0 0 0 0 0 0 ,0 0 0 1 0 9 3 0 0 0 0 0 0 0 0 ,0 0 0 0 2 8 4 0 0 0 0 0 0 0 0 ,0 0 0 1 2 6 3 1 0 0 0 0 0 0 0 ,0 0 0 0 3 6 3 0 0 0 0 0 0 0 0 ,0 0 0 0 2 8 1 0 0 0 0 0 0 0 0 ,0 0 0 0 1 10 2 0 0 0 0 0 0 0 0 ,0 0 0 0 3 6 4 0 0 0 0 0 0 0 0 ,0 0 0 0 2 8 2 0 0 0 0 0 0 0 0 ,0 0 0 0 0 12 0 0 0 0 0 0 0 0 0 ,
VornoiFreq:0.0230638 0.023918 0.0284738 0.0318907 0.0367312 0.0384396 0.0862756 0.0876993 0.10877 0.148349 
AverageAreas:32.6386 31.802 32.6758 32.3983 32.4795 32.0349 31.9381 32.6185 32.0296 31.0942 
AreaStds:1.19609 1.09526 1.1109 1.09236 1.1238 1.28111 1.11701 1.16275 1.12629 1.25468 
AverageVolumes:14.5385 14.3677 14.964 14.5287 14.5556 14.186 14.4847 14.7733 14.3444 13.9272 
VolumeStds:0.777322 0.736147 0.756724 0.739617 0.753006 0.842539 0.745825 0.777523 0.743775 0.808037 
Timestep:2390000
Temperature: 2.06708
Density: 7.71046
AverageArea: 32.3147
AreaStd: 1.34058
AverageVolume: 14.5537
VolumeStd: 0.86226
VornoiIndicies:0 0 0 0 2 8 3 0 0 0 0 0 0 0 0 ,0 0 0 1 0 9 3 0 0 0 0 0 0 0 0 ,0 0 0 0 2 8 4 0 0 0 0 0 0 0 0 ,0 0 0 1 2 6 3 1 0 0 0 0 0 0 0 ,0 0 0 0 3 6 3 0 0 0 0 0 0 0 0 ,0 0 0 0 2 8 1 0 0 0 0 0 0 0 0 ,0 0 0 0 3 6 4 0 0 0 0 0 0 0 0 ,0 0 0 0 1 10 2 0 0 0 0 0 0 0 0 ,0 0 0 0 2 8 2 0 0 0 0 0 0 0 0 ,0 0 0 0 0 12 0 0 0 0 0 0 0 0 0 ,
VornoiFreq:0.0224943 0.0242027 0.0287585 0.0344533 0.035877 0.0384396 0.0854214 0.0857062 0.109339 0.148633 
AverageAreas:32.4991 31.7826 32.6724 32.4432 32.4355 32.0229 32.5852 31.9478 32.0429 31.0976 
AreaStds:1.24298 1.12855 1.11901 1.10836 1.10763 1.2669 1.16377 1.11039 1.12763 1.25344 
AverageVolumes:14.7273 14.3579 14.962 14.5597 14.5258 14.1741 14.7519 14.4899 14.353 13.9291 
VolumeStds:0.836977 0.762785 0.762754 0.742216 0.751101 0.836364 0.782713 0.7423 0.74565 0.806052 
Timestep:2410000
Temperature: 1.00435
Density: 7.71018
AverageArea: 32.3148
AreaStd: 1.34131
AverageVolume: 14.5538
VolumeStd: 0.862599
VornoiIndicies:0 0 0 1 2 5 4 0 0 0 0 0 0 0 0 ,0 0 0 1 0 9 3 0 0 0 0 0 0 0 0 ,0 0 0 0 2 8 4 0 0 0 0 0 0 0 0 ,0 0 0 1 2 6 3 1 0 0 0 0 0 0 0 ,0 0 0 0 3 6 3 0 0 0 0 0 0 0 0 ,0 0 0 0 2 8 1 0 0 0 0 0 0 0 0 ,0 0 0 0 3 6 4 0 0 0 0 0 0 0 0 ,0 0 0 0 1 10 2 0 0 0 0 0 0 0 0 ,0 0 0 0 2 8 2 0 0 0 0 0 0 0 0 ,0 0 0 0 0 12 0 0 0 0 0 0 0 0 0 ,
VornoiFreq:0.0236333 0.0244875 0.0284738 0.0316059 0.034738 0.0367312 0.0851367 0.0874146 0.105923 0.149772 
AverageAreas:32.5571 31.8043 32.7031 32.3705 32.4601 31.9943 32.5905 31.9535 32.0448 31.0974 
AreaStds:1.22287 1.12352 1.13975 1.11304 1.12082 1.24728 1.15972 1.11706 1.14846 1.24794 
AverageVolumes:14.5007 14.3716 14.9833 14.5187 14.5432 14.158 14.7511 14.4917 14.352 13.9286 
VolumeStds:0.794876 0.755923 0.778965 0.756591 0.756681 0.820737 0.772437 0.744457 0.759788 0.803015 
Timestep:2430000
Temperature: 1.00873
Density: 7.70998
AverageArea: 32.3156
AreaStd: 1.34096
AverageVolume: 14.5542
VolumeStd: 0.862602
VornoiIndicies:0 0 0 0 2 8 3 0 0 0 0 0 0 0 0 ,0 0 0 1 0 9 3 0 0 0 0 0 0 0 0 ,0 0 0 0 2 8 4 0 0 0 0 0 0 0 0 ,0 0 0 1 2 6 3 1 0 0 0 0 0 0 0 ,0 0 0 0 3 6 3 0 0 0 0 0 0 0 0 ,0 0 0 0 2 8 1 0 0 0 0 0 0 0 0 ,0 0 0 0 3 6 4 0 0 0 0 0 0 0 0 ,0 0 0 0 1 10 2 0 0 0 0 0 0 0 0 ,0 0 0 0 2 8 2 0 0 0 0 0 0 0 0 ,0 0 0 0 0 12 0 0 0 0 0 0 0 0 0 ,
VornoiFreq:0.022779 0.0247722 0.0281891 0.0318907 0.0364465 0.0390091 0.0848519 0.0857062 0.109339 0.149772 
AverageAreas:32.4484 31.7754 32.7282 32.4475 32.4377 32.0355 32.5932 31.9633 32.0559 31.1066 
AreaStds:1.19804 1.08636 1.1414 1.15015 1.12063 1.26253 1.12981 1.13783 1.14351 1.25738 
AverageVolumes:14.69 14.3479 15.0032 14.567 14.5247 14.1795 14.7523 14.5012 14.3602 13.9349 
VolumeStds:0.809239 0.727168 0.776936 0.782274 0.754582 0.824612 0.755357 0.758657 0.755578 0.810091 
Timestep:2450000
Temperature: 1.01075
Density: 7.71
AverageArea: 32.3157
AreaStd: 1.34028
AverageVolume: 14.5543
VolumeStd: 0.862185
VornoiIndicies:0 0 0 1 0 9 3 0 0 0 0 0 0 0 0 ,0 0 0 1 2 5 4 0 0 0 0 0 0 0 0 ,0 0 0 0 2 8 4 0 0 0 0 0 0 0 0 ,0 0 0 1 2 6 3 1 0 0 0 0 0 0 0 ,0 0 0 0 3 6 3 0 0 0 0 0 0 0 0 ,0 0 0 0 2 8 1 0 0 0 0 0 0 0 0 ,0 0 0 0 3 6 4 0 0 0 0 0 0 0 0 ,0 0 0 0 1 10 2 0 0 0 0 0 0 0 0 ,0 0 0 0 2 8 2 0 0 0 0 0 0 0 0 ,0 0 0 0 0 12 0 0 0 0 0 0 0 0 0 ,
VornoiFreq:0.0230638 0.0230638 0.0290433 0.0335991 0.0350228 0.0378702 0.0862756 0.0876993 0.106777 0.149203 
AverageAreas:31.7753 32.5366 32.6684 32.4362 32.4414 32.0175 32.5826 31.9527 32.0114 31.1048 
AreaStds:1.10573 1.21178 1.1312 1.14542 1.10848 1.25761 1.1412 1.11015 1.12639 1.25719 
AverageVolumes:14.344 14.4855 14.9613 14.5547 14.5274 14.1667 14.7477 14.4941 14.3311 13.9352 
VolumeStds:0.739483 0.795253 0.770353 0.775467 0.744402 0.820864 0.768312 0.741176 0.746813 0.810684 
Timestep:2470000
Temperature: 0.982252
Density: 7.71057
AverageArea: 32.3141
AreaStd: 1.34089
AverageVolume: 14.5535
VolumeStd: 0.862539
VornoiIndicies:0 0 0 1 2 5 4 0 0 0 0 0 0 0 0 ,0 0 0 0 2 8 3 0 0 0 0 0 0 0 0 ,0 0 0 0 2 8 4 0 0 0 0 0 0 0 0 ,0 0 0 1 2 6 3 1 0 0 0 0 0 0 0 ,0 0 0 0 3 6 3 0 0 0 0 0 0 0 0 ,0 0 0 0 2 8 1 0 0 0 0 0 0 0 0 ,0 0 0 0 3 6 4 0 0 0 0 0 0 0 0 ,0 0 0 0 1 10 2 0 0 0 0 0 0 0 0 ,0 0 0 0 2 8 2 0 0 0 0 0 0 0 0 ,0 0 0 0 0 12 0 0 0 0 0 0 0 0 0 ,
VornoiFreq:0.0233485 0.0244875 0.0284738 0.0316059 0.0353075 0.0373007 0.0857062 0.0871298 0.1082 0.151481 
AverageAreas:32.5807 32.4536 32.7014 32.43 32.4282 32.0269 32.5966 31.9264 32.0317 31.1101 
AreaStds:1.20156 1.203 1.12168 1.14807 1.10515 1.28262 1.11624 1.12492 1.13292 1.25317 
AverageVolumes:14.5075 14.6943 14.9863 14.5488 14.5291 14.1806 14.7556 14.4766 14.3398 13.9366 
VolumeStds:0.785275 0.814285 0.765844 0.779676 0.7471 0.846443 0.751838 0.753186 0.749141 0.806452 
Timestep:2490000
Temperature: 1.0004
Density: 7.71012
AverageArea: 32.3149
AreaStd: 1.34046
AverageVolume: 14.5539
VolumeStd: 0.862374
VornoiIndicies:0 0 0 0 2 8 3 0 0 0 0 0 0 0 0 ,0 0 0 1 0 9 3 0 0 0 0 0 0 0 0 ,0 0 0 0 2 8 4 0 0 0 0 0 0 0 0 ,0 0 0 1 2 6 3 1 0 0 0 0 0 0 0 ,0 0 0 0 3 6 3 0 0 0 0 0 0 0 0 ,0 0 0 0 2 8 1 0 0 0 0 0 0 0 0 ,0 0 0 0 1 10 2 0 0 0 0 0 0 0 0 ,0 0 0 0 3 6 4 0 0 0 0 0 0 0 0 ,0 0 0 0 2 8 2 0 0 0 0 0 0 0 0 ,0 0 0 0 0 12 0 0 0 0 0 0 0 0 0 ,
VornoiFreq:0.0236333 0.0250569 0.0276196 0.0324601 0.0361617 0.0370159 0.0854214 0.0871298 0.107062 0.148918 
AverageAreas:32.4475 31.7437 32.7195 32.4851 32.4316 32.0314 31.9493 32.5901 32.045 31.1002 
AreaStds:1.19347 1.09394 1.13455 1.17053 1.13499 1.23097 1.11573 1.15873 1.12878 1.25764 
AverageVolumes:14.6856 14.319 14.9933 14.5875 14.5287 14.1799 14.494 14.7533 14.3558 13.9314 
VolumeStds:0.801536 0.733045 0.773102 0.79268 0.763547 0.805208 0.74555 0.780841 0.747499 0.810414 
Timestep:2510000
Temperature: 0.991208
Density: 7.71011
AverageArea: 32.3153
AreaStd: 1.34102
AverageVolume: 14.5541
VolumeStd: 0.862348
VornoiIndicies:0 0 0 0 2 8 3 0 0 0 0 0 0 0 0 ,0 0 0 1 0 9 3 0 0 0 0 0 0 0 0 ,0 0 0 0 2 8 4 0 0 0 0 0 0 0 0 ,0 0 0 1 2 6 3 1 0 0 0 0 0 0 0 ,0 0 0 0 3 6 3 0 0 0 0 0 0 0 0 ,0 0 0 0 2 8 1 0 0 0 0 0 0 0 0 ,0 0 0 0 3 6 4 0 0 0 0 0 0 0 0 ,0 0 0 0 1 10 2 0 0 0 0 0 0 0 0 ,0 0 0 0 2 8 2 0 0 0 0 0 0 0 0 ,0 0 0 0 0 12 0 0 0 0 0 0 0 0 0 ,
VornoiFreq:0.022779 0.0250569 0.029328 0.0324601 0.0353075 0.0375854 0.0868451 0.0871298 0.1082 0.148633 
AverageAreas:32.5254 31.6842 32.6468 32.4493 32.4597 32.0196 32.5765 31.9737 32.053 31.1015 
AreaStds:1.21796 1.14225 1.0866 1.13523 1.12718 1.254 1.1254 1.09902 1.13603 1.25742 
AverageVolumes:14.7434 14.2868 14.9428 14.5667 14.5465 14.1738 14.7443 14.5057 14.3568 13.9323 
VolumeStds:0.828538 0.762157 0.742256 0.768536 0.759775 0.824324 0.752696 0.736388 0.750513 0.810335 
Timestep:2530000
Temperature: 0.990537
Density: 7.7098
AverageArea: 32.3163
AreaStd: 1.34177
AverageVolume: 14.5545
VolumeStd: 0.86301
VornoiIndicies:0 0 0 1 0 9 3 0 0 0 0 0 0 0 0 ,0 0 0 1 2 5 4 0 0 0 0 0 0 0 0 ,0 0 0 0 2 8 4 0 0 0 0 0 0 0 0 ,0 0 0 1 2 6 3 1 0 0 0 0 0 0 0 ,0 0 0 0 3 6 3 0 0 0 0 0 0 0 0 ,0 0 0 0 2 8 1 0 0 0 0 0 0 0 0 ,0 0 0 0 3 6 4 0 0 0 0 0 0 0 0 ,0 0 0 0 1 10 2 0 0 0 0 0 0 0 0 ,0 0 0 0 2 8 2 0 0 0 0 0 0 0 0 ,0 0 0 0 0 12 0 0 0 0 0 0 0 0 0 ,
VornoiFreq:0.0233485 0.0233485 0.0273349 0.0330296 0.0361617 0.0375854 0.0848519 0.0879841 0.107631 0.150626 
AverageAreas:31.7876 32.4208 32.5691 32.4446 32.4701 32.0212 32.5945 31.939 32.0445 31.1094 
AreaStds:1.09859 1.18447 1.08141 1.15513 1.13001 1.25928 1.15389 1.10564 1.13806 1.2522 
AverageVolumes:14.3475 14.4108 14.8913 14.5602 14.5398 14.1723 14.7542 14.4862 14.3504 13.9362 
VolumeStds:0.738368 0.778547 0.747314 0.780255 0.753275 0.826017 0.773589 0.739551 0.754543 0.804588 
Timestep:2550000
Temperature: 0.987808
Density: 7.71019
AverageArea: 32.3148
AreaStd: 1.34066
AverageVolume: 14.5537
VolumeStd: 0.862113
VornoiIndicies:0 0 0 1 2 5 4 0 0 0 0 0 0 0 0 ,0 0 0 1 0 9 3 0 0 0 0 0 0 0 0 ,0 0 0 0 2 8 4 0 0 0 0 0 0 0 0 ,0 0 0 1 2 6 3 1 0 0 0 0 0 0 0 ,0 0 0 0 3 6 3 0 0 0 0 0 0 0 0 ,0 0 0 0 2 8 1 0 0 0 0 0 0 0 0 ,0 0 0 0 1 10 2 0 0 0 0 0 0 0 0 ,0 0 0 0 3 6 4 0 0 0 0 0 0 0 0 ,0 0 0 0 2 8 2 0 0 0 0 0 0 0 0 ,0 0 0 0 0 12 0 0 0 0 0 0 0 0 0 ,
VornoiFreq:0.0236333 0.0250569 0.0273349 0.0335991 0.0355923 0.0381549 0.0859909 0.0876993 0.105923 0.149487 
AverageAreas:32.4729 31.7843 32.6327 32.4531 32.4328 32.0411 31.9414 32.5713 32.038 31.1027 
AreaStds:1.18756 1.09892 1.13012 1.15384 1.11115 1.26633 1.11279 1.14902 1.138 1.25274 
AverageVolumes:14.4423 14.3452 14.9357 14.5632 14.5284 14.188 14.4877 14.7405 14.3469 13.9324 
VolumeStds:0.777556 0.730762 0.770776 0.780064 0.749885 0.831792 0.743994 0.773074 0.75476 0.807082 
Timestep:2570000
Temperature: 0.994223
Density: 7.71028
AverageArea: 32.3148
AreaStd: 1.34113
AverageVolume: 14.5538
VolumeStd: 0.862813
VornoiIndicies:0 0 0 1 0 9 3 0 0 0 0 0 0 0 0 ,0 0 0 1 2 5 4 0 0 0 0 0 0 0 0 ,0 0 0 0 2 8 4 0 0 0 0 0 0 0 0 ,0 0 0 1 2 6 3 1 0 0 0 0 0 0 0 ,0 0 0 0 3 6 3 0 0 0 0 0 0 0 0 ,0 0 0 0 2 8 1 0 0 0 0 0 0 0 0 ,0 0 0 0 3 6 4 0 0 0 0 0 0 0 0 ,0 0 0 0 1 10 2 0 0 0 0 0 0 0 0 ,0 0 0 0 2 8 2 0 0 0 0 0 0 0 0 ,0 0 0 0 0 12 0 0 0 0 0 0 0 0 0 ,
VornoiFreq:0.0224943 0.022779 0.0290433 0.0330296 0.0370159 0.0384396 0.083713 0.0905467 0.107631 0.150057 
AverageAreas:31.7308 32.5207 32.739 32.4156 32.4723 32.0507 32.6264 31.9779 32.0445 31.103 
AreaStds:1.10212 1.18725 1.12963 1.14266 1.11588 1.28874 1.16119 1.12615 1.13168 1.25351 
AverageVolumes:14.3163 14.4718 15.0061 14.5409 14.5471 14.1924 14.78 14.507 14.3514 13.9323 
VolumeStds:0.736578 0.776168 0.766814 0.778639 0.746185 0.847257 0.774647 0.75184 0.749522 0.807709 
Timestep:2590000
Temperature: 1.01778
Density: 7.71007
AverageArea: 32.3152
AreaStd: 1.34085
AverageVolume: 14.5538
VolumeStd: 0.862498
VornoiIndicies:0 0 0 1 0 9 3 0 0 0 0 0 0 0 0 ,0 0 0 1 2 5 4 0 0 0 0 0 0 0 0 ,0 0 0 0 2 8 4 0 0 0 0 0 0 0 0 ,0 0 0 1 2 6 3 1 0 0 0 0 0 0 0 ,0 0 0 0 3 6 3 0 0 0 0 0 0 0 0 ,0 0 0 0 2 8 1 0 0 0 0 0 0 0 0 ,0 0 0 0 3 6 4 0 0 0 0 0 0 0 0 ,0 0 0 0 1 10 2 0 0 0 0 0 0 0 0 ,0 0 0 0 2 8 2 0 0 0 0 0 0 0 0 ,0 0 0 0 0 12 0 0 0 0 0 0 0 0 0 ,
VornoiFreq:0.0236333 0.023918 0.0276196 0.0335991 0.0361617 0.0375854 0.082574 0.0899772 0.106777 0.149772 
AverageAreas:31.7125 32.4967 32.6618 32.4903 32.4613 32.0119 32.5959 31.967 32.019 31.1036 
AreaStds:1.05027 1.19335 1.15127 1.11256 1.10956 1.27946 1.11477 1.13812 1.14212 1.25827 
AverageVolumes:14.3024 14.4527 14.947 14.5845 14.5442 14.1665 14.7562 14.4997 14.3345 13.9321 
VolumeStds:0.709544 0.774042 0.787574 0.749877 0.747089 0.839982 0.746139 0.760375 0.757081 0.809904 
Timestep:2610000
Temperature: 1.0125
Density: 7.70958
AverageArea: 32.3168
AreaStd: 1.34117
AverageVolume: 14.5548
VolumeStd: 0.862657
VornoiIndicies:0 0 0 0 2 8 3 0 0 0 0 0 0 0 0 ,0 0 0 1 0 9 3 0 0 0 0 0 0 0 0 ,0 0 0 0 2 8 4 0 0 0 0 0 0 0 0 ,0 0 0 1 2 6 3 1 0 0 0 0 0 0 0 ,0 0 0 0 3 6 3 0 0 0 0 0 0 0 0 ,0 0 0 0 2 8 1 0 0 0 0 0 0 0 0 ,0 0 0 0 3 6 4 0 0 0 0 0 0 0 0 ,0 0 0 0 1 10 2 0 0 0 0 0 0 0 0 ,0 0 0 0 2 8 2 0 0 0 0 0 0 0 0 ,0 0 0 0 0 12 0 0 0 0 0 0 0 0 0 ,
VornoiFreq:0.022779 0.0236333 0.0296128 0.030467 0.0353075 0.0398633 0.0868451 0.0894077 0.10877 0.150057 
AverageAreas:32.4334 31.7701 32.6934 32.4423 32.422 32.009 32.599 31.9324 32.0445 31.1107 
AreaStds:1.22309 1.10792 1.10792 1.15118 1.1314 1.31887 1.12498 1.10862 1.13538 1.257 
AverageVolumes:14.6733 14.3469 14.9718 14.5585 14.5242 14.1663 14.7572 14.4793 14.35 13.9376 
VolumeStds:0.823718 0.739107 0.756413 0.775039 0.763972 0.860997 0.760542 0.742397 0.750576 0.80969 
Timestep:2630000
Temperature: 1.00367
Density: 7.71002
AverageArea: 32.3151
AreaStd: 1.34113
AverageVolume: 14.5541
VolumeStd: 0.862619
VornoiIndicies:0 0 0 1 2 5 4 0 0 0 0 0 0 0 0 ,0 0 0 1 0 9 3 0 0 0 0 0 0 0 0 ,0 0 0 0 2 8 4 0 0 0 0 0 0 0 0 ,0 0 0 1 2 6 3 1 0 0 0 0 0 0 0 ,0 0 0 0 3 6 3 0 0 0 0 0 0 0 0 ,0 0 0 0 2 8 1 0 0 0 0 0 0 0 0 ,0 0 0 0 3 6 4 0 0 0 0 0 0 0 0 ,0 0 0 0 1 10 2 0 0 0 0 0 0 0 0 ,0 0 0 0 2 8 2 0 0 0 0 0 0 0 0 ,0 0 0 0 0 12 0 0 0 0 0 0 0 0 0 ,
VornoiFreq:0.0233485 0.0250569 0.0281891 0.0321754 0.0370159 0.0390091 0.083713 0.0874146 0.107346 0.150057 
AverageAreas:32.5473 31.8089 32.694 32.4468 32.4409 32.0195 32.5917 31.9227 32.0322 31.0971 
AreaStds:1.22715 1.12385 1.12817 1.10291 1.10077 1.25199 1.14146 1.11237 1.14577 1.24361 
AverageVolumes:14.4851 14.3665 14.9686 14.5606 14.5292 14.1721 14.756 14.4739 14.3429 13.9286 
VolumeStds:0.798645 0.751286 0.764063 0.746452 0.73919 0.82015 0.770747 0.744725 0.759027 0.800679 
Timestep:2650000
Temperature: 0.988903
Density: 7.71042
AverageArea: 32.3146
AreaStd: 1.34018
AverageVolume: 14.5534
VolumeStd: 0.861767
VornoiIndicies:0 0 0 1 2 5 4 0 0 0 0 0 0 0 0 ,0 0 0 0 2 8 3 0 0 0 0 0 0 0 0 ,0 0 0 0 2 8 4 0 0 0 0 0 0 0 0 ,0 0 0 1 2 6 3 1 0 0 0 0 0 0 0 ,0 0 0 0 3 6 3 0 0 0 0 0 0 0 0 ,0 0 0 0 2 8 1 0 0 0 0 0 0 0 0 ,0 0 0 0 3 6 4 0 0 0 0 0 0 0 0 ,0 0 0 0 1 10 2 0 0 0 0 0 0 0 0 ,0 0 0 0 2 8 2 0 0 0 0 0 0 0 0 ,0 0 0 0 0 12 0 0 0 0 0 0 0 0 0 ,
VornoiFreq:0.022779 0.0233485 0.0279043 0.0324601 0.0364465 0.0392938 0.0868451 0.0905467 0.107062 0.150057 
AverageAreas:32.5116 32.4941 32.6335 32.4267 32.4312 32.0667 32.6337 31.9362 32.0385 31.099 
AreaStds:1.22513 1.19677 1.0913 1.18843 1.11078 1.25304 1.15098 1.10232 1.12675 1.24895 
AverageVolumes:14.4691 14.7275 14.9345 14.5456 14.5211 14.2006 14.7793 14.4786 14.3473 13.9302 
VolumeStds:0.798774 0.805344 0.753918 0.803666 0.749059 0.818062 0.769238 0.735067 0.745118 0.805675 
Timestep:2670000
Temperature: 1.00022
Density: 7.71037
AverageArea: 32.3142
AreaStd: 1.34132
AverageVolume: 14.5535
VolumeStd: 0.862711
VornoiIndicies:0 0 0 0 2 8 3 0 0 0 0 0 0 0 0 ,0 0 0 1 0 9 3 0 0 0 0 0 0 0 0 ,0 0 0 0 2 8 4 0 0 0 0 0 0 0 0 ,0 0 0 1 2 6 3 1 0 0 0 0 0 0 0 ,0 0 0 0 3 6 3 0 0 0 0 0 0 0 0 ,0 0 0 0 2 8 1 0 0 0 0 0 0 0 0 ,0 0 0 0 3 6 4 0 0 0 0 0 0 0 0 ,0 0 0 0 1 10 2 0 0 0 0 0 0 0 0 ,0 0 0 0 2 8 2 0 0 0 0 0 0 0 0 ,0 0 0 0 0 12 0 0 0 0 0 0 0 0 0 ,
VornoiFreq:0.0233485 0.0236333 0.0281891 0.0318907 0.034738 0.0387244 0.083713 0.0871298 0.109339 0.150057 
AverageAreas:32.5052 31.753 32.5969 32.4493 32.4161 32.015 32.5622 31.9507 32.0306 31.1015 
AreaStds:1.23334 1.08266 1.10245 1.113 1.12438 1.26947 1.10354 1.14541 1.13395 1.25404 
AverageVolumes:14.7258 14.3267 14.9132 14.5615 14.5105 14.1697 14.734 14.4939 14.3416 13.9318 
VolumeStds:0.840249 0.7206 0.761669 0.747883 0.753153 0.835416 0.743842 0.765298 0.75175 0.80871 
Timestep:2690000
Temperature: 1.00893
Density: 7.71005
AverageArea: 32.315
AreaStd: 1.3405
AverageVolume: 14.5542
VolumeStd: 0.862462
VornoiIndicies:0 0 0 0 2 8 3 0 0 0 0 0 0 0 0 ,0 0 0 1 0 9 3 0 0 0 0 0 0 0 0 ,0 0 0 0 2 8 4 0 0 0 0 0 0 0 0 ,0 0 0 1 2 6 3 1 0 0 0 0 0 0 0 ,0 0 0 0 2 8 1 0 0 0 0 0 0 0 0 ,0 0 0 0 3 6 3 0 0 0 0 0 0 0 0 ,0 0 0 0 1 10 2 0 0 0 0 0 0 0 0 ,0 0 0 0 3 6 4 0 0 0 0 0 0 0 0 ,0 0 0 0 2 8 2 0 0 0 0 0 0 0 0 ,0 0 0 0 0 12 0 0 0 0 0 0 0 0 0 ,
VornoiFreq:0.0230638 0.0230638 0.029328 0.0318907 0.0370159 0.0370159 0.0868451 0.0874146 0.107916 0.149487 
AverageAreas:32.4768 31.7219 32.6069 32.4599 32.0057 32.4047 31.9313 32.5774 32.0567 31.1071 
AreaStds:1.25062 1.07146 1.08024 1.11146 1.25687 1.10747 1.11827 1.13744 1.13181 1.25999 
AverageVolumes:14.7122 14.3093 14.9138 14.5776 14.1624 14.5116 14.4813 14.7468 14.362 13.9359 
VolumeStds:0.849139 0.719248 0.730312 0.745775 0.822933 0.752596 0.75026 0.771124 0.749654 0.81142 
Timestep:2710000
Temperature: 1.00026
Density: 7.70925
AverageArea: 32.3174
AreaStd: 1.34052
AverageVolume: 14.5555
VolumeStd: 0.862329
VornoiIndicies:0 0 0 0 2 8 3 0 0 0 0 0 0 0 0 ,0 0 0 1 0 9 3 0 0 0 0 0 0 0 0 ,0 0 0 0 2 8 4 0 0 0 0 0 0 0 0 ,0 0 0 1 2 6 3 1 0 0 0 0 0 0 0 ,0 0 0 0 3 6 3 0 0 0 0 0 0 0 0 ,0 0 0 0 2 8 1 0 0 0 0 0 0 0 0 ,0 0 0 0 3 6 4 0 0 0 0 0 0 0 0 ,0 0 0 0 1 10 2 0 0 0 0 0 0 0 0 ,0 0 0 0 2 8 2 0 0 0 0 0 0 0 0 ,0 0 0 0 0 12 0 0 0 0 0 0 0 0 0 ,
VornoiFreq:0.0222096 0.023918 0.0296128 0.034738 0.0361617 0.0390091 0.0839977 0.0865604 0.104214 0.149203 
AverageAreas:32.4991 31.7175 32.6944 32.4051 32.3835 32.0195 32.5796 31.9506 32.0334 31.1124 
AreaStds:1.21729 1.07537 1.14801 1.14082 1.12284 1.26094 1.14727 1.11433 1.12406 1.25929 
AverageVolumes:14.7272 14.3106 14.9726 14.5281 14.5008 14.173 14.747 14.4931 14.3462 13.9385 
VolumeStds:0.815955 0.722421 0.779037 0.771784 0.756407 0.82761 0.771452 0.743775 0.746488 0.811084 
Timestep:2730000
Temperature: 1.0029
Density: 7.71013
AverageArea: 32.3153
AreaStd: 1.34083
AverageVolume: 14.5541
VolumeStd: 0.862594
VornoiIndicies:0 0 0 0 2 8 3 0 0 0 0 0 0 0 0 ,0 0 0 1 0 9 3 0 0 0 0 0 0 0 0 ,0 0 0 0 2 8 4 0 0 0 0 0 0 0 0 ,0 0 0 1 2 6 3 1 0 0 0 0 0 0 0 ,0 0 0 0 3 6 3 0 0 0 0 0 0 0 0 ,0 0 0 0 2 8 1 0 0 0 0 0 0 0 0 ,0 0 0 0 3 6 4 0 0 0 0 0 0 0 0 ,0 0 0 0 1 10 2 0 0 0 0 0 0 0 0 ,0 0 0 0 2 8 2 0 0 0 0 0 0 0 0 ,0 0 0 0 0 12 0 0 0 0 0 0 0 0 0 ,
VornoiFreq:0.022779 0.022779 0.0284738 0.0327449 0.0370159 0.0390091 0.0848519 0.0888383 0.107062 0.150342 
AverageAreas:32.4329 31.8304 32.6928 32.4472 32.4629 32.0217 32.5947 31.9523 32.0389 31.1028 
AreaStds:1.23467 1.11257 1.1256 1.15853 1.11464 1.26321 1.13323 1.14898 1.12557 1.25335 
AverageVolumes:14.6837 14.3803 14.9728 14.5621 14.5374 14.1738 14.7574 14.4928 14.3499 13.932 
VolumeStds:0.830083 0.738024 0.768681 0.786526 0.74771 0.827978 0.765011 0.766773 0.744791 0.807738 
