Timestep:770000
Temperature: 1998.02
Density: 6.81878
AverageArea: 36.1309
AreaStd: 2.37796
AverageVolume: 16.7186
VolumeStd: 1.72908
VornoiIndicies:0 0 0 1 4 3 4 2 0 0 0 0 0 0 0 ,0 0 0 0 4 5 4 1 0 0 0 0 0 0 0 ,0 0 0 1 2 5 4 0 0 0 0 0 0 0 0 ,0 0 0 1 3 5 3 2 0 0 0 0 0 0 0 ,0 0 0 1 2 6 3 1 0 0 0 0 0 0 0 ,0 0 0 1 3 4 4 1 0 0 0 0 0 0 0 ,0 0 0 1 3 4 5 1 0 0 0 0 0 0 0 ,0 0 0 0 3 6 3 0 0 0 0 0 0 0 0 ,0 0 0 0 2 8 2 0 0 0 0 0 0 0 0 ,0 0 0 0 3 6 4 0 0 0 0 0 0 0 0 ,
VornoiFreq:0.0125285 0.0136674 0.0136674 0.0150911 0.0162301 0.0167995 0.0182232 0.0190774 0.0199317 0.0341686 
AverageAreas:36.1185 35.9078 34.3202 36.4591 35.6569 35.624 36.2256 34.6188 34.3704 35.0323 
AreaStds:2.02109 1.95409 2.03463 2.16855 2.21155 1.79227 2.03367 1.78199 2.01729 1.69801 
AverageVolumes:16.6984 16.7659 15.399 17.0409 16.4365 16.3572 16.8732 15.7804 15.6179 16.0785 
VolumeStds:1.41675 1.4929 1.38467 1.49716 1.52883 1.23392 1.4214 1.24195 1.40296 1.16562 
Timestep:875000
Temperature: 1885.23
Density: 6.89672
AverageArea: 35.7798
AreaStd: 2.23444
AverageVolume: 16.492
VolumeStd: 1.61425
VornoiIndicies:0 0 0 1 4 3 4 2 0 0 0 0 0 0 0 ,0 0 0 0 3 6 5 0 0 0 0 0 0 0 0 ,0 0 0 0 4 4 5 0 0 0 0 0 0 0 0 ,0 0 0 0 4 4 6 0 0 0 0 0 0 0 0 ,0 0 0 1 2 6 3 1 0 0 0 0 0 0 0 ,0 0 0 0 3 6 3 0 0 0 0 0 0 0 0 ,0 0 0 1 3 4 5 1 0 0 0 0 0 0 0 ,0 0 0 0 2 8 2 0 0 0 0 0 0 0 0 ,0 0 0 1 3 4 4 1 0 0 0 0 0 0 0 ,0 0 0 0 3 6 4 0 0 0 0 0 0 0 0 ,
VornoiFreq:0.0136674 0.0139522 0.0139522 0.0139522 0.0167995 0.0182232 0.018508 0.022779 0.0233485 0.0333144 
AverageAreas:35.6808 35.8813 35.0769 35.8683 34.9095 33.9408 36.0101 34.5262 35.041 35.062 
AreaStds:1.8855 1.75092 1.94828 2.06412 1.45589 1.65914 1.77484 1.9224 1.95246 1.90421 
AverageVolumes:16.4079 16.7993 16.0679 16.7055 15.9422 15.2293 16.7416 15.7659 15.9637 16.1748 
VolumeStds:1.29486 1.29913 1.32015 1.44498 0.988538 1.16074 1.2387 1.34899 1.37589 1.33995 
Timestep:985000
Temperature: 1897.94
Density: 6.87304
AverageArea: 35.8639
AreaStd: 2.28364
AverageVolume: 16.5671
VolumeStd: 1.65239
VornoiIndicies:0 0 0 0 2 8 3 0 0 0 0 0 0 0 0 ,0 0 0 1 3 5 4 2 0 0 0 0 0 0 0 ,0 0 0 1 2 5 4 0 0 0 0 0 0 0 0 ,0 0 0 0 4 4 6 0 0 0 0 0 0 0 0 ,0 0 0 1 3 4 5 1 0 0 0 0 0 0 0 ,0 0 0 1 2 6 3 1 0 0 0 0 0 0 0 ,0 0 0 1 3 4 4 1 0 0 0 0 0 0 0 ,0 0 0 0 2 8 2 0 0 0 0 0 0 0 0 ,0 0 0 0 3 6 3 0 0 0 0 0 0 0 0 ,0 0 0 0 3 6 4 0 0 0 0 0 0 0 0 ,
VornoiFreq:0.0128132 0.0130979 0.0133827 0.0142369 0.0159453 0.017369 0.018508 0.0187927 0.0190774 0.0378702 
AverageAreas:34.893 36.7388 34.2075 35.8499 35.9625 35.2476 35.4844 34.3833 34.0854 35.0724 
AreaStds:1.76962 1.83699 1.74884 1.87086 1.9887 2.25198 1.78224 1.86931 1.75046 1.83967 
AverageVolumes:16.0677 17.3195 15.3414 16.703 16.7325 16.2024 16.2332 15.6478 15.3983 16.1944 
VolumeStds:1.23008 1.32507 1.19458 1.27714 1.41357 1.55124 1.25706 1.29024 1.23626 1.26863 
Timestep:1090000
Temperature: 1880.09
Density: 6.92168
AverageArea: 35.7016
AreaStd: 2.22436
AverageVolume: 16.442
VolumeStd: 1.61946
VornoiIndicies:0 0 0 0 2 8 4 0 0 0 0 0 0 0 0 ,0 0 0 0 2 8 3 0 0 0 0 0 0 0 0 ,0 0 0 0 3 6 5 0 0 0 0 0 0 0 0 ,0 0 0 1 3 5 2 2 0 0 0 0 0 0 0 ,0 0 0 0 2 8 2 0 0 0 0 0 0 0 0 ,0 0 0 1 3 4 5 1 0 0 0 0 0 0 0 ,0 0 0 0 3 6 3 0 0 0 0 0 0 0 0 ,0 0 0 1 2 6 3 1 0 0 0 0 0 0 0 ,0 0 0 1 3 4 4 1 0 0 0 0 0 0 0 ,0 0 0 0 3 6 4 0 0 0 0 0 0 0 0 ,
VornoiFreq:0.0130979 0.0133827 0.0136674 0.0145216 0.0159453 0.0159453 0.0207859 0.0219248 0.0230638 0.030467 
AverageAreas:35.3667 34.9672 35.6719 35.2686 34.7083 35.367 34.2288 34.8992 35.2278 35.345 
AreaStds:1.71943 2.18098 2.20467 1.54813 2.02471 1.69959 1.86787 1.99538 2.02704 1.80192 
AverageVolumes:16.5109 16.1538 16.7038 16.1097 15.8855 16.2737 15.4451 15.9546 16.0381 16.3331 
VolumeStds:1.21851 1.53101 1.55131 1.09412 1.41822 1.26333 1.30768 1.36695 1.39402 1.25979 
Timestep:1200000
Temperature: 1832.2
Density: 6.92669
AverageArea: 35.6387
AreaStd: 2.25154
AverageVolume: 16.4154
VolumeStd: 1.61647
VornoiIndicies:0 0 0 0 2 8 4 0 0 0 0 0 0 0 0 ,0 0 0 0 4 4 4 0 0 0 0 0 0 0 0 ,0 0 0 0 4 4 6 0 0 0 0 0 0 0 0 ,0 0 0 1 2 6 3 1 0 0 0 0 0 0 0 ,0 0 0 0 4 5 4 1 0 0 0 0 0 0 0 ,0 0 0 1 3 4 5 1 0 0 0 0 0 0 0 ,0 0 0 0 2 8 2 0 0 0 0 0 0 0 0 ,0 0 0 1 3 4 4 1 0 0 0 0 0 0 0 ,0 0 0 0 3 6 3 0 0 0 0 0 0 0 0 ,0 0 0 0 3 6 4 0 0 0 0 0 0 0 0 ,
VornoiFreq:0.0148064 0.0148064 0.0150911 0.0165148 0.017369 0.0176538 0.0199317 0.0202164 0.0250569 0.0381549 
AverageAreas:35.8173 34.6069 35.5985 35.1171 35.795 35.5583 34.0669 34.8031 34.3638 35.0182 
AreaStds:2.10472 1.6781 1.48785 1.92889 1.98719 1.90711 2.09923 1.72159 1.68525 1.99897 
AverageVolumes:16.9421 15.5728 16.5889 16.1215 16.6678 16.4753 15.4274 15.8119 15.5557 16.1416 
VolumeStds:1.46889 1.09285 1.11587 1.34803 1.43077 1.3105 1.41474 1.1945 1.16541 1.39571 
Timestep:1305000
Temperature: 1825.86
Density: 6.92205
AverageArea: 35.6958
AreaStd: 2.20179
AverageVolume: 16.4553
VolumeStd: 1.59856
VornoiIndicies:0 0 0 0 2 8 4 0 0 0 0 0 0 0 0 ,0 0 0 1 3 5 3 2 0 0 0 0 0 0 0 ,0 0 0 0 3 6 5 0 0 0 0 0 0 0 0 ,0 0 0 1 3 4 4 1 0 0 0 0 0 0 0 ,0 0 0 0 4 4 6 0 0 0 0 0 0 0 0 ,0 0 0 1 2 6 3 1 0 0 0 0 0 0 0 ,0 0 0 1 3 4 5 1 0 0 0 0 0 0 0 ,0 0 0 0 3 6 3 0 0 0 0 0 0 0 0 ,0 0 0 0 2 8 2 0 0 0 0 0 0 0 0 ,0 0 0 0 3 6 4 0 0 0 0 0 0 0 0 ,
VornoiFreq:0.0145216 0.0150911 0.0153759 0.0170843 0.017369 0.0182232 0.0187927 0.0196469 0.0222096 0.0367312 
AverageAreas:35.713 35.5875 35.5612 35.063 35.7006 34.8172 35.9363 33.871 34.4803 35.1474 
AreaStds:1.91043 1.63181 1.81027 2.07254 2.26355 1.75028 2.21963 1.87537 1.78326 1.89939 
AverageVolumes:16.7761 16.4369 16.602 15.9538 16.6901 15.9066 16.7726 15.2094 15.6997 16.2231 
VolumeStds:1.35607 1.11151 1.30508 1.42604 1.5463 1.20767 1.51966 1.22983 1.23559 1.32592 
Timestep:1415000
Temperature: 1810.65
Density: 6.95723
AverageArea: 35.509
AreaStd: 2.19585
AverageVolume: 16.3255
VolumeStd: 1.57315
VornoiIndicies:0 0 0 1 2 5 4 0 0 0 0 0 0 0 0 ,0 0 0 0 4 4 5 0 0 0 0 0 0 0 0 ,0 0 0 1 3 4 5 1 0 0 0 0 0 0 0 ,0 0 0 0 4 4 4 0 0 0 0 0 0 0 0 ,0 0 0 1 3 5 3 2 0 0 0 0 0 0 0 ,0 0 0 1 2 6 3 1 0 0 0 0 0 0 0 ,0 0 0 1 3 4 4 1 0 0 0 0 0 0 0 ,0 0 0 0 2 8 2 0 0 0 0 0 0 0 0 ,0 0 0 0 3 6 3 0 0 0 0 0 0 0 0 ,0 0 0 0 3 6 4 0 0 0 0 0 0 0 0 ,
VornoiFreq:0.0130979 0.0136674 0.0139522 0.0145216 0.0148064 0.0199317 0.0205011 0.0210706 0.0261959 0.0367312 
AverageAreas:33.8299 34.441 35.5229 34.5582 36.2344 34.3109 35.0725 34.2864 33.9607 34.8368 
AreaStds:1.61325 1.78515 1.78285 1.86329 2.1643 2.09177 1.91892 1.70181 1.86622 2.04587 
AverageVolumes:15.1591 15.6675 16.4512 15.6301 16.867 15.5203 16.0103 15.5918 15.2484 16.0374 
VolumeStds:1.12887 1.27358 1.24406 1.26471 1.51695 1.41164 1.3206 1.14361 1.24297 1.41154 
Timestep:1520000
Temperature: 1842.08
Density: 6.93447
AverageArea: 35.5589
AreaStd: 2.30206
AverageVolume: 16.3808
VolumeStd: 1.64667
VornoiIndicies:0 0 0 1 3 5 3 2 0 0 0 0 0 0 0 ,0 0 0 0 1 10 2 0 0 0 0 0 0 0 0 ,0 0 0 0 4 5 4 1 0 0 0 0 0 0 0 ,0 0 0 1 3 4 5 1 0 0 0 0 0 0 0 ,0 0 0 0 3 6 5 0 0 0 0 0 0 0 0 ,0 0 0 1 3 4 4 1 0 0 0 0 0 0 0 ,0 0 0 0 3 6 3 0 0 0 0 0 0 0 0 ,0 0 0 0 2 8 2 0 0 0 0 0 0 0 0 ,0 0 0 1 2 6 3 1 0 0 0 0 0 0 0 ,0 0 0 0 3 6 4 0 0 0 0 0 0 0 0 ,
VornoiFreq:0.0139522 0.0148064 0.0159453 0.0167995 0.017369 0.0193622 0.0230638 0.023918 0.023918 0.0435649 
AverageAreas:35.1925 34.948 35.8073 35.7259 35.5388 34.8282 33.8152 33.7286 34.8771 34.5962 
AreaStds:1.90307 2.38849 1.91298 2.23985 1.92608 1.68202 1.59839 2.0297 1.93767 1.91166 
AverageVolumes:16.1943 16.3462 16.6421 16.5533 16.597 15.8818 15.206 15.2225 15.9547 15.8325 
VolumeStds:1.36476 1.67602 1.38109 1.54658 1.37551 1.18638 1.11123 1.33931 1.30615 1.31163 
Timestep:1630000
Temperature: 1774
Density: 6.97692
AverageArea: 35.4629
AreaStd: 2.10047
AverageVolume: 16.3034
VolumeStd: 1.52354
VornoiIndicies:0 0 0 1 2 6 4 1 0 0 0 0 0 0 0 ,0 0 0 1 3 5 2 2 0 0 0 0 0 0 0 ,0 0 0 0 4 4 4 0 0 0 0 0 0 0 0 ,0 0 0 0 4 5 4 1 0 0 0 0 0 0 0 ,0 0 0 1 2 6 3 1 0 0 0 0 0 0 0 ,0 0 0 1 3 4 4 1 0 0 0 0 0 0 0 ,0 0 0 0 2 8 2 0 0 0 0 0 0 0 0 ,0 0 0 1 3 4 5 1 0 0 0 0 0 0 0 ,0 0 0 0 3 6 3 0 0 0 0 0 0 0 0 ,0 0 0 0 3 6 4 0 0 0 0 0 0 0 0 ,
VornoiFreq:0.0130979 0.0130979 0.0136674 0.0159453 0.0176538 0.0199317 0.0202164 0.0213554 0.0219248 0.0353075 
AverageAreas:35.4476 34.6663 34.35 35.6286 34.6495 34.7638 34.0339 35.5199 34.1907 34.9188 
AreaStds:2.11868 1.85048 1.55068 1.66852 1.77259 1.7279 1.99764 1.53244 1.69665 1.94715 
AverageVolumes:16.433 15.7726 15.459 16.5166 15.8242 15.7635 15.4665 16.4701 15.4086 16.0604 
VolumeStds:1.52905 1.27817 1.09367 1.16835 1.22809 1.2482 1.36701 1.07825 1.15103 1.39003 
Timestep:1735000
Temperature: 1759.01
Density: 6.98019
AverageArea: 35.4305
AreaStd: 2.12979
AverageVolume: 16.2844
VolumeStd: 1.53774
VornoiIndicies:0 0 0 0 2 8 4 0 0 0 0 0 0 0 0 ,0 0 0 0 3 6 5 0 0 0 0 0 0 0 0 ,0 0 0 0 1 10 2 0 0 0 0 0 0 0 0 ,0 0 0 1 3 5 3 2 0 0 0 0 0 0 0 ,0 0 0 1 3 4 4 1 0 0 0 0 0 0 0 ,0 0 0 1 3 4 5 1 0 0 0 0 0 0 0 ,0 0 0 1 2 6 3 1 0 0 0 0 0 0 0 ,0 0 0 0 3 6 3 0 0 0 0 0 0 0 0 ,0 0 0 0 2 8 2 0 0 0 0 0 0 0 0 ,0 0 0 0 3 6 4 0 0 0 0 0 0 0 0 ,
VornoiFreq:0.0136674 0.0136674 0.0139522 0.0142369 0.0176538 0.0196469 0.0202164 0.0207859 0.0233485 0.0321754 
AverageAreas:35.4208 35.2085 34.449 35.6868 34.8921 35.548 34.8598 34.4693 33.9086 34.9224 
AreaStds:1.74876 1.69625 1.53144 1.71978 1.74356 1.94129 1.91468 1.76133 2.00869 1.75529 
AverageVolumes:16.6213 16.3192 15.925 16.5093 15.8562 16.4991 15.9144 15.6597 15.3443 16.0256 
VolumeStds:1.26005 1.21059 1.09594 1.2289 1.23831 1.34816 1.37909 1.22283 1.37016 1.20999 
Timestep:1845000
Temperature: 1718.13
Density: 6.99133
AverageArea: 35.3417
AreaStd: 2.1398
AverageVolume: 16.2457
VolumeStd: 1.52864
VornoiIndicies:0 0 0 1 2 5 4 0 0 0 0 0 0 0 0 ,0 0 0 0 4 5 4 1 0 0 0 0 0 0 0 ,0 0 0 0 2 8 1 0 0 0 0 0 0 0 0 ,0 0 0 1 3 4 5 1 0 0 0 0 0 0 0 ,0 0 0 0 2 8 4 0 0 0 0 0 0 0 0 ,0 0 0 1 2 6 3 1 0 0 0 0 0 0 0 ,0 0 0 0 3 6 3 0 0 0 0 0 0 0 0 ,0 0 0 1 3 4 4 1 0 0 0 0 0 0 0 ,0 0 0 0 2 8 2 0 0 0 0 0 0 0 0 ,0 0 0 0 3 6 4 0 0 0 0 0 0 0 0 ,
VornoiFreq:0.0150911 0.0153759 0.0156606 0.0170843 0.0182232 0.0190774 0.0210706 0.023918 0.0264806 0.0404328 
AverageAreas:34.2808 35.4441 33.106 35.5797 35.3798 34.4994 34.1797 34.5949 33.8432 34.5846 
AreaStds:1.71908 1.81706 1.8047 1.87792 2.04357 1.77075 1.74689 1.86092 2.11132 1.85088 
AverageVolumes:15.3878 16.3532 14.678 16.504 16.6286 15.6887 15.4513 15.676 15.348 15.8914 
VolumeStds:1.16986 1.22539 1.21578 1.27583 1.41085 1.24436 1.18344 1.2453 1.43063 1.3138 
Timestep:1950000
Temperature: 1702.43
Density: 6.96943
AverageArea: 35.446
AreaStd: 2.12307
AverageVolume: 16.3087
VolumeStd: 1.5256
VornoiIndicies:0 0 0 1 3 5 2 2 0 0 0 0 0 0 0 ,0 0 0 1 4 3 4 2 0 0 0 0 0 0 0 ,0 0 0 0 3 6 5 0 0 0 0 0 0 0 0 ,0 0 0 0 4 4 5 0 0 0 0 0 0 0 0 ,0 0 0 0 4 4 6 0 0 0 0 0 0 0 0 ,0 0 0 1 3 4 4 1 0 0 0 0 0 0 0 ,0 0 0 1 2 6 3 1 0 0 0 0 0 0 0 ,0 0 0 0 3 6 3 0 0 0 0 0 0 0 0 ,0 0 0 0 2 8 2 0 0 0 0 0 0 0 0 ,0 0 0 0 3 6 4 0 0 0 0 0 0 0 0 ,
VornoiFreq:0.0133827 0.0133827 0.0150911 0.0165148 0.0165148 0.0182232 0.0205011 0.0259112 0.0267654 0.0421412 
AverageAreas:34.816 35.5487 35.5582 35.3438 35.4472 34.7332 34.7286 34.0091 34.5747 34.5846 
AreaStds:1.79146 1.5933 1.77249 2.19982 2.14188 1.70662 1.92556 1.8448 1.64441 1.79345 
AverageVolumes:15.7932 16.3176 16.6194 16.2752 16.5448 15.7618 15.8462 15.2932 15.8526 15.8699 
VolumeStds:1.26377 1.1362 1.28 1.52488 1.50427 1.12848 1.33472 1.27874 1.14563 1.24641 
Timestep:2060000
Temperature: 1739.64
Density: 6.97587
AverageArea: 35.377
AreaStd: 2.15005
AverageVolume: 16.2516
VolumeStd: 1.55814
VornoiIndicies:0 0 0 0 3 6 5 0 0 0 0 0 0 0 0 ,0 0 0 0 4 4 4 0 0 0 0 0 0 0 0 ,0 0 0 1 3 5 3 2 0 0 0 0 0 0 0 ,0 0 0 0 4 4 5 0 0 0 0 0 0 0 0 ,0 0 0 1 3 4 4 1 0 0 0 0 0 0 0 ,0 0 0 0 2 8 2 0 0 0 0 0 0 0 0 ,0 0 0 1 3 4 5 1 0 0 0 0 0 0 0 ,0 0 0 0 3 6 3 0 0 0 0 0 0 0 0 ,0 0 0 1 2 6 3 1 0 0 0 0 0 0 0 ,0 0 0 0 3 6 4 0 0 0 0 0 0 0 0 ,
VornoiFreq:0.0136674 0.0148064 0.0153759 0.0162301 0.018508 0.0196469 0.0213554 0.0230638 0.023918 0.0381549 
AverageAreas:35.8395 34.0989 35.5775 34.6398 34.7837 34.0348 35.9816 33.9977 34.7227 34.9067 
AreaStds:1.95845 1.94902 1.98841 1.95899 1.99385 2.00819 1.87117 1.81992 1.70964 1.88969 
AverageVolumes:16.8497 15.3357 16.4172 15.728 15.7599 15.4645 16.8097 15.3615 15.8204 16.0589 
VolumeStds:1.38061 1.3636 1.41114 1.34112 1.38375 1.38019 1.33416 1.24644 1.19743 1.32028 
Timestep:2165000
Temperature: 1665.14
Density: 7.02659
AverageArea: 35.2141
AreaStd: 2.0422
AverageVolume: 16.1587
VolumeStd: 1.46644
VornoiIndicies:0 0 0 0 2 8 1 0 0 0 0 0 0 0 0 ,0 0 0 1 3 4 5 1 0 0 0 0 0 0 0 ,0 0 0 1 2 5 4 0 0 0 0 0 0 0 0 ,0 0 0 0 3 6 5 0 0 0 0 0 0 0 0 ,0 0 0 1 3 5 3 2 0 0 0 0 0 0 0 ,0 0 0 1 2 6 3 1 0 0 0 0 0 0 0 ,0 0 0 1 3 4 4 1 0 0 0 0 0 0 0 ,0 0 0 0 3 6 3 0 0 0 0 0 0 0 0 ,0 0 0 0 2 8 2 0 0 0 0 0 0 0 0 ,0 0 0 0 3 6 4 0 0 0 0 0 0 0 0 ,
VornoiFreq:0.0148064 0.0148064 0.0156606 0.0165148 0.0167995 0.0207859 0.0219248 0.0244875 0.0301822 0.0398633 
AverageAreas:33.6238 35.1443 34.1015 35.2905 35.0918 34.5781 34.6171 33.9357 33.953 34.5254 
AreaStds:1.73071 2.20592 1.81247 1.85269 1.78276 1.80941 1.79117 1.86808 1.7342 1.70952 
AverageVolumes:15.0028 16.2369 15.2793 16.4283 16.1457 15.7093 15.7091 15.2938 15.4322 15.8464 
VolumeStds:1.15425 1.54175 1.29647 1.29515 1.30868 1.22416 1.23265 1.28416 1.19249 1.18334 
Timestep:2275000
Temperature: 1623.23
Density: 6.99479
AverageArea: 35.3069
AreaStd: 2.03105
AverageVolume: 16.2153
VolumeStd: 1.46246
VornoiIndicies:0 0 0 1 2 5 4 0 0 0 0 0 0 0 0 ,0 0 0 0 4 4 5 0 0 0 0 0 0 0 0 ,0 0 0 0 2 8 4 0 0 0 0 0 0 0 0 ,0 0 0 0 3 6 5 0 0 0 0 0 0 0 0 ,0 0 0 0 4 4 4 0 0 0 0 0 0 0 0 ,0 0 0 1 3 4 4 1 0 0 0 0 0 0 0 ,0 0 0 1 2 6 3 1 0 0 0 0 0 0 0 ,0 0 0 0 3 6 3 0 0 0 0 0 0 0 0 ,0 0 0 0 2 8 2 0 0 0 0 0 0 0 0 ,0 0 0 0 3 6 4 0 0 0 0 0 0 0 0 ,
VornoiFreq:0.0139522 0.0148064 0.0156606 0.0165148 0.0179385 0.0193622 0.0202164 0.0242027 0.0250569 0.041287 
AverageAreas:34.3476 35.0431 35.2836 35.0707 34.0155 34.7115 34.6575 34.0176 33.8556 34.6482 
AreaStds:1.75709 2.39612 1.83934 1.76209 1.54396 1.81754 1.77812 1.87813 1.76017 1.791 
AverageVolumes:15.4436 16.0891 16.5435 16.2581 15.2858 15.7701 15.7839 15.3335 15.3118 15.87 
VolumeStds:1.16055 1.69535 1.28251 1.27771 1.03242 1.22411 1.24852 1.26043 1.15731 1.21817 
Timestep:2380000
Temperature: 1653.64
Density: 7.02268
AverageArea: 35.205
AreaStd: 2.0854
AverageVolume: 16.152
VolumeStd: 1.4993
VornoiIndicies:0 0 0 1 3 5 3 2 0 0 0 0 0 0 0 ,0 0 0 1 4 3 4 2 0 0 0 0 0 0 0 ,0 0 0 0 2 8 4 0 0 0 0 0 0 0 0 ,0 0 0 1 3 5 2 2 0 0 0 0 0 0 0 ,0 0 0 1 3 4 5 1 0 0 0 0 0 0 0 ,0 0 0 1 3 4 4 1 0 0 0 0 0 0 0 ,0 0 0 1 2 6 3 1 0 0 0 0 0 0 0 ,0 0 0 0 3 6 3 0 0 0 0 0 0 0 0 ,0 0 0 0 2 8 2 0 0 0 0 0 0 0 0 ,0 0 0 0 3 6 4 0 0 0 0 0 0 0 0 ,
VornoiFreq:0.0148064 0.0148064 0.0156606 0.0159453 0.0187927 0.0196469 0.0207859 0.0242027 0.0279043 0.042426 
AverageAreas:35.4252 35.8201 35.282 34.478 35.6361 34.5215 34.9007 33.9868 33.6892 34.5167 
AreaStds:1.92315 1.69255 1.78873 1.86613 1.79201 1.78198 1.94711 1.63995 1.81061 1.73083 
AverageVolumes:16.3104 16.5825 16.568 15.6018 16.5642 15.638 15.9497 15.3369 15.1914 15.8025 
VolumeStds:1.35303 1.28045 1.28324 1.31369 1.28383 1.25995 1.32398 1.11235 1.23621 1.19812 
Timestep:2490000
Temperature: 1602.19
Density: 7.02656
AverageArea: 35.2017
AreaStd: 2.07817
AverageVolume: 16.1632
VolumeStd: 1.48701
VornoiIndicies:0 0 0 0 4 4 4 0 0 0 0 0 0 0 0 ,0 0 0 0 4 5 4 1 0 0 0 0 0 0 0 ,0 0 0 0 3 6 5 0 0 0 0 0 0 0 0 ,0 0 0 0 4 4 6 0 0 0 0 0 0 0 0 ,0 0 0 1 3 4 5 1 0 0 0 0 0 0 0 ,0 0 0 1 2 6 3 1 0 0 0 0 0 0 0 ,0 0 0 1 3 4 4 1 0 0 0 0 0 0 0 ,0 0 0 0 3 6 3 0 0 0 0 0 0 0 0 ,0 0 0 0 2 8 2 0 0 0 0 0 0 0 0 ,0 0 0 0 3 6 4 0 0 0 0 0 0 0 0 ,
VornoiFreq:0.0150911 0.0150911 0.0153759 0.0153759 0.018508 0.0210706 0.0213554 0.0230638 0.0327449 0.0421412 
AverageAreas:34.1201 35.7508 35.5315 35.4469 35.789 34.2086 34.8077 33.6997 34.198 34.5039 
AreaStds:1.89554 1.83003 1.97728 1.83397 1.99014 1.59044 1.53886 1.93942 1.88771 1.91358 
AverageVolumes:15.3517 16.6275 16.5861 16.4797 16.6847 15.4674 15.8499 15.1562 15.5722 15.806 
VolumeStds:1.33486 1.33684 1.42519 1.26268 1.3982 1.08159 1.0318 1.31423 1.3251 1.33241 
Timestep:2595000
Temperature: 1580.93
Density: 7.01322
AverageArea: 35.2557
AreaStd: 2.06616
AverageVolume: 16.2083
VolumeStd: 1.4775
VornoiIndicies:0 0 0 0 4 4 4 0 0 0 0 0 0 0 0 ,0 0 0 0 4 5 4 1 0 0 0 0 0 0 0 ,0 0 0 1 2 5 4 0 0 0 0 0 0 0 0 ,0 0 0 0 3 6 5 0 0 0 0 0 0 0 0 ,0 0 0 1 3 4 5 1 0 0 0 0 0 0 0 ,0 0 0 0 3 6 3 0 0 0 0 0 0 0 0 ,0 0 0 1 2 6 3 1 0 0 0 0 0 0 0 ,0 0 0 0 2 8 2 0 0 0 0 0 0 0 0 ,0 0 0 1 3 4 4 1 0 0 0 0 0 0 0 ,0 0 0 0 3 6 4 0 0 0 0 0 0 0 0 ,
VornoiFreq:0.0150911 0.0159453 0.0167995 0.0202164 0.0205011 0.0247722 0.0253417 0.0256264 0.0256264 0.0435649 
AverageAreas:34.0556 35.7306 34.1289 35.231 35.7442 34.3137 34.5726 33.4812 34.8666 34.6237 
AreaStds:1.63368 1.53566 1.82342 1.59271 1.84379 1.92471 1.79902 1.68965 1.8505 1.69572 
AverageVolumes:15.3413 16.6563 15.3839 16.4034 16.6315 15.5314 15.7323 15.0789 15.8401 15.9199 
VolumeStds:1.13161 1.15033 1.24889 1.11096 1.29204 1.32037 1.26043 1.14796 1.30104 1.18931 
Timestep:2705000
Temperature: 1528.67
Density: 7.05332
AverageArea: 35.103
AreaStd: 2.02021
AverageVolume: 16.1044
VolumeStd: 1.45145
VornoiIndicies:0 0 0 1 2 5 4 0 0 0 0 0 0 0 0 ,0 0 0 0 1 10 2 0 0 0 0 0 0 0 0 ,0 0 0 0 4 4 6 0 0 0 0 0 0 0 0 ,0 0 0 1 3 4 5 1 0 0 0 0 0 0 0 ,0 0 0 1 3 5 3 2 0 0 0 0 0 0 0 ,0 0 0 1 3 4 4 1 0 0 0 0 0 0 0 ,0 0 0 1 2 6 3 1 0 0 0 0 0 0 0 ,0 0 0 0 2 8 2 0 0 0 0 0 0 0 0 ,0 0 0 0 3 6 3 0 0 0 0 0 0 0 0 ,0 0 0 0 3 6 4 0 0 0 0 0 0 0 0 ,
VornoiFreq:0.0148064 0.0150911 0.0150911 0.0159453 0.0162301 0.0167995 0.0196469 0.0281891 0.0281891 0.0429954 
AverageAreas:33.5284 34.0439 35.1866 35.1125 35.1156 34.8438 34.8801 33.8408 34.045 34.6965 
AreaStds:1.77382 2.13839 1.7508 1.88316 1.55202 1.69767 1.87503 1.67252 1.55055 1.80749 
AverageVolumes:14.9346 15.7708 16.3273 16.1842 16.1726 15.8844 15.9832 15.3386 15.3704 15.9718 
VolumeStds:1.20823 1.49534 1.2075 1.29631 1.12726 1.14276 1.29587 1.11877 1.07117 1.25355 
Timestep:2810000
Temperature: 1543.81
Density: 7.06176
AverageArea: 35.0859
AreaStd: 1.99242
AverageVolume: 16.0962
VolumeStd: 1.41636
VornoiIndicies:0 0 0 0 4 4 4 0 0 0 0 0 0 0 0 ,0 0 0 1 3 5 3 2 0 0 0 0 0 0 0 ,0 0 0 0 4 4 5 0 0 0 0 0 0 0 0 ,0 0 0 0 2 8 4 0 0 0 0 0 0 0 0 ,0 0 0 1 3 4 5 1 0 0 0 0 0 0 0 ,0 0 0 1 3 4 4 1 0 0 0 0 0 0 0 ,0 0 0 0 3 6 3 0 0 0 0 0 0 0 0 ,0 0 0 1 2 6 3 1 0 0 0 0 0 0 0 ,0 0 0 0 2 8 2 0 0 0 0 0 0 0 0 ,0 0 0 0 3 6 4 0 0 0 0 0 0 0 0 ,
VornoiFreq:0.0165148 0.0165148 0.017369 0.0179385 0.0179385 0.0207859 0.0250569 0.0273349 0.0318907 0.0427107 
AverageAreas:34.2101 35.1108 34.8798 35.1363 35.2299 34.572 34.1514 34.5542 33.6481 34.6213 
AreaStds:1.7198 2.01866 1.86183 1.83503 1.86445 1.7029 1.54593 1.8375 1.82184 1.71359 
AverageVolumes:15.42 16.1635 16.0093 16.4352 16.2993 15.712 15.444 15.7495 15.18 15.9246 
VolumeStds:1.13046 1.44077 1.24245 1.27993 1.33043 1.14534 1.0363 1.26455 1.21319 1.17847 
Timestep:2920000
Temperature: 1523.26
Density: 7.10127
AverageArea: 34.9008
AreaStd: 2.00845
AverageVolume: 15.9784
VolumeStd: 1.42089
VornoiIndicies:0 0 0 0 4 5 4 1 0 0 0 0 0 0 0 ,0 0 0 0 1 10 2 0 0 0 0 0 0 0 0 ,0 0 0 1 3 5 3 2 0 0 0 0 0 0 0 ,0 0 0 1 3 5 2 2 0 0 0 0 0 0 0 ,0 0 0 0 3 6 5 0 0 0 0 0 0 0 0 ,0 0 0 0 3 6 3 0 0 0 0 0 0 0 0 ,0 0 0 1 3 4 4 1 0 0 0 0 0 0 0 ,0 0 0 1 2 6 3 1 0 0 0 0 0 0 0 ,0 0 0 0 2 8 2 0 0 0 0 0 0 0 0 ,0 0 0 0 3 6 4 0 0 0 0 0 0 0 0 ,
VornoiFreq:0.0150911 0.0153759 0.0162301 0.018508 0.0190774 0.0224943 0.0224943 0.0236333 0.0307517 0.0447039 
AverageAreas:35.269 33.7013 34.9708 35.0835 34.7054 34.0046 34.6171 34.4927 33.7556 34.404 
AreaStds:2.11344 1.66978 1.71079 1.79923 1.52575 1.7098 1.87146 1.58925 1.80891 1.78991 
AverageVolumes:16.2839 15.4851 16.0752 15.9918 16.0404 15.3646 15.7229 15.7578 15.2581 15.7777 
VolumeStds:1.45609 1.15062 1.25145 1.24093 1.06054 1.18937 1.30768 1.12028 1.22116 1.22778 
Timestep:3025000
Temperature: 1530.76
Density: 7.06879
AverageArea: 34.9735
AreaStd: 1.95583
AverageVolume: 16.0362
VolumeStd: 1.40127
VornoiIndicies:0 0 0 0 2 8 1 0 0 0 0 0 0 0 0 ,0 0 0 0 4 4 5 0 0 0 0 0 0 0 0 ,0 0 0 1 3 5 3 2 0 0 0 0 0 0 0 ,0 0 0 0 3 6 5 0 0 0 0 0 0 0 0 ,0 0 0 1 3 4 5 1 0 0 0 0 0 0 0 ,0 0 0 1 2 6 3 1 0 0 0 0 0 0 0 ,0 0 0 1 3 4 4 1 0 0 0 0 0 0 0 ,0 0 0 0 3 6 3 0 0 0 0 0 0 0 0 ,0 0 0 0 2 8 2 0 0 0 0 0 0 0 0 ,0 0 0 0 3 6 4 0 0 0 0 0 0 0 0 ,
VornoiFreq:0.0159453 0.0179385 0.0179385 0.0193622 0.0202164 0.0210706 0.0213554 0.0279043 0.0316059 0.0498292 
AverageAreas:32.4621 34.658 35.0221 35.3101 34.7265 34.2909 34.3109 33.9685 33.5798 34.5292 
AreaStds:1.41455 2.09183 1.58954 1.70474 1.55341 1.91012 1.86902 1.70682 1.74855 1.73368 
AverageVolumes:14.2618 15.8652 16.0988 16.4989 15.9835 15.6203 15.5189 15.3305 15.1605 15.8553 
VolumeStds:0.914232 1.47668 1.18414 1.26838 1.102 1.32469 1.23743 1.19043 1.18216 1.21961 
Timestep:3135000
Temperature: 1495.29
Density: 7.0948
AverageArea: 34.9171
AreaStd: 2.0007
AverageVolume: 15.9936
VolumeStd: 1.41709
VornoiIndicies:0 0 0 1 3 5 2 2 0 0 0 0 0 0 0 ,0 0 0 1 3 4 4 1 0 0 0 0 0 0 0 ,0 0 0 0 3 6 5 0 0 0 0 0 0 0 0 ,0 0 0 0 4 4 5 0 0 0 0 0 0 0 0 ,0 0 0 0 2 8 4 0 0 0 0 0 0 0 0 ,0 0 0 1 3 4 5 1 0 0 0 0 0 0 0 ,0 0 0 1 2 6 3 1 0 0 0 0 0 0 0 ,0 0 0 0 2 8 2 0 0 0 0 0 0 0 0 ,0 0 0 0 3 6 3 0 0 0 0 0 0 0 0 ,0 0 0 0 3 6 4 0 0 0 0 0 0 0 0 ,
VornoiFreq:0.0156606 0.0170843 0.017369 0.017369 0.0179385 0.0216401 0.0244875 0.0290433 0.0296128 0.0458428 
AverageAreas:34.6159 34.2071 34.9239 34.4481 35.2792 35.1685 34.4568 33.591 33.8853 34.071 
AreaStds:1.7973 1.7918 1.74996 1.91207 1.6693 1.96063 1.68492 1.7556 1.86266 1.70225 
AverageVolumes:15.7156 15.436 16.2447 15.6911 16.5473 16.2607 15.7199 15.189 15.2449 15.5383 
VolumeStds:1.24496 1.26552 1.23806 1.26775 1.22833 1.39969 1.14819 1.19499 1.21111 1.17056 
Timestep:3240000
Temperature: 1464.53
Density: 7.1165
AverageArea: 34.8288
AreaStd: 1.93794
AverageVolume: 15.9599
VolumeStd: 1.39235
VornoiIndicies:0 0 0 1 2 5 4 0 0 0 0 0 0 0 0 ,0 0 0 0 3 6 5 0 0 0 0 0 0 0 0 ,0 0 0 1 3 4 5 1 0 0 0 0 0 0 0 ,0 0 0 1 3 4 4 1 0 0 0 0 0 0 0 ,0 0 0 0 2 8 4 0 0 0 0 0 0 0 0 ,0 0 0 0 1 10 2 0 0 0 0 0 0 0 0 ,0 0 0 0 3 6 3 0 0 0 0 0 0 0 0 ,0 0 0 1 2 6 3 1 0 0 0 0 0 0 0 ,0 0 0 0 2 8 2 0 0 0 0 0 0 0 0 ,0 0 0 0 3 6 4 0 0 0 0 0 0 0 0 ,
VornoiFreq:0.0165148 0.0176538 0.0176538 0.0179385 0.0187927 0.0213554 0.0244875 0.029328 0.0344533 0.0481207 
AverageAreas:33.8433 35.3726 35.2138 34.5696 34.9063 34.1658 33.9551 34.3072 33.5304 34.4509 
AreaStds:1.81837 1.41353 1.81035 1.85006 1.64728 1.87741 1.81347 1.89816 1.54342 1.69346 
AverageVolumes:15.1857 16.49 16.2576 15.7351 16.2865 15.8244 15.3533 15.6275 15.1288 15.8335 
VolumeStds:1.24295 0.992718 1.23891 1.30365 1.21053 1.33742 1.23062 1.29326 1.09612 1.21729 
Timestep:3350000
Temperature: 1440.29
Density: 7.11852
AverageArea: 34.8232
AreaStd: 1.92706
AverageVolume: 15.9388
VolumeStd: 1.38047
VornoiIndicies:0 0 0 0 3 6 5 0 0 0 0 0 0 0 0 ,0 0 0 0 4 4 6 0 0 0 0 0 0 0 0 ,0 0 0 1 3 5 3 2 0 0 0 0 0 0 0 ,0 0 0 0 1 10 2 0 0 0 0 0 0 0 0 ,0 0 0 1 3 4 5 1 0 0 0 0 0 0 0 ,0 0 0 1 3 4 4 1 0 0 0 0 0 0 0 ,0 0 0 0 3 6 3 0 0 0 0 0 0 0 0 ,0 0 0 1 2 6 3 1 0 0 0 0 0 0 0 ,0 0 0 0 2 8 2 0 0 0 0 0 0 0 0 ,0 0 0 0 3 6 4 0 0 0 0 0 0 0 0 ,
VornoiFreq:0.0150911 0.0153759 0.0170843 0.018508 0.0193622 0.0196469 0.0224943 0.022779 0.0296128 0.0481207 
AverageAreas:34.7248 35.2002 34.7855 33.9276 34.8347 34.6825 33.8329 34.0818 33.6613 34.294 
AreaStds:1.65053 1.71548 1.84411 1.60796 1.74046 1.48096 1.54394 1.80679 1.68548 1.71122 
AverageVolumes:16.0653 16.3906 15.9332 15.6208 16.0674 15.7916 15.2575 15.4534 15.1805 15.7006 
VolumeStds:1.20212 1.25671 1.2974 1.13658 1.20034 1.0454 1.06952 1.24879 1.1556 1.21416 
Timestep:3455000
Temperature: 1413.57
Density: 7.1473
AverageArea: 34.7233
AreaStd: 1.89729
AverageVolume: 15.8968
VolumeStd: 1.35849
VornoiIndicies:0 0 0 0 2 8 1 0 0 0 0 0 0 0 0 ,0 0 0 0 2 8 4 0 0 0 0 0 0 0 0 ,0 0 0 0 3 6 5 0 0 0 0 0 0 0 0 ,0 0 0 1 3 4 5 1 0 0 0 0 0 0 0 ,0 0 0 1 3 4 4 1 0 0 0 0 0 0 0 ,0 0 0 0 1 10 2 0 0 0 0 0 0 0 0 ,0 0 0 1 2 6 3 1 0 0 0 0 0 0 0 ,0 0 0 0 2 8 2 0 0 0 0 0 0 0 0 ,0 0 0 0 3 6 3 0 0 0 0 0 0 0 0 ,0 0 0 0 3 6 4 0 0 0 0 0 0 0 0 ,
VornoiFreq:0.0193622 0.0196469 0.0199317 0.0205011 0.0207859 0.0216401 0.0222096 0.0270501 0.0301822 0.0455581 
AverageAreas:33.0941 34.8914 35.0731 34.6939 34.3304 34.2115 34.4154 33.6335 33.6774 34.154 
AreaStds:1.77243 1.8463 1.68746 1.75933 1.5883 1.66275 1.71832 1.50331 1.67469 1.60851 
AverageVolumes:14.7412 16.2887 16.3705 15.9699 15.6003 15.8509 15.6969 15.1997 15.1737 15.6153 
VolumeStds:1.20225 1.31708 1.18912 1.23868 1.12077 1.1568 1.18677 1.00542 1.14698 1.12259 
Timestep:3565000
Temperature: 1393.02
Density: 7.14031
AverageArea: 34.6757
AreaStd: 1.93181
AverageVolume: 15.8489
VolumeStd: 1.37749
VornoiIndicies:0 0 0 1 3 5 3 2 0 0 0 0 0 0 0 ,0 0 0 0 3 6 5 0 0 0 0 0 0 0 0 ,0 0 0 0 2 8 1 0 0 0 0 0 0 0 0 ,0 0 0 0 1 10 2 0 0 0 0 0 0 0 0 ,0 0 0 1 2 6 3 1 0 0 0 0 0 0 0 ,0 0 0 1 3 4 5 1 0 0 0 0 0 0 0 ,0 0 0 1 3 4 4 1 0 0 0 0 0 0 0 ,0 0 0 0 3 6 3 0 0 0 0 0 0 0 0 ,0 0 0 0 2 8 2 0 0 0 0 0 0 0 0 ,0 0 0 0 3 6 4 0 0 0 0 0 0 0 0 ,
VornoiFreq:0.0153759 0.0176538 0.0182232 0.0210706 0.022779 0.0233485 0.0236333 0.0284738 0.0353075 0.0444191 
AverageAreas:34.6306 34.4705 33.2055 34.1184 34.122 34.7658 34.1046 33.8756 33.4181 34.1682 
AreaStds:1.55464 1.67747 1.35994 1.51309 1.54971 1.73603 1.73431 1.7339 1.6497 1.71724 
AverageVolumes:15.8302 15.9504 14.7553 15.7625 15.4835 15.9703 15.4065 15.3014 15.0561 15.6546 
VolumeStds:1.07945 1.19744 0.898635 1.05247 1.07611 1.21926 1.21428 1.18743 1.10155 1.20112 
Timestep:3670000
Temperature: 1407.61
Density: 7.10864
AverageArea: 34.8149
AreaStd: 1.93371
AverageVolume: 15.9547
VolumeStd: 1.38389
VornoiIndicies:0 0 0 0 4 4 5 0 0 0 0 0 0 0 0 ,0 0 0 0 1 10 2 0 0 0 0 0 0 0 0 ,0 0 0 0 4 4 6 0 0 0 0 0 0 0 0 ,0 0 0 1 3 4 5 1 0 0 0 0 0 0 0 ,0 0 0 0 2 8 4 0 0 0 0 0 0 0 0 ,0 0 0 1 3 4 4 1 0 0 0 0 0 0 0 ,0 0 0 1 2 6 3 1 0 0 0 0 0 0 0 ,0 0 0 0 3 6 3 0 0 0 0 0 0 0 0 ,0 0 0 0 2 8 2 0 0 0 0 0 0 0 0 ,0 0 0 0 3 6 4 0 0 0 0 0 0 0 0 ,
VornoiFreq:0.0159453 0.017369 0.0176538 0.0176538 0.0193622 0.0222096 0.0242027 0.0264806 0.0316059 0.0495444 
AverageAreas:34.5495 34.195 35.146 35.0851 34.8489 34.3822 34.2187 33.5827 34.0595 34.2302 
AreaStds:1.57964 1.46093 1.42834 1.59712 1.7563 1.74982 1.75068 1.73261 1.62151 1.69187 
AverageVolumes:15.7703 15.8701 16.3398 16.2039 16.2763 15.5793 15.5626 15.1005 15.4871 15.6872 
VolumeStds:1.0986 1.0203 0.980124 1.07015 1.26412 1.21321 1.24694 1.22515 1.13561 1.19226 
Timestep:3780000
Temperature: 1345.13
Density: 7.13754
AverageArea: 34.7106
AreaStd: 1.89994
AverageVolume: 15.8927
VolumeStd: 1.35364
VornoiIndicies:0 0 0 1 2 6 2 1 0 0 0 0 0 0 0 ,0 0 0 0 2 8 4 0 0 0 0 0 0 0 0 ,0 0 0 0 3 6 5 0 0 0 0 0 0 0 0 ,0 0 0 0 1 10 2 0 0 0 0 0 0 0 0 ,0 0 0 1 2 6 3 1 0 0 0 0 0 0 0 ,0 0 0 1 3 4 5 1 0 0 0 0 0 0 0 ,0 0 0 1 3 4 4 1 0 0 0 0 0 0 0 ,0 0 0 0 3 6 3 0 0 0 0 0 0 0 0 ,0 0 0 0 2 8 2 0 0 0 0 0 0 0 0 ,0 0 0 0 3 6 4 0 0 0 0 0 0 0 0 ,
VornoiFreq:0.0167995 0.0179385 0.0196469 0.0205011 0.0207859 0.0222096 0.0261959 0.0270501 0.0316059 0.0526765 
AverageAreas:33.7728 34.9882 35.02 33.8903 33.8526 34.7505 34.3307 33.9147 33.7887 34.2723 
AreaStds:1.76092 1.57522 1.70277 1.61492 1.67777 1.72854 1.85615 1.66922 1.63556 1.77251 
AverageVolumes:15.1605 16.3244 16.3306 15.5989 15.3353 16.0111 15.5563 15.3134 15.3387 15.7055 
VolumeStds:1.12501 1.10911 1.21974 1.1327 1.16557 1.23795 1.253 1.13162 1.10969 1.21178 
Timestep:3885000
Temperature: 1362.1
Density: 7.18529
AverageArea: 34.5201
AreaStd: 1.88121
AverageVolume: 15.7615
VolumeStd: 1.33744
VornoiIndicies:0 0 0 0 4 5 4 1 0 0 0 0 0 0 0 ,0 0 0 1 2 5 4 0 0 0 0 0 0 0 0 ,0 0 0 0 1 10 2 0 0 0 0 0 0 0 0 ,0 0 0 1 3 4 5 1 0 0 0 0 0 0 0 ,0 0 0 0 2 8 4 0 0 0 0 0 0 0 0 ,0 0 0 1 3 4 4 1 0 0 0 0 0 0 0 ,0 0 0 1 2 6 3 1 0 0 0 0 0 0 0 ,0 0 0 0 3 6 3 0 0 0 0 0 0 0 0 ,0 0 0 0 2 8 2 0 0 0 0 0 0 0 0 ,0 0 0 0 3 6 4 0 0 0 0 0 0 0 0 ,
VornoiFreq:0.0167995 0.017369 0.018508 0.0193622 0.0196469 0.0207859 0.022779 0.0287585 0.0407175 0.0518223 
AverageAreas:34.6069 33.8386 34.0834 34.9124 34.6226 33.9061 33.8359 33.6725 33.2469 34.0217 
AreaStds:1.52342 1.74322 1.1651 1.61745 1.66847 1.82142 1.48889 1.41857 1.73317 1.48012 
AverageVolumes:15.8849 15.2225 15.7191 16.1118 16.131 15.2792 15.2879 15.187 14.9639 15.559 
VolumeStds:1.07317 1.17802 0.857409 1.15298 1.20632 1.22578 1.03805 0.981139 1.19287 1.02444 
Timestep:3995000
Temperature: 1302.57
Density: 7.15918
AverageArea: 34.6076
AreaStd: 1.89041
AverageVolume: 15.8213
VolumeStd: 1.34733
VornoiIndicies:0 0 0 0 2 8 4 0 0 0 0 0 0 0 0 ,0 0 0 0 4 4 6 0 0 0 0 0 0 0 0 ,0 0 0 0 3 6 5 0 0 0 0 0 0 0 0 ,0 0 0 1 3 4 5 1 0 0 0 0 0 0 0 ,0 0 0 0 1 10 2 0 0 0 0 0 0 0 0 ,0 0 0 1 3 4 4 1 0 0 0 0 0 0 0 ,0 0 0 0 3 6 3 0 0 0 0 0 0 0 0 ,0 0 0 1 2 6 3 1 0 0 0 0 0 0 0 ,0 0 0 0 2 8 2 0 0 0 0 0 0 0 0 ,0 0 0 0 3 6 4 0 0 0 0 0 0 0 0 ,
VornoiFreq:0.0167995 0.0170843 0.017369 0.0182232 0.0213554 0.0233485 0.0264806 0.0313212 0.0441344 0.0506834 
AverageAreas:34.3396 35.0523 34.9522 34.4718 33.9706 34.3038 33.8478 34.2054 33.5925 34.1294 
AreaStds:1.77632 1.61731 1.81899 1.76935 1.4812 1.7059 1.65669 1.62328 1.65393 1.69004 
AverageVolumes:15.9122 16.2315 16.2522 15.8191 15.6939 15.5204 15.2717 15.5736 15.1955 15.6102 
VolumeStds:1.2536 1.1897 1.2625 1.23829 1.03446 1.17158 1.12565 1.13511 1.09467 1.20305 
Timestep:4100000
Temperature: 1289.9
Density: 7.20311
AverageArea: 34.4231
AreaStd: 1.86168
AverageVolume: 15.713
VolumeStd: 1.32148
VornoiIndicies:0 0 0 0 2 8 4 0 0 0 0 0 0 0 0 ,0 0 0 1 3 4 5 1 0 0 0 0 0 0 0 ,0 0 0 0 1 10 2 0 0 0 0 0 0 0 0 ,0 0 0 1 2 5 4 0 0 0 0 0 0 0 0 ,0 0 0 0 2 8 1 0 0 0 0 0 0 0 0 ,0 0 0 1 3 4 4 1 0 0 0 0 0 0 0 ,0 0 0 1 2 6 3 1 0 0 0 0 0 0 0 ,0 0 0 0 3 6 3 0 0 0 0 0 0 0 0 ,0 0 0 0 2 8 2 0 0 0 0 0 0 0 0 ,0 0 0 0 3 6 4 0 0 0 0 0 0 0 0 ,
VornoiFreq:0.0207859 0.0216401 0.0224943 0.022779 0.0230638 0.0236333 0.0276196 0.029328 0.0361617 0.0549544 
AverageAreas:34.7425 34.7547 33.9228 33.9286 32.9191 34.2818 34.1811 33.73 33.5315 34.3286 
AreaStds:1.67281 1.77576 1.69894 1.77848 1.70238 1.62661 1.7004 1.76081 1.60832 1.67595 
AverageVolumes:16.2342 16.0112 15.6359 15.2762 14.6124 15.5114 15.6043 15.1948 15.1679 15.764 
VolumeStds:1.1577 1.20281 1.16991 1.19179 1.13942 1.14401 1.18435 1.18251 1.11224 1.17769 
Timestep:4210000
Temperature: 1271.28
Density: 7.18606
AverageArea: 34.5405
AreaStd: 1.82713
AverageVolume: 15.8026
VolumeStd: 1.29282
VornoiIndicies:0 0 0 0 3 6 5 0 0 0 0 0 0 0 0 ,0 0 0 0 4 4 5 0 0 0 0 0 0 0 0 ,0 0 0 0 0 12 0 0 0 0 0 0 0 0 0 ,0 0 0 1 3 4 5 1 0 0 0 0 0 0 0 ,0 0 0 0 1 10 2 0 0 0 0 0 0 0 0 ,0 0 0 1 2 6 3 1 0 0 0 0 0 0 0 ,0 0 0 1 3 4 4 1 0 0 0 0 0 0 0 ,0 0 0 0 3 6 3 0 0 0 0 0 0 0 0 ,0 0 0 0 2 8 2 0 0 0 0 0 0 0 0 ,0 0 0 0 3 6 4 0 0 0 0 0 0 0 0 ,
VornoiFreq:0.0179385 0.0179385 0.018508 0.0196469 0.0233485 0.0247722 0.0298975 0.030467 0.0447039 0.0552392 
AverageAreas:34.7308 34.5749 33.5215 35.0458 33.8547 34.2633 34.0903 33.6864 33.3872 34.1156 
AreaStds:1.70134 1.53505 1.79406 1.86307 1.69774 1.56539 1.46817 1.45246 1.37987 1.52193 
AverageVolumes:16.0936 15.8183 15.3414 16.1778 15.6386 15.6317 15.4067 15.1848 15.0977 15.6248 
VolumeStds:1.20585 1.07872 1.23268 1.28815 1.19026 1.05878 1.00085 0.976287 0.959364 1.06164 
Timestep:4315000
Temperature: 1227.35
Density: 7.20962
AverageArea: 34.4087
AreaStd: 1.79884
AverageVolume: 15.7121
VolumeStd: 1.27489
VornoiIndicies:0 0 0 0 3 6 5 0 0 0 0 0 0 0 0 ,0 0 0 0 2 8 1 0 0 0 0 0 0 0 0 ,0 0 0 1 3 4 4 1 0 0 0 0 0 0 0 ,0 0 0 0 2 8 4 0 0 0 0 0 0 0 0 ,0 0 0 1 2 6 3 1 0 0 0 0 0 0 0 ,0 0 0 1 3 4 5 1 0 0 0 0 0 0 0 ,0 0 0 0 1 10 2 0 0 0 0 0 0 0 0 ,0 0 0 0 3 6 3 0 0 0 0 0 0 0 0 ,0 0 0 0 2 8 2 0 0 0 0 0 0 0 0 ,0 0 0 0 3 6 4 0 0 0 0 0 0 0 0 ,
VornoiFreq:0.017369 0.018508 0.0210706 0.0216401 0.023918 0.023918 0.0242027 0.030467 0.0392938 0.0523918 
AverageAreas:34.638 33.0958 34.0283 34.2929 33.7629 34.516 33.4946 33.7636 33.3627 33.9731 
AreaStds:1.44151 1.6045 1.69262 1.90745 1.52187 1.71818 1.56607 1.61315 1.79408 1.52963 
AverageVolumes:16.0585 14.7151 15.3965 15.9079 15.2608 15.8631 15.3709 15.2392 15.074 15.5285 
VolumeStds:1.00343 1.0475 1.15043 1.31463 1.07485 1.23337 1.11855 1.11259 1.2154 1.04674 
Timestep:4425000
Temperature: 1240.38
Density: 7.24814
AverageArea: 34.3097
AreaStd: 1.82529
AverageVolume: 15.643
VolumeStd: 1.2793
VornoiIndicies:0 0 0 1 2 5 4 0 0 0 0 0 0 0 0 ,0 0 0 1 3 5 3 2 0 0 0 0 0 0 0 ,0 0 0 0 4 4 4 0 0 0 0 0 0 0 0 ,0 0 0 1 3 4 5 1 0 0 0 0 0 0 0 ,0 0 0 1 2 6 3 1 0 0 0 0 0 0 0 ,0 0 0 0 1 10 2 0 0 0 0 0 0 0 0 ,0 0 0 1 3 4 4 1 0 0 0 0 0 0 0 ,0 0 0 0 3 6 3 0 0 0 0 0 0 0 0 ,0 0 0 0 2 8 2 0 0 0 0 0 0 0 0 ,0 0 0 0 3 6 4 0 0 0 0 0 0 0 0 ,
VornoiFreq:0.0170843 0.0170843 0.0179385 0.0210706 0.0236333 0.0244875 0.0244875 0.0313212 0.0381549 0.0632118 
AverageAreas:33.2133 34.372 33.8096 34.706 34.079 33.665 33.9647 33.3895 33.0536 33.6593 
AreaStds:1.42163 1.61623 1.7527 1.59752 1.81054 1.57845 1.75894 1.67522 1.67397 1.74944 
AverageVolumes:14.769 15.7025 15.2064 15.978 15.5314 15.4577 15.3255 14.9969 14.8581 15.3262 
VolumeStds:0.957989 1.09671 1.17871 1.11861 1.27824 1.09694 1.18138 1.13875 1.13762 1.20712 
Timestep:4530000
Temperature: 1191.73
Density: 7.21622
AverageArea: 34.3922
AreaStd: 1.80392
AverageVolume: 15.7105
VolumeStd: 1.26876
VornoiIndicies:0 0 0 0 3 6 5 0 0 0 0 0 0 0 0 ,0 0 0 0 4 4 6 0 0 0 0 0 0 0 0 ,0 0 0 0 2 8 1 0 0 0 0 0 0 0 0 ,0 0 0 0 4 4 5 0 0 0 0 0 0 0 0 ,0 0 0 1 3 4 4 1 0 0 0 0 0 0 0 ,0 0 0 1 2 6 3 1 0 0 0 0 0 0 0 ,0 0 0 0 1 10 2 0 0 0 0 0 0 0 0 ,0 0 0 0 3 6 3 0 0 0 0 0 0 0 0 ,0 0 0 0 2 8 2 0 0 0 0 0 0 0 0 ,0 0 0 0 3 6 4 0 0 0 0 0 0 0 0 ,
VornoiFreq:0.0187927 0.0190774 0.0202164 0.0205011 0.0216401 0.0242027 0.0284738 0.0313212 0.0484055 0.0558087 
AverageAreas:34.2818 34.5885 33.0793 33.9658 34.0842 33.9349 33.8335 33.5536 33.5923 34.0476 
AreaStds:1.61973 1.62919 1.61676 1.57585 1.73466 1.4788 1.42277 1.74777 1.63207 1.63032 
AverageVolumes:15.8074 15.9803 14.7353 15.4617 15.4477 15.434 15.5932 15.1658 15.252 15.583 
VolumeStds:1.12212 1.15754 1.0868 1.13408 1.16801 1.03899 0.989982 1.19021 1.11908 1.13584 
Timestep:4640000
Temperature: 1228.38
Density: 7.24146
AverageArea: 34.267
AreaStd: 1.79209
AverageVolume: 15.6326
VolumeStd: 1.26199
VornoiIndicies:0 0 0 0 4 4 5 0 0 0 0 0 0 0 0 ,0 0 0 1 3 4 4 1 0 0 0 0 0 0 0 ,0 0 0 0 4 4 6 0 0 0 0 0 0 0 0 ,0 0 0 0 2 8 4 0 0 0 0 0 0 0 0 ,0 0 0 0 3 6 5 0 0 0 0 0 0 0 0 ,0 0 0 1 2 6 3 1 0 0 0 0 0 0 0 ,0 0 0 0 1 10 2 0 0 0 0 0 0 0 0 ,0 0 0 0 3 6 3 0 0 0 0 0 0 0 0 ,0 0 0 0 2 8 2 0 0 0 0 0 0 0 0 ,0 0 0 0 3 6 4 0 0 0 0 0 0 0 0 ,
VornoiFreq:0.018508 0.0187927 0.0190774 0.0196469 0.0196469 0.022779 0.0259112 0.0350228 0.0361617 0.0592255 
AverageAreas:34.3906 33.7948 34.8017 34.4956 34.291 34.0093 33.7111 33.4488 33.5106 33.7418 
AreaStds:1.46492 1.53083 1.47696 1.82564 1.74082 1.696 1.49873 1.47137 1.60515 1.50385 
AverageVolumes:15.7063 15.2741 16.1364 16.0401 15.8666 15.4677 15.5346 15.0501 15.2221 15.3933 
VolumeStds:1.00668 1.05288 1.08667 1.30339 1.21986 1.20214 1.0443 0.990854 1.09128 1.02475 
Timestep:4745000
Temperature: 1193.32
Density: 7.27435
AverageArea: 34.1476
AreaStd: 1.72244
AverageVolume: 15.5736
VolumeStd: 1.21714
VornoiIndicies:0 0 0 0 4 4 5 0 0 0 0 0 0 0 0 ,0 0 0 0 0 12 0 0 0 0 0 0 0 0 0 ,0 0 0 0 3 6 5 0 0 0 0 0 0 0 0 ,0 0 0 0 2 8 1 0 0 0 0 0 0 0 0 ,0 0 0 1 3 4 4 1 0 0 0 0 0 0 0 ,0 0 0 1 2 6 3 1 0 0 0 0 0 0 0 ,0 0 0 0 3 6 3 0 0 0 0 0 0 0 0 ,0 0 0 0 1 10 2 0 0 0 0 0 0 0 0 ,0 0 0 0 2 8 2 0 0 0 0 0 0 0 0 ,0 0 0 0 3 6 4 0 0 0 0 0 0 0 0 ,
VornoiFreq:0.0199317 0.0213554 0.0216401 0.0222096 0.0224943 0.0250569 0.0276196 0.0316059 0.0464123 0.0683371 
AverageAreas:33.9038 32.7873 34.6332 32.9145 33.9868 33.6712 33.1491 33.6558 33.269 33.9169 
AreaStds:1.54064 1.67647 1.49283 1.37177 1.49341 1.50334 1.5314 1.55775 1.51212 1.48382 
AverageVolumes:15.3847 14.8873 16.1239 14.6481 15.3959 15.2725 14.8261 15.502 15.0279 15.5014 
VolumeStds:1.03861 1.12638 1.09383 0.924279 0.998261 1.01216 1.05216 1.10459 1.01352 1.05077 
Timestep:4855000
Temperature: 1147.91
Density: 7.28618
AverageArea: 34.1058
AreaStd: 1.7846
AverageVolume: 15.5448
VolumeStd: 1.25345
VornoiIndicies:0 0 0 0 2 8 4 0 0 0 0 0 0 0 0 ,0 0 0 0 3 6 5 0 0 0 0 0 0 0 0 ,0 0 0 1 3 4 4 1 0 0 0 0 0 0 0 ,0 0 0 0 0 12 0 0 0 0 0 0 0 0 0 ,0 0 0 0 2 8 1 0 0 0 0 0 0 0 0 ,0 0 0 1 2 6 3 1 0 0 0 0 0 0 0 ,0 0 0 0 1 10 2 0 0 0 0 0 0 0 0 ,0 0 0 0 3 6 3 0 0 0 0 0 0 0 0 ,0 0 0 0 2 8 2 0 0 0 0 0 0 0 0 ,0 0 0 0 3 6 4 0 0 0 0 0 0 0 0 ,
VornoiFreq:0.0199317 0.0202164 0.0219248 0.0224943 0.0233485 0.0281891 0.0307517 0.0316059 0.0569476 0.0609339 
AverageAreas:34.5741 34.2153 33.9718 32.7644 32.5938 33.7027 33.4435 33.3302 33.0819 33.8784 
AreaStds:1.46461 1.44879 1.73361 1.55525 1.44106 1.50169 1.59244 1.62961 1.57753 1.69467 
AverageVolumes:16.1721 15.7806 15.3379 14.891 14.4371 15.2639 15.341 14.9909 14.9145 15.4845 
VolumeStds:1.01258 1.0242 1.1459 1.06578 0.983212 1.01391 1.10978 1.13427 1.0638 1.1759 
Timestep:4960000
Temperature: 1138.36
Density: 7.2607
AverageArea: 34.2123
AreaStd: 1.70381
AverageVolume: 15.6171
VolumeStd: 1.21251
VornoiIndicies:0 0 0 1 3 4 4 1 0 0 0 0 0 0 0 ,0 0 0 0 2 8 4 0 0 0 0 0 0 0 0 ,0 0 0 1 3 4 5 1 0 0 0 0 0 0 0 ,0 0 0 0 0 12 0 0 0 0 0 0 0 0 0 ,0 0 0 0 3 6 3 0 0 0 0 0 0 0 0 ,0 0 0 0 2 8 1 0 0 0 0 0 0 0 0 ,0 0 0 1 2 6 3 1 0 0 0 0 0 0 0 ,0 0 0 0 1 10 2 0 0 0 0 0 0 0 0 ,0 0 0 0 2 8 2 0 0 0 0 0 0 0 0 ,0 0 0 0 3 6 4 0 0 0 0 0 0 0 0 ,
VornoiFreq:0.0193622 0.0219248 0.0242027 0.0253417 0.0253417 0.0259112 0.0261959 0.0276196 0.0469818 0.0600797 
AverageAreas:34.1235 34.3863 34.4918 33.4428 33.3974 32.9864 34.1171 33.7625 33.1768 34.0344 
AreaStds:1.55521 1.45899 1.45278 1.5601 1.58044 1.68754 1.34007 1.54672 1.42002 1.55017 
AverageVolumes:15.5045 16.0314 15.8699 15.3578 15.0411 14.7368 15.5561 15.5739 14.9594 15.6033 
VolumeStds:1.07368 1.05462 1.01898 1.07031 1.05474 1.13608 0.955754 1.09569 0.980177 1.07817 
Timestep:5070000
Temperature: 1102.17
Density: 7.27958
AverageArea: 34.0903
AreaStd: 1.74444
AverageVolume: 15.5416
VolumeStd: 1.2227
VornoiIndicies:0 0 0 1 3 4 5 1 0 0 0 0 0 0 0 ,0 0 0 1 3 4 4 1 0 0 0 0 0 0 0 ,0 0 0 0 2 8 4 0 0 0 0 0 0 0 0 ,0 0 0 0 3 6 5 0 0 0 0 0 0 0 0 ,0 0 0 0 0 12 0 0 0 0 0 0 0 0 0 ,0 0 0 1 2 6 3 1 0 0 0 0 0 0 0 ,0 0 0 0 1 10 2 0 0 0 0 0 0 0 0 ,0 0 0 0 3 6 3 0 0 0 0 0 0 0 0 ,0 0 0 0 2 8 2 0 0 0 0 0 0 0 0 ,0 0 0 0 3 6 4 0 0 0 0 0 0 0 0 ,
VornoiFreq:0.0193622 0.0210706 0.0213554 0.0224943 0.022779 0.0250569 0.0335991 0.0335991 0.059795 0.0720387 
AverageAreas:34.345 34.062 34.3044 34.1595 32.8421 33.7984 33.5992 33.2145 33.1913 33.8721 
AreaStds:1.61204 1.61156 1.4652 1.67289 1.65341 1.5493 1.55691 1.42887 1.6607 1.56286 
AverageVolumes:15.7518 15.4341 15.9394 15.769 14.9017 15.3041 15.4512 14.917 14.9845 15.4903 
VolumeStds:1.15504 1.14193 1.04171 1.15908 1.09946 1.09079 1.05827 0.989804 1.12464 1.09185 
Timestep:5175000
Temperature: 1078.71
Density: 7.28527
AverageArea: 34.0575
AreaStd: 1.70864
AverageVolume: 15.5254
VolumeStd: 1.20495
VornoiIndicies:0 0 0 0 4 4 5 0 0 0 0 0 0 0 0 ,0 0 0 0 2 8 4 0 0 0 0 0 0 0 0 ,0 0 0 0 2 8 3 0 0 0 0 0 0 0 0 ,0 0 0 0 0 12 0 0 0 0 0 0 0 0 0 ,0 0 0 0 2 8 1 0 0 0 0 0 0 0 0 ,0 0 0 1 2 6 3 1 0 0 0 0 0 0 0 ,0 0 0 0 3 6 3 0 0 0 0 0 0 0 0 ,0 0 0 0 1 10 2 0 0 0 0 0 0 0 0 ,0 0 0 0 2 8 2 0 0 0 0 0 0 0 0 ,0 0 0 0 3 6 4 0 0 0 0 0 0 0 0 ,
VornoiFreq:0.0199317 0.0202164 0.0213554 0.0219248 0.0233485 0.0273349 0.0344533 0.0392938 0.054385 0.0683371 
AverageAreas:33.7675 34.1205 33.509 32.5884 33.0615 34.1461 33.4485 33.4585 33.2637 33.7223 
AreaStds:1.53922 1.56665 1.56134 1.30406 1.45354 1.37971 1.46825 1.56836 1.43924 1.603 
AverageVolumes:15.3531 15.8352 15.2626 14.7841 14.7396 15.5953 15.0742 15.3697 15.034 15.3994 
VolumeStds:1.02713 1.11813 1.06152 0.873043 0.976772 0.983626 1.05365 1.09162 0.962807 1.10985 
Timestep:5285000
Temperature: 1039.22
Density: 7.3104
AverageArea: 34.0067
AreaStd: 1.67329
AverageVolume: 15.5091
VolumeStd: 1.18019
VornoiIndicies:0 0 0 0 2 8 4 0 0 0 0 0 0 0 0 ,0 0 0 1 3 4 5 1 0 0 0 0 0 0 0 ,0 0 0 1 3 4 4 1 0 0 0 0 0 0 0 ,0 0 0 0 2 8 1 0 0 0 0 0 0 0 0 ,0 0 0 0 3 6 3 0 0 0 0 0 0 0 0 ,0 0 0 1 2 6 3 1 0 0 0 0 0 0 0 ,0 0 0 0 0 12 0 0 0 0 0 0 0 0 0 ,0 0 0 0 1 10 2 0 0 0 0 0 0 0 0 ,0 0 0 0 2 8 2 0 0 0 0 0 0 0 0 ,0 0 0 0 3 6 4 0 0 0 0 0 0 0 0 ,
VornoiFreq:0.022779 0.022779 0.0242027 0.0244875 0.0296128 0.0338838 0.0375854 0.0378702 0.0563781 0.0620729 
AverageAreas:34.0922 34.7374 33.9666 32.722 33.3308 33.5606 32.6049 33.4892 33.163 33.6643 
AreaStds:1.46026 1.55256 1.36192 1.49269 1.46168 1.52387 1.54122 1.31869 1.60608 1.44728 
AverageVolumes:15.7669 16.0182 15.3664 14.5384 15.0243 15.2105 14.8104 15.4256 14.975 15.3752 
VolumeStds:1.04191 1.13508 0.95192 1.02336 1.02382 1.03632 1.04161 0.910738 1.08404 1.0146 
Timestep:5390000
Temperature: 1052.39
Density: 7.33262
AverageArea: 33.9189
AreaStd: 1.68518
AverageVolume: 15.4421
VolumeStd: 1.18187
VornoiIndicies:0 0 0 0 3 6 5 0 0 0 0 0 0 0 0 ,0 0 0 1 3 4 5 1 0 0 0 0 0 0 0 ,0 0 0 0 4 4 6 0 0 0 0 0 0 0 0 ,0 0 0 1 3 4 4 1 0 0 0 0 0 0 0 ,0 0 0 0 0 12 0 0 0 0 0 0 0 0 0 ,0 0 0 1 2 6 3 1 0 0 0 0 0 0 0 ,0 0 0 0 3 6 3 0 0 0 0 0 0 0 0 ,0 0 0 0 1 10 2 0 0 0 0 0 0 0 0 ,0 0 0 0 2 8 2 0 0 0 0 0 0 0 0 ,0 0 0 0 3 6 4 0 0 0 0 0 0 0 0 ,
VornoiFreq:0.0210706 0.0216401 0.0222096 0.022779 0.0261959 0.0281891 0.0353075 0.0361617 0.0558087 0.0620729 
AverageAreas:34.2003 34.5116 34.2863 33.9369 32.3263 33.9898 33.2954 33.5022 33.3548 33.6885 
AreaStds:1.50889 1.38674 1.54318 1.31003 1.44988 1.55813 1.59331 1.6674 1.56802 1.53498 
AverageVolumes:15.8274 15.9278 15.8266 15.349 14.5954 15.4973 14.9682 15.3915 15.1049 15.3717 
VolumeStds:1.09234 1.00159 1.09501 0.905116 0.995618 1.09221 1.07095 1.13919 1.05122 1.07714 
Timestep:5500000
Temperature: 1035.75
Density: 7.30173
AverageArea: 33.9779
AreaStd: 1.7127
AverageVolume: 15.4923
VolumeStd: 1.19394
VornoiIndicies:0 0 0 0 3 6 5 0 0 0 0 0 0 0 0 ,0 0 0 1 2 5 4 0 0 0 0 0 0 0 0 ,0 0 0 1 3 4 4 1 0 0 0 0 0 0 0 ,0 0 0 0 2 8 4 0 0 0 0 0 0 0 0 ,0 0 0 0 3 6 3 0 0 0 0 0 0 0 0 ,0 0 0 0 0 12 0 0 0 0 0 0 0 0 0 ,0 0 0 1 2 6 3 1 0 0 0 0 0 0 0 ,0 0 0 0 1 10 2 0 0 0 0 0 0 0 0 ,0 0 0 0 3 6 4 0 0 0 0 0 0 0 0 ,0 0 0 0 2 8 2 0 0 0 0 0 0 0 0 ,
VornoiFreq:0.0199317 0.0202164 0.0222096 0.0233485 0.0321754 0.0327449 0.0333144 0.0441344 0.0609339 0.066344 
AverageAreas:34.3924 33.4435 33.9813 34.2368 33.314 32.5729 33.7589 33.4466 33.6306 33.1337 
AreaStds:1.62737 1.6458 1.54169 1.65461 1.56645 1.35764 1.59584 1.53461 1.49606 1.43247 
AverageVolumes:15.9053 14.9904 15.4032 15.9582 15.0095 14.7774 15.3574 15.3803 15.3221 14.9705 
VolumeStds:1.151 1.11852 1.05783 1.15236 1.04923 0.935511 1.09699 1.04751 1.05283 0.980481 
Timestep:5605000
Temperature: 1003.58
Density: 7.32654
AverageArea: 33.879
AreaStd: 1.67496
AverageVolume: 15.4297
VolumeStd: 1.15901
VornoiIndicies:0 0 0 0 2 8 4 0 0 0 0 0 0 0 0 ,0 0 0 1 2 5 4 0 0 0 0 0 0 0 0 ,0 0 0 0 2 8 1 0 0 0 0 0 0 0 0 ,0 0 0 1 3 4 5 1 0 0 0 0 0 0 0 ,0 0 0 0 3 6 3 0 0 0 0 0 0 0 0 ,0 0 0 1 2 6 3 1 0 0 0 0 0 0 0 ,0 0 0 0 0 12 0 0 0 0 0 0 0 0 0 ,0 0 0 0 1 10 2 0 0 0 0 0 0 0 0 ,0 0 0 0 2 8 2 0 0 0 0 0 0 0 0 ,0 0 0 0 3 6 4 0 0 0 0 0 0 0 0 ,
VornoiFreq:0.0213554 0.0230638 0.023918 0.0244875 0.029328 0.029328 0.0381549 0.0475513 0.0632118 0.066344 
AverageAreas:34.2607 33.1928 32.8678 34.2528 33.2339 33.8863 32.661 33.3132 33.1403 33.5664 
AreaStds:1.67788 1.29422 1.26236 1.51265 1.52802 1.48153 1.65803 1.53391 1.5912 1.37031 
AverageVolumes:15.9602 14.7918 14.6517 15.6881 14.9454 15.4175 14.8572 15.2777 14.9741 15.3199 
VolumeStds:1.16402 0.885476 0.822049 1.03628 1.05455 1.03546 1.14066 1.06774 1.08389 0.960449 
Timestep:5715000
Temperature: 1006.3
Density: 7.34392
AverageArea: 33.8396
AreaStd: 1.6492
AverageVolume: 15.4137
VolumeStd: 1.15376
VornoiIndicies:0 0 0 1 3 4 5 1 0 0 0 0 0 0 0 ,0 0 0 0 2 8 3 0 0 0 0 0 0 0 0 ,0 0 0 0 2 8 1 0 0 0 0 0 0 0 0 ,0 0 0 0 2 8 4 0 0 0 0 0 0 0 0 ,0 0 0 1 2 6 3 1 0 0 0 0 0 0 0 ,0 0 0 0 3 6 3 0 0 0 0 0 0 0 0 ,0 0 0 0 0 12 0 0 0 0 0 0 0 0 0 ,0 0 0 0 1 10 2 0 0 0 0 0 0 0 0 ,0 0 0 0 2 8 2 0 0 0 0 0 0 0 0 ,0 0 0 0 3 6 4 0 0 0 0 0 0 0 0 ,
VornoiFreq:0.0216401 0.0236333 0.0259112 0.0264806 0.0324601 0.0330296 0.0404328 0.0484055 0.0600797 0.0657745 
AverageAreas:34.0585 33.2208 32.7876 33.9823 33.6223 33.3215 32.6851 33.2723 32.9677 33.7158 
AreaStds:1.28617 1.4399 1.53712 1.41197 1.44734 1.44841 1.50015 1.41345 1.52347 1.4559 
AverageVolumes:15.5896 15.0916 14.5771 15.7565 15.2874 14.9995 14.8393 15.2551 14.8525 15.4065 
VolumeStds:0.932131 1.0046 1.02558 1.02905 1.00946 1.00326 1.00007 0.975219 1.02001 1.01767 
Timestep:5820000
Temperature: 958.003
Density: 7.37506
AverageArea: 33.7028
AreaStd: 1.63184
AverageVolume: 15.3298
VolumeStd: 1.13575
VornoiIndicies:0 0 0 0 3 6 5 0 0 0 0 0 0 0 0 ,0 0 0 0 2 8 3 0 0 0 0 0 0 0 0 ,0 0 0 0 2 8 4 0 0 0 0 0 0 0 0 ,0 0 0 0 2 8 1 0 0 0 0 0 0 0 0 ,0 0 0 0 3 6 3 0 0 0 0 0 0 0 0 ,0 0 0 1 2 6 3 1 0 0 0 0 0 0 0 ,0 0 0 0 0 12 0 0 0 0 0 0 0 0 0 ,0 0 0 0 1 10 2 0 0 0 0 0 0 0 0 ,0 0 0 0 3 6 4 0 0 0 0 0 0 0 0 ,0 0 0 0 2 8 2 0 0 0 0 0 0 0 0 ,
VornoiFreq:0.0205011 0.0210706 0.0244875 0.0287585 0.0307517 0.0307517 0.0523918 0.0541002 0.0657745 0.0689066 
AverageAreas:33.9218 33.3977 33.9712 32.6495 33.1771 33.5581 32.5612 33.3415 33.4064 33.1827 
AreaStds:1.46602 1.4283 1.53449 1.4612 1.42654 1.31273 1.41903 1.47292 1.54348 1.37788 
AverageVolumes:15.6294 15.2356 15.7781 14.5115 14.9091 15.2273 14.7761 15.3024 15.215 15.0068 
VolumeStds:1.00723 0.996928 1.0974 1.00327 0.962398 0.912421 0.969934 1.03183 1.06695 0.935144 
Timestep:5930000
Temperature: 946.591
Density: 7.34912
AverageArea: 33.821
AreaStd: 1.5859
AverageVolume: 15.4085
VolumeStd: 1.10421
VornoiIndicies:0 0 0 0 3 6 5 0 0 0 0 0 0 0 0 ,0 0 0 1 3 4 4 1 0 0 0 0 0 0 0 ,0 0 0 1 2 5 4 0 0 0 0 0 0 0 0 ,0 0 0 0 2 8 1 0 0 0 0 0 0 0 0 ,0 0 0 1 2 6 3 1 0 0 0 0 0 0 0 ,0 0 0 0 3 6 3 0 0 0 0 0 0 0 0 ,0 0 0 0 0 12 0 0 0 0 0 0 0 0 0 ,0 0 0 0 1 10 2 0 0 0 0 0 0 0 0 ,0 0 0 0 3 6 4 0 0 0 0 0 0 0 0 ,0 0 0 0 2 8 2 0 0 0 0 0 0 0 0 ,
VornoiFreq:0.0233485 0.0233485 0.0253417 0.0264806 0.0316059 0.0318907 0.0404328 0.0501139 0.0708998 0.0746014 
AverageAreas:34.5128 33.8578 33.3378 32.8062 33.6891 33.4982 32.5303 33.3853 33.7099 33.1246 
AreaStds:1.23904 1.46799 1.43098 1.4339 1.42869 1.43645 1.48985 1.46818 1.44315 1.44954 
AverageVolumes:16.0055 15.3484 14.9456 14.5938 15.2935 15.1477 14.7676 15.3741 15.4034 14.9586 
VolumeStds:0.871304 1.04967 0.978851 0.936544 0.944529 0.99073 1.01696 1.03261 1.01479 0.96938 
Timestep:6035000
Temperature: 925.509
Density: 7.37439
AverageArea: 33.6701
AreaStd: 1.62407
AverageVolume: 15.3306
VolumeStd: 1.12055
VornoiIndicies:0 0 0 1 2 5 4 0 0 0 0 0 0 0 0 ,0 0 0 0 2 8 4 0 0 0 0 0 0 0 0 ,0 0 0 1 0 9 3 0 0 0 0 0 0 0 0 ,0 0 0 0 2 8 1 0 0 0 0 0 0 0 0 ,0 0 0 0 3 6 3 0 0 0 0 0 0 0 0 ,0 0 0 1 2 6 3 1 0 0 0 0 0 0 0 ,0 0 0 0 1 10 2 0 0 0 0 0 0 0 0 ,0 0 0 0 3 6 4 0 0 0 0 0 0 0 0 ,0 0 0 0 0 12 0 0 0 0 0 0 0 0 0 ,0 0 0 0 2 8 2 0 0 0 0 0 0 0 0 ,
VornoiFreq:0.0219248 0.0247722 0.0261959 0.0270501 0.0310364 0.0316059 0.0472665 0.0632118 0.0660592 0.0760251 
AverageAreas:33.5699 33.9176 32.9303 32.7576 33.3389 33.5584 33.1534 33.5156 32.2772 32.8952 
AreaStds:1.50229 1.24573 1.52365 1.44278 1.45355 1.32778 1.48748 1.387 1.45962 1.36579 
AverageVolumes:15.0751 15.7299 15.0348 14.5696 15.0536 15.2321 15.221 15.2911 14.6144 14.8135 
VolumeStds:1.02501 0.882448 1.05679 0.979055 0.99177 0.926491 1.05051 0.966999 0.984769 0.90952 
Timestep:6145000
Temperature: 912.137
Density: 7.38122
AverageArea: 33.6324
AreaStd: 1.63106
AverageVolume: 15.3002
VolumeStd: 1.1242
VornoiIndicies:0 0 0 1 2 6 2 1 0 0 0 0 0 0 0 ,0 0 0 0 2 8 4 0 0 0 0 0 0 0 0 ,0 0 0 1 2 5 4 0 0 0 0 0 0 0 0 ,0 0 0 0 2 8 1 0 0 0 0 0 0 0 0 ,0 0 0 1 2 6 3 1 0 0 0 0 0 0 0 ,0 0 0 0 3 6 3 0 0 0 0 0 0 0 0 ,0 0 0 0 1 10 2 0 0 0 0 0 0 0 0 ,0 0 0 0 2 8 2 0 0 0 0 0 0 0 0 ,0 0 0 0 3 6 4 0 0 0 0 0 0 0 0 ,0 0 0 0 0 12 0 0 0 0 0 0 0 0 0 ,
VornoiFreq:0.022779 0.0242027 0.0250569 0.0276196 0.0284738 0.0310364 0.0546697 0.065205 0.0700456 0.0731777 
AverageAreas:32.7788 33.8976 33.3471 32.6915 33.4636 33.2925 33.0007 33.0874 33.6582 32.2234 
AreaStds:1.45608 1.44064 1.39085 1.3856 1.42483 1.54667 1.25955 1.5451 1.32909 1.42913 
AverageVolumes:14.615 15.707 14.9454 14.5323 15.1736 15.0279 15.0891 14.9558 15.3939 14.5594 
VolumeStds:0.969672 0.985473 0.956658 0.951451 1.00081 1.06207 0.864454 1.058 0.926635 0.958751 
Timestep:6250000
Temperature: 906.547
Density: 7.39765
AverageArea: 33.563
AreaStd: 1.57147
AverageVolume: 15.2756
VolumeStd: 1.07973
VornoiIndicies:0 0 0 1 2 5 4 0 0 0 0 0 0 0 0 ,0 0 0 1 0 9 3 0 0 0 0 0 0 0 0 ,0 0 0 0 2 8 4 0 0 0 0 0 0 0 0 ,0 0 0 0 2 8 1 0 0 0 0 0 0 0 0 ,0 0 0 0 3 6 3 0 0 0 0 0 0 0 0 ,0 0 0 1 2 6 3 1 0 0 0 0 0 0 0 ,0 0 0 0 1 10 2 0 0 0 0 0 0 0 0 ,0 0 0 0 2 8 2 0 0 0 0 0 0 0 0 ,0 0 0 0 3 6 4 0 0 0 0 0 0 0 0 ,0 0 0 0 0 12 0 0 0 0 0 0 0 0 0 ,
VornoiFreq:0.0222096 0.0256264 0.0261959 0.0310364 0.0310364 0.0310364 0.0578018 0.0700456 0.0746014 0.0811503 
AverageAreas:33.1985 33.1293 33.827 32.7383 33.4721 33.7496 33.0116 32.9349 33.478 32.2276 
AreaStds:1.5078 1.35976 1.31169 1.35301 1.49958 1.5481 1.45567 1.37778 1.33937 1.31227 
AverageVolumes:14.8402 15.1597 15.6918 14.5756 15.1098 15.3361 15.1236 14.8598 15.2721 14.5801 
VolumeStds:1.03474 0.952622 0.933212 0.890202 1.02303 1.03777 1.00477 0.936286 0.946208 0.881224 
Timestep:6360000
Temperature: 853.781
Density: 7.43673
AverageArea: 33.4433
AreaStd: 1.59085
AverageVolume: 15.1942
VolumeStd: 1.08645
VornoiIndicies:0 0 0 0 2 8 4 0 0 0 0 0 0 0 0 ,0 0 0 1 3 4 4 1 0 0 0 0 0 0 0 ,0 0 0 0 2 8 1 0 0 0 0 0 0 0 0 ,0 0 0 1 0 9 3 0 0 0 0 0 0 0 0 ,0 0 0 0 3 6 3 0 0 0 0 0 0 0 0 ,0 0 0 1 2 6 3 1 0 0 0 0 0 0 0 ,0 0 0 0 1 10 2 0 0 0 0 0 0 0 0 ,0 0 0 0 3 6 4 0 0 0 0 0 0 0 0 ,0 0 0 0 2 8 2 0 0 0 0 0 0 0 0 ,0 0 0 0 0 12 0 0 0 0 0 0 0 0 0 ,
VornoiFreq:0.0210706 0.0224943 0.0270501 0.0281891 0.0310364 0.0338838 0.058656 0.0671982 0.0746014 0.0820046 
AverageAreas:33.7174 33.858 32.6495 32.7146 33.5668 33.612 32.9373 33.5781 32.7877 31.9625 
AreaStds:1.46759 1.44965 1.41094 1.39496 1.40392 1.61987 1.39578 1.34909 1.44828 1.37204 
AverageVolumes:15.6223 15.378 14.5107 14.864 15.2183 15.3015 15.0808 15.373 14.7662 14.3954 
VolumeStds:1.03177 0.975052 0.941786 0.943066 0.948722 1.1332 0.951174 0.926943 0.971383 0.912498 
Timestep:6465000
Temperature: 853.639
Density: 7.45525
AverageArea: 33.3627
AreaStd: 1.57264
AverageVolume: 15.162
VolumeStd: 1.07266
VornoiIndicies:0 0 0 0 2 8 3 0 0 0 0 0 0 0 0 ,0 0 0 1 0 9 3 0 0 0 0 0 0 0 0 ,0 0 0 0 2 8 4 0 0 0 0 0 0 0 0 ,0 0 0 1 2 6 3 1 0 0 0 0 0 0 0 ,0 0 0 0 2 8 1 0 0 0 0 0 0 0 0 ,0 0 0 0 3 6 3 0 0 0 0 0 0 0 0 ,0 0 0 0 3 6 4 0 0 0 0 0 0 0 0 ,0 0 0 0 1 10 2 0 0 0 0 0 0 0 0 ,0 0 0 0 2 8 2 0 0 0 0 0 0 0 0 ,0 0 0 0 0 12 0 0 0 0 0 0 0 0 0 ,
VornoiFreq:0.0207859 0.0256264 0.0273349 0.030467 0.0318907 0.035877 0.071754 0.0726082 0.0874146 0.0959567 
AverageAreas:33.5362 32.7357 33.833 33.081 32.731 33.2971 33.3502 32.8682 32.8025 32.0462 
AreaStds:1.46363 1.26362 1.33068 1.34995 1.41843 1.28942 1.35013 1.46149 1.36276 1.25497 
AverageVolumes:15.3708 14.9029 15.6962 14.9155 14.5872 15.041 15.2088 15.0339 14.78 14.4668 
VolumeStds:1.01477 0.880207 0.930862 0.911233 0.954544 0.887298 0.917232 0.992481 0.920365 0.857244 
Timestep:6575000
Temperature: 821.616
Density: 7.44311
AverageArea: 33.3266
AreaStd: 1.57533
AverageVolume: 15.1439
VolumeStd: 1.07154
VornoiIndicies:0 0 0 1 2 5 4 0 0 0 0 0 0 0 0 ,0 0 0 0 3 6 3 0 0 0 0 0 0 0 0 ,0 0 0 0 2 8 4 0 0 0 0 0 0 0 0 ,0 0 0 1 2 6 3 1 0 0 0 0 0 0 0 ,0 0 0 1 0 9 3 0 0 0 0 0 0 0 0 ,0 0 0 0 2 8 1 0 0 0 0 0 0 0 0 ,0 0 0 0 1 10 2 0 0 0 0 0 0 0 0 ,0 0 0 0 3 6 4 0 0 0 0 0 0 0 0 ,0 0 0 0 2 8 2 0 0 0 0 0 0 0 0 ,0 0 0 0 0 12 0 0 0 0 0 0 0 0 0 ,
VornoiFreq:0.0222096 0.0250569 0.0256264 0.0281891 0.0296128 0.0316059 0.0677677 0.0737472 0.0802961 0.116458 
AverageAreas:33.308 33.206 33.7123 33.1802 32.7806 32.658 32.9397 33.3991 32.8097 32.0589 
AreaStds:1.51536 1.32344 1.49829 1.30228 1.38454 1.44903 1.35686 1.44125 1.38793 1.34288 
AverageVolumes:14.9361 14.9734 15.5966 15.0119 14.945 14.5441 15.095 15.2304 14.7812 14.484 
VolumeStds:1.04266 0.925942 1.05706 0.890677 0.932851 0.954561 0.92052 0.999122 0.9443 0.901752 
Timestep:6680000
Temperature: 790.558
Density: 7.46276
AverageArea: 33.2933
AreaStd: 1.5459
AverageVolume: 15.1166
VolumeStd: 1.04613
VornoiIndicies:0 0 0 1 2 5 5 0 0 0 0 0 0 0 0 ,0 0 0 1 0 9 3 0 0 0 0 0 0 0 0 ,0 0 0 0 2 8 4 0 0 0 0 0 0 0 0 ,0 0 0 0 2 8 1 0 0 0 0 0 0 0 0 ,0 0 0 1 2 6 3 1 0 0 0 0 0 0 0 ,0 0 0 0 3 6 3 0 0 0 0 0 0 0 0 ,0 0 0 0 3 6 4 0 0 0 0 0 0 0 0 ,0 0 0 0 1 10 2 0 0 0 0 0 0 0 0 ,0 0 0 0 2 8 2 0 0 0 0 0 0 0 0 ,0 0 0 0 0 12 0 0 0 0 0 0 0 0 0 ,
VornoiFreq:0.0230638 0.0250569 0.0270501 0.0281891 0.0310364 0.0318907 0.0680524 0.070615 0.0808656 0.115319 
AverageAreas:33.4914 32.5041 33.5545 32.748 33.3047 33.3568 33.2797 32.9823 32.9167 31.978 
AreaStds:1.26676 1.25938 1.21907 1.24325 1.31958 1.24601 1.4142 1.27662 1.35217 1.39154 
AverageVolumes:15.212 14.7514 15.4915 14.6109 15.0412 15.0695 15.1617 15.1165 14.8698 14.4266 
VolumeStds:0.883399 0.8629 0.865694 0.849759 0.902759 0.885615 1.00192 0.88943 0.904454 0.939864 
Timestep:6790000
Temperature: 780.21
Density: 7.49347
AverageArea: 33.1713
AreaStd: 1.57765
AverageVolume: 15.0523
VolumeStd: 1.06435
VornoiIndicies:0 0 0 1 2 6 2 1 0 0 0 0 0 0 0 ,0 0 0 0 2 8 1 0 0 0 0 0 0 0 0 ,0 0 0 0 2 8 4 0 0 0 0 0 0 0 0 ,0 0 0 0 3 6 3 0 0 0 0 0 0 0 0 ,0 0 0 1 2 6 3 1 0 0 0 0 0 0 0 ,0 0 0 1 0 9 3 0 0 0 0 0 0 0 0 ,0 0 0 0 3 6 4 0 0 0 0 0 0 0 0 ,0 0 0 0 1 10 2 0 0 0 0 0 0 0 0 ,0 0 0 0 2 8 2 0 0 0 0 0 0 0 0 ,0 0 0 0 0 12 0 0 0 0 0 0 0 0 0 ,
VornoiFreq:0.0236333 0.0264806 0.0273349 0.0296128 0.0296128 0.0373007 0.0646355 0.0768793 0.0894077 0.118166 
AverageAreas:32.7761 32.6257 33.6065 33.0001 33.3124 32.4443 33.2626 32.834 32.7301 31.8754 
AreaStds:1.66691 1.35784 1.19802 1.16193 1.4598 1.19626 1.41647 1.40632 1.39211 1.45703 
AverageVolumes:14.6344 14.5118 15.5855 14.841 15.0959 14.725 15.1518 14.9985 14.7451 14.3655 
VolumeStds:1.11313 0.931664 0.856287 0.75675 0.96823 0.794663 0.961648 0.959997 0.939473 0.978925 
Timestep:6895000
Temperature: 753.166
Density: 7.47423
AverageArea: 33.2149
AreaStd: 1.5819
AverageVolume: 15.0795
VolumeStd: 1.0662
VornoiIndicies:0 0 0 1 2 5 4 0 0 0 0 0 0 0 0 ,0 0 0 0 2 8 4 0 0 0 0 0 0 0 0 ,0 0 0 1 0 9 3 0 0 0 0 0 0 0 0 ,0 0 0 1 2 6 3 1 0 0 0 0 0 0 0 ,0 0 0 0 3 6 3 0 0 0 0 0 0 0 0 ,0 0 0 0 2 8 1 0 0 0 0 0 0 0 0 ,0 0 0 0 3 6 4 0 0 0 0 0 0 0 0 ,0 0 0 0 1 10 2 0 0 0 0 0 0 0 0 ,0 0 0 0 2 8 2 0 0 0 0 0 0 0 0 ,0 0 0 0 0 12 0 0 0 0 0 0 0 0 0 ,
VornoiFreq:0.0250569 0.0279043 0.0290433 0.030467 0.0310364 0.0338838 0.0640661 0.078303 0.082574 0.129271 
AverageAreas:33.2823 33.8157 32.7177 33.5302 33.0002 32.6273 33.3311 32.8559 32.7321 31.8444 
AreaStds:1.40644 1.20052 1.3009 1.43363 1.25242 1.40566 1.43764 1.41306 1.4399 1.42444 
AverageVolumes:14.9238 15.6708 14.8997 15.2583 14.8382 14.4992 15.1926 15.0326 14.7594 14.3407 
VolumeStds:0.978616 0.852842 0.888667 1.00753 0.83214 0.954918 0.986816 0.96847 0.971959 0.948382 
Timestep:7005000
Temperature: 755.292
Density: 7.50349
AverageArea: 33.1134
AreaStd: 1.54782
AverageVolume: 15.0263
VolumeStd: 1.03089
VornoiIndicies:0 0 0 1 2 6 2 1 0 0 0 0 0 0 0 ,0 0 0 0 2 8 4 0 0 0 0 0 0 0 0 ,0 0 0 1 0 9 3 0 0 0 0 0 0 0 0 ,0 0 0 0 3 6 3 0 0 0 0 0 0 0 0 ,0 0 0 0 2 8 1 0 0 0 0 0 0 0 0 ,0 0 0 1 2 6 3 1 0 0 0 0 0 0 0 ,0 0 0 0 3 6 4 0 0 0 0 0 0 0 0 ,0 0 0 0 1 10 2 0 0 0 0 0 0 0 0 ,0 0 0 0 2 8 2 0 0 0 0 0 0 0 0 ,0 0 0 0 0 12 0 0 0 0 0 0 0 0 0 ,
VornoiFreq:0.0224943 0.0250569 0.0279043 0.0307517 0.0310364 0.0370159 0.0700456 0.0839977 0.0916856 0.141515 
AverageAreas:32.8339 33.4369 32.5208 33.1446 32.8724 33.2187 33.2424 32.7895 32.7494 31.7441 
AreaStds:1.40016 1.41421 1.48397 1.48683 1.23959 1.40838 1.26911 1.34027 1.32645 1.34114 
AverageVolumes:14.6865 15.4388 14.7632 14.9301 14.683 15.0438 15.1624 15.0013 14.767 14.2822 
VolumeStds:0.981007 0.992833 1.01199 1.0166 0.831898 0.953448 0.883806 0.913407 0.896654 0.89251 
Timestep:7110000
Temperature: 705.357
Density: 7.50872
AverageArea: 33.0976
AreaStd: 1.51971
AverageVolume: 15.0189
VolumeStd: 1.01154
VornoiIndicies:0 0 0 1 2 5 4 0 0 0 0 0 0 0 0 ,0 0 0 1 0 9 3 0 0 0 0 0 0 0 0 ,0 0 0 0 2 8 4 0 0 0 0 0 0 0 0 ,0 0 0 0 2 8 1 0 0 0 0 0 0 0 0 ,0 0 0 1 2 6 3 1 0 0 0 0 0 0 0 ,0 0 0 0 3 6 3 0 0 0 0 0 0 0 0 ,0 0 0 0 3 6 4 0 0 0 0 0 0 0 0 ,0 0 0 0 1 10 2 0 0 0 0 0 0 0 0 ,0 0 0 0 2 8 2 0 0 0 0 0 0 0 0 ,0 0 0 0 0 12 0 0 0 0 0 0 0 0 0 ,
VornoiFreq:0.0233485 0.0267654 0.0296128 0.0298975 0.0298975 0.0310364 0.0737472 0.0859909 0.0862756 0.140661 
AverageAreas:33.3462 32.602 33.3881 32.602 33.123 33.2047 33.1747 32.7371 32.609 31.8994 
AreaStds:1.40479 1.42476 1.382 1.30914 1.48732 1.36292 1.41323 1.34719 1.21359 1.37714 
AverageVolumes:14.9733 14.8364 15.4096 14.499 14.9667 14.9915 15.0998 14.9641 14.6811 14.3929 
VolumeStds:0.968007 0.963903 0.924598 0.895167 1.00832 0.916672 0.965905 0.926832 0.821819 0.918897 
Timestep:7220000
Temperature: 692.324
Density: 7.48231
AverageArea: 33.1676
AreaStd: 1.52971
AverageVolume: 15.0701
VolumeStd: 1.01707
VornoiIndicies:0 0 0 0 2 8 3 0 0 0 0 0 0 0 0 ,0 0 0 0 2 8 4 0 0 0 0 0 0 0 0 ,0 0 0 0 3 6 3 0 0 0 0 0 0 0 0 ,0 0 0 1 0 9 3 0 0 0 0 0 0 0 0 ,0 0 0 0 2 8 1 0 0 0 0 0 0 0 0 ,0 0 0 1 2 6 3 1 0 0 0 0 0 0 0 ,0 0 0 0 1 10 2 0 0 0 0 0 0 0 0 ,0 0 0 0 3 6 4 0 0 0 0 0 0 0 0 ,0 0 0 0 2 8 2 0 0 0 0 0 0 0 0 ,0 0 0 0 0 12 0 0 0 0 0 0 0 0 0 ,
VornoiFreq:0.0216401 0.0242027 0.0276196 0.0310364 0.0318907 0.0330296 0.0760251 0.0780182 0.0919704 0.142938 
AverageAreas:33.2285 33.6334 33.1756 32.6451 32.7972 33.1933 32.9075 33.3328 32.7645 31.846 
AreaStds:1.25589 1.20739 1.4622 1.19327 1.25105 1.38675 1.3517 1.32468 1.33119 1.49072 
AverageVolumes:15.1691 15.5796 14.9491 14.8646 14.6284 15.0298 15.0842 15.2309 14.7668 14.3759 
VolumeStds:0.859933 0.835494 0.98282 0.79675 0.844382 0.930299 0.919283 0.923921 0.894419 0.996637 
Timestep:7325000
Temperature: 704.602
Density: 7.52937
AverageArea: 33.0263
AreaStd: 1.49248
AverageVolume: 14.9768
VolumeStd: 0.993921
VornoiIndicies:0 0 0 1 2 5 4 0 0 0 0 0 0 0 0 ,0 0 0 0 2 8 4 0 0 0 0 0 0 0 0 ,0 0 0 0 2 8 1 0 0 0 0 0 0 0 0 ,0 0 0 1 2 6 3 1 0 0 0 0 0 0 0 ,0 0 0 0 3 6 3 0 0 0 0 0 0 0 0 ,0 0 0 1 0 9 3 0 0 0 0 0 0 0 0 ,0 0 0 0 3 6 4 0 0 0 0 0 0 0 0 ,0 0 0 0 1 10 2 0 0 0 0 0 0 0 0 ,0 0 0 0 2 8 2 0 0 0 0 0 0 0 0 ,0 0 0 0 0 12 0 0 0 0 0 0 0 0 0 ,
VornoiFreq:0.0210706 0.0244875 0.0276196 0.0321754 0.0330296 0.0353075 0.0720387 0.0859909 0.0859909 0.146071 
AverageAreas:33.4331 33.4522 32.4034 33.1595 33.0371 32.5595 33.0804 32.7744 32.7607 31.7384 
AreaStds:1.30755 1.11583 1.2219 1.35742 1.28267 1.31165 1.45485 1.33622 1.31634 1.28757 
AverageVolumes:15.046 15.459 14.4002 15.0078 14.8626 14.8134 15.0441 14.996 14.7695 14.2826 
VolumeStds:0.884424 0.777675 0.84888 0.946997 0.874856 0.870125 1.01341 0.905369 0.904497 0.8573 
Timestep:7435000
Temperature: 653.275
Density: 7.53563
AverageArea: 32.9859
AreaStd: 1.52566
AverageVolume: 14.9538
VolumeStd: 1.01465
VornoiIndicies:0 0 0 1 2 5 4 0 0 0 0 0 0 0 0 ,0 0 0 1 0 9 3 0 0 0 0 0 0 0 0 ,0 0 0 0 2 8 4 0 0 0 0 0 0 0 0 ,0 0 0 0 2 8 1 0 0 0 0 0 0 0 0 ,0 0 0 1 2 6 3 1 0 0 0 0 0 0 0 ,0 0 0 0 3 6 3 0 0 0 0 0 0 0 0 ,0 0 0 0 3 6 4 0 0 0 0 0 0 0 0 ,0 0 0 0 1 10 2 0 0 0 0 0 0 0 0 ,0 0 0 0 2 8 2 0 0 0 0 0 0 0 0 ,0 0 0 0 0 12 0 0 0 0 0 0 0 0 0 ,
VornoiFreq:0.0256264 0.0270501 0.0276196 0.0313212 0.0350228 0.035877 0.0703303 0.0854214 0.104214 0.137813 
AverageAreas:33.0641 32.4725 33.4219 32.5301 33.3446 32.9495 33.1449 32.7029 32.6227 31.6231 
AreaStds:1.44249 1.22066 1.29698 1.39415 1.47414 1.35101 1.41573 1.308 1.28144 1.34507 
AverageVolumes:14.8097 14.7449 15.4199 14.4558 15.1288 14.8222 15.1096 14.958 14.6886 14.215 
VolumeStds:0.988982 0.834851 0.898157 0.920443 0.999877 0.909775 0.960784 0.89953 0.86627 0.894074 
Timestep:7540000
Temperature: 649.114
Density: 7.54449
AverageArea: 32.9557
AreaStd: 1.46898
AverageVolume: 14.9321
VolumeStd: 0.976623
VornoiIndicies:0 0 0 0 2 8 3 0 0 0 0 0 0 0 0 ,0 0 0 1 2 5 4 0 0 0 0 0 0 0 0 ,0 0 0 0 2 8 1 0 0 0 0 0 0 0 0 ,0 0 0 1 0 9 3 0 0 0 0 0 0 0 0 ,0 0 0 1 2 6 3 1 0 0 0 0 0 0 0 ,0 0 0 0 3 6 3 0 0 0 0 0 0 0 0 ,0 0 0 0 3 6 4 0 0 0 0 0 0 0 0 ,0 0 0 0 1 10 2 0 0 0 0 0 0 0 0 ,0 0 0 0 2 8 2 0 0 0 0 0 0 0 0 ,0 0 0 0 0 12 0 0 0 0 0 0 0 0 0 ,
VornoiFreq:0.0224943 0.0253417 0.0298975 0.030467 0.0333144 0.0341686 0.0777335 0.0791572 0.0905467 0.140376 
AverageAreas:33.0103 33.0208 32.568 32.4125 33.2212 32.9913 33.0383 32.6345 32.5042 31.8032 
AreaStds:1.27581 1.34297 1.25725 1.4464 1.19273 1.23129 1.34369 1.21517 1.34852 1.32115 
AverageVolumes:15.0316 14.7894 14.4956 14.7304 15.0772 14.8364 15.025 14.896 14.6155 14.3308 
VolumeStds:0.853315 0.91752 0.863595 0.9916 0.81715 0.802509 0.927261 0.812857 0.904024 0.875577 
Timestep:7650000
Temperature: 611.254
Density: 7.53694
AverageArea: 32.9746
AreaStd: 1.50338
AverageVolume: 14.9518
VolumeStd: 0.99574
VornoiIndicies:0 0 0 0 2 8 3 0 0 0 0 0 0 0 0 ,0 0 0 0 2 8 1 0 0 0 0 0 0 0 0 ,0 0 0 0 2 8 4 0 0 0 0 0 0 0 0 ,0 0 0 1 2 6 3 1 0 0 0 0 0 0 0 ,0 0 0 1 0 9 3 0 0 0 0 0 0 0 0 ,0 0 0 0 3 6 3 0 0 0 0 0 0 0 0 ,0 0 0 0 1 10 2 0 0 0 0 0 0 0 0 ,0 0 0 0 3 6 4 0 0 0 0 0 0 0 0 ,0 0 0 0 2 8 2 0 0 0 0 0 0 0 0 ,0 0 0 0 0 12 0 0 0 0 0 0 0 0 0 ,
VornoiFreq:0.0253417 0.0307517 0.0313212 0.0318907 0.0344533 0.0367312 0.0788724 0.0802961 0.094533 0.142654 
AverageAreas:33.0682 32.4961 33.4086 33.3108 32.381 32.9989 32.6125 33.1697 32.538 31.6585 
AreaStds:1.20305 1.39789 1.08262 1.28536 1.2253 1.26094 1.23885 1.28838 1.337 1.39155 
AverageVolumes:15.0802 14.4543 15.4048 15.1044 14.7005 14.848 14.9014 15.1185 14.6412 14.2442 
VolumeStds:0.814719 0.950447 0.748645 0.90283 0.844479 0.850665 0.835002 0.8765 0.889848 0.927574 
Timestep:7755000
Temperature: 603.911
Density: 7.55141
AverageArea: 32.9251
AreaStd: 1.4779
AverageVolume: 14.9178
VolumeStd: 0.977551
VornoiIndicies:0 0 0 1 2 5 4 0 0 0 0 0 0 0 0 ,0 0 0 0 2 8 1 0 0 0 0 0 0 0 0 ,0 0 0 0 2 8 4 0 0 0 0 0 0 0 0 ,0 0 0 0 3 6 3 0 0 0 0 0 0 0 0 ,0 0 0 1 0 9 3 0 0 0 0 0 0 0 0 ,0 0 0 1 2 6 3 1 0 0 0 0 0 0 0 ,0 0 0 0 3 6 4 0 0 0 0 0 0 0 0 ,0 0 0 0 1 10 2 0 0 0 0 0 0 0 0 ,0 0 0 0 2 8 2 0 0 0 0 0 0 0 0 ,0 0 0 0 0 12 0 0 0 0 0 0 0 0 0 ,
VornoiFreq:0.0224943 0.0247722 0.0290433 0.0301822 0.0307517 0.0333144 0.0763098 0.0800114 0.0976651 0.148918 
AverageAreas:33.1899 32.6381 33.1862 33.0884 32.5256 33.0059 33.1299 32.535 32.534 31.7036 
AreaStds:1.23519 1.16097 1.25299 1.3579 1.45982 1.27805 1.39315 1.18452 1.24943 1.34104 
AverageVolumes:14.8818 14.5377 15.3012 14.912 14.7986 14.9022 15.0987 14.8464 14.6346 14.2764 
VolumeStds:0.831151 0.805279 0.892691 0.932047 0.97708 0.878351 0.936654 0.801315 0.835299 0.885711 
Timestep:7865000
Temperature: 572.393
Density: 7.55276
AverageArea: 32.909
AreaStd: 1.48368
AverageVolume: 14.9168
VolumeStd: 0.988356
VornoiIndicies:0 0 0 1 2 6 2 1 0 0 0 0 0 0 0 ,0 0 0 0 2 8 4 0 0 0 0 0 0 0 0 ,0 0 0 0 3 6 3 0 0 0 0 0 0 0 0 ,0 0 0 1 2 6 3 1 0 0 0 0 0 0 0 ,0 0 0 1 0 9 3 0 0 0 0 0 0 0 0 ,0 0 0 0 2 8 1 0 0 0 0 0 0 0 0 ,0 0 0 0 1 10 2 0 0 0 0 0 0 0 0 ,0 0 0 0 3 6 4 0 0 0 0 0 0 0 0 ,0 0 0 0 2 8 2 0 0 0 0 0 0 0 0 ,0 0 0 0 0 12 0 0 0 0 0 0 0 0 0 ,
VornoiFreq:0.0236333 0.0253417 0.029328 0.0307517 0.0310364 0.0316059 0.0788724 0.0820046 0.0885535 0.155467 
AverageAreas:32.7035 33.2377 32.927 33.1654 32.4424 32.5258 32.7166 33.0519 32.588 31.6775 
AreaStds:1.22791 1.18386 1.32427 1.41587 1.24694 1.21143 1.31446 1.3154 1.16456 1.36072 
AverageVolumes:14.6169 15.3199 14.8057 15.0118 14.7529 14.4869 14.968 15.0588 14.6787 14.26 
VolumeStds:0.825635 0.809381 0.887058 0.962736 0.838185 0.830276 0.893079 0.895674 0.779135 0.910955 
Timestep:7970000
Temperature: 549.822
Density: 7.55555
AverageArea: 32.8812
AreaStd: 1.49053
AverageVolume: 14.8973
VolumeStd: 0.989774
VornoiIndicies:0 0 0 0 2 8 3 0 0 0 0 0 0 0 0 ,0 0 0 1 0 9 3 0 0 0 0 0 0 0 0 ,0 0 0 0 2 8 4 0 0 0 0 0 0 0 0 ,0 0 0 0 3 6 3 0 0 0 0 0 0 0 0 ,0 0 0 1 2 6 3 1 0 0 0 0 0 0 0 ,0 0 0 0 2 8 1 0 0 0 0 0 0 0 0 ,0 0 0 0 3 6 4 0 0 0 0 0 0 0 0 ,0 0 0 0 1 10 2 0 0 0 0 0 0 0 0 ,0 0 0 0 2 8 2 0 0 0 0 0 0 0 0 ,0 0 0 0 0 12 0 0 0 0 0 0 0 0 0 ,
VornoiFreq:0.0242027 0.0247722 0.0253417 0.0301822 0.0321754 0.0355923 0.0777335 0.0899772 0.10279 0.153189 
AverageAreas:33.0376 32.4836 33.3287 33.0739 33.1456 32.6865 32.9832 32.5464 32.6359 31.6456 
AreaStds:1.35662 1.22244 1.35413 1.27761 1.33903 1.21854 1.38467 1.22915 1.25379 1.40022 
AverageVolumes:15.0581 14.7583 15.3905 14.886 15.0268 14.5796 14.977 14.8576 14.7052 14.2447 
VolumeStds:0.927055 0.833749 0.968016 0.906765 0.933223 0.817589 0.94359 0.847307 0.841476 0.927005 
Timestep:8080000
Temperature: 541.367
Density: 7.55111
AverageArea: 32.8921
AreaStd: 1.48667
AverageVolume: 14.9093
VolumeStd: 0.9888
VornoiIndicies:0 0 0 0 2 8 4 0 0 0 0 0 0 0 0 ,0 0 0 1 0 9 3 0 0 0 0 0 0 0 0 ,0 0 0 0 2 8 3 0 0 0 0 0 0 0 0 ,0 0 0 0 2 8 1 0 0 0 0 0 0 0 0 ,0 0 0 0 3 6 3 0 0 0 0 0 0 0 0 ,0 0 0 1 2 6 3 1 0 0 0 0 0 0 0 ,0 0 0 0 3 6 4 0 0 0 0 0 0 0 0 ,0 0 0 0 1 10 2 0 0 0 0 0 0 0 0 ,0 0 0 0 2 8 2 0 0 0 0 0 0 0 0 ,0 0 0 0 0 12 0 0 0 0 0 0 0 0 0 ,
VornoiFreq:0.0247722 0.0261959 0.0281891 0.0298975 0.0321754 0.0367312 0.0760251 0.0865604 0.0888383 0.155467 
AverageAreas:33.4446 32.4148 32.9572 32.4516 32.912 33.3125 33.0344 32.6526 32.5487 31.6325 
AreaStds:1.2541 1.54899 1.18295 1.29542 1.27957 1.40829 1.31955 1.17326 1.35607 1.3478 
AverageVolumes:15.4536 14.725 14.9945 14.4183 14.8177 15.139 15.0178 14.9357 14.6457 14.2397 
VolumeStds:0.849155 1.05688 0.823283 0.889025 0.859716 0.959689 0.912402 0.792237 0.907355 0.902066 
Timestep:8185000
Temperature: 495.136
Density: 7.58416
AverageArea: 32.8049
AreaStd: 1.46263
AverageVolume: 14.8505
VolumeStd: 0.968422
VornoiIndicies:0 0 0 0 2 8 3 0 0 0 0 0 0 0 0 ,0 0 0 1 0 9 3 0 0 0 0 0 0 0 0 ,0 0 0 1 2 6 3 1 0 0 0 0 0 0 0 ,0 0 0 0 2 8 1 0 0 0 0 0 0 0 0 ,0 0 0 0 2 8 4 0 0 0 0 0 0 0 0 ,0 0 0 0 3 6 3 0 0 0 0 0 0 0 0 ,0 0 0 0 3 6 4 0 0 0 0 0 0 0 0 ,0 0 0 0 1 10 2 0 0 0 0 0 0 0 0 ,0 0 0 0 2 8 2 0 0 0 0 0 0 0 0 ,0 0 0 0 0 12 0 0 0 0 0 0 0 0 0 ,
VornoiFreq:0.0256264 0.0259112 0.0281891 0.0301822 0.030467 0.0313212 0.0763098 0.0797267 0.0948178 0.163724 
AverageAreas:32.9371 32.2422 32.9788 32.4418 33.3116 32.7627 33.0392 32.5317 32.425 31.6472 
AreaStds:1.32358 1.44334 1.35255 1.25494 1.21306 1.36189 1.33637 1.19639 1.35603 1.28842 
AverageVolumes:14.9877 14.608 14.8853 14.4119 15.3805 14.6965 15.0393 14.8424 14.5709 14.2464 
VolumeStds:0.886361 0.951789 0.927788 0.831043 0.840891 0.891328 0.904256 0.805463 0.922109 0.861324 
Timestep:8295000
Temperature: 504.104
Density: 7.59766
AverageArea: 32.7488
AreaStd: 1.48426
AverageVolume: 14.8137
VolumeStd: 0.977973
VornoiIndicies:0 0 0 0 2 8 4 0 0 0 0 0 0 0 0 ,0 0 0 0 2 8 3 0 0 0 0 0 0 0 0 ,0 0 0 1 0 9 3 0 0 0 0 0 0 0 0 ,0 0 0 0 2 8 1 0 0 0 0 0 0 0 0 ,0 0 0 0 3 6 3 0 0 0 0 0 0 0 0 ,0 0 0 1 2 6 3 1 0 0 0 0 0 0 0 ,0 0 0 0 3 6 4 0 0 0 0 0 0 0 0 ,0 0 0 0 1 10 2 0 0 0 0 0 0 0 0 ,0 0 0 0 2 8 2 0 0 0 0 0 0 0 0 ,0 0 0 0 0 12 0 0 0 0 0 0 0 0 0 ,
VornoiFreq:0.0256264 0.0267654 0.0287585 0.0290433 0.0307517 0.0381549 0.0791572 0.0802961 0.101651 0.154613 
AverageAreas:33.0774 32.9745 32.5396 32.4403 33.0167 32.9188 32.9672 32.4301 32.4556 31.4207 
AreaStds:1.31955 1.2914 1.26838 1.13765 1.32488 1.28658 1.30256 1.33107 1.32373 1.37258 
AverageVolumes:15.241 15.0163 14.8141 14.4145 14.8661 14.8562 14.9996 14.7872 14.5917 14.0983 
VolumeStds:0.917108 0.885799 0.854985 0.777269 0.912959 0.885825 0.877535 0.896103 0.889857 0.906563 
Timestep:8400000
Temperature: 466.739
Density: 7.58496
AverageArea: 32.7719
AreaStd: 1.47749
AverageVolume: 14.8379
VolumeStd: 0.976453
VornoiIndicies:0 0 0 0 2 8 3 0 0 0 0 0 0 0 0 ,0 0 0 0 2 8 4 0 0 0 0 0 0 0 0 ,0 0 0 0 2 8 1 0 0 0 0 0 0 0 0 ,0 0 0 1 0 9 3 0 0 0 0 0 0 0 0 ,0 0 0 0 3 6 3 0 0 0 0 0 0 0 0 ,0 0 0 1 2 6 3 1 0 0 0 0 0 0 0 ,0 0 0 0 3 6 4 0 0 0 0 0 0 0 0 ,0 0 0 0 1 10 2 0 0 0 0 0 0 0 0 ,0 0 0 0 2 8 2 0 0 0 0 0 0 0 0 ,0 0 0 0 0 12 0 0 0 0 0 0 0 0 0 ,
VornoiFreq:0.0222096 0.0250569 0.0298975 0.0298975 0.0324601 0.0338838 0.0774487 0.0834282 0.103929 0.16287 
AverageAreas:32.7887 33.3673 32.5751 32.4015 33.0049 32.9172 32.8918 32.4389 32.5523 31.5889 
AreaStds:1.33157 1.2818 1.18049 1.34922 1.23352 1.31943 1.3981 1.24135 1.31643 1.43191 
AverageVolumes:14.8715 15.4265 14.496 14.7282 14.8577 14.8764 14.9427 14.7958 14.6568 14.2151 
VolumeStds:0.91995 0.885897 0.803555 0.904957 0.84007 0.882242 0.955602 0.836334 0.885791 0.949124 
Timestep:8510000
Temperature: 446.706
Density: 7.59453
AverageArea: 32.7353
AreaStd: 1.45775
AverageVolume: 14.8131
VolumeStd: 0.958494
VornoiIndicies:0 0 0 0 2 8 3 0 0 0 0 0 0 0 0 ,0 0 0 0 2 8 4 0 0 0 0 0 0 0 0 ,0 0 0 1 0 9 3 0 0 0 0 0 0 0 0 ,0 0 0 0 2 8 1 0 0 0 0 0 0 0 0 ,0 0 0 0 3 6 3 0 0 0 0 0 0 0 0 ,0 0 0 1 2 6 3 1 0 0 0 0 0 0 0 ,0 0 0 0 3 6 4 0 0 0 0 0 0 0 0 ,0 0 0 0 1 10 2 0 0 0 0 0 0 0 0 ,0 0 0 0 2 8 2 0 0 0 0 0 0 0 0 ,0 0 0 0 0 12 0 0 0 0 0 0 0 0 0 ,
VornoiFreq:0.0253417 0.0264806 0.0273349 0.0327449 0.0333144 0.0392938 0.0817198 0.0896925 0.0916856 0.167141 
AverageAreas:32.7557 33.1625 32.3877 32.4481 32.7828 32.9997 32.9569 32.2787 32.4209 31.5866 
AreaStds:1.20528 1.1887 1.31557 1.21188 1.33107 1.35492 1.37898 1.24879 1.26038 1.31214 
AverageVolumes:14.8584 15.2677 14.7316 14.4456 14.7082 14.9139 14.9787 14.696 14.5739 14.2133 
VolumeStds:0.802143 0.825242 0.885453 0.8211 0.925176 0.913518 0.933059 0.842486 0.858329 0.86731 
Timestep:8615000
Temperature: 433.719
Density: 7.59966
AverageArea: 32.7023
AreaStd: 1.45881
AverageVolume: 14.7989
VolumeStd: 0.959394
VornoiIndicies:0 0 0 0 2 8 3 0 0 0 0 0 0 0 0 ,0 0 0 1 0 9 3 0 0 0 0 0 0 0 0 ,0 0 0 0 2 8 4 0 0 0 0 0 0 0 0 ,0 0 0 0 2 8 1 0 0 0 0 0 0 0 0 ,0 0 0 0 3 6 3 0 0 0 0 0 0 0 0 ,0 0 0 1 2 6 3 1 0 0 0 0 0 0 0 ,0 0 0 0 3 6 4 0 0 0 0 0 0 0 0 ,0 0 0 0 1 10 2 0 0 0 0 0 0 0 0 ,0 0 0 0 2 8 2 0 0 0 0 0 0 0 0 ,0 0 0 0 0 12 0 0 0 0 0 0 0 0 0 ,
VornoiFreq:0.0250569 0.0273349 0.0276196 0.0318907 0.0327449 0.0338838 0.0859909 0.0888383 0.10279 0.167426 
AverageAreas:33.069 32.4394 33.1152 32.326 32.8515 32.8366 32.8764 32.2603 32.452 31.491 
AreaStds:1.14478 1.43507 1.19598 1.23531 1.32042 1.14824 1.32034 1.21611 1.15492 1.35362 
AverageVolumes:15.0649 14.774 15.2474 14.3567 14.7472 14.8129 14.9163 14.6906 14.6039 14.1541 
VolumeStds:0.79408 0.959605 0.827637 0.824513 0.915302 0.767482 0.912555 0.821217 0.779379 0.893422 
Timestep:8725000
Temperature: 393.682
Density: 7.60025
AverageArea: 32.7103
AreaStd: 1.44832
AverageVolume: 14.8013
VolumeStd: 0.957291
VornoiIndicies:0 0 0 0 2 8 3 0 0 0 0 0 0 0 0 ,0 0 0 0 2 8 4 0 0 0 0 0 0 0 0 ,0 0 0 1 0 9 3 0 0 0 0 0 0 0 0 ,0 0 0 0 2 8 1 0 0 0 0 0 0 0 0 ,0 0 0 1 2 6 3 1 0 0 0 0 0 0 0 ,0 0 0 0 3 6 3 0 0 0 0 0 0 0 0 ,0 0 0 0 3 6 4 0 0 0 0 0 0 0 0 ,0 0 0 0 1 10 2 0 0 0 0 0 0 0 0 ,0 0 0 0 2 8 2 0 0 0 0 0 0 0 0 ,0 0 0 0 0 12 0 0 0 0 0 0 0 0 0 ,
VornoiFreq:0.0256264 0.0264806 0.0287585 0.0333144 0.0333144 0.0364465 0.0731777 0.0896925 0.101936 0.158884 
AverageAreas:32.9342 33.0761 32.4351 32.4461 32.8205 32.9472 32.8535 32.4246 32.4609 31.4775 
AreaStds:1.00313 1.22568 1.38232 1.07093 1.40606 1.2156 1.2939 1.16616 1.33604 1.3498 
AverageVolumes:15.0025 15.2248 14.7585 14.419 14.8149 14.8156 14.917 14.7799 14.6053 14.1438 
VolumeStds:0.687242 0.856817 0.920366 0.722795 0.951622 0.810083 0.888151 0.776465 0.890595 0.896581 
Timestep:8830000
Temperature: 402.058
Density: 7.61313
AverageArea: 32.6642
AreaStd: 1.42687
AverageVolume: 14.7741
VolumeStd: 0.937277
VornoiIndicies:0 0 0 0 2 8 3 0 0 0 0 0 0 0 0 ,0 0 0 1 0 9 3 0 0 0 0 0 0 0 0 ,0 0 0 1 2 6 3 1 0 0 0 0 0 0 0 ,0 0 0 0 2 8 4 0 0 0 0 0 0 0 0 ,0 0 0 0 2 8 1 0 0 0 0 0 0 0 0 ,0 0 0 0 3 6 3 0 0 0 0 0 0 0 0 ,0 0 0 0 3 6 4 0 0 0 0 0 0 0 0 ,0 0 0 0 1 10 2 0 0 0 0 0 0 0 0 ,0 0 0 0 2 8 2 0 0 0 0 0 0 0 0 ,0 0 0 0 0 12 0 0 0 0 0 0 0 0 0 ,
VornoiFreq:0.0213554 0.0276196 0.0284738 0.0321754 0.0350228 0.0353075 0.0765945 0.083713 0.101936 0.169134 
AverageAreas:32.4742 32.2135 32.8188 33.0455 32.303 32.6879 32.7817 32.3332 32.4751 31.4525 
AreaStds:1.37371 1.23877 1.17502 1.20854 1.20604 1.21777 1.31834 1.1774 1.25943 1.24609 
AverageVolumes:14.6666 14.593 14.815 15.2038 14.3398 14.6788 14.8717 14.7309 14.6117 14.1285 
VolumeStds:0.922854 0.836755 0.779753 0.832943 0.813299 0.818005 0.897914 0.791376 0.846705 0.824319 
Timestep:8940000
Temperature: 363.333
Density: 7.61528
AverageArea: 32.6637
AreaStd: 1.42442
AverageVolume: 14.7792
VolumeStd: 0.933513
VornoiIndicies:0 0 0 0 2 8 3 0 0 0 0 0 0 0 0 ,0 0 0 1 0 9 3 0 0 0 0 0 0 0 0 ,0 0 0 0 2 8 4 0 0 0 0 0 0 0 0 ,0 0 0 0 2 8 1 0 0 0 0 0 0 0 0 ,0 0 0 1 2 6 3 1 0 0 0 0 0 0 0 ,0 0 0 0 3 6 3 0 0 0 0 0 0 0 0 ,0 0 0 0 3 6 4 0 0 0 0 0 0 0 0 ,0 0 0 0 1 10 2 0 0 0 0 0 0 0 0 ,0 0 0 0 2 8 2 0 0 0 0 0 0 0 0 ,0 0 0 0 0 12 0 0 0 0 0 0 0 0 0 ,
VornoiFreq:0.023918 0.0244875 0.0273349 0.0290433 0.0338838 0.0355923 0.078303 0.0885535 0.10336 0.167711 
AverageAreas:32.808 32.2056 32.9436 32.405 32.6859 32.7797 32.8948 32.3476 32.4407 31.4295 
AreaStds:1.17131 1.31533 1.17173 1.16316 1.22632 1.27921 1.31578 1.167 1.23202 1.26742 
AverageVolumes:14.9158 14.6104 15.1355 14.418 14.7399 14.757 14.9558 14.7443 14.5951 14.1181 
VolumeStds:0.789113 0.876578 0.840074 0.779407 0.846779 0.873681 0.895136 0.782469 0.816408 0.838956 
Timestep:9045000
Temperature: 352.357
Density: 7.62146
AverageArea: 32.6226
AreaStd: 1.44208
AverageVolume: 14.7536
VolumeStd: 0.947228
VornoiIndicies:0 0 0 0 2 8 3 0 0 0 0 0 0 0 0 ,0 0 0 1 2 6 3 1 0 0 0 0 0 0 0 ,0 0 0 0 2 8 4 0 0 0 0 0 0 0 0 ,0 0 0 1 0 9 3 0 0 0 0 0 0 0 0 ,0 0 0 0 3 6 3 0 0 0 0 0 0 0 0 ,0 0 0 0 2 8 1 0 0 0 0 0 0 0 0 ,0 0 0 0 3 6 4 0 0 0 0 0 0 0 0 ,0 0 0 0 1 10 2 0 0 0 0 0 0 0 0 ,0 0 0 0 2 8 2 0 0 0 0 0 0 0 0 ,0 0 0 0 0 12 0 0 0 0 0 0 0 0 0 ,
VornoiFreq:0.0242027 0.0287585 0.0290433 0.0290433 0.0298975 0.0330296 0.0874146 0.0888383 0.105638 0.166287 
AverageAreas:33.0815 32.7521 33.219 32.2551 32.7996 32.2776 32.8494 32.1799 32.3591 31.4767 
AreaStds:1.35327 1.27052 1.27979 1.31347 1.25119 1.15426 1.26417 1.11581 1.34242 1.30926 
AverageVolumes:15.1036 14.7532 15.3395 14.645 14.7546 14.342 14.9158 14.6296 14.5422 14.1552 
VolumeStds:0.910999 0.8609 0.864063 0.867614 0.846869 0.777982 0.857574 0.750229 0.907421 0.865265 
Timestep:9155000
Temperature: 319.237
Density: 7.63532
AverageArea: 32.5931
AreaStd: 1.43112
AverageVolume: 14.7309
VolumeStd: 0.934918
VornoiIndicies:0 0 0 0 2 8 3 0 0 0 0 0 0 0 0 ,0 0 0 0 2 8 4 0 0 0 0 0 0 0 0 ,0 0 0 1 0 9 3 0 0 0 0 0 0 0 0 ,0 0 0 0 2 8 1 0 0 0 0 0 0 0 0 ,0 0 0 0 3 6 3 0 0 0 0 0 0 0 0 ,0 0 0 1 2 6 3 1 0 0 0 0 0 0 0 ,0 0 0 0 3 6 4 0 0 0 0 0 0 0 0 ,0 0 0 0 1 10 2 0 0 0 0 0 0 0 0 ,0 0 0 0 2 8 2 0 0 0 0 0 0 0 0 ,0 0 0 0 0 12 0 0 0 0 0 0 0 0 0 ,
VornoiFreq:0.023918 0.029328 0.0296128 0.0316059 0.0318907 0.0341686 0.0791572 0.0894077 0.095672 0.167711 
AverageAreas:32.9204 33.0781 32.2533 32.2906 32.9059 32.6629 32.7021 32.2181 32.4004 31.3878 
AreaStds:1.18419 1.25963 1.34309 1.2317 1.13164 1.15629 1.31533 1.1758 1.30281 1.2924 
AverageVolumes:14.9985 15.226 14.6544 14.3446 14.8182 14.6887 14.8095 14.6582 14.5709 14.0988 
VolumeStds:0.829546 0.867144 0.916291 0.8266 0.780848 0.77242 0.893411 0.789448 0.867209 0.856356 
Timestep:9260000
Temperature: 293.096
Density: 7.63261
AverageArea: 32.5933
AreaStd: 1.42909
AverageVolume: 14.7376
VolumeStd: 0.930113
VornoiIndicies:0 0 0 1 0 9 3 0 0 0 0 0 0 0 0 ,0 0 0 0 2 8 3 0 0 0 0 0 0 0 0 ,0 0 0 1 2 6 3 1 0 0 0 0 0 0 0 ,0 0 0 0 3 6 3 0 0 0 0 0 0 0 0 ,0 0 0 0 2 8 4 0 0 0 0 0 0 0 0 ,0 0 0 0 2 8 1 0 0 0 0 0 0 0 0 ,0 0 0 0 3 6 4 0 0 0 0 0 0 0 0 ,0 0 0 0 1 10 2 0 0 0 0 0 0 0 0 ,0 0 0 0 2 8 2 0 0 0 0 0 0 0 0 ,0 0 0 0 0 12 0 0 0 0 0 0 0 0 0 ,
VornoiFreq:0.0244875 0.0261959 0.0261959 0.0316059 0.0327449 0.0375854 0.0848519 0.0962415 0.100797 0.173121 
AverageAreas:32.1817 32.7786 32.8301 32.7223 32.8276 32.3601 32.8161 32.3074 32.4244 31.3812 
AreaStds:1.27963 1.19831 1.25563 1.02762 1.16262 1.22435 1.31542 1.10689 1.25827 1.32114 
AverageVolumes:14.5962 14.8836 14.835 14.6931 15.0645 14.3873 14.8989 14.7183 14.5849 14.1003 
VolumeStds:0.854029 0.802425 0.85625 0.668997 0.815688 0.815136 0.886927 0.73687 0.837122 0.871258 
Timestep:9370000
Temperature: 290.675
Density: 7.6523
AverageArea: 32.518
AreaStd: 1.42587
AverageVolume: 14.687
VolumeStd: 0.927791
VornoiIndicies:0 0 0 0 2 8 3 0 0 0 0 0 0 0 0 ,0 0 0 1 0 9 3 0 0 0 0 0 0 0 0 ,0 0 0 1 2 6 3 1 0 0 0 0 0 0 0 ,0 0 0 0 2 8 4 0 0 0 0 0 0 0 0 ,0 0 0 0 3 6 3 0 0 0 0 0 0 0 0 ,0 0 0 0 2 8 1 0 0 0 0 0 0 0 0 ,0 0 0 0 3 6 4 0 0 0 0 0 0 0 0 ,0 0 0 0 1 10 2 0 0 0 0 0 0 0 0 ,0 0 0 0 2 8 2 0 0 0 0 0 0 0 0 ,0 0 0 0 0 12 0 0 0 0 0 0 0 0 0 ,
VornoiFreq:0.0244875 0.0247722 0.0287585 0.029328 0.0301822 0.0350228 0.0805809 0.0908314 0.109339 0.169704 
AverageAreas:32.5106 32.2509 32.6649 33.0114 32.5419 32.2193 32.7883 32.1505 32.334 31.3339 
AreaStds:1.10417 1.32373 1.35775 1.01353 1.14177 1.29609 1.26256 1.0956 1.28429 1.30806 
AverageVolumes:14.7167 14.6322 14.7187 15.165 14.5564 14.2881 14.8875 14.6308 14.5216 14.0692 
VolumeStds:0.736477 0.89312 0.88428 0.683854 0.755243 0.86934 0.856108 0.737383 0.856976 0.862354 
Timestep:9475000
Temperature: 254.252
Density: 7.64294
AverageArea: 32.536
AreaStd: 1.42775
AverageVolume: 14.7014
VolumeStd: 0.930097
VornoiIndicies:0 0 0 1 0 9 3 0 0 0 0 0 0 0 0 ,0 0 0 0 2 8 3 0 0 0 0 0 0 0 0 ,0 0 0 0 2 8 4 0 0 0 0 0 0 0 0 ,0 0 0 0 3 6 3 0 0 0 0 0 0 0 0 ,0 0 0 1 2 6 3 1 0 0 0 0 0 0 0 ,0 0 0 0 2 8 1 0 0 0 0 0 0 0 0 ,0 0 0 0 3 6 4 0 0 0 0 0 0 0 0 ,0 0 0 0 1 10 2 0 0 0 0 0 0 0 0 ,0 0 0 0 2 8 2 0 0 0 0 0 0 0 0 ,0 0 0 0 0 12 0 0 0 0 0 0 0 0 0 ,
VornoiFreq:0.0224943 0.022779 0.0259112 0.0287585 0.0330296 0.0335991 0.0774487 0.0973804 0.10279 0.17426 
AverageAreas:32.0784 32.75 33.1006 32.6144 32.7124 32.2263 32.8376 32.2662 32.2956 31.3578 
AreaStds:1.26176 1.31688 1.12606 1.21796 1.22311 1.12001 1.21255 1.21105 1.23863 1.34263 
AverageVolumes:14.5327 14.8717 15.2519 14.641 14.7447 14.2956 14.9141 14.6914 14.5018 14.0823 
VolumeStds:0.829145 0.858487 0.750784 0.810355 0.847347 0.759314 0.830001 0.811705 0.826895 0.882119 
Timestep:9585000
Temperature: 250.022
Density: 7.66844
AverageArea: 32.4629
AreaStd: 1.402
AverageVolume: 14.6526
VolumeStd: 0.911879
VornoiIndicies:0 0 0 0 2 8 3 0 0 0 0 0 0 0 0 ,0 0 0 1 0 9 3 0 0 0 0 0 0 0 0 ,0 0 0 0 2 8 4 0 0 0 0 0 0 0 0 ,0 0 0 1 2 6 3 1 0 0 0 0 0 0 0 ,0 0 0 0 3 6 3 0 0 0 0 0 0 0 0 ,0 0 0 0 2 8 1 0 0 0 0 0 0 0 0 ,0 0 0 0 3 6 4 0 0 0 0 0 0 0 0 ,0 0 0 0 1 10 2 0 0 0 0 0 0 0 0 ,0 0 0 0 2 8 2 0 0 0 0 0 0 0 0 ,0 0 0 0 0 12 0 0 0 0 0 0 0 0 0 ,
VornoiFreq:0.0264806 0.0279043 0.0287585 0.029328 0.0318907 0.0367312 0.0788724 0.0979499 0.106207 0.172836 
AverageAreas:32.52 32.1094 32.8099 32.5821 32.5981 32.304 32.7081 32.1421 32.3379 31.2719 
AreaStds:1.2021 1.25878 1.18564 1.25747 1.15343 1.14536 1.30424 1.15064 1.20033 1.28337 
AverageVolumes:14.7183 14.5503 15.042 14.6697 14.594 14.3608 14.826 14.6138 14.5293 14.0252 
VolumeStds:0.807314 0.846784 0.805554 0.836258 0.783719 0.762155 0.873981 0.762525 0.808403 0.845639 
Timestep:9690000
Temperature: 220.989
Density: 7.66041
AverageArea: 32.4818
AreaStd: 1.40134
AverageVolume: 14.6711
VolumeStd: 0.911795
VornoiIndicies:0 0 0 0 3 6 5 0 0 0 0 0 0 0 0 ,0 0 0 0 2 8 4 0 0 0 0 0 0 0 0 ,0 0 0 0 2 8 1 0 0 0 0 0 0 0 0 ,0 0 0 1 0 9 3 0 0 0 0 0 0 0 0 ,0 0 0 0 3 6 3 0 0 0 0 0 0 0 0 ,0 0 0 1 2 6 3 1 0 0 0 0 0 0 0 ,0 0 0 0 3 6 4 0 0 0 0 0 0 0 0 ,0 0 0 0 1 10 2 0 0 0 0 0 0 0 0 ,0 0 0 0 2 8 2 0 0 0 0 0 0 0 0 ,0 0 0 0 0 12 0 0 0 0 0 0 0 0 0 ,
VornoiFreq:0.0219248 0.0267654 0.030467 0.0313212 0.0318907 0.034738 0.0794419 0.0894077 0.107346 0.174544 
AverageAreas:32.9215 32.8685 32.1719 32.1789 32.6486 32.6974 32.7164 32.216 32.334 31.3281 
AreaStds:1.29409 1.06321 1.1736 1.36239 1.15383 1.23462 1.22302 1.1975 1.28126 1.27782 
AverageVolumes:15.0587 15.0852 14.2734 14.6136 14.6552 14.7382 14.8358 14.6726 14.5305 14.0645 
VolumeStds:0.877933 0.713364 0.805832 0.91326 0.798822 0.827441 0.827704 0.806664 0.854426 0.835836 
Timestep:9800000
Temperature: 198.13
Density: 7.66447
AverageArea: 32.4654
AreaStd: 1.40714
AverageVolume: 14.6605
VolumeStd: 0.914785
VornoiIndicies:0 0 0 0 2 8 3 0 0 0 0 0 0 0 0 ,0 0 0 1 0 9 3 0 0 0 0 0 0 0 0 ,0 0 0 0 2 8 4 0 0 0 0 0 0 0 0 ,0 0 0 1 2 6 3 1 0 0 0 0 0 0 0 ,0 0 0 0 3 6 3 0 0 0 0 0 0 0 0 ,0 0 0 0 2 8 1 0 0 0 0 0 0 0 0 ,0 0 0 0 3 6 4 0 0 0 0 0 0 0 0 ,0 0 0 0 1 10 2 0 0 0 0 0 0 0 0 ,0 0 0 0 2 8 2 0 0 0 0 0 0 0 0 ,0 0 0 0 0 12 0 0 0 0 0 0 0 0 0 ,
VornoiFreq:0.0236333 0.0264806 0.029328 0.0298975 0.0321754 0.0361617 0.0894077 0.0919704 0.104499 0.181663 
AverageAreas:32.3937 32.0995 32.6872 32.5125 32.608 32.2019 32.8436 32.1746 32.3481 31.3121 
AreaStds:1.15505 1.39684 1.12941 1.18362 1.18925 1.10433 1.294 1.09401 1.25407 1.27688 
AverageVolumes:14.6573 14.5571 14.95 14.6144 14.6325 14.3007 14.919 14.6392 14.5329 14.0569 
VolumeStds:0.772554 0.947798 0.749903 0.804444 0.775001 0.740124 0.87441 0.737908 0.839405 0.839203 
Timestep:9905000
Temperature: 185.984
Density: 7.68621
AverageArea: 32.3872
AreaStd: 1.38401
AverageVolume: 14.6112
VolumeStd: 0.895702
VornoiIndicies:0 0 0 0 2 8 3 0 0 0 0 0 0 0 0 ,0 0 0 1 0 9 3 0 0 0 0 0 0 0 0 ,0 0 0 0 3 6 3 0 0 0 0 0 0 0 0 ,0 0 0 0 2 8 4 0 0 0 0 0 0 0 0 ,0 0 0 1 2 6 3 1 0 0 0 0 0 0 0 ,0 0 0 0 2 8 1 0 0 0 0 0 0 0 0 ,0 0 0 0 3 6 4 0 0 0 0 0 0 0 0 ,0 0 0 0 1 10 2 0 0 0 0 0 0 0 0 ,0 0 0 0 2 8 2 0 0 0 0 0 0 0 0 ,0 0 0 0 0 12 0 0 0 0 0 0 0 0 0 ,
VornoiFreq:0.0236333 0.0290433 0.0310364 0.0324601 0.0338838 0.0355923 0.0842825 0.094533 0.111048 0.176253 
AverageAreas:32.5964 32.0642 32.2844 32.7364 32.6743 32.1295 32.6346 32.0612 32.303 31.2541 
AreaStds:1.41173 1.47501 1.15843 1.15828 1.34344 1.16202 1.15182 1.11731 1.22902 1.26241 
AverageVolumes:14.7814 14.5333 14.4033 15.0142 14.7142 14.2529 14.7699 14.559 14.5175 14.0213 
VolumeStds:0.938399 0.992813 0.756559 0.796643 0.908681 0.774563 0.78273 0.733279 0.810727 0.827795 
Timestep:10015000
Temperature: 149.993
Density: 7.68649
AverageArea: 32.3834
AreaStd: 1.38523
AverageVolume: 14.6074
VolumeStd: 0.898975
VornoiIndicies:0 0 0 1 2 6 2 1 0 0 0 0 0 0 0 ,0 0 0 0 2 8 4 0 0 0 0 0 0 0 0 ,0 0 0 1 0 9 3 0 0 0 0 0 0 0 0 ,0 0 0 1 2 6 3 1 0 0 0 0 0 0 0 ,0 0 0 0 3 6 3 0 0 0 0 0 0 0 0 ,0 0 0 0 2 8 1 0 0 0 0 0 0 0 0 ,0 0 0 0 3 6 4 0 0 0 0 0 0 0 0 ,0 0 0 0 1 10 2 0 0 0 0 0 0 0 0 ,0 0 0 0 2 8 2 0 0 0 0 0 0 0 0 ,0 0 0 0 0 12 0 0 0 0 0 0 0 0 0 ,
VornoiFreq:0.0224943 0.029328 0.029328 0.0316059 0.0333144 0.0370159 0.0740319 0.0914009 0.105068 0.17426 
AverageAreas:32.3332 32.7688 32.0504 32.6544 32.4827 32.1131 32.5937 32.0434 32.2206 31.2148 
AreaStds:1.25127 1.1772 1.18583 1.19643 1.24194 1.11111 1.24788 1.10412 1.1787 1.28543 
AverageVolumes:14.4109 15.0359 14.5136 14.7301 14.5502 14.2403 14.7617 14.5586 14.4528 13.9947 
VolumeStds:0.849101 0.786797 0.81565 0.819855 0.834769 0.758846 0.844194 0.735968 0.789703 0.83937 
Timestep:10120000
Temperature: 149.551
Density: 7.68818
AverageArea: 32.3743
AreaStd: 1.37198
AverageVolume: 14.6046
VolumeStd: 0.886515
VornoiIndicies:0 0 0 1 2 5 4 0 0 0 0 0 0 0 0 ,0 0 0 1 0 9 3 0 0 0 0 0 0 0 0 ,0 0 0 0 2 8 4 0 0 0 0 0 0 0 0 ,0 0 0 0 3 6 3 0 0 0 0 0 0 0 0 ,0 0 0 1 2 6 3 1 0 0 0 0 0 0 0 ,0 0 0 0 2 8 1 0 0 0 0 0 0 0 0 ,0 0 0 0 3 6 4 0 0 0 0 0 0 0 0 ,0 0 0 0 1 10 2 0 0 0 0 0 0 0 0 ,0 0 0 0 2 8 2 0 0 0 0 0 0 0 0 ,0 0 0 0 0 12 0 0 0 0 0 0 0 0 0 ,
VornoiFreq:0.0193622 0.0276196 0.0296128 0.0298975 0.0324601 0.0350228 0.0817198 0.0933941 0.113041 0.178531 
AverageAreas:32.8162 32.0075 32.661 32.3777 32.6463 32.2563 32.6534 31.9872 32.1987 31.2539 
AreaStds:1.13676 1.31817 1.07436 1.04259 1.28435 1.23563 1.15374 1.05056 1.24215 1.26008 
AverageVolumes:14.6614 14.5072 14.9594 14.4762 14.7175 14.333 14.7985 14.513 14.4493 14.0244 
VolumeStds:0.795553 0.867821 0.705864 0.700853 0.864683 0.823369 0.789135 0.702603 0.820571 0.822192 
Timestep:10230000
Temperature: 112.066
Density: 7.702
AverageArea: 32.3276
AreaStd: 1.37446
AverageVolume: 14.575
VolumeStd: 0.888358
VornoiIndicies:0 0 0 0 2 8 3 0 0 0 0 0 0 0 0 ,0 0 0 1 0 9 3 0 0 0 0 0 0 0 0 ,0 0 0 0 2 8 4 0 0 0 0 0 0 0 0 ,0 0 0 1 2 6 3 1 0 0 0 0 0 0 0 ,0 0 0 0 3 6 3 0 0 0 0 0 0 0 0 ,0 0 0 0 2 8 1 0 0 0 0 0 0 0 0 ,0 0 0 0 3 6 4 0 0 0 0 0 0 0 0 ,0 0 0 0 1 10 2 0 0 0 0 0 0 0 0 ,0 0 0 0 2 8 2 0 0 0 0 0 0 0 0 ,0 0 0 0 0 12 0 0 0 0 0 0 0 0 0 ,
VornoiFreq:0.0242027 0.0256264 0.0307517 0.0307517 0.0370159 0.0378702 0.0817198 0.100797 0.109909 0.182517 
AverageAreas:32.4611 32.1267 32.718 32.5682 32.5084 32.0516 32.6679 32.007 32.2537 31.191 
AreaStds:1.16239 1.24795 1.18384 1.24082 1.16808 1.15506 1.18629 1.13062 1.18293 1.27891 
AverageVolumes:14.6992 14.5626 14.9836 14.6515 14.5469 14.2001 14.7866 14.534 14.4781 13.985 
VolumeStds:0.786299 0.829857 0.804122 0.824951 0.778146 0.775846 0.799627 0.745733 0.784577 0.839584 
Timestep:10335000
Temperature: 98.8645
Density: 7.70445
AverageArea: 32.3152
AreaStd: 1.37456
AverageVolume: 14.5685
VolumeStd: 0.885206
VornoiIndicies:0 0 0 1 0 9 3 0 0 0 0 0 0 0 0 ,0 0 0 0 2 8 3 0 0 0 0 0 0 0 0 ,0 0 0 0 2 8 4 0 0 0 0 0 0 0 0 ,0 0 0 1 2 6 3 1 0 0 0 0 0 0 0 ,0 0 0 0 2 8 1 0 0 0 0 0 0 0 0 ,0 0 0 0 3 6 3 0 0 0 0 0 0 0 0 ,0 0 0 0 3 6 4 0 0 0 0 0 0 0 0 ,0 0 0 0 1 10 2 0 0 0 0 0 0 0 0 ,0 0 0 0 2 8 2 0 0 0 0 0 0 0 0 ,0 0 0 0 0 12 0 0 0 0 0 0 0 0 0 ,
VornoiFreq:0.0230638 0.0250569 0.0267654 0.0353075 0.035877 0.0367312 0.0834282 0.0973804 0.10336 0.183941 
AverageAreas:31.9118 32.4327 32.907 32.4821 32.2128 32.5201 32.5721 31.9743 32.1419 31.1557 
AreaStds:1.21394 1.27056 1.12593 1.1367 1.09442 1.16418 1.19228 1.06059 1.16938 1.27102 
AverageVolumes:14.4412 14.6734 15.1197 14.6056 14.3106 14.5644 14.7422 14.506 14.4123 13.9626 
VolumeStds:0.813178 0.858032 0.762188 0.765481 0.747457 0.779928 0.793034 0.704667 0.779871 0.828871 
Timestep:10445000
Temperature: 81.5328
Density: 7.70493
AverageArea: 32.3129
AreaStd: 1.36419
AverageVolume: 14.5686
VolumeStd: 0.87984
VornoiIndicies:0 0 0 0 2 8 3 0 0 0 0 0 0 0 0 ,0 0 0 1 0 9 3 0 0 0 0 0 0 0 0 ,0 0 0 0 2 8 4 0 0 0 0 0 0 0 0 ,0 0 0 1 2 6 3 1 0 0 0 0 0 0 0 ,0 0 0 0 3 6 3 0 0 0 0 0 0 0 0 ,0 0 0 0 2 8 1 0 0 0 0 0 0 0 0 ,0 0 0 0 3 6 4 0 0 0 0 0 0 0 0 ,0 0 0 0 1 10 2 0 0 0 0 0 0 0 0 ,0 0 0 0 2 8 2 0 0 0 0 0 0 0 0 ,0 0 0 0 0 12 0 0 0 0 0 0 0 0 0 ,
VornoiFreq:0.0256264 0.0264806 0.0287585 0.0313212 0.0330296 0.0335991 0.0817198 0.095672 0.107062 0.182517 
AverageAreas:32.4638 32.0984 32.7123 32.5536 32.2956 32.194 32.4968 32.0009 32.2327 31.1708 
AreaStds:1.24636 1.17211 1.17234 1.29872 1.09534 0.976444 1.14062 1.07438 1.20463 1.25541 
AverageVolumes:14.7145 14.5669 14.9943 14.6507 14.4226 14.2833 14.6983 14.5309 14.4701 13.9734 
VolumeStds:0.842302 0.781758 0.770642 0.890545 0.728246 0.661169 0.768082 0.713431 0.808432 0.819291 
Timestep:10550000
Temperature: 49.5688
Density: 7.71082
AverageArea: 32.2939
AreaStd: 1.36141
AverageVolume: 14.557
VolumeStd: 0.877251
VornoiIndicies:0 0 0 0 2 8 3 0 0 0 0 0 0 0 0 ,0 0 0 1 0 9 3 0 0 0 0 0 0 0 0 ,0 0 0 0 2 8 4 0 0 0 0 0 0 0 0 ,0 0 0 0 3 6 3 0 0 0 0 0 0 0 0 ,0 0 0 1 2 6 3 1 0 0 0 0 0 0 0 ,0 0 0 0 2 8 1 0 0 0 0 0 0 0 0 ,0 0 0 0 3 6 4 0 0 0 0 0 0 0 0 ,0 0 0 0 1 10 2 0 0 0 0 0 0 0 0 ,0 0 0 0 2 8 2 0 0 0 0 0 0 0 0 ,0 0 0 0 0 12 0 0 0 0 0 0 0 0 0 ,
VornoiFreq:0.0250569 0.0259112 0.0279043 0.0307517 0.0316059 0.0375854 0.0857062 0.0953872 0.111617 0.181948 
AverageAreas:32.52 31.9716 32.6622 32.3824 32.4303 32.0223 32.6112 31.984 32.1484 31.1663 
AreaStds:1.33426 1.15227 1.10929 1.12343 1.13577 1.10212 1.18037 1.05922 1.21795 1.29623 
AverageVolumes:14.7347 14.4779 14.9735 14.4658 14.5641 14.1773 14.7591 14.5264 14.422 13.9742 
VolumeStds:0.872666 0.778888 0.756098 0.743153 0.768065 0.749327 0.796244 0.703792 0.810904 0.847454 
Timestep:10660000
Temperature: 49.7775
Density: 7.71251
AverageArea: 32.2876
AreaStd: 1.36698
AverageVolume: 14.553
VolumeStd: 0.880181
VornoiIndicies:0 0 0 0 2 8 3 0 0 0 0 0 0 0 0 ,0 0 0 1 0 9 3 0 0 0 0 0 0 0 0 ,0 0 0 0 2 8 4 0 0 0 0 0 0 0 0 ,0 0 0 1 2 6 3 1 0 0 0 0 0 0 0 ,0 0 0 0 3 6 3 0 0 0 0 0 0 0 0 ,0 0 0 0 2 8 1 0 0 0 0 0 0 0 0 ,0 0 0 0 3 6 4 0 0 0 0 0 0 0 0 ,0 0 0 0 1 10 2 0 0 0 0 0 0 0 0 ,0 0 0 0 2 8 2 0 0 0 0 0 0 0 0 ,0 0 0 0 0 12 0 0 0 0 0 0 0 0 0 ,
VornoiFreq:0.0244875 0.0259112 0.0287585 0.0327449 0.0341686 0.0355923 0.0831435 0.0951025 0.1082 0.181663 
AverageAreas:32.3552 31.9353 32.723 32.5847 32.4553 32.0969 32.5143 31.9999 32.2049 31.1272 
AreaStds:1.29715 1.26685 1.15029 1.20497 1.22476 1.11889 1.15149 1.10582 1.18307 1.25598 
AverageVolumes:14.6249 14.4731 14.9932 14.6759 14.5262 14.2357 14.6964 14.5372 14.4568 13.9473 
VolumeStds:0.867687 0.843259 0.775273 0.837572 0.801322 0.768706 0.772609 0.740261 0.781412 0.821489 
Timestep:10765000
Temperature: 39.2832
Density: 7.71517
AverageArea: 32.2775
AreaStd: 1.36464
AverageVolume: 14.5469
VolumeStd: 0.876603
VornoiIndicies:0 0 0 0 2 8 3 0 0 0 0 0 0 0 0 ,0 0 0 0 2 8 4 0 0 0 0 0 0 0 0 ,0 0 0 1 0 9 3 0 0 0 0 0 0 0 0 ,0 0 0 1 2 6 3 1 0 0 0 0 0 0 0 ,0 0 0 0 3 6 3 0 0 0 0 0 0 0 0 ,0 0 0 0 2 8 1 0 0 0 0 0 0 0 0 ,0 0 0 0 3 6 4 0 0 0 0 0 0 0 0 ,0 0 0 0 1 10 2 0 0 0 0 0 0 0 0 ,0 0 0 0 2 8 2 0 0 0 0 0 0 0 0 ,0 0 0 0 0 12 0 0 0 0 0 0 0 0 0 ,
VornoiFreq:0.0236333 0.0270501 0.0310364 0.0318907 0.0333144 0.0361617 0.0876993 0.0922551 0.1082 0.180239 
AverageAreas:32.4943 32.6769 31.9847 32.5274 32.3939 32.0881 32.547 31.9732 32.162 31.1141 
AreaStds:1.25763 1.11731 1.25429 1.19528 1.09394 1.06391 1.17586 1.0926 1.2041 1.24971 
AverageVolumes:14.7368 14.9908 14.4901 14.6386 14.4661 14.2232 14.7209 14.5214 14.4304 13.9402 
VolumeStds:0.857897 0.749992 0.832698 0.799571 0.712796 0.717002 0.792523 0.720844 0.793315 0.816561 
Timestep:10875000
Temperature: 28.4452
Density: 7.71726
AverageArea: 32.2677
AreaStd: 1.36526
AverageVolume: 14.5416
VolumeStd: 0.876635
VornoiIndicies:0 0 0 0 2 8 4 0 0 0 0 0 0 0 0 ,0 0 0 0 2 8 3 0 0 0 0 0 0 0 0 ,0 0 0 1 0 9 3 0 0 0 0 0 0 0 0 ,0 0 0 1 2 6 3 1 0 0 0 0 0 0 0 ,0 0 0 0 2 8 1 0 0 0 0 0 0 0 0 ,0 0 0 0 3 6 3 0 0 0 0 0 0 0 0 ,0 0 0 0 3 6 4 0 0 0 0 0 0 0 0 ,0 0 0 0 1 10 2 0 0 0 0 0 0 0 0 ,0 0 0 0 2 8 2 0 0 0 0 0 0 0 0 ,0 0 0 0 0 12 0 0 0 0 0 0 0 0 0 ,
VornoiFreq:0.0253417 0.0264806 0.0287585 0.0316059 0.034738 0.034738 0.0788724 0.0922551 0.106492 0.180239 
AverageAreas:32.6631 32.4127 31.9482 32.5011 32.0941 32.2732 32.5303 31.9305 32.1677 31.1047 
AreaStds:1.12966 1.22713 1.13777 1.2492 1.08912 1.15228 1.16489 1.11212 1.18968 1.26441 
AverageVolumes:14.9649 14.6727 14.4603 14.6396 14.2284 14.3982 14.7208 14.4964 14.4396 13.9363 
VolumeStds:0.762692 0.832834 0.751135 0.842299 0.73603 0.763217 0.790267 0.733262 0.78701 0.826662 
Timestep:10980000
Temperature: 17.8839
Density: 7.72112
AverageArea: 32.2554
AreaStd: 1.35775
AverageVolume: 14.534
VolumeStd: 0.871872
VornoiIndicies:0 0 0 0 2 8 4 0 0 0 0 0 0 0 0 ,0 0 0 1 0 9 3 0 0 0 0 0 0 0 0 ,0 0 0 0 2 8 3 0 0 0 0 0 0 0 0 ,0 0 0 1 2 6 3 1 0 0 0 0 0 0 0 ,0 0 0 0 3 6 3 0 0 0 0 0 0 0 0 ,0 0 0 0 2 8 1 0 0 0 0 0 0 0 0 ,0 0 0 0 3 6 4 0 0 0 0 0 0 0 0 ,0 0 0 0 1 10 2 0 0 0 0 0 0 0 0 ,0 0 0 0 2 8 2 0 0 0 0 0 0 0 0 ,0 0 0 0 0 12 0 0 0 0 0 0 0 0 0 ,
VornoiFreq:0.0259112 0.0261959 0.0267654 0.030467 0.0324601 0.0338838 0.0805809 0.094533 0.109055 0.183656 
AverageAreas:32.6639 31.8923 32.442 32.5433 32.3403 32.0273 32.5282 31.9292 32.1414 31.1184 
AreaStds:1.12675 1.12581 1.22072 1.22196 1.16249 1.04992 1.17819 1.09145 1.20564 1.26059 
AverageVolumes:14.9791 14.4266 14.6962 14.6608 14.4556 14.1931 14.7102 14.4965 14.4147 13.9446 
VolumeStds:0.751594 0.750268 0.815289 0.832308 0.754972 0.716024 0.792367 0.726128 0.797804 0.822474 
Timestep:11090000
Temperature: 7.21673
Density: 7.7231
AverageArea: 32.2487
AreaStd: 1.35674
AverageVolume: 14.5299
VolumeStd: 0.87093
VornoiIndicies:0 0 0 0 2 8 3 0 0 0 0 0 0 0 0 ,0 0 0 1 0 9 3 0 0 0 0 0 0 0 0 ,0 0 0 0 2 8 4 0 0 0 0 0 0 0 0 ,0 0 0 1 2 6 3 1 0 0 0 0 0 0 0 ,0 0 0 0 3 6 3 0 0 0 0 0 0 0 0 ,0 0 0 0 2 8 1 0 0 0 0 0 0 0 0 ,0 0 0 0 3 6 4 0 0 0 0 0 0 0 0 ,0 0 0 0 1 10 2 0 0 0 0 0 0 0 0 ,0 0 0 0 2 8 2 0 0 0 0 0 0 0 0 ,0 0 0 0 0 12 0 0 0 0 0 0 0 0 0 ,
VornoiFreq:0.0261959 0.0264806 0.0270501 0.0327449 0.0330296 0.0353075 0.0805809 0.094533 0.108485 0.182232 
AverageAreas:32.4918 31.8754 32.7493 32.5348 32.3251 32.0436 32.5298 31.93 32.1396 31.0973 
AreaStds:1.25338 1.16046 1.07214 1.26645 1.15889 1.06076 1.15368 1.07657 1.19609 1.2488 
AverageVolumes:14.7244 14.4214 15.0227 14.6455 14.4393 14.1998 14.7111 14.4979 14.4159 13.9293 
VolumeStds:0.836146 0.766699 0.714879 0.865525 0.746 0.723535 0.773781 0.717637 0.790728 0.814237 
Timestep:11195000
Temperature: 1.00182
Density: 7.72373
AverageArea: 32.2462
AreaStd: 1.35664
AverageVolume: 14.5284
VolumeStd: 0.871161
VornoiIndicies:0 0 0 1 0 9 3 0 0 0 0 0 0 0 0 ,0 0 0 0 2 8 3 0 0 0 0 0 0 0 0 ,0 0 0 0 2 8 4 0 0 0 0 0 0 0 0 ,0 0 0 1 2 6 3 1 0 0 0 0 0 0 0 ,0 0 0 0 3 6 3 0 0 0 0 0 0 0 0 ,0 0 0 0 2 8 1 0 0 0 0 0 0 0 0 ,0 0 0 0 3 6 4 0 0 0 0 0 0 0 0 ,0 0 0 0 1 10 2 0 0 0 0 0 0 0 0 ,0 0 0 0 2 8 2 0 0 0 0 0 0 0 0 ,0 0 0 0 0 12 0 0 0 0 0 0 0 0 0 ,
VornoiFreq:0.0259112 0.0264806 0.0270501 0.0296128 0.0330296 0.034738 0.0802961 0.0936788 0.1082 0.18451 
AverageAreas:31.8988 32.4734 32.7227 32.4032 32.3382 32.0343 32.5451 31.915 32.1327 31.112 
AreaStds:1.14855 1.23087 1.06342 1.27281 1.15107 1.05448 1.166 1.06938 1.19513 1.25839 
AverageVolumes:14.4285 14.718 15.0035 14.5617 14.4491 14.1923 14.7228 14.4875 14.4133 13.9389 
VolumeStds:0.761986 0.82546 0.714434 0.867131 0.740679 0.717276 0.78285 0.713468 0.788629 0.820184 
Timestep:11305000
Temperature: 1.00603
Density: 7.72247
AverageArea: 32.2499
AreaStd: 1.35704
AverageVolume: 14.5306
VolumeStd: 0.871155
VornoiIndicies:0 0 0 0 2 8 3 0 0 0 0 0 0 0 0 ,0 0 0 0 2 8 4 0 0 0 0 0 0 0 0 ,0 0 0 1 0 9 3 0 0 0 0 0 0 0 0 ,0 0 0 1 2 6 3 1 0 0 0 0 0 0 0 ,0 0 0 0 3 6 3 0 0 0 0 0 0 0 0 ,0 0 0 0 2 8 1 0 0 0 0 0 0 0 0 ,0 0 0 0 3 6 4 0 0 0 0 0 0 0 0 ,0 0 0 0 1 10 2 0 0 0 0 0 0 0 0 ,0 0 0 0 2 8 2 0 0 0 0 0 0 0 0 ,0 0 0 0 0 12 0 0 0 0 0 0 0 0 0 ,
VornoiFreq:0.0267654 0.0276196 0.0281891 0.0324601 0.0338838 0.0355923 0.0777335 0.0919704 0.104784 0.183941 
AverageAreas:32.403 32.7283 31.9038 32.3974 32.3321 32.0767 32.534 31.9375 32.1493 31.1152 
AreaStds:1.1658 1.0795 1.13304 1.30125 1.18359 1.0831 1.17769 1.09422 1.21054 1.25836 
AverageVolumes:14.6683 15.0068 14.4366 14.5606 14.4427 14.2198 14.7227 14.5017 14.4231 13.9411 
VolumeStds:0.774903 0.723528 0.750758 0.886266 0.765674 0.741479 0.786137 0.72903 0.798492 0.819954 
Timestep:11410000
Temperature: 1.00543
Density: 7.7231
AverageArea: 32.2482
AreaStd: 1.3564
AverageVolume: 14.5296
VolumeStd: 0.871026
VornoiIndicies:0 0 0 0 2 8 3 0 0 0 0 0 0 0 0 ,0 0 0 1 0 9 3 0 0 0 0 0 0 0 0 ,0 0 0 0 2 8 4 0 0 0 0 0 0 0 0 ,0 0 0 1 2 6 3 1 0 0 0 0 0 0 0 ,0 0 0 0 2 8 1 0 0 0 0 0 0 0 0 ,0 0 0 0 3 6 3 0 0 0 0 0 0 0 0 ,0 0 0 0 3 6 4 0 0 0 0 0 0 0 0 ,0 0 0 0 1 10 2 0 0 0 0 0 0 0 0 ,0 0 0 0 2 8 2 0 0 0 0 0 0 0 0 ,0 0 0 0 0 12 0 0 0 0 0 0 0 0 0 ,
VornoiFreq:0.0261959 0.0273349 0.0276196 0.030467 0.0338838 0.0338838 0.0797267 0.094533 0.107062 0.182517 
AverageAreas:32.5199 31.9042 32.7196 32.4687 32.0214 32.3631 32.534 31.9111 32.1464 31.0961 
AreaStds:1.2528 1.1539 1.07703 1.21802 1.07912 1.14375 1.18033 1.06306 1.19819 1.24835 
AverageVolumes:14.7421 14.4326 15.0114 14.6027 14.1869 14.4625 14.7186 14.4836 14.4207 13.9294 
VolumeStds:0.838347 0.760811 0.722701 0.832277 0.73875 0.732978 0.79423 0.705599 0.790388 0.814925 
