Timestep:770000
Temperature: 1981.49
Density: 6.85838
AverageArea: 35.9796
AreaStd: 2.31429
AverageVolume: 16.618
VolumeStd: 1.68487
VornoiIndicies:0 0 0 0 2 8 4 0 0 0 0 0 0 0 0 ,0 0 0 0 3 6 5 0 0 0 0 0 0 0 0 ,0 0 0 0 4 4 6 0 0 0 0 0 0 0 0 ,0 0 0 1 3 4 5 1 0 0 0 0 0 0 0 ,0 0 0 0 2 8 2 0 0 0 0 0 0 0 0 ,0 0 0 1 3 5 3 2 0 0 0 0 0 0 0 ,0 0 0 1 3 4 4 1 0 0 0 0 0 0 0 ,0 0 0 0 3 6 3 0 0 0 0 0 0 0 0 ,0 0 0 1 2 6 3 1 0 0 0 0 0 0 0 ,0 0 0 0 3 6 4 0 0 0 0 0 0 0 0 ,
VornoiFreq:0.0124026 0.0124026 0.0127206 0.0152647 0.0159008 0.0160598 0.0173318 0.0187629 0.019876 0.0338687 
AverageAreas:36.0337 35.8889 36.1729 35.9376 34.3424 35.8692 35.0932 34.4243 35.1054 35.1064 
AreaStds:1.88808 1.96117 2.23139 1.80415 1.97155 2.17229 2.14281 2.11395 2.19265 1.90685 
AverageVolumes:17.0102 16.8226 16.9942 16.6646 15.5976 16.5566 15.9789 15.5934 16.0382 16.1716 
VolumeStds:1.30858 1.4007 1.61343 1.32458 1.35224 1.54455 1.51102 1.47808 1.49767 1.33053 
Timestep:875000
Temperature: 1919.76
Density: 6.89178
AverageArea: 35.813
AreaStd: 2.26579
AverageVolume: 16.5248
VolumeStd: 1.6426
VornoiIndicies:0 0 0 0 4 4 5 0 0 0 0 0 0 0 0 ,0 0 0 0 3 6 5 0 0 0 0 0 0 0 0 ,0 0 0 1 2 5 4 0 0 0 0 0 0 0 0 ,0 0 0 1 3 5 3 2 0 0 0 0 0 0 0 ,0 0 0 1 3 4 5 1 0 0 0 0 0 0 0 ,0 0 0 0 3 6 3 0 0 0 0 0 0 0 0 ,0 0 0 0 2 8 2 0 0 0 0 0 0 0 0 ,0 0 0 1 3 4 4 1 0 0 0 0 0 0 0 ,0 0 0 1 2 6 3 1 0 0 0 0 0 0 0 ,0 0 0 0 3 6 4 0 0 0 0 0 0 0 0 ,
VornoiFreq:0.0136747 0.0139927 0.0146287 0.0149467 0.0173318 0.0178089 0.0184449 0.0189219 0.019876 0.0335506 
AverageAreas:35.1399 35.7298 34.0546 35.791 35.68 34.363 34.1215 35.2724 35.2973 34.852 
AreaStds:1.701 1.95578 2.06734 2.17149 2.01403 2.018 1.96477 2.02297 2.28234 2.04192 
AverageVolumes:16.1314 16.6747 15.2554 16.6064 16.5636 15.5383 15.4803 16.0569 16.2278 16.0204 
VolumeStds:1.16976 1.40572 1.46462 1.5412 1.41297 1.40549 1.35584 1.41542 1.57342 1.43309 
Timestep:985000
Temperature: 1896.61
Density: 6.90065
AverageArea: 35.7883
AreaStd: 2.26691
AverageVolume: 16.5112
VolumeStd: 1.62984
VornoiIndicies:0 0 0 1 2 5 4 0 0 0 0 0 0 0 0 ,0 0 0 1 3 5 3 2 0 0 0 0 0 0 0 ,0 0 0 0 4 4 6 0 0 0 0 0 0 0 0 ,0 0 0 0 3 6 5 0 0 0 0 0 0 0 0 ,0 0 0 1 3 4 4 1 0 0 0 0 0 0 0 ,0 0 0 0 3 6 3 0 0 0 0 0 0 0 0 ,0 0 0 0 2 8 2 0 0 0 0 0 0 0 0 ,0 0 0 1 3 4 5 1 0 0 0 0 0 0 0 ,0 0 0 1 2 6 3 1 0 0 0 0 0 0 0 ,0 0 0 0 3 6 4 0 0 0 0 0 0 0 0 ,
VornoiFreq:0.0127206 0.0131976 0.0143107 0.0146287 0.0182859 0.0189219 0.0192399 0.019558 0.0221021 0.0330736 
AverageAreas:34.2703 35.8839 35.9961 35.5573 35.0703 34.4975 34.1582 35.9591 35.3917 34.7585 
AreaStds:1.90694 1.98483 2.00075 1.86436 1.9721 1.82755 2.08444 1.8149 2.10562 1.84688 
AverageVolumes:15.4021 16.6144 16.8576 16.5874 16.02 15.6018 15.514 16.7779 16.2487 15.9616 
VolumeStds:1.30551 1.41873 1.40883 1.33029 1.38356 1.26582 1.40015 1.3072 1.43834 1.29749 
Timestep:1090000
Temperature: 1907.97
Density: 6.91056
AverageArea: 35.7762
AreaStd: 2.23464
AverageVolume: 16.4956
VolumeStd: 1.61142
VornoiIndicies:0 0 0 1 2 5 4 0 0 0 0 0 0 0 0 ,0 0 0 0 4 4 5 0 0 0 0 0 0 0 0 ,0 0 0 0 2 8 4 0 0 0 0 0 0 0 0 ,0 0 0 0 3 6 5 0 0 0 0 0 0 0 0 ,0 0 0 1 3 4 4 1 0 0 0 0 0 0 0 ,0 0 0 1 3 4 5 1 0 0 0 0 0 0 0 ,0 0 0 0 2 8 2 0 0 0 0 0 0 0 0 ,0 0 0 1 2 6 3 1 0 0 0 0 0 0 0 ,0 0 0 0 3 6 3 0 0 0 0 0 0 0 0 ,0 0 0 0 3 6 4 0 0 0 0 0 0 0 0 ,
VornoiFreq:0.0120846 0.0124026 0.0131976 0.0157418 0.0171728 0.0181269 0.0182859 0.0187629 0.019717 0.0327556 
AverageAreas:34.5189 35.1211 35.7329 35.8706 34.9507 35.7058 33.9444 35.272 34.1834 34.9347 
AreaStds:1.80239 1.95275 1.87758 1.77498 1.90399 1.72939 1.71064 2.20607 1.95922 1.9106 
AverageVolumes:15.5496 16.0999 16.8171 16.7758 15.9124 16.5754 15.2803 16.2089 15.44 16.0734 
VolumeStds:1.23193 1.39765 1.34797 1.28051 1.27424 1.20328 1.17772 1.53875 1.29415 1.33046 
Timestep:1200000
Temperature: 1850.17
Density: 6.90324
AverageArea: 35.7472
AreaStd: 2.18876
AverageVolume: 16.492
VolumeStd: 1.59433
VornoiIndicies:0 0 0 0 1 10 2 0 0 0 0 0 0 0 0 ,0 0 0 1 2 6 4 1 0 0 0 0 0 0 0 ,0 0 0 0 4 5 4 1 0 0 0 0 0 0 0 ,0 0 0 0 3 6 5 0 0 0 0 0 0 0 0 ,0 0 0 1 3 4 5 1 0 0 0 0 0 0 0 ,0 0 0 1 2 6 3 1 0 0 0 0 0 0 0 ,0 0 0 1 3 4 4 1 0 0 0 0 0 0 0 ,0 0 0 0 2 8 2 0 0 0 0 0 0 0 0 ,0 0 0 0 3 6 3 0 0 0 0 0 0 0 0 ,0 0 0 0 3 6 4 0 0 0 0 0 0 0 0 ,
VornoiFreq:0.0133567 0.0133567 0.0135157 0.0141517 0.0163778 0.0178089 0.019399 0.019876 0.0216251 0.0435681 
AverageAreas:35.2427 35.8229 35.9421 35.8336 35.6838 34.9126 35.3221 34.3389 34.493 35.0199 
AreaStds:1.84284 1.92503 1.99252 1.99004 2.00933 1.72733 1.83389 1.90316 1.97311 1.78107 
AverageVolumes:16.4631 16.6724 16.7066 16.7919 16.545 15.9734 16.1238 15.6336 15.6394 16.1317 
VolumeStds:1.32636 1.3942 1.39964 1.42557 1.44557 1.20302 1.2727 1.32137 1.35511 1.24211 
Timestep:1305000
Temperature: 1841.63
Density: 6.9281
AverageArea: 35.6464
AreaStd: 2.22651
AverageVolume: 16.4086
VolumeStd: 1.61117
VornoiIndicies:0 0 0 0 3 6 5 0 0 0 0 0 0 0 0 ,0 0 0 0 2 8 4 0 0 0 0 0 0 0 0 ,0 0 0 1 3 5 2 2 0 0 0 0 0 0 0 ,0 0 0 0 4 5 4 1 0 0 0 0 0 0 0 ,0 0 0 1 3 4 4 1 0 0 0 0 0 0 0 ,0 0 0 0 2 8 2 0 0 0 0 0 0 0 0 ,0 0 0 1 3 4 5 1 0 0 0 0 0 0 0 ,0 0 0 1 2 6 3 1 0 0 0 0 0 0 0 ,0 0 0 0 3 6 3 0 0 0 0 0 0 0 0 ,0 0 0 0 3 6 4 0 0 0 0 0 0 0 0 ,
VornoiFreq:0.0131976 0.0135157 0.0138337 0.0170138 0.0189219 0.019717 0.020353 0.0217841 0.0219431 0.0360948 
AverageAreas:35.7997 36.1939 35.1996 35.3483 34.8645 34.1799 35.8018 35.1053 34.2505 34.8369 
AreaStds:1.75256 1.93485 1.94894 1.79168 1.79914 1.93841 1.92955 1.79178 1.78977 1.98903 
AverageVolumes:16.7767 17.1019 16.0553 16.2998 15.8148 15.5128 16.6559 16.062 15.463 16.0097 
VolumeStds:1.30688 1.41549 1.33204 1.28793 1.2438 1.32138 1.34714 1.23445 1.25416 1.39082 
Timestep:1415000
Temperature: 1785.57
Density: 6.9318
AverageArea: 35.6251
AreaStd: 2.23414
AverageVolume: 16.4156
VolumeStd: 1.61673
VornoiIndicies:0 0 0 0 4 4 4 0 0 0 0 0 0 0 0 ,0 0 0 1 2 5 4 0 0 0 0 0 0 0 0 ,0 0 0 1 3 5 3 2 0 0 0 0 0 0 0 ,0 0 0 0 3 6 5 0 0 0 0 0 0 0 0 ,0 0 0 1 2 6 3 1 0 0 0 0 0 0 0 ,0 0 0 1 3 4 5 1 0 0 0 0 0 0 0 ,0 0 0 1 3 4 4 1 0 0 0 0 0 0 0 ,0 0 0 0 3 6 3 0 0 0 0 0 0 0 0 ,0 0 0 0 2 8 2 0 0 0 0 0 0 0 0 ,0 0 0 0 3 6 4 0 0 0 0 0 0 0 0 ,
VornoiFreq:0.0138337 0.0138337 0.0139927 0.0155828 0.0190809 0.019717 0.020035 0.02083 0.0238512 0.0370488 
AverageAreas:34.9382 34.3852 35.7073 35.5507 35.0519 35.6471 34.7685 34.374 34.2621 35.1325 
AreaStds:1.99716 1.87314 2.04526 2.15142 1.86905 1.88562 1.72418 1.85774 1.8036 2.03927 
AverageVolumes:15.8879 15.4654 16.4653 16.6162 16.0443 16.5333 15.7586 15.5548 15.5645 16.2091 
VolumeStds:1.37213 1.28835 1.42647 1.57086 1.27146 1.37243 1.18898 1.25149 1.22118 1.45234 
Timestep:1520000
Temperature: 1737.1
Density: 6.91834
AverageArea: 35.7022
AreaStd: 2.18653
AverageVolume: 16.4567
VolumeStd: 1.58176
VornoiIndicies:0 0 0 1 2 5 4 0 0 0 0 0 0 0 0 ,0 0 0 0 3 6 5 0 0 0 0 0 0 0 0 ,0 0 0 1 3 5 3 2 0 0 0 0 0 0 0 ,0 0 0 0 2 8 4 0 0 0 0 0 0 0 0 ,0 0 0 1 3 4 5 1 0 0 0 0 0 0 0 ,0 0 0 1 3 4 4 1 0 0 0 0 0 0 0 ,0 0 0 1 2 6 3 1 0 0 0 0 0 0 0 ,0 0 0 0 3 6 3 0 0 0 0 0 0 0 0 ,0 0 0 0 2 8 2 0 0 0 0 0 0 0 0 ,0 0 0 0 3 6 4 0 0 0 0 0 0 0 0 ,
VornoiFreq:0.0130386 0.0131976 0.0135157 0.0138337 0.0176499 0.019399 0.020512 0.0217841 0.0260773 0.0314835 
AverageAreas:34.2057 35.7354 35.4971 35.7806 36.0435 34.9538 35.0238 34.4821 34.2548 34.8661 
AreaStds:1.81238 1.96798 2.00166 1.83692 2.08958 1.72885 1.96225 1.83351 1.90362 1.77766 
AverageVolumes:15.3766 16.7064 16.3422 16.8603 16.7979 15.9198 16.044 15.6101 15.523 16.0235 
VolumeStds:1.23124 1.4128 1.42008 1.30888 1.50425 1.19749 1.33652 1.23431 1.27174 1.25077 
Timestep:1630000
Temperature: 1760.93
Density: 6.95523
AverageArea: 35.5422
AreaStd: 2.14179
AverageVolume: 16.3579
VolumeStd: 1.53944
VornoiIndicies:0 0 0 1 3 5 2 2 0 0 0 0 0 0 0 ,0 0 0 0 4 4 4 0 0 0 0 0 0 0 0 ,0 0 0 0 3 6 5 0 0 0 0 0 0 0 0 ,0 0 0 1 3 4 4 1 0 0 0 0 0 0 0 ,0 0 0 1 3 5 3 2 0 0 0 0 0 0 0 ,0 0 0 1 3 4 5 1 0 0 0 0 0 0 0 ,0 0 0 1 2 6 3 1 0 0 0 0 0 0 0 ,0 0 0 0 2 8 2 0 0 0 0 0 0 0 0 ,0 0 0 0 3 6 3 0 0 0 0 0 0 0 0 ,0 0 0 0 3 6 4 0 0 0 0 0 0 0 0 ,
VornoiFreq:0.0135157 0.0146287 0.0152647 0.0157418 0.0157418 0.0163778 0.0219431 0.0224201 0.0227381 0.0362538 
AverageAreas:34.5602 34.1369 35.6618 34.7923 35.4938 35.5862 34.7919 34.1022 34.4213 34.9388 
AreaStds:1.66281 1.86604 1.88079 1.84125 1.654 1.59826 1.70323 1.82271 1.7367 1.87766 
AverageVolumes:15.6226 15.3048 16.6623 15.8028 16.3913 16.4819 15.8678 15.467 15.6043 16.0593 
VolumeStds:1.17609 1.25602 1.31354 1.27672 1.13906 1.10416 1.19813 1.26951 1.19247 1.30255 
Timestep:1735000
Temperature: 1752.47
Density: 6.97254
AverageArea: 35.4591
AreaStd: 2.10974
AverageVolume: 16.3108
VolumeStd: 1.51705
VornoiIndicies:0 0 0 0 4 4 6 0 0 0 0 0 0 0 0 ,0 0 0 1 3 5 2 2 0 0 0 0 0 0 0 ,0 0 0 1 3 4 5 1 0 0 0 0 0 0 0 ,0 0 0 0 4 4 5 0 0 0 0 0 0 0 0 ,0 0 0 1 3 4 4 1 0 0 0 0 0 0 0 ,0 0 0 0 3 6 5 0 0 0 0 0 0 0 0 ,0 0 0 1 2 6 3 1 0 0 0 0 0 0 0 ,0 0 0 0 3 6 3 0 0 0 0 0 0 0 0 ,0 0 0 0 2 8 2 0 0 0 0 0 0 0 0 ,0 0 0 0 3 6 4 0 0 0 0 0 0 0 0 ,
VornoiFreq:0.0141517 0.0144697 0.0155828 0.0165368 0.0179679 0.0181269 0.020035 0.020671 0.0244872 0.0430911 
AverageAreas:35.7588 35.1128 35.6375 34.986 34.7312 35.4142 34.9314 34.2409 34.1003 34.8043 
AreaStds:1.90112 2.05248 1.91121 1.82364 1.69575 1.88713 1.70338 1.85462 1.76996 1.78614 
AverageVolumes:16.7138 16.0224 16.5396 15.9902 15.8028 16.535 15.9913 15.4902 15.4676 16.0174 
VolumeStds:1.37535 1.38079 1.36733 1.26138 1.15546 1.34361 1.17194 1.26708 1.2362 1.24879 
Timestep:1845000
Temperature: 1750.75
Density: 6.9822
AverageArea: 35.4057
AreaStd: 2.12544
AverageVolume: 16.2751
VolumeStd: 1.53115
VornoiIndicies:0 0 0 0 4 5 4 1 0 0 0 0 0 0 0 ,0 0 0 0 2 8 4 0 0 0 0 0 0 0 0 ,0 0 0 1 3 5 3 2 0 0 0 0 0 0 0 ,0 0 0 0 4 4 5 0 0 0 0 0 0 0 0 ,0 0 0 1 3 4 5 1 0 0 0 0 0 0 0 ,0 0 0 1 3 4 4 1 0 0 0 0 0 0 0 ,0 0 0 1 2 6 3 1 0 0 0 0 0 0 0 ,0 0 0 0 3 6 3 0 0 0 0 0 0 0 0 ,0 0 0 0 2 8 2 0 0 0 0 0 0 0 0 ,0 0 0 0 3 6 4 0 0 0 0 0 0 0 0 ,
VornoiFreq:0.0136747 0.0146287 0.0152647 0.0168548 0.019558 0.019876 0.0214661 0.0217841 0.0238512 0.0345047 
AverageAreas:35.577 35.6638 35.4696 34.654 35.2928 34.8742 34.6008 34.3291 34.3416 34.8363 
AreaStds:1.86228 1.9465 2.05589 1.96832 1.74603 2.06969 1.8558 1.97333 1.96147 1.76575 
AverageVolumes:16.5261 16.8319 16.3289 15.7809 16.2896 15.8648 15.7834 15.582 15.6271 16.0134 
VolumeStds:1.30738 1.38638 1.43146 1.37653 1.2172 1.39888 1.28402 1.34303 1.31949 1.25734 
Timestep:1950000
Temperature: 1704.07
Density: 7.02039
AverageArea: 35.2541
AreaStd: 2.11806
AverageVolume: 16.1738
VolumeStd: 1.51107
VornoiIndicies:0 0 0 0 4 5 4 1 0 0 0 0 0 0 0 ,0 0 0 0 4 4 5 0 0 0 0 0 0 0 0 ,0 0 0 0 3 6 5 0 0 0 0 0 0 0 0 ,0 0 0 1 3 5 3 2 0 0 0 0 0 0 0 ,0 0 0 1 3 4 5 1 0 0 0 0 0 0 0 ,0 0 0 1 3 4 4 1 0 0 0 0 0 0 0 ,0 0 0 1 2 6 3 1 0 0 0 0 0 0 0 ,0 0 0 0 3 6 3 0 0 0 0 0 0 0 0 ,0 0 0 0 2 8 2 0 0 0 0 0 0 0 0 ,0 0 0 0 3 6 4 0 0 0 0 0 0 0 0 ,
VornoiFreq:0.0147877 0.0149467 0.0171728 0.0173318 0.0176499 0.0189219 0.020671 0.0232151 0.0260773 0.0359358 
AverageAreas:35.3344 34.4541 35.2724 35.7976 35.285 34.6932 34.6833 34.2052 33.8484 34.5977 
AreaStds:1.97797 1.96798 1.77219 1.77203 1.63996 1.88083 1.86808 1.7843 1.6709 1.82299 
AverageVolumes:16.3091 15.6849 16.4057 16.5912 16.2832 15.7142 15.7787 15.4477 15.3138 15.8358 
VolumeStds:1.40773 1.35669 1.26234 1.24924 1.14127 1.27106 1.28563 1.21763 1.12323 1.26433 
Timestep:2060000
Temperature: 1696.25
Density: 6.9896
AverageArea: 35.3768
AreaStd: 2.11507
AverageVolume: 16.2659
VolumeStd: 1.52265
VornoiIndicies:0 0 0 0 1 10 2 0 0 0 0 0 0 0 0 ,0 0 0 0 4 4 5 0 0 0 0 0 0 0 0 ,0 0 0 0 3 6 5 0 0 0 0 0 0 0 0 ,0 0 0 1 3 4 4 1 0 0 0 0 0 0 0 ,0 0 0 1 3 5 3 2 0 0 0 0 0 0 0 ,0 0 0 1 3 4 5 1 0 0 0 0 0 0 0 ,0 0 0 1 2 6 3 1 0 0 0 0 0 0 0 ,0 0 0 0 3 6 3 0 0 0 0 0 0 0 0 ,0 0 0 0 2 8 2 0 0 0 0 0 0 0 0 ,0 0 0 0 3 6 4 0 0 0 0 0 0 0 0 ,
VornoiFreq:0.0138337 0.0139927 0.0141517 0.0173318 0.0178089 0.0179679 0.019717 0.0243282 0.0256003 0.0422961 
AverageAreas:34.5726 35.0032 35.7506 34.8445 35.5029 35.6089 34.994 34.1173 34.2129 34.7128 
AreaStds:1.76543 2.11223 1.85717 1.9666 1.81528 2.22461 1.71314 1.90291 1.84034 1.74179 
AverageVolumes:16.0019 16.0692 16.7937 15.8297 16.3931 16.5267 16.0059 15.4069 15.5735 15.9566 
VolumeStds:1.23043 1.45691 1.30306 1.32776 1.28726 1.53415 1.17188 1.33244 1.28249 1.26049 
Timestep:2165000
Temperature: 1662.16
Density: 7.00793
AverageArea: 35.2867
AreaStd: 2.08414
AverageVolume: 16.2065
VolumeStd: 1.49878
VornoiIndicies:0 0 0 1 2 5 4 0 0 0 0 0 0 0 0 ,0 0 0 0 2 8 4 0 0 0 0 0 0 0 0 ,0 0 0 0 3 6 5 0 0 0 0 0 0 0 0 ,0 0 0 1 3 5 3 2 0 0 0 0 0 0 0 ,0 0 0 1 3 4 5 1 0 0 0 0 0 0 0 ,0 0 0 1 3 4 4 1 0 0 0 0 0 0 0 ,0 0 0 0 3 6 3 0 0 0 0 0 0 0 0 ,0 0 0 0 2 8 2 0 0 0 0 0 0 0 0 ,0 0 0 1 2 6 3 1 0 0 0 0 0 0 0 ,0 0 0 0 3 6 4 0 0 0 0 0 0 0 0 ,
VornoiFreq:0.0130386 0.0151057 0.0154238 0.0168548 0.0181269 0.020512 0.0249642 0.0259183 0.0259183 0.0386389 
AverageAreas:34.25 35.2911 35.345 35.4901 35.2519 34.6898 34.0879 33.9666 34.6587 34.6504 
AreaStds:1.70173 1.72961 1.86228 2.0526 1.77876 1.66817 1.83132 1.80391 1.86323 1.7805 
AverageVolumes:15.4209 16.5538 16.4995 16.4253 16.2727 15.7482 15.4025 15.4099 15.8148 15.9226 
VolumeStds:1.15208 1.28054 1.34178 1.43797 1.2384 1.13347 1.27004 1.2362 1.26803 1.24845 
Timestep:2275000
Temperature: 1639.21
Density: 7.02266
AverageArea: 35.2869
AreaStd: 2.05402
AverageVolume: 16.201
VolumeStd: 1.47969
VornoiIndicies:0 0 0 0 3 6 5 0 0 0 0 0 0 0 0 ,0 0 0 0 4 4 6 0 0 0 0 0 0 0 0 ,0 0 0 0 2 8 4 0 0 0 0 0 0 0 0 ,0 0 0 0 4 4 4 0 0 0 0 0 0 0 0 ,0 0 0 1 3 4 4 1 0 0 0 0 0 0 0 ,0 0 0 1 3 4 5 1 0 0 0 0 0 0 0 ,0 0 0 0 3 6 3 0 0 0 0 0 0 0 0 ,0 0 0 1 2 6 3 1 0 0 0 0 0 0 0 ,0 0 0 0 2 8 2 0 0 0 0 0 0 0 0 ,0 0 0 0 3 6 4 0 0 0 0 0 0 0 0 ,
VornoiFreq:0.0144697 0.0144697 0.0157418 0.0166958 0.0190809 0.019717 0.0221021 0.0238512 0.0252822 0.0351407 
AverageAreas:35.2836 35.2791 35.5367 34.2374 34.7198 35.3649 34.2302 34.6916 34.1077 34.557 
AreaStds:1.81437 2.03391 1.85813 1.64655 1.76229 1.74128 1.7136 1.89693 1.84697 1.73703 
AverageVolumes:16.4443 16.3914 16.6682 15.4253 15.7759 16.3635 15.4961 15.7959 15.5017 15.8275 
VolumeStds:1.32386 1.45136 1.3323 1.1455 1.2197 1.2362 1.18355 1.26829 1.26382 1.20504 
Timestep:2380000
Temperature: 1646.16
Density: 7.04793
AverageArea: 35.1011
AreaStd: 2.07256
AverageVolume: 16.0976
VolumeStd: 1.49317
VornoiIndicies:0 0 0 0 4 5 4 1 0 0 0 0 0 0 0 ,0 0 0 0 2 8 4 0 0 0 0 0 0 0 0 ,0 0 0 1 3 5 3 2 0 0 0 0 0 0 0 ,0 0 0 0 3 6 5 0 0 0 0 0 0 0 0 ,0 0 0 1 3 4 5 1 0 0 0 0 0 0 0 ,0 0 0 1 3 4 4 1 0 0 0 0 0 0 0 ,0 0 0 1 2 6 3 1 0 0 0 0 0 0 0 ,0 0 0 0 3 6 3 0 0 0 0 0 0 0 0 ,0 0 0 0 2 8 2 0 0 0 0 0 0 0 0 ,0 0 0 0 3 6 4 0 0 0 0 0 0 0 0 ,
VornoiFreq:0.0149467 0.0152647 0.0154238 0.0170138 0.0171728 0.0182859 0.0225791 0.0248052 0.0260773 0.040229 
AverageAreas:35.2041 35.1806 35.0216 35.187 35.2507 34.4875 34.7019 33.8726 34.1589 34.6655 
AreaStds:1.7401 1.92628 1.74046 1.69476 1.65983 1.6609 1.81155 1.72016 2.04792 1.84843 
AverageVolumes:16.3184 16.4378 16.0811 16.3794 16.3251 15.6101 15.8528 15.2579 15.5723 15.9399 
VolumeStds:1.1969 1.38582 1.21547 1.20873 1.17881 1.18429 1.25508 1.16409 1.42384 1.32369 
Timestep:2490000
Temperature: 1603.39
Density: 7.04553
AverageArea: 35.1337
AreaStd: 2.03407
AverageVolume: 16.1108
VolumeStd: 1.45458
VornoiIndicies:0 0 0 1 3 5 3 2 0 0 0 0 0 0 0 ,0 0 0 0 4 4 5 0 0 0 0 0 0 0 0 ,0 0 0 0 4 4 4 0 0 0 0 0 0 0 0 ,0 0 0 1 2 5 4 0 0 0 0 0 0 0 0 ,0 0 0 1 3 4 4 1 0 0 0 0 0 0 0 ,0 0 0 1 3 4 5 1 0 0 0 0 0 0 0 ,0 0 0 1 2 6 3 1 0 0 0 0 0 0 0 ,0 0 0 0 3 6 3 0 0 0 0 0 0 0 0 ,0 0 0 0 2 8 2 0 0 0 0 0 0 0 0 ,0 0 0 0 3 6 4 0 0 0 0 0 0 0 0 ,
VornoiFreq:0.0136747 0.0138337 0.0144697 0.0166958 0.0171728 0.0186039 0.0224201 0.0244872 0.0271903 0.0419781 
AverageAreas:35.4829 34.9704 34.2035 33.9583 34.8087 35.2774 34.6432 33.8568 33.8419 34.3988 
AreaStds:1.84526 1.79077 1.79435 1.62627 1.81275 1.9137 1.82593 1.70073 1.77683 1.86261 
AverageVolumes:16.3811 16.0163 15.402 15.2363 15.831 16.2828 15.8158 15.2611 15.3161 15.7462 
VolumeStds:1.33419 1.22229 1.22868 1.12088 1.24663 1.3566 1.27431 1.15227 1.18244 1.26778 
Timestep:2595000
Temperature: 1616.58
Density: 7.02805
AverageArea: 35.188
AreaStd: 2.10219
AverageVolume: 16.1588
VolumeStd: 1.50719
VornoiIndicies:0 0 0 1 2 5 4 0 0 0 0 0 0 0 0 ,0 0 0 0 4 5 4 1 0 0 0 0 0 0 0 ,0 0 0 0 3 6 5 0 0 0 0 0 0 0 0 ,0 0 0 0 2 8 4 0 0 0 0 0 0 0 0 ,0 0 0 1 3 4 4 1 0 0 0 0 0 0 0 ,0 0 0 1 3 4 5 1 0 0 0 0 0 0 0 ,0 0 0 1 2 6 3 1 0 0 0 0 0 0 0 ,0 0 0 0 2 8 2 0 0 0 0 0 0 0 0 ,0 0 0 0 3 6 3 0 0 0 0 0 0 0 0 ,0 0 0 0 3 6 4 0 0 0 0 0 0 0 0 ,
VornoiFreq:0.0155828 0.0159008 0.0166958 0.0168548 0.0189219 0.020671 0.021307 0.0260773 0.0275083 0.0443632 
AverageAreas:33.9459 35.2385 35.6566 35.2831 34.7043 35.2754 34.8 34.0082 33.5604 34.4375 
AreaStds:1.80348 1.76778 1.9743 1.69681 1.82936 1.82908 1.78763 1.8961 1.84083 1.77936 
AverageVolumes:15.2206 16.276 16.7013 16.5213 15.7603 16.2872 15.908 15.4573 15.0433 15.7778 
VolumeStds:1.23747 1.28949 1.42519 1.1839 1.28231 1.29972 1.23555 1.31684 1.25455 1.24991 
Timestep:2705000
Temperature: 1560.71
Density: 7.06101
AverageArea: 35.0572
AreaStd: 2.05032
AverageVolume: 16.0843
VolumeStd: 1.46485
VornoiIndicies:0 0 0 0 4 4 5 0 0 0 0 0 0 0 0 ,0 0 0 1 2 5 4 0 0 0 0 0 0 0 0 ,0 0 0 0 2 8 4 0 0 0 0 0 0 0 0 ,0 0 0 0 3 6 5 0 0 0 0 0 0 0 0 ,0 0 0 1 3 4 4 1 0 0 0 0 0 0 0 ,0 0 0 1 3 4 5 1 0 0 0 0 0 0 0 ,0 0 0 1 2 6 3 1 0 0 0 0 0 0 0 ,0 0 0 0 3 6 3 0 0 0 0 0 0 0 0 ,0 0 0 0 2 8 2 0 0 0 0 0 0 0 0 ,0 0 0 0 3 6 4 0 0 0 0 0 0 0 0 ,
VornoiFreq:0.0152647 0.0165368 0.0170138 0.0178089 0.019876 0.02083 0.0248052 0.0278264 0.0284624 0.040865 
AverageAreas:34.5557 33.7775 35.3859 35.4039 34.8441 35.4098 34.4442 33.9024 33.7419 34.6096 
AreaStds:1.99565 1.7624 1.66043 1.90577 1.8594 1.56145 1.597 1.85065 1.67575 1.77044 
AverageVolumes:15.7553 15.1177 16.6116 16.5628 15.8999 16.4116 15.7045 15.3076 15.2736 15.9049 
VolumeStds:1.4087 1.18787 1.20723 1.3549 1.3052 1.1112 1.11183 1.25729 1.13794 1.23887 
Timestep:2810000
Temperature: 1557.95
Density: 7.05925
AverageArea: 35.0775
AreaStd: 2.04083
AverageVolume: 16.0938
VolumeStd: 1.45847
VornoiIndicies:0 0 0 0 2 8 4 0 0 0 0 0 0 0 0 ,0 0 0 1 2 5 4 0 0 0 0 0 0 0 0 ,0 0 0 0 1 10 2 0 0 0 0 0 0 0 0 ,0 0 0 1 3 4 4 1 0 0 0 0 0 0 0 ,0 0 0 0 3 6 5 0 0 0 0 0 0 0 0 ,0 0 0 1 3 4 5 1 0 0 0 0 0 0 0 ,0 0 0 1 2 6 3 1 0 0 0 0 0 0 0 ,0 0 0 0 3 6 3 0 0 0 0 0 0 0 0 ,0 0 0 0 2 8 2 0 0 0 0 0 0 0 0 ,0 0 0 0 3 6 4 0 0 0 0 0 0 0 0 ,
VornoiFreq:0.0154238 0.0162188 0.0170138 0.0171728 0.0174909 0.019558 0.019876 0.0248052 0.0283034 0.0421371 
AverageAreas:35.2806 34.164 34.3082 34.7931 35.2738 35.4147 34.6408 33.9756 33.6426 34.5521 
AreaStds:1.76062 1.72668 1.71764 1.87133 1.84949 1.77429 1.85582 1.62082 1.71995 1.85899 
AverageVolumes:16.5959 15.3643 15.8917 15.8496 16.479 16.4162 15.7982 15.2984 15.2029 15.8659 
VolumeStds:1.25741 1.17357 1.20369 1.28479 1.30981 1.29211 1.31001 1.10727 1.1714 1.30136 
Timestep:2920000
Temperature: 1502.88
Density: 7.09535
AverageArea: 34.9367
AreaStd: 1.97412
AverageVolume: 16.0117
VolumeStd: 1.41469
VornoiIndicies:0 0 0 0 2 8 4 0 0 0 0 0 0 0 0 ,0 0 0 0 3 6 5 0 0 0 0 0 0 0 0 ,0 0 0 0 1 10 2 0 0 0 0 0 0 0 0 ,0 0 0 0 4 4 5 0 0 0 0 0 0 0 0 ,0 0 0 1 3 4 5 1 0 0 0 0 0 0 0 ,0 0 0 1 3 4 4 1 0 0 0 0 0 0 0 ,0 0 0 1 2 6 3 1 0 0 0 0 0 0 0 ,0 0 0 0 3 6 3 0 0 0 0 0 0 0 0 ,0 0 0 0 2 8 2 0 0 0 0 0 0 0 0 ,0 0 0 0 3 6 4 0 0 0 0 0 0 0 0 ,
VornoiFreq:0.0152647 0.0155828 0.0163778 0.0184449 0.0184449 0.0221021 0.0224201 0.0248052 0.0295754 0.0462713 
AverageAreas:35.1272 35.1833 34.0501 34.5309 35.2561 34.3275 34.4326 34.0005 33.6412 34.3077 
AreaStds:1.71107 1.63607 1.56014 1.68823 1.64178 1.75207 1.91333 1.7824 1.65486 1.64936 
AverageVolumes:16.481 16.4257 15.7085 15.7715 16.3354 15.5564 15.6941 15.3684 15.2158 15.7119 
VolumeStds:1.23377 1.13315 1.12292 1.20245 1.15858 1.20486 1.29954 1.21074 1.13999 1.15096 
Timestep:3025000
Temperature: 1521.03
Density: 7.08334
AverageArea: 34.9632
AreaStd: 1.99087
AverageVolume: 16.0231
VolumeStd: 1.41861
VornoiIndicies:0 0 0 1 2 5 4 0 0 0 0 0 0 0 0 ,0 0 0 0 2 8 4 0 0 0 0 0 0 0 0 ,0 0 0 0 3 6 5 0 0 0 0 0 0 0 0 ,0 0 0 0 1 10 2 0 0 0 0 0 0 0 0 ,0 0 0 1 3 4 5 1 0 0 0 0 0 0 0 ,0 0 0 1 3 4 4 1 0 0 0 0 0 0 0 ,0 0 0 0 3 6 3 0 0 0 0 0 0 0 0 ,0 0 0 1 2 6 3 1 0 0 0 0 0 0 0 ,0 0 0 0 2 8 2 0 0 0 0 0 0 0 0 ,0 0 0 0 3 6 4 0 0 0 0 0 0 0 0 ,
VornoiFreq:0.0149467 0.0151057 0.0163778 0.0166958 0.0178089 0.0192399 0.0238512 0.0275083 0.0295754 0.0456352 
AverageAreas:33.8914 35.0822 35.2959 34.3647 35.3157 34.6802 33.9038 34.4994 33.7394 34.3389 
AreaStds:1.70089 1.66367 1.82856 1.50609 1.75904 1.68327 1.68773 1.72569 1.70927 1.82419 
AverageVolumes:15.2027 16.404 16.4687 15.918 16.3803 15.7893 15.2851 15.7287 15.2895 15.7323 
VolumeStds:1.14433 1.15876 1.27863 1.01981 1.24688 1.14815 1.12348 1.21621 1.16858 1.25907 
Timestep:3135000
Temperature: 1476.66
Density: 7.0965
AverageArea: 34.9057
AreaStd: 1.95305
AverageVolume: 15.9967
VolumeStd: 1.39814
VornoiIndicies:0 0 0 0 4 4 5 0 0 0 0 0 0 0 0 ,0 0 0 0 4 4 6 0 0 0 0 0 0 0 0 ,0 0 0 1 3 5 3 2 0 0 0 0 0 0 0 ,0 0 0 1 3 4 4 1 0 0 0 0 0 0 0 ,0 0 0 1 3 4 5 1 0 0 0 0 0 0 0 ,0 0 0 0 2 8 4 0 0 0 0 0 0 0 0 ,0 0 0 1 2 6 3 1 0 0 0 0 0 0 0 ,0 0 0 0 3 6 3 0 0 0 0 0 0 0 0 ,0 0 0 0 2 8 2 0 0 0 0 0 0 0 0 ,0 0 0 0 3 6 4 0 0 0 0 0 0 0 0 ,
VornoiFreq:0.0141517 0.0143107 0.0162188 0.019399 0.020671 0.020989 0.0216251 0.0292574 0.0321196 0.0499284 
AverageAreas:34.5941 34.7339 34.7012 34.5129 35.0365 34.8325 34.328 33.9939 33.6687 34.6177 
AreaStds:1.70795 1.76429 1.49311 1.63322 1.8586 1.70908 1.76477 1.49344 1.66835 1.92317 
AverageVolumes:15.7908 16.079 15.8605 15.6886 16.1731 16.2428 15.641 15.3682 15.2226 15.9123 
VolumeStds:1.1949 1.26969 1.01592 1.16464 1.30427 1.23958 1.18714 1.04121 1.11605 1.33885 
Timestep:3240000
Temperature: 1444.29
Density: 7.1002
AverageArea: 34.9075
AreaStd: 1.94437
AverageVolume: 15.9984
VolumeStd: 1.3879
VornoiIndicies:0 0 0 1 2 5 4 0 0 0 0 0 0 0 0 ,0 0 0 0 4 5 4 1 0 0 0 0 0 0 0 ,0 0 0 0 2 8 4 0 0 0 0 0 0 0 0 ,0 0 0 0 3 6 5 0 0 0 0 0 0 0 0 ,0 0 0 1 3 4 5 1 0 0 0 0 0 0 0 ,0 0 0 1 3 4 4 1 0 0 0 0 0 0 0 ,0 0 0 1 2 6 3 1 0 0 0 0 0 0 0 ,0 0 0 0 2 8 2 0 0 0 0 0 0 0 0 ,0 0 0 0 3 6 3 0 0 0 0 0 0 0 0 ,0 0 0 0 3 6 4 0 0 0 0 0 0 0 0 ,
VornoiFreq:0.0155828 0.0160598 0.0162188 0.0181269 0.020353 0.0216251 0.0225791 0.0281444 0.0290984 0.0470663 
AverageAreas:34.0012 34.6928 34.9602 34.9144 34.8888 34.747 34.5717 33.8461 33.8779 34.3118 
AreaStds:1.58303 1.89143 1.7527 1.75656 1.58398 1.71799 1.8723 1.54275 1.85124 1.48528 
AverageVolumes:15.2798 15.9064 16.3436 16.1925 16.0793 15.8669 15.7806 15.3627 15.2943 15.7054 
VolumeStds:1.08264 1.31389 1.24653 1.23797 1.10399 1.20256 1.29329 1.07186 1.26111 1.02752 
Timestep:3350000
Temperature: 1450.17
Density: 7.12228
AverageArea: 34.7976
AreaStd: 1.93576
AverageVolume: 15.9241
VolumeStd: 1.37499
VornoiIndicies:0 0 0 0 4 4 6 0 0 0 0 0 0 0 0 ,0 0 0 0 2 8 4 0 0 0 0 0 0 0 0 ,0 0 0 0 1 10 2 0 0 0 0 0 0 0 0 ,0 0 0 1 2 5 4 0 0 0 0 0 0 0 0 ,0 0 0 1 3 4 5 1 0 0 0 0 0 0 0 ,0 0 0 1 3 4 4 1 0 0 0 0 0 0 0 ,0 0 0 1 2 6 3 1 0 0 0 0 0 0 0 ,0 0 0 0 2 8 2 0 0 0 0 0 0 0 0 ,0 0 0 0 3 6 3 0 0 0 0 0 0 0 0 ,0 0 0 0 3 6 4 0 0 0 0 0 0 0 0 ,
VornoiFreq:0.0155828 0.0159008 0.0163778 0.0165368 0.0187629 0.021148 0.0240102 0.0318016 0.0324376 0.0461123 
AverageAreas:34.9156 34.8101 34.2791 33.9608 34.9943 34.5128 34.0605 33.6883 33.8816 34.3172 
AreaStds:1.47397 1.62396 1.8625 1.81327 1.42122 1.77729 1.69734 1.71968 1.83872 1.73668 
AverageVolumes:16.1212 16.2396 15.8733 15.2689 16.147 15.6694 15.4389 15.283 15.2886 15.7392 
VolumeStds:1.0822 1.15454 1.32175 1.21798 1.01165 1.22882 1.15752 1.15687 1.25493 1.20096 
Timestep:3455000
Temperature: 1411.29
Density: 7.13272
AverageArea: 34.73
AreaStd: 1.93431
AverageVolume: 15.8883
VolumeStd: 1.38091
VornoiIndicies:0 0 0 0 2 8 1 0 0 0 0 0 0 0 0 ,0 0 0 1 3 4 4 1 0 0 0 0 0 0 0 ,0 0 0 0 1 10 2 0 0 0 0 0 0 0 0 ,0 0 0 0 3 6 5 0 0 0 0 0 0 0 0 ,0 0 0 0 4 4 5 0 0 0 0 0 0 0 0 ,0 0 0 1 3 4 5 1 0 0 0 0 0 0 0 ,0 0 0 1 2 6 3 1 0 0 0 0 0 0 0 ,0 0 0 0 3 6 3 0 0 0 0 0 0 0 0 ,0 0 0 0 2 8 2 0 0 0 0 0 0 0 0 ,0 0 0 0 3 6 4 0 0 0 0 0 0 0 0 ,
VornoiFreq:0.0166958 0.0178089 0.0184449 0.0187629 0.019558 0.0225791 0.0244872 0.0254412 0.0316426 0.0494514 
AverageAreas:33.2208 34.2395 34.2908 35.0643 34.2379 34.6956 34.2381 33.8045 33.5699 34.3803 
AreaStds:1.63067 1.62115 1.91305 1.59545 1.59088 1.91123 1.84707 1.70545 1.75877 1.60332 
AverageVolumes:14.7942 15.5047 15.8804 16.3521 15.5543 15.9633 15.6042 15.2184 15.1592 15.7736 
VolumeStds:1.09404 1.09301 1.33567 1.13549 1.0821 1.34855 1.29513 1.14934 1.22093 1.13018 
Timestep:3565000
Temperature: 1384.28
Density: 7.12362
AverageArea: 34.7996
AreaStd: 1.90743
AverageVolume: 15.9303
VolumeStd: 1.36143
VornoiIndicies:0 0 0 0 1 10 2 0 0 0 0 0 0 0 0 ,0 0 0 0 2 8 1 0 0 0 0 0 0 0 0 ,0 0 0 0 2 8 4 0 0 0 0 0 0 0 0 ,0 0 0 0 3 6 5 0 0 0 0 0 0 0 0 ,0 0 0 1 3 4 5 1 0 0 0 0 0 0 0 ,0 0 0 1 3 4 4 1 0 0 0 0 0 0 0 ,0 0 0 1 2 6 3 1 0 0 0 0 0 0 0 ,0 0 0 0 3 6 3 0 0 0 0 0 0 0 0 ,0 0 0 0 2 8 2 0 0 0 0 0 0 0 0 ,0 0 0 0 3 6 4 0 0 0 0 0 0 0 0 ,
VornoiFreq:0.0157418 0.0173318 0.0176499 0.0178089 0.0190809 0.020989 0.0241692 0.0281444 0.0335506 0.0430911 
AverageAreas:34.2666 33.1632 35.017 35.4291 34.9563 34.505 34.2977 33.8346 33.6347 34.2709 
AreaStds:1.75918 1.57602 1.64506 1.71486 1.59949 1.68866 1.69595 1.75773 1.80528 1.62934 
AverageVolumes:15.8297 14.7926 16.3366 16.6293 16.114 15.656 15.6197 15.2677 15.2153 15.7128 
VolumeStds:1.23353 1.07811 1.18805 1.24267 1.15129 1.1595 1.19711 1.19987 1.1866 1.12139 
Timestep:3670000
Temperature: 1409.74
Density: 7.14203
AverageArea: 34.7102
AreaStd: 1.89196
AverageVolume: 15.8863
VolumeStd: 1.34663
VornoiIndicies:0 0 0 0 4 4 4 0 0 0 0 0 0 0 0 ,0 0 0 1 3 4 5 1 0 0 0 0 0 0 0 ,0 0 0 0 2 8 4 0 0 0 0 0 0 0 0 ,0 0 0 0 3 6 5 0 0 0 0 0 0 0 0 ,0 0 0 1 3 4 4 1 0 0 0 0 0 0 0 ,0 0 0 0 1 10 2 0 0 0 0 0 0 0 0 ,0 0 0 1 2 6 3 1 0 0 0 0 0 0 0 ,0 0 0 0 3 6 3 0 0 0 0 0 0 0 0 ,0 0 0 0 2 8 2 0 0 0 0 0 0 0 0 ,0 0 0 0 3 6 4 0 0 0 0 0 0 0 0 ,
VornoiFreq:0.0163778 0.0182859 0.0184449 0.0192399 0.02083 0.0225791 0.0227381 0.0292574 0.0372078 0.0513595 
AverageAreas:33.8196 34.9021 34.7741 34.8044 34.3108 34.0055 34.2163 33.9239 33.6646 34.3271 
AreaStds:1.66468 1.62787 1.6951 1.7524 1.65014 1.66402 1.48396 1.74801 1.56644 1.66875 
AverageVolumes:15.2179 16.0761 16.2428 16.1617 15.5302 15.6888 15.5529 15.3591 15.2663 15.7467 
VolumeStds:1.10339 1.20517 1.21426 1.24982 1.15225 1.14729 1.04934 1.17588 1.0762 1.1719 
Timestep:3780000
Temperature: 1360.88
Density: 7.16462
AverageArea: 34.611
AreaStd: 1.87656
AverageVolume: 15.824
VolumeStd: 1.3357
VornoiIndicies:0 0 0 0 2 8 3 0 0 0 0 0 0 0 0 ,0 0 0 0 3 6 5 0 0 0 0 0 0 0 0 ,0 0 0 0 2 8 4 0 0 0 0 0 0 0 0 ,0 0 0 0 1 10 2 0 0 0 0 0 0 0 0 ,0 0 0 1 3 4 4 1 0 0 0 0 0 0 0 ,0 0 0 1 3 4 5 1 0 0 0 0 0 0 0 ,0 0 0 1 2 6 3 1 0 0 0 0 0 0 0 ,0 0 0 0 3 6 3 0 0 0 0 0 0 0 0 ,0 0 0 0 2 8 2 0 0 0 0 0 0 0 0 ,0 0 0 0 3 6 4 0 0 0 0 0 0 0 0 ,
VornoiFreq:0.0182859 0.0184449 0.019717 0.020035 0.020353 0.02083 0.0275083 0.0292574 0.0345047 0.0529496 
AverageAreas:34.242 34.7652 34.8182 33.7825 34.2752 34.901 34.4033 33.631 33.6098 34.4129 
AreaStds:1.53536 1.71254 1.76625 1.6593 1.84887 1.70059 1.65765 1.71524 1.67542 1.72762 
AverageVolumes:15.7497 16.1574 16.242 15.5215 15.5479 16.1059 15.6915 15.1385 15.2125 15.8071 
VolumeStds:1.07374 1.21425 1.2664 1.15089 1.28951 1.18774 1.16862 1.16037 1.13035 1.20032 
Timestep:3885000
Temperature: 1353.53
Density: 7.17618
AverageArea: 34.5791
AreaStd: 1.86447
AverageVolume: 15.8055
VolumeStd: 1.31986
VornoiIndicies:0 0 0 0 2 8 1 0 0 0 0 0 0 0 0 ,0 0 0 0 2 8 4 0 0 0 0 0 0 0 0 ,0 0 0 0 4 4 5 0 0 0 0 0 0 0 0 ,0 0 0 1 3 4 4 1 0 0 0 0 0 0 0 ,0 0 0 1 3 4 5 1 0 0 0 0 0 0 0 ,0 0 0 0 1 10 2 0 0 0 0 0 0 0 0 ,0 0 0 1 2 6 3 1 0 0 0 0 0 0 0 ,0 0 0 0 3 6 3 0 0 0 0 0 0 0 0 ,0 0 0 0 2 8 2 0 0 0 0 0 0 0 0 ,0 0 0 0 3 6 4 0 0 0 0 0 0 0 0 ,
VornoiFreq:0.0171728 0.0171728 0.0173318 0.0182859 0.020035 0.0214661 0.0248052 0.0292574 0.0386389 0.0535856 
AverageAreas:32.9864 34.7842 34.4846 34.5777 34.8305 33.9161 33.904 33.6796 33.4376 34.0345 
AreaStds:1.74554 1.66106 1.60649 1.63673 1.65582 1.49823 1.72818 1.67629 1.56417 1.59836 
AverageVolumes:14.6476 16.2109 15.7878 15.7248 16.0448 15.6485 15.3782 15.1642 15.087 15.5522 
VolumeStds:1.16076 1.17929 1.12603 1.12209 1.18007 1.08281 1.19275 1.14773 1.05806 1.08692 
Timestep:3995000
Temperature: 1300.3
Density: 7.15555
AverageArea: 34.6548
AreaStd: 1.86241
AverageVolume: 15.8599
VolumeStd: 1.32406
VornoiIndicies:0 0 0 0 3 6 5 0 0 0 0 0 0 0 0 ,0 0 0 0 2 8 1 0 0 0 0 0 0 0 0 ,0 0 0 1 2 5 4 0 0 0 0 0 0 0 0 ,0 0 0 1 3 4 5 1 0 0 0 0 0 0 0 ,0 0 0 0 1 10 2 0 0 0 0 0 0 0 0 ,0 0 0 1 2 6 3 1 0 0 0 0 0 0 0 ,0 0 0 1 3 4 4 1 0 0 0 0 0 0 0 ,0 0 0 0 3 6 3 0 0 0 0 0 0 0 0 ,0 0 0 0 2 8 2 0 0 0 0 0 0 0 0 ,0 0 0 0 3 6 4 0 0 0 0 0 0 0 0 ,
VornoiFreq:0.0189219 0.0190809 0.0190809 0.020035 0.0221021 0.0230561 0.0243282 0.0297345 0.041501 0.0527906 
AverageAreas:34.6766 33.1252 33.7343 34.8814 33.9256 34.3686 34.6582 33.731 33.6134 34.304 
AreaStds:1.5835 1.60753 1.62393 1.7111 1.41045 1.79165 1.64001 1.72847 1.82692 1.74226 
AverageVolumes:16.0539 14.7297 15.1256 16.0755 15.6532 15.68 15.7888 15.1916 15.2535 15.7308 
VolumeStds:1.11516 1.07662 1.08118 1.2268 0.954677 1.24516 1.14106 1.1712 1.2488 1.19235 
Timestep:4100000
Temperature: 1326.57
Density: 7.18207
AverageArea: 34.5215
AreaStd: 1.86659
AverageVolume: 15.7803
VolumeStd: 1.32161
VornoiIndicies:0 0 0 0 3 6 5 0 0 0 0 0 0 0 0 ,0 0 0 0 2 8 1 0 0 0 0 0 0 0 0 ,0 0 0 1 3 4 5 1 0 0 0 0 0 0 0 ,0 0 0 0 2 8 4 0 0 0 0 0 0 0 0 ,0 0 0 0 1 10 2 0 0 0 0 0 0 0 0 ,0 0 0 1 3 4 4 1 0 0 0 0 0 0 0 ,0 0 0 1 2 6 3 1 0 0 0 0 0 0 0 ,0 0 0 0 3 6 3 0 0 0 0 0 0 0 0 ,0 0 0 0 2 8 2 0 0 0 0 0 0 0 0 ,0 0 0 0 3 6 4 0 0 0 0 0 0 0 0 ,
VornoiFreq:0.0173318 0.0184449 0.019558 0.019876 0.020671 0.020989 0.0257593 0.0294164 0.0343457 0.0575608 
AverageAreas:34.5897 33.0259 34.6421 34.646 33.9452 34.3008 34.206 33.7882 33.1943 34.0463 
AreaStds:1.6515 1.67967 1.43443 1.74657 1.86852 1.53396 1.61156 1.74223 1.58648 1.66857 
AverageVolumes:16.0023 14.6879 15.947 16.1501 15.6688 15.5555 15.5743 15.2369 14.9386 15.5631 
VolumeStds:1.17551 1.12675 1.02806 1.24821 1.32156 1.06913 1.12236 1.18414 1.06212 1.15439 
Timestep:4210000
Temperature: 1273.05
Density: 7.21429
AverageArea: 34.3894
AreaStd: 1.82167
AverageVolume: 15.7027
VolumeStd: 1.28964
VornoiIndicies:0 0 0 0 2 8 1 0 0 0 0 0 0 0 0 ,0 0 0 0 2 8 4 0 0 0 0 0 0 0 0 ,0 0 0 0 4 4 6 0 0 0 0 0 0 0 0 ,0 0 0 0 3 6 5 0 0 0 0 0 0 0 0 ,0 0 0 1 3 4 5 1 0 0 0 0 0 0 0 ,0 0 0 0 1 10 2 0 0 0 0 0 0 0 0 ,0 0 0 1 2 6 3 1 0 0 0 0 0 0 0 ,0 0 0 0 3 6 3 0 0 0 0 0 0 0 0 ,0 0 0 0 2 8 2 0 0 0 0 0 0 0 0 ,0 0 0 0 3 6 4 0 0 0 0 0 0 0 0 ,
VornoiFreq:0.0186039 0.0189219 0.0189219 0.020353 0.0214661 0.0230561 0.0262363 0.0279854 0.040706 0.0572428 
AverageAreas:32.8761 34.4569 34.7779 34.6674 34.8316 33.5929 34.1472 33.6564 33.3942 34.0274 
AreaStds:1.55694 1.73337 1.5064 1.53923 1.69752 1.63773 1.83474 1.66911 1.64757 1.58215 
AverageVolumes:14.5738 16.0213 16.1173 16.0937 16.0845 15.4281 15.5687 15.1794 15.0946 15.5653 
VolumeStds:1.03031 1.24026 1.07544 1.098 1.18777 1.14597 1.24528 1.14762 1.13097 1.09094 
Timestep:4315000
Temperature: 1242.01
Density: 7.18442
AverageArea: 34.4871
AreaStd: 1.84456
AverageVolume: 15.7613
VolumeStd: 1.30896
VornoiIndicies:0 0 0 0 4 4 6 0 0 0 0 0 0 0 0 ,0 0 0 1 2 5 4 0 0 0 0 0 0 0 0 ,0 0 0 0 1 10 2 0 0 0 0 0 0 0 0 ,0 0 0 1 3 4 5 1 0 0 0 0 0 0 0 ,0 0 0 1 3 4 4 1 0 0 0 0 0 0 0 ,0 0 0 0 3 6 5 0 0 0 0 0 0 0 0 ,0 0 0 1 2 6 3 1 0 0 0 0 0 0 0 ,0 0 0 0 3 6 3 0 0 0 0 0 0 0 0 ,0 0 0 0 2 8 2 0 0 0 0 0 0 0 0 ,0 0 0 0 3 6 4 0 0 0 0 0 0 0 0 ,
VornoiFreq:0.0184449 0.0190809 0.020512 0.02083 0.0214661 0.0222611 0.0271903 0.0316426 0.0440452 0.0494514 
AverageAreas:34.6078 33.7195 33.526 34.7314 34.2556 34.4064 33.8499 33.6024 33.5446 34.1704 
AreaStds:1.41088 1.62409 1.60502 1.61895 1.65671 1.60222 1.71529 1.59248 1.6337 1.63104 
AverageVolumes:15.9955 15.1336 15.3721 15.996 15.555 15.8913 15.3378 15.1281 15.193 15.6523 
VolumeStds:0.973469 1.10183 1.08783 1.13342 1.17431 1.153 1.18147 1.08212 1.1052 1.13889 
Timestep:4425000
Temperature: 1241.48
Density: 7.22805
AverageArea: 34.3519
AreaStd: 1.81294
AverageVolume: 15.6715
VolumeStd: 1.28115
VornoiIndicies:0 0 0 0 2 8 3 0 0 0 0 0 0 0 0 ,0 0 0 1 3 4 5 1 0 0 0 0 0 0 0 ,0 0 0 1 3 4 4 1 0 0 0 0 0 0 0 ,0 0 0 1 2 5 4 0 0 0 0 0 0 0 0 ,0 0 0 0 2 8 4 0 0 0 0 0 0 0 0 ,0 0 0 0 1 10 2 0 0 0 0 0 0 0 0 ,0 0 0 1 2 6 3 1 0 0 0 0 0 0 0 ,0 0 0 0 3 6 3 0 0 0 0 0 0 0 0 ,0 0 0 0 2 8 2 0 0 0 0 0 0 0 0 ,0 0 0 0 3 6 4 0 0 0 0 0 0 0 0 ,
VornoiFreq:0.0192399 0.020671 0.0214661 0.0216251 0.0225791 0.0243282 0.0244872 0.0267133 0.0421371 0.0623311 
AverageAreas:33.9782 34.7752 34.221 33.2857 34.6444 33.653 34.0252 33.5571 33.3249 34.0326 
AreaStds:1.51963 1.6782 1.82806 1.34072 1.62421 1.64387 1.48241 1.71535 1.65946 1.59079 
AverageVolumes:15.5841 16.0268 15.5259 14.8484 16.1539 15.4916 15.4636 15.0881 15.0524 15.5601 
VolumeStds:1.07662 1.21903 1.23859 0.912036 1.14848 1.12412 1.01213 1.17329 1.12821 1.09485 
Timestep:4530000
Temperature: 1197.7
Density: 7.22839
AverageArea: 34.3408
AreaStd: 1.80698
AverageVolume: 15.6743
VolumeStd: 1.26629
VornoiIndicies:0 0 0 1 2 5 4 0 0 0 0 0 0 0 0 ,0 0 0 1 3 4 5 1 0 0 0 0 0 0 0 ,0 0 0 0 2 8 4 0 0 0 0 0 0 0 0 ,0 0 0 0 3 6 5 0 0 0 0 0 0 0 0 ,0 0 0 1 3 4 4 1 0 0 0 0 0 0 0 ,0 0 0 0 1 10 2 0 0 0 0 0 0 0 0 ,0 0 0 1 2 6 3 1 0 0 0 0 0 0 0 ,0 0 0 0 3 6 3 0 0 0 0 0 0 0 0 ,0 0 0 0 2 8 2 0 0 0 0 0 0 0 0 ,0 0 0 0 3 6 4 0 0 0 0 0 0 0 0 ,
VornoiFreq:0.0176499 0.019558 0.019876 0.020035 0.0217841 0.0249642 0.0287804 0.0295754 0.0397519 0.0556527 
AverageAreas:33.5066 34.3196 34.4193 34.6085 33.9062 33.7349 33.7545 33.7487 33.397 34.1464 
AreaStds:1.56218 1.5234 1.59414 1.5286 1.57752 1.68787 1.61148 1.58693 1.58397 1.78291 
AverageVolumes:14.9983 15.7299 16.0153 16.0372 15.325 15.555 15.2745 15.2671 15.1156 15.6419 
VolumeStds:1.07063 1.04043 1.12592 1.06763 1.08593 1.17974 1.08837 1.07506 1.06712 1.23297 
Timestep:4640000
Temperature: 1211.17
Density: 7.22209
AverageArea: 34.3364
AreaStd: 1.77352
AverageVolume: 15.6755
VolumeStd: 1.25555
VornoiIndicies:0 0 0 0 2 8 1 0 0 0 0 0 0 0 0 ,0 0 0 0 2 8 4 0 0 0 0 0 0 0 0 ,0 0 0 0 3 6 5 0 0 0 0 0 0 0 0 ,0 0 0 1 3 4 5 1 0 0 0 0 0 0 0 ,0 0 0 1 3 4 4 1 0 0 0 0 0 0 0 ,0 0 0 0 1 10 2 0 0 0 0 0 0 0 0 ,0 0 0 1 2 6 3 1 0 0 0 0 0 0 0 ,0 0 0 0 3 6 3 0 0 0 0 0 0 0 0 ,0 0 0 0 2 8 2 0 0 0 0 0 0 0 0 ,0 0 0 0 3 6 4 0 0 0 0 0 0 0 0 ,
VornoiFreq:0.0174909 0.0179679 0.0186039 0.0227381 0.0243282 0.0271903 0.0294164 0.0305295 0.0465893 0.0640801 
AverageAreas:33.2302 34.496 34.6575 34.3562 34.0745 33.6502 33.9472 33.6989 33.4519 34.0882 
AreaStds:1.52982 1.62436 1.867 1.51622 1.67414 1.53093 1.61979 1.5783 1.5784 1.54156 
AverageVolumes:14.8507 16.0475 16.0944 15.7349 15.4682 15.478 15.4251 15.2016 15.1327 15.6162 
VolumeStds:1.03324 1.11084 1.35393 1.06545 1.18382 1.06195 1.15471 1.07633 1.07885 1.07111 
Timestep:4745000
Temperature: 1186.74
Density: 7.25787
AverageArea: 34.2109
AreaStd: 1.76382
AverageVolume: 15.5969
VolumeStd: 1.24426
VornoiIndicies:0 0 0 0 2 8 4 0 0 0 0 0 0 0 0 ,0 0 0 0 0 12 0 0 0 0 0 0 0 0 0 ,0 0 0 1 3 4 5 1 0 0 0 0 0 0 0 ,0 0 0 0 3 6 5 0 0 0 0 0 0 0 0 ,0 0 0 1 3 4 4 1 0 0 0 0 0 0 0 ,0 0 0 1 2 6 3 1 0 0 0 0 0 0 0 ,0 0 0 0 1 10 2 0 0 0 0 0 0 0 0 ,0 0 0 0 3 6 3 0 0 0 0 0 0 0 0 ,0 0 0 0 2 8 2 0 0 0 0 0 0 0 0 ,0 0 0 0 3 6 4 0 0 0 0 0 0 0 0 ,
VornoiFreq:0.019876 0.020194 0.020512 0.0221021 0.0244872 0.0249642 0.0268723 0.0333916 0.0380029 0.0597869 
AverageAreas:34.4402 32.9477 34.4805 34.506 33.8922 34.0762 33.4652 33.3052 33.3501 33.9255 
AreaStds:1.56464 1.5747 1.69691 1.50445 1.66745 1.5769 1.558 1.36654 1.63531 1.62446 
AverageVolumes:16.0352 15.0148 15.8732 15.9797 15.3301 15.542 15.3723 14.956 15.0702 15.4936 
VolumeStds:1.1285 1.05801 1.20635 1.08931 1.15989 1.10855 1.08283 0.926225 1.10708 1.12801 
Timestep:4855000
Temperature: 1160.06
Density: 7.27009
AverageArea: 34.1558
AreaStd: 1.75867
AverageVolume: 15.5696
VolumeStd: 1.2387
VornoiIndicies:0 0 0 0 2 8 4 0 0 0 0 0 0 0 0 ,0 0 0 0 3 6 5 0 0 0 0 0 0 0 0 ,0 0 0 0 2 8 1 0 0 0 0 0 0 0 0 ,0 0 0 0 0 12 0 0 0 0 0 0 0 0 0 ,0 0 0 1 3 4 4 1 0 0 0 0 0 0 0 ,0 0 0 0 1 10 2 0 0 0 0 0 0 0 0 ,0 0 0 1 2 6 3 1 0 0 0 0 0 0 0 ,0 0 0 0 3 6 3 0 0 0 0 0 0 0 0 ,0 0 0 0 2 8 2 0 0 0 0 0 0 0 0 ,0 0 0 0 3 6 4 0 0 0 0 0 0 0 0 ,
VornoiFreq:0.02083 0.020989 0.0217841 0.0228971 0.0233741 0.0300525 0.0311655 0.0314835 0.0488154 0.0591509 
AverageAreas:34.2622 34.6476 32.7921 32.7597 34.1967 33.583 33.6759 33.3707 33.1686 33.8567 
AreaStds:1.50349 1.56205 1.47133 1.54303 1.74921 1.4507 1.44627 1.53538 1.56155 1.45348 
AverageVolumes:15.9153 16.0726 14.585 14.883 15.5554 15.4382 15.2405 15.0047 14.9521 15.4684 
VolumeStds:1.05789 1.12369 0.982382 1.04958 1.20474 0.993846 0.982449 1.04839 1.04956 1.01504 
Timestep:4960000
Temperature: 1146.06
Density: 7.27699
AverageArea: 34.1391
AreaStd: 1.72226
AverageVolume: 15.567
VolumeStd: 1.2123
VornoiIndicies:0 0 0 1 3 4 5 1 0 0 0 0 0 0 0 ,0 0 0 0 2 8 4 0 0 0 0 0 0 0 0 ,0 0 0 0 3 6 5 0 0 0 0 0 0 0 0 ,0 0 0 0 2 8 1 0 0 0 0 0 0 0 0 ,0 0 0 1 3 4 4 1 0 0 0 0 0 0 0 ,0 0 0 0 3 6 3 0 0 0 0 0 0 0 0 ,0 0 0 1 2 6 3 1 0 0 0 0 0 0 0 ,0 0 0 0 1 10 2 0 0 0 0 0 0 0 0 ,0 0 0 0 2 8 2 0 0 0 0 0 0 0 0 ,0 0 0 0 3 6 4 0 0 0 0 0 0 0 0 ,
VornoiFreq:0.0189219 0.020353 0.020353 0.021148 0.0232151 0.0305295 0.0305295 0.0325966 0.0491334 0.0688504 
AverageAreas:34.2738 34.1847 34.1972 32.7965 33.8644 33.4193 33.8785 33.5438 33.168 33.9599 
AreaStds:1.53992 1.59133 1.43216 1.48707 1.6693 1.43016 1.61209 1.57143 1.50922 1.52854 
AverageVolumes:15.7474 15.8395 15.7262 14.5593 15.2945 15.0146 15.4039 15.4253 14.9822 15.5418 
VolumeStds:1.06793 1.14187 1.00112 1.01161 1.13234 0.985279 1.09656 1.09873 1.02085 1.05788 
Timestep:5070000
Temperature: 1106.24
Density: 7.30427
AverageArea: 34.0317
AreaStd: 1.71289
AverageVolume: 15.5012
VolumeStd: 1.20041
VornoiIndicies:0 0 0 0 2 8 1 0 0 0 0 0 0 0 0 ,0 0 0 1 3 4 4 1 0 0 0 0 0 0 0 ,0 0 0 1 3 4 5 1 0 0 0 0 0 0 0 ,0 0 0 0 0 12 0 0 0 0 0 0 0 0 0 ,0 0 0 0 2 8 4 0 0 0 0 0 0 0 0 ,0 0 0 1 2 6 3 1 0 0 0 0 0 0 0 ,0 0 0 0 1 10 2 0 0 0 0 0 0 0 0 ,0 0 0 0 3 6 3 0 0 0 0 0 0 0 0 ,0 0 0 0 2 8 2 0 0 0 0 0 0 0 0 ,0 0 0 0 3 6 4 0 0 0 0 0 0 0 0 ,
VornoiFreq:0.02083 0.020989 0.0224201 0.0228971 0.0232151 0.0270313 0.0310065 0.0321196 0.0532676 0.0642391 
AverageAreas:32.5972 33.6796 34.3059 32.6255 34.0837 33.8522 33.4048 33.3767 33.0717 33.9334 
AreaStds:1.53681 1.54062 1.454 1.45656 1.55207 1.56881 1.51996 1.42526 1.51103 1.59479 
AverageVolumes:14.4219 15.1835 15.7316 14.7957 15.7769 15.3821 15.3146 15.0009 14.8975 15.5396 
VolumeStds:1.0099 1.05996 1.03962 0.9919 1.1231 1.05296 1.04738 0.957959 1.02582 1.09933 
Timestep:5175000
Temperature: 1084.24
Density: 7.29618
AverageArea: 34.053
AreaStd: 1.69438
AverageVolume: 15.5195
VolumeStd: 1.19062
VornoiIndicies:0 0 0 1 3 4 4 1 0 0 0 0 0 0 0 ,0 0 0 0 3 6 5 0 0 0 0 0 0 0 0 ,0 0 0 0 2 8 4 0 0 0 0 0 0 0 0 ,0 0 0 0 2 8 1 0 0 0 0 0 0 0 0 ,0 0 0 0 0 12 0 0 0 0 0 0 0 0 0 ,0 0 0 0 3 6 3 0 0 0 0 0 0 0 0 ,0 0 0 1 2 6 3 1 0 0 0 0 0 0 0 ,0 0 0 0 1 10 2 0 0 0 0 0 0 0 0 ,0 0 0 0 2 8 2 0 0 0 0 0 0 0 0 ,0 0 0 0 3 6 4 0 0 0 0 0 0 0 0 ,
VornoiFreq:0.021307 0.0225791 0.0230561 0.0232151 0.0278264 0.0305295 0.0313245 0.0325966 0.0532676 0.062013 
AverageAreas:33.764 34.3797 34.434 32.91 32.4566 33.3609 33.7354 33.5059 33.1464 33.7862 
AreaStds:1.5271 1.68213 1.38678 1.45802 1.57536 1.4431 1.51537 1.50395 1.54406 1.59228 
AverageVolumes:15.2507 15.9218 16.0313 14.6404 14.6905 15.0048 15.3094 15.4052 14.9604 15.42 
VolumeStds:1.06191 1.21393 0.989886 0.986797 1.07205 0.991114 1.04851 1.06665 1.06252 1.08607 
Timestep:5285000
Temperature: 1075.9
Density: 7.31982
AverageArea: 33.9377
AreaStd: 1.69522
AverageVolume: 15.4589
VolumeStd: 1.18476
VornoiIndicies:0 0 0 0 3 6 5 0 0 0 0 0 0 0 0 ,0 0 0 1 3 4 4 1 0 0 0 0 0 0 0 ,0 0 0 0 2 8 4 0 0 0 0 0 0 0 0 ,0 0 0 0 2 8 1 0 0 0 0 0 0 0 0 ,0 0 0 0 0 12 0 0 0 0 0 0 0 0 0 ,0 0 0 1 2 6 3 1 0 0 0 0 0 0 0 ,0 0 0 0 3 6 3 0 0 0 0 0 0 0 0 ,0 0 0 0 1 10 2 0 0 0 0 0 0 0 0 ,0 0 0 0 2 8 2 0 0 0 0 0 0 0 0 ,0 0 0 0 3 6 4 0 0 0 0 0 0 0 0 ,
VornoiFreq:0.020512 0.0235332 0.0246462 0.0248052 0.0267133 0.0289394 0.0359358 0.0380029 0.0642391 0.0715535 
AverageAreas:34.4298 34.0663 33.8448 32.9838 32.628 33.7983 33.366 33.3194 33.0626 33.7683 
AreaStds:1.53801 1.45763 1.50631 1.61254 1.62529 1.57527 1.52113 1.56399 1.57118 1.47378 
AverageVolumes:15.9505 15.4523 15.6374 14.714 14.8161 15.3446 15.0424 15.3018 14.9041 15.4365 
VolumeStds:1.0711 1.02678 1.03502 1.07726 1.11249 1.094 1.03332 1.06521 1.06411 1.0147 
Timestep:5390000
Temperature: 1075.39
Density: 7.3012
AverageArea: 34.0066
AreaStd: 1.67008
AverageVolume: 15.5061
VolumeStd: 1.17128
VornoiIndicies:0 0 0 0 2 8 4 0 0 0 0 0 0 0 0 ,0 0 0 0 2 8 1 0 0 0 0 0 0 0 0 ,0 0 0 1 3 4 5 1 0 0 0 0 0 0 0 ,0 0 0 1 2 5 4 0 0 0 0 0 0 0 0 ,0 0 0 1 2 6 3 1 0 0 0 0 0 0 0 ,0 0 0 0 3 6 3 0 0 0 0 0 0 0 0 ,0 0 0 0 0 12 0 0 0 0 0 0 0 0 0 ,0 0 0 0 1 10 2 0 0 0 0 0 0 0 0 ,0 0 0 0 2 8 2 0 0 0 0 0 0 0 0 ,0 0 0 0 3 6 4 0 0 0 0 0 0 0 0 ,
VornoiFreq:0.021148 0.0216251 0.0216251 0.0238512 0.0298935 0.0308475 0.0324376 0.0395929 0.0570838 0.0672603 
AverageAreas:34.2298 33.0697 34.6488 33.5942 33.8276 33.5341 32.553 33.4643 33.0467 33.8032 
AreaStds:1.31417 1.5533 1.55627 1.54215 1.59639 1.43189 1.40207 1.42982 1.54728 1.4879 
AverageVolumes:15.8621 14.7725 15.9796 15.0782 15.3543 15.1241 14.7602 15.3724 14.9126 15.4745 
VolumeStds:0.906149 1.06929 1.10278 1.01646 1.09399 0.976929 0.939922 0.992851 1.05192 1.04584 
Timestep:5500000
Temperature: 1041.36
Density: 7.32024
AverageArea: 33.9198
AreaStd: 1.66527
AverageVolume: 15.4518
VolumeStd: 1.16264
VornoiIndicies:0 0 0 0 3 6 5 0 0 0 0 0 0 0 0 ,0 0 0 1 2 5 4 0 0 0 0 0 0 0 0 ,0 0 0 1 3 4 4 1 0 0 0 0 0 0 0 ,0 0 0 1 2 6 3 1 0 0 0 0 0 0 0 ,0 0 0 0 0 12 0 0 0 0 0 0 0 0 0 ,0 0 0 0 2 8 1 0 0 0 0 0 0 0 0 ,0 0 0 0 3 6 3 0 0 0 0 0 0 0 0 ,0 0 0 0 1 10 2 0 0 0 0 0 0 0 0 ,0 0 0 0 2 8 2 0 0 0 0 0 0 0 0 ,0 0 0 0 3 6 4 0 0 0 0 0 0 0 0 ,
VornoiFreq:0.0214661 0.0216251 0.0267133 0.0271903 0.0273493 0.0276674 0.0321196 0.0395929 0.0580378 0.0747337 
AverageAreas:34.1229 33.5502 34.0844 33.627 32.486 32.8504 33.3471 33.3083 33.0889 33.6491 
AreaStds:1.66407 1.33937 1.51659 1.60943 1.42314 1.55343 1.48526 1.39634 1.47636 1.54666 
AverageVolumes:15.7713 15.0801 15.4733 15.2684 14.7035 14.6157 15.0336 15.289 14.9284 15.3709 
VolumeStds:1.16858 0.93755 1.05259 1.10149 0.975571 1.04916 0.999632 0.970867 0.994585 1.08994 
Timestep:5605000
Temperature: 998.7
Density: 7.35727
AverageArea: 33.8087
AreaStd: 1.65812
AverageVolume: 15.3796
VolumeStd: 1.16179
VornoiIndicies:0 0 0 0 2 8 4 0 0 0 0 0 0 0 0 ,0 0 0 0 3 6 5 0 0 0 0 0 0 0 0 ,0 0 0 1 3 4 5 1 0 0 0 0 0 0 0 ,0 0 0 0 2 8 1 0 0 0 0 0 0 0 0 ,0 0 0 1 2 6 3 1 0 0 0 0 0 0 0 ,0 0 0 0 3 6 3 0 0 0 0 0 0 0 0 ,0 0 0 0 0 12 0 0 0 0 0 0 0 0 0 ,0 0 0 0 1 10 2 0 0 0 0 0 0 0 0 ,0 0 0 0 2 8 2 0 0 0 0 0 0 0 0 ,0 0 0 0 3 6 4 0 0 0 0 0 0 0 0 ,
VornoiFreq:0.0222611 0.0224201 0.0224201 0.0252822 0.0310065 0.0325966 0.0345047 0.0438862 0.061695 0.0704405 
AverageAreas:34.0337 34.1632 34.1345 32.905 33.5808 33.1191 32.6452 33.3429 33.0185 33.6016 
AreaStds:1.53522 1.52886 1.45394 1.39496 1.56715 1.45136 1.49671 1.43446 1.4616 1.51026 
AverageVolumes:15.7972 15.7919 15.6228 14.6659 15.1966 14.8805 14.8214 15.307 14.8953 15.3051 
VolumeStds:1.09027 1.10812 1.05184 0.930539 1.08021 1.00868 1.00571 0.995395 0.99318 1.05036 
Timestep:5715000
Temperature: 991.802
Density: 7.35917
AverageArea: 33.7665
AreaStd: 1.66448
AverageVolume: 15.3605
VolumeStd: 1.1512
VornoiIndicies:0 0 0 0 2 8 1 0 0 0 0 0 0 0 0 ,0 0 0 1 3 4 4 1 0 0 0 0 0 0 0 ,0 0 0 1 2 5 4 0 0 0 0 0 0 0 0 ,0 0 0 0 2 8 4 0 0 0 0 0 0 0 0 ,0 0 0 0 3 6 3 0 0 0 0 0 0 0 0 ,0 0 0 1 2 6 3 1 0 0 0 0 0 0 0 ,0 0 0 0 1 10 2 0 0 0 0 0 0 0 0 ,0 0 0 0 0 12 0 0 0 0 0 0 0 0 0 ,0 0 0 0 2 8 2 0 0 0 0 0 0 0 0 ,0 0 0 0 3 6 4 0 0 0 0 0 0 0 0 ,
VornoiFreq:0.0222611 0.0227381 0.0233741 0.0238512 0.0306885 0.0318016 0.0384799 0.041183 0.0667833 0.0667833 
AverageAreas:32.7692 33.8012 33.5037 33.8356 33.2469 33.5414 33.3086 32.3381 32.9896 33.6297 
AreaStds:1.31606 1.32749 1.49862 1.40977 1.52214 1.57965 1.42309 1.42545 1.50561 1.51483 
AverageVolumes:14.5808 15.2994 15.0333 15.6297 14.9687 15.1967 15.2855 14.6382 14.8774 15.3427 
VolumeStds:0.890939 0.913139 1.02524 0.977328 1.01988 1.08647 0.993281 0.957134 1.0226 1.03382 
Timestep:5820000
Temperature: 968.905
Density: 7.35291
AverageArea: 33.7486
AreaStd: 1.61987
AverageVolume: 15.3589
VolumeStd: 1.1247
VornoiIndicies:0 0 0 1 2 5 4 0 0 0 0 0 0 0 0 ,0 0 0 0 2 8 4 0 0 0 0 0 0 0 0 ,0 0 0 0 2 8 3 0 0 0 0 0 0 0 0 ,0 0 0 0 2 8 1 0 0 0 0 0 0 0 0 ,0 0 0 1 2 6 3 1 0 0 0 0 0 0 0 ,0 0 0 0 3 6 3 0 0 0 0 0 0 0 0 ,0 0 0 0 1 10 2 0 0 0 0 0 0 0 0 ,0 0 0 0 0 12 0 0 0 0 0 0 0 0 0 ,0 0 0 0 2 8 2 0 0 0 0 0 0 0 0 ,0 0 0 0 3 6 4 0 0 0 0 0 0 0 0 ,
VornoiFreq:0.020989 0.021148 0.021307 0.0243282 0.0324376 0.0345047 0.0472253 0.0518365 0.0634441 0.0737796 
AverageAreas:33.3058 33.8435 33.4078 32.6128 33.6339 33.4309 33.2673 32.3773 32.95 33.6644 
AreaStds:1.56984 1.55508 1.37638 1.52734 1.43501 1.4773 1.46378 1.40273 1.4999 1.54902 
AverageVolumes:14.9312 15.6598 15.2382 14.4673 15.2502 15.098 15.2661 14.649 14.8358 15.3876 
VolumeStds:1.05788 1.09594 0.952475 1.02967 0.984061 1.0011 1.01958 0.942589 1.02611 1.06871 
Timestep:5930000
Temperature: 956.45
Density: 7.39655
AverageArea: 33.6402
AreaStd: 1.60584
AverageVolume: 15.2909
VolumeStd: 1.11954
VornoiIndicies:0 0 0 1 2 5 4 0 0 0 0 0 0 0 0 ,0 0 0 0 2 8 3 0 0 0 0 0 0 0 0 ,0 0 0 0 2 8 4 0 0 0 0 0 0 0 0 ,0 0 0 0 2 8 1 0 0 0 0 0 0 0 0 ,0 0 0 1 2 6 3 1 0 0 0 0 0 0 0 ,0 0 0 0 3 6 3 0 0 0 0 0 0 0 0 ,0 0 0 0 1 10 2 0 0 0 0 0 0 0 0 ,0 0 0 0 0 12 0 0 0 0 0 0 0 0 0 ,0 0 0 0 2 8 2 0 0 0 0 0 0 0 0 ,0 0 0 0 3 6 4 0 0 0 0 0 0 0 0 ,
VornoiFreq:0.021307 0.0217841 0.0249642 0.0287804 0.0306885 0.0380029 0.0464303 0.0534266 0.0680553 0.0733026 
AverageAreas:33.2958 33.4477 33.8501 32.6196 33.4546 33.233 33.1488 32.4311 32.8848 33.5493 
AreaStds:1.30423 1.32557 1.43863 1.45158 1.46831 1.38453 1.46939 1.40777 1.44819 1.40492 
AverageVolumes:14.8976 15.2534 15.6853 14.477 15.1397 14.9588 15.1824 14.6964 14.8031 15.3115 
VolumeStds:0.86864 0.912452 1.00287 0.98173 1.0177 0.946351 1.0094 0.953677 0.986719 0.975553 
Timestep:6035000
Temperature: 929.181
Density: 7.38611
AverageArea: 33.6353
AreaStd: 1.62747
AverageVolume: 15.3043
VolumeStd: 1.1187
VornoiIndicies:0 0 0 1 2 5 4 0 0 0 0 0 0 0 0 ,0 0 0 1 0 9 3 0 0 0 0 0 0 0 0 ,0 0 0 0 2 8 1 0 0 0 0 0 0 0 0 ,0 0 0 0 2 8 4 0 0 0 0 0 0 0 0 ,0 0 0 1 2 6 3 1 0 0 0 0 0 0 0 ,0 0 0 0 3 6 3 0 0 0 0 0 0 0 0 ,0 0 0 0 1 10 2 0 0 0 0 0 0 0 0 ,0 0 0 0 0 12 0 0 0 0 0 0 0 0 0 ,0 0 0 0 2 8 2 0 0 0 0 0 0 0 0 ,0 0 0 0 3 6 4 0 0 0 0 0 0 0 0 ,
VornoiFreq:0.02083 0.0236922 0.0246462 0.0268723 0.0314835 0.0335506 0.0516775 0.0691684 0.0734616 0.0739386 
AverageAreas:33.2311 33.2694 32.7802 33.8352 33.6429 33.2001 33.1385 32.2844 32.9201 33.4943 
AreaStds:1.45056 1.47011 1.42746 1.51887 1.49617 1.44528 1.42595 1.45686 1.37093 1.3925 
AverageVolumes:14.8668 15.2327 14.6023 15.6518 15.29 14.9406 15.2035 14.6053 14.8398 15.2848 
VolumeStds:0.990381 0.997313 0.967281 1.06138 1.00834 1.0086 1.00377 0.968732 0.925997 0.955456 
Timestep:6145000
Temperature: 887.479
Density: 7.41125
AverageArea: 33.5555
AreaStd: 1.57432
AverageVolume: 15.2566
VolumeStd: 1.08296
VornoiIndicies:0 0 0 1 2 5 4 0 0 0 0 0 0 0 0 ,0 0 0 1 0 9 3 0 0 0 0 0 0 0 0 ,0 0 0 0 2 8 4 0 0 0 0 0 0 0 0 ,0 0 0 0 2 8 1 0 0 0 0 0 0 0 0 ,0 0 0 0 3 6 3 0 0 0 0 0 0 0 0 ,0 0 0 1 2 6 3 1 0 0 0 0 0 0 0 ,0 0 0 0 1 10 2 0 0 0 0 0 0 0 0 ,0 0 0 0 0 12 0 0 0 0 0 0 0 0 0 ,0 0 0 0 2 8 2 0 0 0 0 0 0 0 0 ,0 0 0 0 3 6 4 0 0 0 0 0 0 0 0 ,
VornoiFreq:0.021148 0.0230561 0.0284624 0.0292574 0.0329146 0.0341867 0.0559707 0.0702814 0.0721895 0.0769598 
AverageAreas:33.254 33.0416 33.8228 32.7037 33.2571 33.4884 33.1866 32.1214 32.8613 33.5623 
AreaStds:1.38478 1.38882 1.34062 1.51458 1.45923 1.43156 1.43505 1.42339 1.44066 1.4488 
AverageVolumes:14.8822 15.084 15.6661 14.5474 14.9689 15.2129 15.2212 14.4909 14.802 15.3205 
VolumeStds:0.924994 0.945017 0.939742 1.02834 0.98801 0.992721 0.992634 0.944388 0.963434 1.00393 
Timestep:6250000
Temperature: 902.733
Density: 7.42257
AverageArea: 33.4808
AreaStd: 1.59592
AverageVolume: 15.2238
VolumeStd: 1.09201
VornoiIndicies:0 0 0 0 2 8 3 0 0 0 0 0 0 0 0 ,0 0 0 0 2 8 4 0 0 0 0 0 0 0 0 ,0 0 0 1 0 9 3 0 0 0 0 0 0 0 0 ,0 0 0 0 2 8 1 0 0 0 0 0 0 0 0 ,0 0 0 1 2 6 3 1 0 0 0 0 0 0 0 ,0 0 0 0 3 6 3 0 0 0 0 0 0 0 0 ,0 0 0 0 1 10 2 0 0 0 0 0 0 0 0 ,0 0 0 0 3 6 4 0 0 0 0 0 0 0 0 ,0 0 0 0 2 8 2 0 0 0 0 0 0 0 0 ,0 0 0 0 0 12 0 0 0 0 0 0 0 0 0 ,
VornoiFreq:0.0225791 0.0235332 0.0241692 0.0270313 0.0314835 0.0338687 0.060264 0.0731436 0.0865002 0.0899984 
AverageAreas:33.298 34.0151 32.9723 32.8026 33.4023 33.2167 33.0241 33.3598 32.8302 32.2344 
AreaStds:1.49936 1.34858 1.34379 1.40082 1.48469 1.4553 1.39571 1.43042 1.39113 1.39299 
AverageVolumes:15.1938 15.8178 15.0679 14.6175 15.113 14.9541 15.1223 15.1971 14.7898 14.5765 
VolumeStds:1.03834 0.973717 0.92414 0.953114 1.00749 0.980266 0.95905 0.985315 0.934967 0.938197 
Timestep:6360000
Temperature: 851.027
Density: 7.44534
AverageArea: 33.3967
AreaStd: 1.58733
AverageVolume: 15.1716
VolumeStd: 1.07777
VornoiIndicies:0 0 0 0 2 8 4 0 0 0 0 0 0 0 0 ,0 0 0 1 2 5 4 0 0 0 0 0 0 0 0 ,0 0 0 0 3 6 3 0 0 0 0 0 0 0 0 ,0 0 0 1 0 9 3 0 0 0 0 0 0 0 0 ,0 0 0 0 2 8 1 0 0 0 0 0 0 0 0 ,0 0 0 1 2 6 3 1 0 0 0 0 0 0 0 ,0 0 0 0 1 10 2 0 0 0 0 0 0 0 0 ,0 0 0 0 3 6 4 0 0 0 0 0 0 0 0 ,0 0 0 0 2 8 2 0 0 0 0 0 0 0 0 ,0 0 0 0 0 12 0 0 0 0 0 0 0 0 0 ,
VornoiFreq:0.0241692 0.0252822 0.0268723 0.0281444 0.0332326 0.0338687 0.0674193 0.0680553 0.081094 0.0950867 
AverageAreas:33.6764 33.294 33.1087 32.8635 32.629 33.4076 32.9645 33.547 32.6902 32.031 
AreaStds:1.39406 1.40462 1.37448 1.19559 1.45526 1.5683 1.3583 1.32557 1.36052 1.4455 
AverageVolumes:15.5689 14.9035 14.9075 14.978 14.5156 15.1451 15.0816 15.3255 14.694 14.4545 
VolumeStds:0.967728 0.943851 0.93023 0.825292 0.977498 1.07835 0.928035 0.925654 0.912198 0.966775 
Timestep:6465000
Temperature: 859.9
Density: 7.44162
AverageArea: 33.3902
AreaStd: 1.561
AverageVolume: 15.1777
VolumeStd: 1.05819
VornoiIndicies:0 0 0 0 2 8 3 0 0 0 0 0 0 0 0 ,0 0 0 0 2 8 4 0 0 0 0 0 0 0 0 ,0 0 0 0 2 8 1 0 0 0 0 0 0 0 0 ,0 0 0 1 0 9 3 0 0 0 0 0 0 0 0 ,0 0 0 1 2 6 3 1 0 0 0 0 0 0 0 ,0 0 0 0 3 6 3 0 0 0 0 0 0 0 0 ,0 0 0 0 1 10 2 0 0 0 0 0 0 0 0 ,0 0 0 0 3 6 4 0 0 0 0 0 0 0 0 ,0 0 0 0 2 8 2 0 0 0 0 0 0 0 0 ,0 0 0 0 0 12 0 0 0 0 0 0 0 0 0 ,
VornoiFreq:0.0232151 0.0259183 0.0278264 0.0302115 0.0310065 0.0340277 0.060582 0.0686914 0.0833201 0.103037 
AverageAreas:33.2702 33.6248 32.6044 32.715 33.441 33.2679 32.9204 33.3748 32.904 32.0308 
AreaStds:1.21415 1.32571 1.36759 1.4195 1.58655 1.30435 1.44195 1.33101 1.42928 1.33006 
AverageVolumes:15.18 15.5374 14.4752 14.8918 15.1762 15.0215 15.0692 15.2026 14.8593 14.4673 
VolumeStds:0.868647 0.923325 0.922106 0.96986 1.08707 0.899397 0.97971 0.914457 0.971109 0.889696 
Timestep:6575000
Temperature: 817.462
Density: 7.46362
AverageArea: 33.2935
AreaStd: 1.54088
AverageVolume: 15.1233
VolumeStd: 1.05021
VornoiIndicies:0 0 0 0 2 8 3 0 0 0 0 0 0 0 0 ,0 0 0 1 0 9 3 0 0 0 0 0 0 0 0 ,0 0 0 1 2 6 3 1 0 0 0 0 0 0 0 ,0 0 0 0 2 8 4 0 0 0 0 0 0 0 0 ,0 0 0 0 2 8 1 0 0 0 0 0 0 0 0 ,0 0 0 0 3 6 3 0 0 0 0 0 0 0 0 ,0 0 0 0 1 10 2 0 0 0 0 0 0 0 0 ,0 0 0 0 3 6 4 0 0 0 0 0 0 0 0 ,0 0 0 0 2 8 2 0 0 0 0 0 0 0 0 ,0 0 0 0 0 12 0 0 0 0 0 0 0 0 0 ,
VornoiFreq:0.0241692 0.0257593 0.0287804 0.0290984 0.0303705 0.0314835 0.0640801 0.0648752 0.0877723 0.124662 
AverageAreas:33.0696 32.9103 33.3109 33.5575 32.7015 33.0431 33.073 33.4794 32.7935 32.0565 
AreaStds:1.29324 1.31245 1.48636 1.29182 1.32153 1.35332 1.40151 1.32405 1.35335 1.37142 
AverageVolumes:15.0543 15.0254 15.0953 15.5057 14.5509 14.8472 15.1738 15.2846 14.7837 14.4784 
VolumeStds:0.891353 0.88672 1.0164 0.925314 0.884187 0.904783 0.964427 0.92477 0.9195 0.923448 
Timestep:6680000
Temperature: 812.143
Density: 7.4733
AverageArea: 33.2801
AreaStd: 1.51951
AverageVolume: 15.1081
VolumeStd: 1.03451
VornoiIndicies:0 0 0 1 2 5 4 0 0 0 0 0 0 0 0 ,0 0 0 0 2 8 4 0 0 0 0 0 0 0 0 ,0 0 0 0 2 8 1 0 0 0 0 0 0 0 0 ,0 0 0 1 0 9 3 0 0 0 0 0 0 0 0 ,0 0 0 0 3 6 3 0 0 0 0 0 0 0 0 ,0 0 0 1 2 6 3 1 0 0 0 0 0 0 0 ,0 0 0 0 1 10 2 0 0 0 0 0 0 0 0 ,0 0 0 0 3 6 4 0 0 0 0 0 0 0 0 ,0 0 0 0 2 8 2 0 0 0 0 0 0 0 0 ,0 0 0 0 0 12 0 0 0 0 0 0 0 0 0 ,
VornoiFreq:0.0240102 0.0254412 0.0273493 0.0284624 0.0300525 0.0335506 0.0634441 0.0744156 0.0855462 0.105104 
AverageAreas:33.2428 33.5485 32.6239 32.5524 33.1921 33.2656 32.7878 33.4816 32.8074 32.2056 
AreaStds:1.42 1.28358 1.42311 1.38073 1.2891 1.31906 1.40895 1.33398 1.38726 1.3622 
AverageVolumes:14.8819 15.5091 14.5015 14.7914 14.9541 15.0808 14.9802 15.306 14.79 14.5839 
VolumeStds:0.973921 0.904802 0.946923 0.93984 0.882926 0.915524 0.95897 0.934271 0.935628 0.919043 
Timestep:6790000
Temperature: 790.8
Density: 7.49045
AverageArea: 33.2037
AreaStd: 1.51222
AverageVolume: 15.0686
VolumeStd: 1.02157
VornoiIndicies:0 0 0 0 2 8 3 0 0 0 0 0 0 0 0 ,0 0 0 0 2 8 4 0 0 0 0 0 0 0 0 ,0 0 0 1 0 9 3 0 0 0 0 0 0 0 0 ,0 0 0 0 2 8 1 0 0 0 0 0 0 0 0 ,0 0 0 0 3 6 3 0 0 0 0 0 0 0 0 ,0 0 0 1 2 6 3 1 0 0 0 0 0 0 0 ,0 0 0 0 1 10 2 0 0 0 0 0 0 0 0 ,0 0 0 0 3 6 4 0 0 0 0 0 0 0 0 ,0 0 0 0 2 8 2 0 0 0 0 0 0 0 0 ,0 0 0 0 0 12 0 0 0 0 0 0 0 0 0 ,
VornoiFreq:0.019876 0.0249642 0.0289394 0.0314835 0.0319606 0.0346637 0.0710765 0.0718715 0.0860232 0.12339 
AverageAreas:33.4269 33.4799 32.5539 32.6174 33.1119 33.2477 32.8613 33.307 32.6636 31.9863 
AreaStds:1.39518 1.24585 1.26346 1.39319 1.35502 1.42198 1.2494 1.25105 1.33047 1.35011 
AverageVolumes:15.2879 15.4458 14.7814 14.5082 14.9172 15.0612 15.0343 15.179 14.7036 14.4358 
VolumeStds:0.961439 0.863109 0.851105 0.931336 0.923599 0.960581 0.867929 0.862118 0.908499 0.909746 
Timestep:6895000
Temperature: 738.531
Density: 7.4857
AverageArea: 33.1933
AreaStd: 1.51834
AverageVolume: 15.0713
VolumeStd: 1.02644
VornoiIndicies:0 0 0 1 2 5 4 0 0 0 0 0 0 0 0 ,0 0 0 1 0 9 3 0 0 0 0 0 0 0 0 ,0 0 0 0 2 8 4 0 0 0 0 0 0 0 0 ,0 0 0 0 3 6 3 0 0 0 0 0 0 0 0 ,0 0 0 0 2 8 1 0 0 0 0 0 0 0 0 ,0 0 0 1 2 6 3 1 0 0 0 0 0 0 0 ,0 0 0 0 1 10 2 0 0 0 0 0 0 0 0 ,0 0 0 0 3 6 4 0 0 0 0 0 0 0 0 ,0 0 0 0 2 8 2 0 0 0 0 0 0 0 0 ,0 0 0 0 0 12 0 0 0 0 0 0 0 0 0 ,
VornoiFreq:0.02083 0.0279854 0.0289394 0.0302115 0.0316426 0.0327556 0.0701224 0.0758467 0.0960407 0.121959 
AverageAreas:33.4835 32.7461 33.7455 33.0515 32.7355 33.3724 32.7561 33.2559 32.7146 31.9775 
AreaStds:1.48498 1.3772 1.32685 1.4016 1.35468 1.46207 1.26751 1.27558 1.31236 1.33196 
AverageVolumes:15.0671 14.9132 15.6419 14.8729 14.5806 15.1547 14.9769 15.1508 14.7353 14.4383 
VolumeStds:1.00501 0.932811 0.923201 0.943606 0.911784 0.998963 0.876513 0.876646 0.882753 0.892148 
Timestep:7005000
Temperature: 742.222
Density: 7.48452
AverageArea: 33.199
AreaStd: 1.506
AverageVolume: 15.0805
VolumeStd: 1.01647
VornoiIndicies:0 0 0 0 2 8 3 0 0 0 0 0 0 0 0 ,0 0 0 0 2 8 4 0 0 0 0 0 0 0 0 ,0 0 0 0 2 8 1 0 0 0 0 0 0 0 0 ,0 0 0 1 0 9 3 0 0 0 0 0 0 0 0 ,0 0 0 1 2 6 3 1 0 0 0 0 0 0 0 ,0 0 0 0 3 6 3 0 0 0 0 0 0 0 0 ,0 0 0 0 3 6 4 0 0 0 0 0 0 0 0 ,0 0 0 0 1 10 2 0 0 0 0 0 0 0 0 ,0 0 0 0 2 8 2 0 0 0 0 0 0 0 0 ,0 0 0 0 0 12 0 0 0 0 0 0 0 0 0 ,
VornoiFreq:0.0248052 0.0278264 0.0283034 0.0298935 0.0319606 0.0372078 0.0709175 0.0726666 0.0903164 0.129432 
AverageAreas:33.1182 33.4266 32.6917 32.8241 33.325 33.147 33.3265 32.8936 32.6865 31.9524 
AreaStds:1.26624 1.42339 1.42798 1.34158 1.35055 1.32689 1.33553 1.24475 1.33533 1.29395 
AverageVolumes:15.0951 15.4352 14.5727 14.9828 15.0881 14.9403 15.2101 15.0606 14.7181 14.4258 
VolumeStds:0.879352 0.973941 0.971102 0.911604 0.922718 0.901356 0.923928 0.854552 0.911098 0.869532 
Timestep:7110000
Temperature: 708.759
Density: 7.49852
AverageArea: 33.1494
AreaStd: 1.50535
AverageVolume: 15.0443
VolumeStd: 1.0111
VornoiIndicies:0 0 0 0 2 8 3 0 0 0 0 0 0 0 0 ,0 0 0 0 2 8 4 0 0 0 0 0 0 0 0 ,0 0 0 1 0 9 3 0 0 0 0 0 0 0 0 ,0 0 0 0 3 6 3 0 0 0 0 0 0 0 0 ,0 0 0 1 2 6 3 1 0 0 0 0 0 0 0 ,0 0 0 0 2 8 1 0 0 0 0 0 0 0 0 ,0 0 0 0 1 10 2 0 0 0 0 0 0 0 0 ,0 0 0 0 3 6 4 0 0 0 0 0 0 0 0 ,0 0 0 0 2 8 2 0 0 0 0 0 0 0 0 ,0 0 0 0 0 12 0 0 0 0 0 0 0 0 0 ,
VornoiFreq:0.0236922 0.0252822 0.0276674 0.0297345 0.0310065 0.0327556 0.0739386 0.0780728 0.0922245 0.128319 
AverageAreas:32.9696 33.4591 32.6973 33.1373 33.3663 32.6883 32.7561 33.3437 32.6677 31.9146 
AreaStds:1.21913 1.25772 1.35751 1.40425 1.3293 1.30489 1.28198 1.32628 1.33861 1.28571 
AverageVolumes:14.9868 15.4486 14.8946 14.948 15.1587 14.5706 14.9845 15.2161 14.699 14.4016 
VolumeStds:0.836951 0.89602 0.929028 0.945439 0.907546 0.871058 0.873191 0.930263 0.89861 0.869365 
Timestep:7220000
Temperature: 713.389
Density: 7.50446
AverageArea: 33.1083
AreaStd: 1.48373
AverageVolume: 15.025
VolumeStd: 0.996409
VornoiIndicies:0 0 0 0 2 8 3 0 0 0 0 0 0 0 0 ,0 0 0 0 2 8 4 0 0 0 0 0 0 0 0 ,0 0 0 1 0 9 3 0 0 0 0 0 0 0 0 ,0 0 0 1 2 6 3 1 0 0 0 0 0 0 0 ,0 0 0 0 3 6 3 0 0 0 0 0 0 0 0 ,0 0 0 0 2 8 1 0 0 0 0 0 0 0 0 ,0 0 0 0 3 6 4 0 0 0 0 0 0 0 0 ,0 0 0 0 1 10 2 0 0 0 0 0 0 0 0 ,0 0 0 0 2 8 2 0 0 0 0 0 0 0 0 ,0 0 0 0 0 12 0 0 0 0 0 0 0 0 0 ,
VornoiFreq:0.0232151 0.0246462 0.0294164 0.0319606 0.0345047 0.0351407 0.0771188 0.0828431 0.0888854 0.140086 
AverageAreas:33.1317 33.5806 32.6485 33.1872 33.1701 32.6458 33.2299 32.6895 32.7499 31.9228 
AreaStds:1.34862 1.12704 1.32545 1.37262 1.2979 1.18984 1.34388 1.28939 1.37365 1.28798 
AverageVolumes:15.1085 15.5414 14.8564 15.019 14.9408 14.5347 15.1371 14.9326 14.7746 14.4055 
VolumeStds:0.938686 0.783656 0.902852 0.923143 0.875127 0.808831 0.923148 0.888503 0.930663 0.866698 
Timestep:7325000
Temperature: 681.882
Density: 7.51809
AverageArea: 33.0641
AreaStd: 1.50836
AverageVolume: 14.9978
VolumeStd: 1.01453
VornoiIndicies:0 0 0 1 2 6 2 1 0 0 0 0 0 0 0 ,0 0 0 0 2 8 4 0 0 0 0 0 0 0 0 ,0 0 0 1 0 9 3 0 0 0 0 0 0 0 0 ,0 0 0 0 3 6 3 0 0 0 0 0 0 0 0 ,0 0 0 0 2 8 1 0 0 0 0 0 0 0 0 ,0 0 0 1 2 6 3 1 0 0 0 0 0 0 0 ,0 0 0 0 1 10 2 0 0 0 0 0 0 0 0 ,0 0 0 0 3 6 4 0 0 0 0 0 0 0 0 ,0 0 0 0 2 8 2 0 0 0 0 0 0 0 0 ,0 0 0 0 0 12 0 0 0 0 0 0 0 0 0 ,
VornoiFreq:0.0214661 0.0243282 0.0290984 0.0325966 0.0332326 0.0359358 0.0737796 0.0748927 0.0939736 0.134839 
AverageAreas:32.7025 33.3957 32.4093 33.1255 32.6246 33.4461 32.8087 33.1792 32.5385 31.8684 
AreaStds:1.3562 1.30354 1.21485 1.27077 1.34582 1.36813 1.26858 1.39426 1.32852 1.38025 
AverageVolumes:14.5798 15.4216 14.7175 14.9457 14.5426 15.1925 15.0177 15.1234 14.6272 14.3727 
VolumeStds:0.896582 0.921027 0.827062 0.890629 0.918355 0.930833 0.861188 0.953148 0.901917 0.923625 
Timestep:7435000
Temperature: 647.895
Density: 7.52702
AverageArea: 33.0429
AreaStd: 1.49174
AverageVolume: 14.9868
VolumeStd: 1.00426
VornoiIndicies:0 0 0 0 2 8 4 0 0 0 0 0 0 0 0 ,0 0 0 0 2 8 3 0 0 0 0 0 0 0 0 ,0 0 0 1 0 9 3 0 0 0 0 0 0 0 0 ,0 0 0 0 3 6 3 0 0 0 0 0 0 0 0 ,0 0 0 0 2 8 1 0 0 0 0 0 0 0 0 ,0 0 0 1 2 6 3 1 0 0 0 0 0 0 0 ,0 0 0 0 3 6 4 0 0 0 0 0 0 0 0 ,0 0 0 0 1 10 2 0 0 0 0 0 0 0 0 ,0 0 0 0 2 8 2 0 0 0 0 0 0 0 0 ,0 0 0 0 0 12 0 0 0 0 0 0 0 0 0 ,
VornoiFreq:0.0233741 0.0238512 0.0284624 0.0325966 0.0337097 0.0357768 0.0737796 0.0801399 0.0946096 0.141517 
AverageAreas:33.588 32.9538 32.4589 33.0945 32.6616 33.2002 33.1714 32.7342 32.6435 31.8427 
AreaStds:1.21015 1.21266 1.34426 1.26185 1.22793 1.31831 1.39087 1.30098 1.27546 1.30885 
AverageVolumes:15.5196 14.9834 14.7375 14.9314 14.5437 15.0328 15.1099 14.9593 14.7005 14.3604 
VolumeStds:0.831347 0.826425 0.911676 0.858506 0.823588 0.884948 0.949965 0.887101 0.865054 0.871668 
Timestep:7540000
Temperature: 645.05
Density: 7.54546
AverageArea: 32.9648
AreaStd: 1.46896
AverageVolume: 14.9363
VolumeStd: 0.980372
VornoiIndicies:0 0 0 0 2 8 3 0 0 0 0 0 0 0 0 ,0 0 0 0 2 8 4 0 0 0 0 0 0 0 0 ,0 0 0 1 2 6 3 1 0 0 0 0 0 0 0 ,0 0 0 1 0 9 3 0 0 0 0 0 0 0 0 ,0 0 0 0 3 6 3 0 0 0 0 0 0 0 0 ,0 0 0 0 2 8 1 0 0 0 0 0 0 0 0 ,0 0 0 0 1 10 2 0 0 0 0 0 0 0 0 ,0 0 0 0 3 6 4 0 0 0 0 0 0 0 0 ,0 0 0 0 2 8 2 0 0 0 0 0 0 0 0 ,0 0 0 0 0 12 0 0 0 0 0 0 0 0 0 ,
VornoiFreq:0.021307 0.0260773 0.0268723 0.0297345 0.0346637 0.0352997 0.0769598 0.0861822 0.101129 0.148036 
AverageAreas:33.0569 33.2778 33.1676 32.5319 32.9458 32.5074 32.6604 33.1178 32.6041 31.7763 
AreaStds:1.34978 1.21916 1.25871 1.27832 1.38158 1.27359 1.31301 1.32884 1.24768 1.31408 
AverageVolumes:15.0582 15.3441 15.0089 14.797 14.8197 14.4737 14.9151 15.0691 14.6745 14.3148 
VolumeStds:0.936603 0.854613 0.877225 0.870208 0.931945 0.865523 0.895556 0.901432 0.837881 0.877025 
Timestep:7650000
Temperature: 610.733
Density: 7.53483
AverageArea: 32.9837
AreaStd: 1.47831
AverageVolume: 14.9546
VolumeStd: 0.988026
VornoiIndicies:0 0 0 0 2 8 3 0 0 0 0 0 0 0 0 ,0 0 0 0 2 8 4 0 0 0 0 0 0 0 0 ,0 0 0 1 0 9 3 0 0 0 0 0 0 0 0 ,0 0 0 0 3 6 3 0 0 0 0 0 0 0 0 ,0 0 0 0 2 8 1 0 0 0 0 0 0 0 0 ,0 0 0 1 2 6 3 1 0 0 0 0 0 0 0 ,0 0 0 0 3 6 4 0 0 0 0 0 0 0 0 ,0 0 0 0 1 10 2 0 0 0 0 0 0 0 0 ,0 0 0 0 2 8 2 0 0 0 0 0 0 0 0 ,0 0 0 0 0 12 0 0 0 0 0 0 0 0 0 ,
VornoiFreq:0.0238512 0.0278264 0.0313245 0.0330736 0.0348227 0.0372078 0.0720305 0.0764827 0.0989028 0.146128 
AverageAreas:32.9421 33.3113 32.5722 33.0223 32.5545 33.0945 33.167 32.5902 32.6343 31.7759 
AreaStds:1.30421 1.25728 1.28641 1.26509 1.3326 1.31679 1.2293 1.25724 1.39795 1.30074 
AverageVolumes:14.986 15.3465 14.8214 14.8425 14.4923 14.9592 15.1152 14.8593 14.7092 14.3216 
VolumeStds:0.882272 0.902788 0.873822 0.852307 0.900318 0.909014 0.85236 0.854639 0.951108 0.869686 
Timestep:7755000
Temperature: 603.183
Density: 7.5384
AverageArea: 32.9621
AreaStd: 1.46299
AverageVolume: 14.9394
VolumeStd: 0.978395
VornoiIndicies:0 0 0 0 2 8 3 0 0 0 0 0 0 0 0 ,0 0 0 0 2 8 4 0 0 0 0 0 0 0 0 ,0 0 0 1 0 9 3 0 0 0 0 0 0 0 0 ,0 0 0 1 2 6 3 1 0 0 0 0 0 0 0 ,0 0 0 0 3 6 3 0 0 0 0 0 0 0 0 ,0 0 0 0 2 8 1 0 0 0 0 0 0 0 0 ,0 0 0 0 3 6 4 0 0 0 0 0 0 0 0 ,0 0 0 0 1 10 2 0 0 0 0 0 0 0 0 ,0 0 0 0 2 8 2 0 0 0 0 0 0 0 0 ,0 0 0 0 0 12 0 0 0 0 0 0 0 0 0 ,
VornoiFreq:0.021307 0.0225791 0.0248052 0.0308475 0.0324376 0.0329146 0.0769598 0.081412 0.10256 0.154397 
AverageAreas:32.8117 33.3038 32.2903 33.2409 32.9484 32.5445 33.1308 32.6331 32.6636 31.8286 
AreaStds:1.38502 1.1688 1.27237 1.29561 1.25506 1.2384 1.25622 1.25976 1.32344 1.28592 
AverageVolumes:14.8768 15.3629 14.6342 15.0727 14.8301 14.4858 15.0924 14.9066 14.7147 14.354 
VolumeStds:0.92599 0.833401 0.859867 0.893115 0.856627 0.840191 0.852464 0.850597 0.888054 0.86008 
Timestep:7865000
Temperature: 574.354
Density: 7.55257
AverageArea: 32.9115
AreaStd: 1.46719
AverageVolume: 14.9092
VolumeStd: 0.977346
VornoiIndicies:0 0 0 0 2 8 3 0 0 0 0 0 0 0 0 ,0 0 0 0 2 8 4 0 0 0 0 0 0 0 0 ,0 0 0 1 0 9 3 0 0 0 0 0 0 0 0 ,0 0 0 0 3 6 3 0 0 0 0 0 0 0 0 ,0 0 0 1 2 6 3 1 0 0 0 0 0 0 0 ,0 0 0 0 2 8 1 0 0 0 0 0 0 0 0 ,0 0 0 0 3 6 4 0 0 0 0 0 0 0 0 ,0 0 0 0 1 10 2 0 0 0 0 0 0 0 0 ,0 0 0 0 2 8 2 0 0 0 0 0 0 0 0 ,0 0 0 0 0 12 0 0 0 0 0 0 0 0 0 ,
VornoiFreq:0.0238512 0.0262363 0.0310065 0.0318016 0.0335506 0.0351407 0.0772778 0.0861822 0.10256 0.147559 
AverageAreas:32.8026 33.3465 32.6156 32.9943 33.1764 32.6197 33.0542 32.5332 32.5891 31.7182 
AreaStds:1.34153 1.14388 1.21937 1.31651 1.26191 1.29005 1.26741 1.30082 1.31485 1.33129 
AverageVolumes:14.8658 15.3924 14.8488 14.8551 15.0268 14.5189 15.0407 14.8373 14.6726 14.2819 
VolumeStds:0.905289 0.805184 0.828348 0.903227 0.869349 0.868638 0.876392 0.870266 0.887071 0.891439 
Timestep:7970000
Temperature: 550.85
Density: 7.56177
AverageArea: 32.8718
AreaStd: 1.44184
AverageVolume: 14.8889
VolumeStd: 0.965537
VornoiIndicies:0 0 0 0 2 8 4 0 0 0 0 0 0 0 0 ,0 0 0 0 2 8 3 0 0 0 0 0 0 0 0 ,0 0 0 1 2 6 3 1 0 0 0 0 0 0 0 ,0 0 0 1 0 9 3 0 0 0 0 0 0 0 0 ,0 0 0 0 3 6 3 0 0 0 0 0 0 0 0 ,0 0 0 0 2 8 1 0 0 0 0 0 0 0 0 ,0 0 0 0 3 6 4 0 0 0 0 0 0 0 0 ,0 0 0 0 1 10 2 0 0 0 0 0 0 0 0 ,0 0 0 0 2 8 2 0 0 0 0 0 0 0 0 ,0 0 0 0 0 12 0 0 0 0 0 0 0 0 0 ,
VornoiFreq:0.0232151 0.0246462 0.0297345 0.0308475 0.0368898 0.0392749 0.0799809 0.0893624 0.0965177 0.147718 
AverageAreas:33.4201 32.8101 32.8799 32.3818 32.9463 32.4577 33.0773 32.6181 32.4936 31.7226 
AreaStds:1.36985 1.24401 1.20924 1.23169 1.28222 1.25765 1.30492 1.22367 1.26512 1.28889 
AverageVolumes:15.4832 14.9142 14.8275 14.7082 14.8249 14.4298 15.0492 14.8951 14.607 14.289 
VolumeStds:0.964789 0.854415 0.844212 0.840556 0.860296 0.84346 0.882582 0.833892 0.852701 0.860252 
Timestep:8080000
Temperature: 542.296
Density: 7.57876
AverageArea: 32.8136
AreaStd: 1.45496
AverageVolume: 14.8547
VolumeStd: 0.967692
VornoiIndicies:0 0 0 0 2 8 4 0 0 0 0 0 0 0 0 ,0 0 0 1 2 5 4 0 0 0 0 0 0 0 0 ,0 0 0 1 0 9 3 0 0 0 0 0 0 0 0 ,0 0 0 1 2 6 3 1 0 0 0 0 0 0 0 ,0 0 0 0 3 6 3 0 0 0 0 0 0 0 0 ,0 0 0 0 2 8 1 0 0 0 0 0 0 0 0 ,0 0 0 0 3 6 4 0 0 0 0 0 0 0 0 ,0 0 0 0 1 10 2 0 0 0 0 0 0 0 0 ,0 0 0 0 2 8 2 0 0 0 0 0 0 0 0 ,0 0 0 0 0 12 0 0 0 0 0 0 0 0 0 ,
VornoiFreq:0.0238512 0.0238512 0.0310065 0.0330736 0.0354587 0.0359358 0.0793449 0.0915885 0.101447 0.153602 
AverageAreas:33.2317 33.0306 32.4111 33.0201 32.9242 32.4725 33.0381 32.5063 32.4712 31.6704 
AreaStds:1.13961 1.34273 1.3602 1.28963 1.23676 1.28102 1.22218 1.18812 1.30036 1.32789 
AverageVolumes:15.3267 14.7831 14.7256 14.9406 14.8135 14.4453 15.0348 14.8197 14.596 14.2614 
VolumeStds:0.811385 0.923147 0.925407 0.868738 0.826618 0.851042 0.82246 0.809293 0.870963 0.884742 
Timestep:8185000
Temperature: 501.975
Density: 7.57909
AverageArea: 32.819
AreaStd: 1.43008
AverageVolume: 14.8549
VolumeStd: 0.959562
VornoiIndicies:0 0 0 0 2 8 3 0 0 0 0 0 0 0 0 ,0 0 0 0 2 8 4 0 0 0 0 0 0 0 0 ,0 0 0 1 0 9 3 0 0 0 0 0 0 0 0 ,0 0 0 0 3 6 3 0 0 0 0 0 0 0 0 ,0 0 0 1 2 6 3 1 0 0 0 0 0 0 0 ,0 0 0 0 2 8 1 0 0 0 0 0 0 0 0 ,0 0 0 0 3 6 4 0 0 0 0 0 0 0 0 ,0 0 0 0 1 10 2 0 0 0 0 0 0 0 0 ,0 0 0 0 2 8 2 0 0 0 0 0 0 0 0 ,0 0 0 0 0 12 0 0 0 0 0 0 0 0 0 ,
VornoiFreq:0.0227381 0.0235332 0.0270313 0.0330736 0.0341867 0.0383209 0.0782318 0.0841151 0.0961997 0.154874 
AverageAreas:32.7994 33.1927 32.2925 32.8624 32.8945 32.4881 33.1045 32.4298 32.5503 31.7283 
AreaStds:1.17281 1.29496 1.20528 1.32495 1.12466 1.21089 1.3069 1.25434 1.26606 1.29601 
AverageVolumes:14.906 15.2999 14.6361 14.7616 14.8595 14.4528 15.0724 14.7779 14.6501 14.296 
VolumeStds:0.822509 0.926454 0.815483 0.874289 0.781646 0.809714 0.910029 0.859312 0.850404 0.868565 
Timestep:8295000
Temperature: 498.3
Density: 7.58528
AverageArea: 32.7899
AreaStd: 1.45339
AverageVolume: 14.8405
VolumeStd: 0.964047
VornoiIndicies:0 0 0 0 2 8 4 0 0 0 0 0 0 0 0 ,0 0 0 0 2 8 3 0 0 0 0 0 0 0 0 ,0 0 0 1 2 6 3 1 0 0 0 0 0 0 0 ,0 0 0 1 0 9 3 0 0 0 0 0 0 0 0 ,0 0 0 0 3 6 3 0 0 0 0 0 0 0 0 ,0 0 0 0 2 8 1 0 0 0 0 0 0 0 0 ,0 0 0 0 3 6 4 0 0 0 0 0 0 0 0 ,0 0 0 0 2 8 2 0 0 0 0 0 0 0 0 ,0 0 0 0 1 10 2 0 0 0 0 0 0 0 0 ,0 0 0 0 0 12 0 0 0 0 0 0 0 0 0 ,
VornoiFreq:0.0227381 0.0243282 0.0281444 0.0286214 0.0362538 0.0381619 0.0790269 0.0896804 0.0923835 0.15551 
AverageAreas:32.9542 33.012 33.0539 32.4354 32.721 32.5058 32.9918 32.4914 32.4268 31.5985 
AreaStds:1.12469 1.28479 1.34198 1.3564 1.22643 1.25674 1.37086 1.27544 1.18711 1.31511 
AverageVolumes:15.1262 15.0686 14.9458 14.7676 14.6761 14.4585 14.9928 14.6181 14.7747 14.2157 
VolumeStds:0.765962 0.878313 0.891041 0.921225 0.848569 0.84034 0.928285 0.857956 0.799703 0.875912 
Timestep:8400000
Temperature: 468.721
Density: 7.59333
AverageArea: 32.758
AreaStd: 1.43745
AverageVolume: 14.8205
VolumeStd: 0.950046
VornoiIndicies:0 0 0 0 2 8 4 0 0 0 0 0 0 0 0 ,0 0 0 0 2 8 3 0 0 0 0 0 0 0 0 ,0 0 0 1 0 9 3 0 0 0 0 0 0 0 0 ,0 0 0 1 2 6 3 1 0 0 0 0 0 0 0 ,0 0 0 0 3 6 3 0 0 0 0 0 0 0 0 ,0 0 0 0 2 8 1 0 0 0 0 0 0 0 0 ,0 0 0 0 3 6 4 0 0 0 0 0 0 0 0 ,0 0 0 0 1 10 2 0 0 0 0 0 0 0 0 ,0 0 0 0 2 8 2 0 0 0 0 0 0 0 0 ,0 0 0 0 0 12 0 0 0 0 0 0 0 0 0 ,
VornoiFreq:0.021307 0.0221021 0.0271903 0.0278264 0.0306885 0.0419781 0.080776 0.0904754 0.104309 0.159803 
AverageAreas:33.219 32.7507 32.3913 32.9891 32.7831 32.4453 32.983 32.3742 32.4436 31.6428 
AreaStds:1.28002 1.32405 1.22592 1.29929 1.17076 1.28618 1.21928 1.19333 1.2571 1.3352 
AverageVolumes:15.3215 14.8701 14.705 14.9301 14.7251 14.4254 14.9965 14.7424 14.5847 14.2483 
VolumeStds:0.900106 0.904071 0.820009 0.867183 0.796331 0.859413 0.832016 0.801596 0.84546 0.89254 
Timestep:8510000
Temperature: 451.167
Density: 7.58903
AverageArea: 32.7702
AreaStd: 1.45234
AverageVolume: 14.8288
VolumeStd: 0.967803
VornoiIndicies:0 0 0 0 2 8 4 0 0 0 0 0 0 0 0 ,0 0 0 0 2 8 3 0 0 0 0 0 0 0 0 ,0 0 0 1 0 9 3 0 0 0 0 0 0 0 0 ,0 0 0 1 2 6 3 1 0 0 0 0 0 0 0 ,0 0 0 0 3 6 3 0 0 0 0 0 0 0 0 ,0 0 0 0 2 8 1 0 0 0 0 0 0 0 0 ,0 0 0 0 3 6 4 0 0 0 0 0 0 0 0 ,0 0 0 0 1 10 2 0 0 0 0 0 0 0 0 ,0 0 0 0 2 8 2 0 0 0 0 0 0 0 0 ,0 0 0 0 0 12 0 0 0 0 0 0 0 0 0 ,
VornoiFreq:0.0222611 0.0240102 0.0281444 0.0310065 0.0337097 0.0351407 0.0756877 0.0863412 0.100811 0.157736 
AverageAreas:33.1295 32.8446 32.3295 32.9399 32.7871 32.4022 32.9267 32.5642 32.5082 31.606 
AreaStds:1.29059 1.38143 1.31051 1.22557 1.22908 1.20849 1.29892 1.2257 1.27182 1.29304 
AverageVolumes:15.2417 14.9409 14.6817 14.8697 14.7263 14.387 14.9662 14.8697 14.6331 14.2186 
VolumeStds:0.882255 0.930683 0.885752 0.841501 0.831434 0.808808 0.889071 0.836362 0.858382 0.862533 
Timestep:8615000
Temperature: 435.787
Density: 7.60585
AverageArea: 32.7064
AreaStd: 1.43488
AverageVolume: 14.7884
VolumeStd: 0.950159
VornoiIndicies:0 0 0 0 2 8 3 0 0 0 0 0 0 0 0 ,0 0 0 1 0 9 3 0 0 0 0 0 0 0 0 ,0 0 0 0 2 8 4 0 0 0 0 0 0 0 0 ,0 0 0 1 2 6 3 1 0 0 0 0 0 0 0 ,0 0 0 0 2 8 1 0 0 0 0 0 0 0 0 ,0 0 0 0 3 6 3 0 0 0 0 0 0 0 0 ,0 0 0 0 3 6 4 0 0 0 0 0 0 0 0 ,0 0 0 0 1 10 2 0 0 0 0 0 0 0 0 ,0 0 0 0 2 8 2 0 0 0 0 0 0 0 0 ,0 0 0 0 0 12 0 0 0 0 0 0 0 0 0 ,
VornoiFreq:0.0236922 0.0273493 0.0276674 0.0316426 0.0348227 0.0380029 0.0788679 0.0861822 0.0993799 0.157577 
AverageAreas:32.643 32.2346 33.2305 32.7036 32.4557 32.7722 33.001 32.4509 32.4391 31.5346 
AreaStds:1.34496 1.26786 1.22192 1.21591 1.13308 1.20448 1.23533 1.24175 1.25957 1.31827 
AverageVolumes:14.8084 14.6056 15.3343 14.7291 14.4288 14.7291 15.0182 14.7964 14.5812 14.177 
VolumeStds:0.919197 0.85781 0.848225 0.818521 0.759594 0.79643 0.828801 0.830724 0.85037 0.870275 
Timestep:8725000
Temperature: 405.231
Density: 7.60535
AverageArea: 32.7108
AreaStd: 1.4195
AverageVolume: 14.7976
VolumeStd: 0.940768
VornoiIndicies:0 0 0 0 2 8 3 0 0 0 0 0 0 0 0 ,0 0 0 1 0 9 3 0 0 0 0 0 0 0 0 ,0 0 0 0 2 8 4 0 0 0 0 0 0 0 0 ,0 0 0 1 2 6 3 1 0 0 0 0 0 0 0 ,0 0 0 0 2 8 1 0 0 0 0 0 0 0 0 ,0 0 0 0 3 6 3 0 0 0 0 0 0 0 0 ,0 0 0 0 3 6 4 0 0 0 0 0 0 0 0 ,0 0 0 0 1 10 2 0 0 0 0 0 0 0 0 ,0 0 0 0 2 8 2 0 0 0 0 0 0 0 0 ,0 0 0 0 0 12 0 0 0 0 0 0 0 0 0 ,
VornoiFreq:0.0224201 0.0240102 0.0249642 0.0340277 0.0349817 0.0352997 0.081412 0.0934966 0.0971538 0.162347 
AverageAreas:32.7352 32.236 33.3044 32.9861 32.5009 32.7275 33.0201 32.4029 32.3793 31.5601 
AreaStds:1.23319 1.23766 1.23018 1.23974 1.14534 1.22283 1.28262 1.23072 1.19259 1.27531 
AverageVolumes:14.8631 14.6123 15.4073 14.9346 14.473 14.6864 15.0242 14.7678 14.5434 14.2041 
VolumeStds:0.833658 0.831584 0.855046 0.843362 0.781156 0.841047 0.871704 0.83135 0.801372 0.849485 
Timestep:8830000
Temperature: 393.273
Density: 7.61099
AverageArea: 32.687
AreaStd: 1.40185
AverageVolume: 14.783
VolumeStd: 0.926776
VornoiIndicies:0 0 0 0 2 8 3 0 0 0 0 0 0 0 0 ,0 0 0 1 2 5 4 0 0 0 0 0 0 0 0 ,0 0 0 1 0 9 3 0 0 0 0 0 0 0 0 ,0 0 0 1 2 6 3 1 0 0 0 0 0 0 0 ,0 0 0 0 3 6 3 0 0 0 0 0 0 0 0 ,0 0 0 0 2 8 1 0 0 0 0 0 0 0 0 ,0 0 0 0 3 6 4 0 0 0 0 0 0 0 0 ,0 0 0 0 1 10 2 0 0 0 0 0 0 0 0 ,0 0 0 0 2 8 2 0 0 0 0 0 0 0 0 ,0 0 0 0 0 12 0 0 0 0 0 0 0 0 0 ,
VornoiFreq:0.0248052 0.0252822 0.0273493 0.0273493 0.0329146 0.0386389 0.0796629 0.0884083 0.0961997 0.162665 
AverageAreas:32.799 32.994 32.2419 32.8242 32.7655 32.4184 32.874 32.3511 32.4083 31.5586 
AreaStds:1.20089 1.21213 1.33734 1.22683 1.27732 1.20731 1.25128 1.25087 1.17288 1.25889 
AverageVolumes:14.8884 14.773 14.6403 14.8081 14.7213 14.425 14.9318 14.7383 14.5738 14.1994 
VolumeStds:0.819587 0.820443 0.896844 0.850239 0.863292 0.805007 0.859498 0.847469 0.792796 0.83832 
Timestep:8940000
Temperature: 358.615
Density: 7.61218
AverageArea: 32.6678
AreaStd: 1.42051
AverageVolume: 14.7697
VolumeStd: 0.935435
VornoiIndicies:0 0 0 1 2 6 2 1 0 0 0 0 0 0 0 ,0 0 0 0 2 8 4 0 0 0 0 0 0 0 0 ,0 0 0 1 0 9 3 0 0 0 0 0 0 0 0 ,0 0 0 1 2 6 3 1 0 0 0 0 0 0 0 ,0 0 0 0 3 6 3 0 0 0 0 0 0 0 0 ,0 0 0 0 2 8 1 0 0 0 0 0 0 0 0 ,0 0 0 0 3 6 4 0 0 0 0 0 0 0 0 ,0 0 0 0 1 10 2 0 0 0 0 0 0 0 0 ,0 0 0 0 2 8 2 0 0 0 0 0 0 0 0 ,0 0 0 0 0 12 0 0 0 0 0 0 0 0 0 ,
VornoiFreq:0.0219431 0.0240102 0.0259183 0.0345047 0.0359358 0.041342 0.0782318 0.0904754 0.0950867 0.162188 
AverageAreas:32.35 33.0044 32.2573 32.9597 32.7045 32.4017 32.7617 32.2788 32.465 31.5559 
AreaStds:1.15498 1.1389 1.40775 1.36417 1.3797 1.2677 1.21827 1.20811 1.22462 1.30104 
AverageVolumes:14.3923 15.1661 14.6466 14.9078 14.6856 14.3926 14.8577 14.685 14.6091 14.201 
VolumeStds:0.764397 0.765529 0.955894 0.915172 0.923264 0.837503 0.822082 0.809787 0.828791 0.866323 
Timestep:9045000
Temperature: 349.312
Density: 7.63553
AverageArea: 32.6019
AreaStd: 1.40053
AverageVolume: 14.729
VolumeStd: 0.923981
VornoiIndicies:0 0 0 0 2 8 3 0 0 0 0 0 0 0 0 ,0 0 0 0 2 8 4 0 0 0 0 0 0 0 0 ,0 0 0 1 0 9 3 0 0 0 0 0 0 0 0 ,0 0 0 1 2 6 3 1 0 0 0 0 0 0 0 ,0 0 0 0 3 6 3 0 0 0 0 0 0 0 0 ,0 0 0 0 2 8 1 0 0 0 0 0 0 0 0 ,0 0 0 0 3 6 4 0 0 0 0 0 0 0 0 ,0 0 0 0 1 10 2 0 0 0 0 0 0 0 0 ,0 0 0 0 2 8 2 0 0 0 0 0 0 0 0 ,0 0 0 0 0 12 0 0 0 0 0 0 0 0 0 ,
VornoiFreq:0.0219431 0.0225791 0.0306885 0.0318016 0.0329146 0.0362538 0.0845921 0.0915885 0.0965177 0.16028 
AverageAreas:32.6035 33.2284 32.0909 32.6113 32.6675 32.2167 32.8481 32.2663 32.3471 31.4691 
AreaStds:1.23427 1.28352 1.24498 1.19334 1.30463 1.15413 1.19421 1.18502 1.17376 1.25557 
AverageVolumes:14.7725 15.3343 14.5264 14.6605 14.6682 14.2885 14.9028 14.6834 14.5348 14.1426 
VolumeStds:0.821473 0.888316 0.840791 0.816332 0.871986 0.770566 0.817326 0.802022 0.790116 0.833191 
Timestep:9155000
Temperature: 325.995
Density: 7.6424
AverageArea: 32.5625
AreaStd: 1.39611
AverageVolume: 14.7041
VolumeStd: 0.916247
VornoiIndicies:0 0 0 0 2 8 4 0 0 0 0 0 0 0 0 ,0 0 0 1 0 9 3 0 0 0 0 0 0 0 0 ,0 0 0 0 2 8 3 0 0 0 0 0 0 0 0 ,0 0 0 1 2 6 3 1 0 0 0 0 0 0 0 ,0 0 0 0 3 6 3 0 0 0 0 0 0 0 0 ,0 0 0 0 2 8 1 0 0 0 0 0 0 0 0 ,0 0 0 0 3 6 4 0 0 0 0 0 0 0 0 ,0 0 0 0 1 10 2 0 0 0 0 0 0 0 0 ,0 0 0 0 2 8 2 0 0 0 0 0 0 0 0 ,0 0 0 0 0 12 0 0 0 0 0 0 0 0 0 ,
VornoiFreq:0.0228971 0.0252822 0.0256003 0.0313245 0.0373668 0.039911 0.081412 0.0927015 0.101288 0.171887 
AverageAreas:33.0773 32.2551 32.7835 32.6282 32.6252 32.3631 32.8166 32.1876 32.3199 31.4629 
AreaStds:1.25376 1.27375 1.18203 1.23258 1.30418 1.22966 1.1845 1.22267 1.22395 1.26992 
AverageVolumes:15.2346 14.6464 14.898 14.6866 14.6243 14.3865 14.8876 14.6203 14.504 14.1409 
VolumeStds:0.881878 0.868013 0.801225 0.8201 0.869058 0.823304 0.797909 0.822675 0.821413 0.843633 
Timestep:9260000
Temperature: 295.514
Density: 7.64915
AverageArea: 32.5474
AreaStd: 1.3978
AverageVolume: 14.6974
VolumeStd: 0.91747
VornoiIndicies:0 0 0 0 2 8 3 0 0 0 0 0 0 0 0 ,0 0 0 1 0 9 3 0 0 0 0 0 0 0 0 ,0 0 0 0 2 8 4 0 0 0 0 0 0 0 0 ,0 0 0 1 2 6 3 1 0 0 0 0 0 0 0 ,0 0 0 0 3 6 3 0 0 0 0 0 0 0 0 ,0 0 0 0 2 8 1 0 0 0 0 0 0 0 0 ,0 0 0 0 3 6 4 0 0 0 0 0 0 0 0 ,0 0 0 0 1 10 2 0 0 0 0 0 0 0 0 ,0 0 0 0 2 8 2 0 0 0 0 0 0 0 0 ,0 0 0 0 0 12 0 0 0 0 0 0 0 0 0 ,
VornoiFreq:0.0246462 0.0260773 0.0263953 0.0286214 0.0333916 0.040388 0.081889 0.0934966 0.105899 0.165686 
AverageAreas:32.5942 32.042 33.1081 32.8388 32.681 32.3537 32.7719 32.2046 32.3413 31.4344 
AreaStds:1.11968 1.15518 1.23081 1.24764 1.27621 1.16598 1.20513 1.18289 1.23433 1.30646 
AverageVolumes:14.7646 14.501 15.2559 14.8353 14.6806 14.3841 14.8703 14.6434 14.5232 14.1253 
VolumeStds:0.753358 0.789833 0.866857 0.832282 0.859734 0.783937 0.816079 0.795395 0.821131 0.864915 
Timestep:9370000
Temperature: 291.8
Density: 7.64799
AverageArea: 32.5365
AreaStd: 1.39633
AverageVolume: 14.6945
VolumeStd: 0.915598
VornoiIndicies:0 0 0 0 2 8 4 0 0 0 0 0 0 0 0 ,0 0 0 0 2 8 3 0 0 0 0 0 0 0 0 ,0 0 0 1 0 9 3 0 0 0 0 0 0 0 0 ,0 0 0 1 2 6 3 1 0 0 0 0 0 0 0 ,0 0 0 0 3 6 3 0 0 0 0 0 0 0 0 ,0 0 0 0 2 8 1 0 0 0 0 0 0 0 0 ,0 0 0 0 3 6 4 0 0 0 0 0 0 0 0 ,0 0 0 0 1 10 2 0 0 0 0 0 0 0 0 ,0 0 0 0 2 8 2 0 0 0 0 0 0 0 0 ,0 0 0 0 0 12 0 0 0 0 0 0 0 0 0 ,
VornoiFreq:0.0238512 0.0252822 0.0263953 0.0283034 0.0359358 0.0426141 0.0839561 0.0925425 0.10733 0.166163 
AverageAreas:33.0419 32.658 32.0771 32.7284 32.7577 32.2815 32.7864 32.2278 32.2991 31.3911 
AreaStds:1.16095 1.22018 1.29801 1.26782 1.32208 1.19058 1.16127 1.22117 1.20761 1.22051 
AverageVolumes:15.2167 14.8176 14.5331 14.7666 14.7414 14.321 14.8744 14.6655 14.5001 14.101 
VolumeStds:0.825403 0.805352 0.886181 0.854223 0.889177 0.806404 0.787497 0.812956 0.806776 0.809739 
Timestep:9475000
Temperature: 253.044
Density: 7.65132
AverageArea: 32.5322
AreaStd: 1.38176
AverageVolume: 14.6912
VolumeStd: 0.908453
VornoiIndicies:0 0 0 0 2 8 3 0 0 0 0 0 0 0 0 ,0 0 0 0 2 8 4 0 0 0 0 0 0 0 0 ,0 0 0 1 0 9 3 0 0 0 0 0 0 0 0 ,0 0 0 1 2 6 3 1 0 0 0 0 0 0 0 ,0 0 0 0 3 6 3 0 0 0 0 0 0 0 0 ,0 0 0 0 2 8 1 0 0 0 0 0 0 0 0 ,0 0 0 0 3 6 4 0 0 0 0 0 0 0 0 ,0 0 0 0 1 10 2 0 0 0 0 0 0 0 0 ,0 0 0 0 2 8 2 0 0 0 0 0 0 0 0 ,0 0 0 0 0 12 0 0 0 0 0 0 0 0 0 ,
VornoiFreq:0.0238512 0.0238512 0.0271903 0.0319606 0.0327556 0.0373668 0.081253 0.0944506 0.103991 0.168548 
AverageAreas:32.55 32.9437 32.0722 32.8214 32.6513 32.2985 32.7293 32.2564 32.3496 31.3976 
AreaStds:1.30233 1.10172 1.36166 1.20912 1.24952 1.0909 1.18531 1.17389 1.20556 1.24615 
AverageVolumes:14.741 15.1591 14.5384 14.8351 14.6444 14.3469 14.8444 14.6766 14.5381 14.1049 
VolumeStds:0.87899 0.778685 0.917337 0.817135 0.83537 0.741769 0.795049 0.800781 0.819185 0.827769 
Timestep:9585000
Temperature: 251.983
Density: 7.65631
AverageArea: 32.502
AreaStd: 1.38099
AverageVolume: 14.6749
VolumeStd: 0.902628
VornoiIndicies:0 0 0 0 2 8 3 0 0 0 0 0 0 0 0 ,0 0 0 0 2 8 4 0 0 0 0 0 0 0 0 ,0 0 0 1 0 9 3 0 0 0 0 0 0 0 0 ,0 0 0 1 2 6 3 1 0 0 0 0 0 0 0 ,0 0 0 0 3 6 3 0 0 0 0 0 0 0 0 ,0 0 0 0 2 8 1 0 0 0 0 0 0 0 0 ,0 0 0 0 3 6 4 0 0 0 0 0 0 0 0 ,0 0 0 0 1 10 2 0 0 0 0 0 0 0 0 ,0 0 0 0 2 8 2 0 0 0 0 0 0 0 0 ,0 0 0 0 0 12 0 0 0 0 0 0 0 0 0 ,
VornoiFreq:0.0225791 0.0230561 0.0256003 0.0298935 0.0340277 0.0426141 0.0845921 0.0963587 0.106376 0.171251 
AverageAreas:32.6071 33.0743 31.9902 32.5985 32.554 32.3702 32.776 32.2185 32.2773 31.4059 
AreaStds:1.20347 1.13728 1.22723 1.16125 1.21223 1.24872 1.19745 1.18445 1.1686 1.26556 
AverageVolumes:14.7816 15.2124 14.4715 14.6724 14.5944 14.4019 14.8787 14.6619 14.4938 14.1169 
VolumeStds:0.794667 0.78835 0.82379 0.781613 0.80958 0.831842 0.814154 0.789419 0.78766 0.838414 
Timestep:9690000
Temperature: 218.858
Density: 7.66322
AverageArea: 32.4807
AreaStd: 1.36057
AverageVolume: 14.6617
VolumeStd: 0.890916
VornoiIndicies:0 0 0 0 2 8 3 0 0 0 0 0 0 0 0 ,0 0 0 0 2 8 4 0 0 0 0 0 0 0 0 ,0 0 0 1 0 9 3 0 0 0 0 0 0 0 0 ,0 0 0 1 2 6 3 1 0 0 0 0 0 0 0 ,0 0 0 0 3 6 3 0 0 0 0 0 0 0 0 ,0 0 0 0 2 8 1 0 0 0 0 0 0 0 0 ,0 0 0 0 3 6 4 0 0 0 0 0 0 0 0 ,0 0 0 0 1 10 2 0 0 0 0 0 0 0 0 ,0 0 0 0 2 8 2 0 0 0 0 0 0 0 0 ,0 0 0 0 0 12 0 0 0 0 0 0 0 0 0 ,
VornoiFreq:0.0228971 0.0275083 0.0281444 0.0297345 0.0310065 0.0395929 0.0874543 0.0925425 0.105263 0.171251 
AverageAreas:32.5265 32.9535 32.0304 32.6837 32.8474 32.2666 32.7565 32.177 32.3016 31.3632 
AreaStds:1.18874 1.16733 1.20553 1.15354 1.2096 1.23339 1.21554 1.10213 1.21061 1.21217 
AverageVolumes:14.7334 15.1634 14.4941 14.7214 14.7968 14.334 14.8602 14.631 14.5116 14.0877 
VolumeStds:0.817309 0.823495 0.808177 0.784736 0.812696 0.81228 0.827253 0.745825 0.81285 0.805289 
Timestep:9800000
Temperature: 201.188
Density: 7.66934
AverageArea: 32.4583
AreaStd: 1.37017
AverageVolume: 14.6477
VolumeStd: 0.896463
VornoiIndicies:0 0 0 0 2 8 3 0 0 0 0 0 0 0 0 ,0 0 0 0 2 8 4 0 0 0 0 0 0 0 0 ,0 0 0 1 0 9 3 0 0 0 0 0 0 0 0 ,0 0 0 1 2 6 3 1 0 0 0 0 0 0 0 ,0 0 0 0 3 6 3 0 0 0 0 0 0 0 0 ,0 0 0 0 2 8 1 0 0 0 0 0 0 0 0 ,0 0 0 0 3 6 4 0 0 0 0 0 0 0 0 ,0 0 0 0 1 10 2 0 0 0 0 0 0 0 0 ,0 0 0 0 2 8 2 0 0 0 0 0 0 0 0 ,0 0 0 0 0 12 0 0 0 0 0 0 0 0 0 ,
VornoiFreq:0.0241692 0.0241692 0.0271903 0.0306885 0.0311655 0.0373668 0.0830021 0.0950867 0.109238 0.171887 
AverageAreas:32.4445 32.9628 32.0427 32.689 32.5893 32.1964 32.6842 32.1671 32.2647 31.3479 
AreaStds:1.18811 1.14382 1.18048 1.15635 1.18104 1.15073 1.19006 1.19221 1.18447 1.2444 
AverageVolumes:14.6908 15.1919 14.497 14.747 14.6327 14.2896 14.8123 14.623 14.4799 14.0767 
VolumeStds:0.787291 0.823745 0.787476 0.782039 0.788147 0.769774 0.816329 0.808028 0.795091 0.822057 
Timestep:9905000
Temperature: 189.85
Density: 7.68577
AverageArea: 32.4028
AreaStd: 1.36512
AverageVolume: 14.6131
VolumeStd: 0.890066
VornoiIndicies:0 0 0 0 2 8 3 0 0 0 0 0 0 0 0 ,0 0 0 0 2 8 4 0 0 0 0 0 0 0 0 ,0 0 0 1 0 9 3 0 0 0 0 0 0 0 0 ,0 0 0 1 2 6 3 1 0 0 0 0 0 0 0 ,0 0 0 0 3 6 3 0 0 0 0 0 0 0 0 ,0 0 0 0 2 8 1 0 0 0 0 0 0 0 0 ,0 0 0 0 3 6 4 0 0 0 0 0 0 0 0 ,0 0 0 0 1 10 2 0 0 0 0 0 0 0 0 ,0 0 0 0 2 8 2 0 0 0 0 0 0 0 0 ,0 0 0 0 0 12 0 0 0 0 0 0 0 0 0 ,
VornoiFreq:0.0217841 0.0240102 0.0265543 0.0283034 0.0349817 0.04166 0.0920655 0.0961997 0.104627 0.173637 
AverageAreas:32.4425 32.8291 31.8639 32.6495 32.6313 32.2784 32.6505 32.1266 32.2119 31.2809 
AreaStds:1.23152 1.16957 1.20076 1.19956 1.27451 1.14355 1.18755 1.14503 1.18639 1.22772 
AverageVolumes:14.6855 15.0753 14.403 14.7071 14.6614 14.3334 14.793 14.5968 14.4514 14.0334 
VolumeStds:0.81878 0.807849 0.810367 0.800395 0.856173 0.756747 0.802691 0.76465 0.790203 0.812877 
Timestep:10015000
Temperature: 150.489
Density: 7.67719
AverageArea: 32.4243
AreaStd: 1.35276
AverageVolume: 14.6275
VolumeStd: 0.880243
VornoiIndicies:0 0 0 0 2 8 3 0 0 0 0 0 0 0 0 ,0 0 0 0 2 8 4 0 0 0 0 0 0 0 0 ,0 0 0 1 0 9 3 0 0 0 0 0 0 0 0 ,0 0 0 1 2 6 3 1 0 0 0 0 0 0 0 ,0 0 0 0 3 6 3 0 0 0 0 0 0 0 0 ,0 0 0 0 2 8 1 0 0 0 0 0 0 0 0 ,0 0 0 0 3 6 4 0 0 0 0 0 0 0 0 ,0 0 0 0 1 10 2 0 0 0 0 0 0 0 0 ,0 0 0 0 2 8 2 0 0 0 0 0 0 0 0 ,0 0 0 0 0 12 0 0 0 0 0 0 0 0 0 ,
VornoiFreq:0.0236922 0.0244872 0.0254412 0.0308475 0.0341867 0.0422961 0.0844331 0.0984258 0.106376 0.173637 
AverageAreas:32.3688 32.8241 31.993 32.6429 32.594 32.2381 32.6586 32.1318 32.2074 31.3171 
AreaStds:1.21598 1.15324 1.14055 1.1111 1.27392 1.21139 1.11204 1.1734 1.14794 1.23674 
AverageVolumes:14.6311 15.0857 14.4782 14.6939 14.6223 14.3138 14.7896 14.6011 14.4516 14.0618 
VolumeStds:0.818046 0.819241 0.774084 0.737072 0.860852 0.796875 0.742437 0.788437 0.765979 0.817699 
Timestep:10120000
Temperature: 148.566
Density: 7.69765
AverageArea: 32.3575
AreaStd: 1.35054
AverageVolume: 14.5879
VolumeStd: 0.879246
VornoiIndicies:0 0 0 0 2 8 3 0 0 0 0 0 0 0 0 ,0 0 0 0 2 8 4 0 0 0 0 0 0 0 0 ,0 0 0 1 0 9 3 0 0 0 0 0 0 0 0 ,0 0 0 1 2 6 3 1 0 0 0 0 0 0 0 ,0 0 0 0 3 6 3 0 0 0 0 0 0 0 0 ,0 0 0 0 2 8 1 0 0 0 0 0 0 0 0 ,0 0 0 0 3 6 4 0 0 0 0 0 0 0 0 ,0 0 0 0 1 10 2 0 0 0 0 0 0 0 0 ,0 0 0 0 2 8 2 0 0 0 0 0 0 0 0 ,0 0 0 0 0 12 0 0 0 0 0 0 0 0 0 ,
VornoiFreq:0.0243282 0.0267133 0.0287804 0.0306885 0.0351407 0.041501 0.0791859 0.0971538 0.105422 0.172205 
AverageAreas:32.3069 32.7597 31.8347 32.5537 32.523 32.2357 32.5596 32.0865 32.1625 31.2459 
AreaStds:1.17503 1.17833 1.11949 1.10527 1.12646 1.16705 1.14814 1.15348 1.17268 1.22484 
AverageVolumes:14.583 15.0187 14.3831 14.6512 14.5783 14.3092 14.7282 14.5746 14.4221 14.0192 
VolumeStds:0.774197 0.808241 0.746488 0.752761 0.752565 0.776409 0.772357 0.768263 0.784962 0.812343 
Timestep:10230000
Temperature: 113.121
Density: 7.68883
AverageArea: 32.3777
AreaStd: 1.34769
AverageVolume: 14.5989
VolumeStd: 0.875079
VornoiIndicies:0 0 0 0 2 8 4 0 0 0 0 0 0 0 0 ,0 0 0 0 2 8 3 0 0 0 0 0 0 0 0 ,0 0 0 1 0 9 3 0 0 0 0 0 0 0 0 ,0 0 0 1 2 6 3 1 0 0 0 0 0 0 0 ,0 0 0 0 3 6 3 0 0 0 0 0 0 0 0 ,0 0 0 0 2 8 1 0 0 0 0 0 0 0 0 ,0 0 0 0 3 6 4 0 0 0 0 0 0 0 0 ,0 0 0 0 1 10 2 0 0 0 0 0 0 0 0 ,0 0 0 0 2 8 2 0 0 0 0 0 0 0 0 ,0 0 0 0 0 12 0 0 0 0 0 0 0 0 0 ,
VornoiFreq:0.0232151 0.0241692 0.0256003 0.0298935 0.0327556 0.040388 0.0869773 0.0969948 0.108602 0.171728 
AverageAreas:32.6832 32.4543 31.8449 32.5514 32.4467 32.2545 32.6492 32.0715 32.1737 31.2846 
AreaStds:1.16237 1.16816 1.06584 1.17257 1.19092 1.12098 1.1426 1.14913 1.14916 1.23175 
AverageVolumes:15.0019 14.6866 14.3762 14.6479 14.531 14.3242 14.795 14.5624 14.4297 14.0448 
VolumeStds:0.825666 0.78917 0.706233 0.777944 0.799022 0.744763 0.772547 0.768264 0.763404 0.81552 
Timestep:10335000
Temperature: 99.6548
Density: 7.70469
AverageArea: 32.3302
AreaStd: 1.33513
AverageVolume: 14.5708
VolumeStd: 0.866951
VornoiIndicies:0 0 0 1 0 9 3 0 0 0 0 0 0 0 0 ,0 0 0 1 2 5 4 0 0 0 0 0 0 0 0 ,0 0 0 0 2 8 4 0 0 0 0 0 0 0 0 ,0 0 0 1 2 6 3 1 0 0 0 0 0 0 0 ,0 0 0 0 3 6 3 0 0 0 0 0 0 0 0 ,0 0 0 0 2 8 1 0 0 0 0 0 0 0 0 ,0 0 0 0 3 6 4 0 0 0 0 0 0 0 0 ,0 0 0 0 1 10 2 0 0 0 0 0 0 0 0 ,0 0 0 0 2 8 2 0 0 0 0 0 0 0 0 ,0 0 0 0 0 12 0 0 0 0 0 0 0 0 0 ,
VornoiFreq:0.0227381 0.0227381 0.0284624 0.0292574 0.0338687 0.040706 0.0866592 0.0979488 0.105581 0.175545 
AverageAreas:31.8028 32.668 32.7476 32.5428 32.395 32.1429 32.5819 31.9955 32.1307 31.2422 
AreaStds:1.21285 1.24262 1.20656 1.09637 1.18962 1.07407 1.12442 1.17107 1.10605 1.20549 
AverageVolumes:14.3677 14.5783 15.0166 14.6372 14.5111 14.2517 14.7439 14.5198 14.4037 14.0183 
VolumeStds:0.813451 0.837735 0.836666 0.737501 0.796691 0.715154 0.753507 0.784462 0.739449 0.797561 
Timestep:10445000
Temperature: 80.7317
Density: 7.70327
AverageArea: 32.3248
AreaStd: 1.33866
AverageVolume: 14.57
VolumeStd: 0.867453
VornoiIndicies:0 0 0 0 2 8 3 0 0 0 0 0 0 0 0 ,0 0 0 1 0 9 3 0 0 0 0 0 0 0 0 ,0 0 0 0 2 8 4 0 0 0 0 0 0 0 0 ,0 0 0 1 2 6 3 1 0 0 0 0 0 0 0 ,0 0 0 0 3 6 3 0 0 0 0 0 0 0 0 ,0 0 0 0 2 8 1 0 0 0 0 0 0 0 0 ,0 0 0 0 3 6 4 0 0 0 0 0 0 0 0 ,0 0 0 0 1 10 2 0 0 0 0 0 0 0 0 ,0 0 0 0 2 8 2 0 0 0 0 0 0 0 0 ,0 0 0 0 0 12 0 0 0 0 0 0 0 0 0 ,
VornoiFreq:0.0238512 0.0254412 0.0265543 0.0300525 0.0367308 0.0419781 0.081571 0.0981078 0.105104 0.177294 
AverageAreas:32.302 31.7562 32.6658 32.5681 32.5393 32.1932 32.6014 32.0296 32.1445 31.2441 
AreaStds:1.24547 1.07753 1.08909 1.08359 1.14573 1.1489 1.11519 1.13066 1.12974 1.251 
AverageVolumes:14.5812 14.3278 14.964 14.6711 14.6041 14.2859 14.7649 14.5441 14.4127 14.0237 
VolumeStds:0.829492 0.703413 0.780955 0.732263 0.770696 0.758705 0.749482 0.755572 0.750391 0.827329 
Timestep:10550000
Temperature: 50.1145
Density: 7.70551
AverageArea: 32.3185
AreaStd: 1.34013
AverageVolume: 14.566
VolumeStd: 0.869979
VornoiIndicies:0 0 0 0 2 8 3 0 0 0 0 0 0 0 0 ,0 0 0 1 0 9 3 0 0 0 0 0 0 0 0 ,0 0 0 0 2 8 4 0 0 0 0 0 0 0 0 ,0 0 0 1 2 6 3 1 0 0 0 0 0 0 0 ,0 0 0 0 3 6 3 0 0 0 0 0 0 0 0 ,0 0 0 0 2 8 1 0 0 0 0 0 0 0 0 ,0 0 0 0 3 6 4 0 0 0 0 0 0 0 0 ,0 0 0 0 1 10 2 0 0 0 0 0 0 0 0 ,0 0 0 0 2 8 2 0 0 0 0 0 0 0 0 ,0 0 0 0 0 12 0 0 0 0 0 0 0 0 0 ,
VornoiFreq:0.0232151 0.0248052 0.0268723 0.0318016 0.0338687 0.041342 0.0830021 0.0987438 0.105899 0.177771 
AverageAreas:32.4145 31.9311 32.7624 32.5194 32.5444 32.1624 32.553 32.0317 32.1342 31.2128 
AreaStds:1.18876 1.13513 1.17302 1.2348 1.27824 1.10935 1.13092 1.12838 1.11688 1.22574 
AverageVolumes:14.6605 14.4455 15.0306 14.6378 14.5991 14.2658 14.7254 14.5412 14.4154 14.0023 
VolumeStds:0.785643 0.74712 0.811268 0.819138 0.859765 0.737494 0.757475 0.754464 0.750933 0.812388 
Timestep:10660000
Temperature: 49.2063
Density: 7.71089
AverageArea: 32.3003
AreaStd: 1.33699
AverageVolume: 14.5549
VolumeStd: 0.86644
VornoiIndicies:0 0 0 1 0 9 3 0 0 0 0 0 0 0 0 ,0 0 0 0 2 8 3 0 0 0 0 0 0 0 0 ,0 0 0 0 2 8 4 0 0 0 0 0 0 0 0 ,0 0 0 1 2 6 3 1 0 0 0 0 0 0 0 ,0 0 0 0 3 6 3 0 0 0 0 0 0 0 0 ,0 0 0 0 2 8 1 0 0 0 0 0 0 0 0 ,0 0 0 0 3 6 4 0 0 0 0 0 0 0 0 ,0 0 0 0 1 10 2 0 0 0 0 0 0 0 0 ,0 0 0 0 2 8 2 0 0 0 0 0 0 0 0 ,0 0 0 0 0 12 0 0 0 0 0 0 0 0 0 ,
VornoiFreq:0.0238512 0.0244872 0.0251232 0.0308475 0.0341867 0.0422961 0.0841151 0.102083 0.105899 0.17952 
AverageAreas:31.8228 32.3275 32.7735 32.4367 32.4971 32.1776 32.5747 32.0208 32.1166 31.2124 
AreaStds:1.10102 1.19443 1.27301 1.12176 1.21006 1.11243 1.14862 1.12894 1.16043 1.21534 
AverageVolumes:14.371 14.5964 15.0319 14.5707 14.5819 14.2763 14.7454 14.5346 14.3959 14.0032 
VolumeStds:0.729258 0.795097 0.873487 0.750175 0.805514 0.739179 0.773992 0.755472 0.774977 0.803635 
Timestep:10765000
Temperature: 38.6993
Density: 7.71542
AverageArea: 32.2848
AreaStd: 1.33555
AverageVolume: 14.5453
VolumeStd: 0.865062
VornoiIndicies:0 0 0 0 2 8 3 0 0 0 0 0 0 0 0 ,0 0 0 0 2 8 4 0 0 0 0 0 0 0 0 ,0 0 0 1 0 9 3 0 0 0 0 0 0 0 0 ,0 0 0 1 2 6 3 1 0 0 0 0 0 0 0 ,0 0 0 0 3 6 3 0 0 0 0 0 0 0 0 ,0 0 0 0 2 8 1 0 0 0 0 0 0 0 0 ,0 0 0 0 3 6 4 0 0 0 0 0 0 0 0 ,0 0 0 0 1 10 2 0 0 0 0 0 0 0 0 ,0 0 0 0 2 8 2 0 0 0 0 0 0 0 0 ,0 0 0 0 0 12 0 0 0 0 0 0 0 0 0 ,
VornoiFreq:0.0241692 0.0246462 0.0249642 0.0290984 0.0365718 0.0421371 0.0801399 0.102242 0.104309 0.176022 
AverageAreas:32.3577 32.7528 31.7612 32.4525 32.4791 32.1329 32.5367 31.9766 32.1448 31.1861 
AreaStds:1.15061 1.14079 1.16377 1.0946 1.206 1.10916 1.10591 1.1379 1.15687 1.20917 
AverageVolumes:14.6194 15.0358 14.3348 14.5851 14.5653 14.2495 14.7278 14.5036 14.4181 13.9879 
VolumeStds:0.759968 0.802332 0.769973 0.712033 0.810004 0.732256 0.749329 0.757283 0.773258 0.800304 
Timestep:10875000
Temperature: 28.5989
Density: 7.71842
AverageArea: 32.2763
AreaStd: 1.3267
AverageVolume: 14.5401
VolumeStd: 0.859792
VornoiIndicies:0 0 0 1 0 9 3 0 0 0 0 0 0 0 0 ,0 0 0 0 2 8 3 0 0 0 0 0 0 0 0 ,0 0 0 0 2 8 4 0 0 0 0 0 0 0 0 ,0 0 0 1 2 6 3 1 0 0 0 0 0 0 0 ,0 0 0 0 3 6 3 0 0 0 0 0 0 0 0 ,0 0 0 0 2 8 1 0 0 0 0 0 0 0 0 ,0 0 0 0 3 6 4 0 0 0 0 0 0 0 0 ,0 0 0 0 1 10 2 0 0 0 0 0 0 0 0 ,0 0 0 0 2 8 2 0 0 0 0 0 0 0 0 ,0 0 0 0 0 12 0 0 0 0 0 0 0 0 0 ,
VornoiFreq:0.0224201 0.0238512 0.0260773 0.0283034 0.0351407 0.0419781 0.0852282 0.100016 0.10574 0.179043 
AverageAreas:31.6824 32.2808 32.6911 32.4666 32.4411 32.1055 32.5431 31.9726 32.1195 31.2019 
AreaStds:1.08882 1.148 1.17039 1.16566 1.2083 1.07755 1.12782 1.1364 1.13366 1.21577 
AverageVolumes:14.2863 14.5788 14.9825 14.5944 14.5379 14.2312 14.731 14.5008 14.4014 13.9984 
VolumeStds:0.733873 0.77455 0.815384 0.776324 0.81311 0.713586 0.753298 0.756394 0.761943 0.803572 
Timestep:10980000
Temperature: 17.9271
Density: 7.72072
AverageArea: 32.2665
AreaStd: 1.32737
AverageVolume: 14.5345
VolumeStd: 0.858572
VornoiIndicies:0 0 0 0 2 8 3 0 0 0 0 0 0 0 0 ,0 0 0 1 0 9 3 0 0 0 0 0 0 0 0 ,0 0 0 0 2 8 4 0 0 0 0 0 0 0 0 ,0 0 0 1 2 6 3 1 0 0 0 0 0 0 0 ,0 0 0 0 3 6 3 0 0 0 0 0 0 0 0 ,0 0 0 0 2 8 1 0 0 0 0 0 0 0 0 ,0 0 0 0 3 6 4 0 0 0 0 0 0 0 0 ,0 0 0 0 1 10 2 0 0 0 0 0 0 0 0 ,0 0 0 0 2 8 2 0 0 0 0 0 0 0 0 ,0 0 0 0 0 12 0 0 0 0 0 0 0 0 0 ,
VornoiFreq:0.0243282 0.0243282 0.0256003 0.0283034 0.0352997 0.04166 0.0850692 0.10097 0.108443 0.177612 
AverageAreas:32.3357 31.7829 32.6083 32.3817 32.5051 32.1211 32.5658 31.9679 32.1298 31.1627 
AreaStds:1.12221 1.15969 1.20215 1.13117 1.22667 1.05174 1.11629 1.1217 1.13756 1.20022 
AverageVolumes:14.6063 14.3547 14.9304 14.5325 14.582 14.2422 14.7454 14.5004 14.4067 13.9725 
VolumeStds:0.748481 0.765978 0.845262 0.737597 0.819128 0.695152 0.748501 0.745081 0.761414 0.793832 
Timestep:11090000
Temperature: 7.37755
Density: 7.723
AverageArea: 32.259
AreaStd: 1.32451
AverageVolume: 14.5296
VolumeStd: 0.857147
VornoiIndicies:0 0 0 0 2 8 3 0 0 0 0 0 0 0 0 ,0 0 0 1 0 9 3 0 0 0 0 0 0 0 0 ,0 0 0 0 2 8 4 0 0 0 0 0 0 0 0 ,0 0 0 1 2 6 3 1 0 0 0 0 0 0 0 ,0 0 0 0 3 6 3 0 0 0 0 0 0 0 0 ,0 0 0 0 2 8 1 0 0 0 0 0 0 0 0 ,0 0 0 0 3 6 4 0 0 0 0 0 0 0 0 ,0 0 0 0 1 10 2 0 0 0 0 0 0 0 0 ,0 0 0 0 2 8 2 0 0 0 0 0 0 0 0 ,0 0 0 0 0 12 0 0 0 0 0 0 0 0 0 ,
VornoiFreq:0.0244872 0.0244872 0.0270313 0.0302115 0.0341867 0.0419781 0.0833201 0.103037 0.107012 0.177135 
AverageAreas:32.3723 31.7721 32.6318 32.3245 32.4575 32.0873 32.5673 31.9647 32.1116 31.1601 
AreaStds:1.11205 1.10186 1.09844 1.09645 1.20536 1.06006 1.11864 1.12879 1.12946 1.19944 
AverageVolumes:14.6293 14.3424 14.9476 14.4909 14.55 14.2211 14.7455 14.4974 14.3949 13.9717 
VolumeStds:0.730583 0.730865 0.774435 0.732064 0.811887 0.70203 0.750335 0.750285 0.758699 0.792946 
Timestep:11195000
Temperature: 1.00484
Density: 7.72188
AverageArea: 32.262
AreaStd: 1.32563
AverageVolume: 14.5317
VolumeStd: 0.857792
VornoiIndicies:0 0 0 0 2 8 3 0 0 0 0 0 0 0 0 ,0 0 0 1 0 9 3 0 0 0 0 0 0 0 0 ,0 0 0 0 2 8 4 0 0 0 0 0 0 0 0 ,0 0 0 1 2 6 3 1 0 0 0 0 0 0 0 ,0 0 0 0 3 6 3 0 0 0 0 0 0 0 0 ,0 0 0 0 2 8 1 0 0 0 0 0 0 0 0 ,0 0 0 0 3 6 4 0 0 0 0 0 0 0 0 ,0 0 0 0 1 10 2 0 0 0 0 0 0 0 0 ,0 0 0 0 2 8 2 0 0 0 0 0 0 0 0 ,0 0 0 0 0 12 0 0 0 0 0 0 0 0 0 ,
VornoiFreq:0.0233741 0.0238512 0.0273493 0.0298935 0.0335506 0.0421371 0.0839561 0.102242 0.108443 0.176817 
AverageAreas:32.3016 31.7658 32.6273 32.4183 32.4311 32.1394 32.5489 31.9544 32.1196 31.1644 
AreaStds:1.09993 1.13623 1.14159 1.12156 1.22472 1.0857 1.11572 1.12947 1.13646 1.20033 
AverageVolumes:14.5883 14.345 14.9407 14.5607 14.5296 14.2562 14.7298 14.4907 14.3966 13.9747 
VolumeStds:0.729823 0.756726 0.802365 0.743796 0.829712 0.72073 0.746752 0.750338 0.759158 0.79355 
Timestep:11305000
Temperature: 0.98522
Density: 7.72172
AverageArea: 32.2623
AreaStd: 1.32579
AverageVolume: 14.5317
VolumeStd: 0.857884
VornoiIndicies:0 0 0 0 2 8 3 0 0 0 0 0 0 0 0 ,0 0 0 1 0 9 3 0 0 0 0 0 0 0 0 ,0 0 0 0 2 8 4 0 0 0 0 0 0 0 0 ,0 0 0 1 2 6 3 1 0 0 0 0 0 0 0 ,0 0 0 0 3 6 3 0 0 0 0 0 0 0 0 ,0 0 0 0 2 8 1 0 0 0 0 0 0 0 0 ,0 0 0 0 3 6 4 0 0 0 0 0 0 0 0 ,0 0 0 0 1 10 2 0 0 0 0 0 0 0 0 ,0 0 0 0 2 8 2 0 0 0 0 0 0 0 0 ,0 0 0 0 0 12 0 0 0 0 0 0 0 0 0 ,
VornoiFreq:0.0236922 0.0243282 0.0270313 0.0298935 0.0349817 0.0422961 0.0826841 0.103037 0.10733 0.176499 
AverageAreas:32.3384 31.7584 32.627 32.4056 32.5033 32.1177 32.5595 31.9702 32.1206 31.1637 
AreaStds:1.09243 1.13468 1.16778 1.10754 1.19032 1.07878 1.13078 1.1275 1.1285 1.1998 
AverageVolumes:14.6108 14.3369 14.9411 14.5448 14.5748 14.2414 14.738 14.5005 14.4016 13.9745 
VolumeStds:0.721901 0.748223 0.816877 0.737681 0.79893 0.713238 0.759564 0.748892 0.756564 0.793678 
Timestep:11410000
Temperature: 1.00636
Density: 7.7224
AverageArea: 32.2604
AreaStd: 1.32546
AverageVolume: 14.5307
VolumeStd: 0.857769
VornoiIndicies:0 0 0 0 2 8 3 0 0 0 0 0 0 0 0 ,0 0 0 1 0 9 3 0 0 0 0 0 0 0 0 ,0 0 0 0 2 8 4 0 0 0 0 0 0 0 0 ,0 0 0 1 2 6 3 1 0 0 0 0 0 0 0 ,0 0 0 0 3 6 3 0 0 0 0 0 0 0 0 ,0 0 0 0 2 8 1 0 0 0 0 0 0 0 0 ,0 0 0 0 3 6 4 0 0 0 0 0 0 0 0 ,0 0 0 0 1 10 2 0 0 0 0 0 0 0 0 ,0 0 0 0 2 8 2 0 0 0 0 0 0 0 0 ,0 0 0 0 0 12 0 0 0 0 0 0 0 0 0 ,
VornoiFreq:0.0240102 0.0244872 0.0265543 0.0290984 0.0345047 0.0424551 0.0826841 0.103832 0.108761 0.176022 
AverageAreas:32.3084 31.7353 32.6399 32.4173 32.4585 32.1354 32.5503 31.9754 32.0937 31.1672 
AreaStds:1.09395 1.13094 1.14047 1.10069 1.20394 1.09809 1.09694 1.13428 1.13575 1.20663 
AverageVolumes:14.5905 14.3217 14.9575 14.566 14.5527 14.2557 14.7342 14.5061 14.3822 13.9774 
VolumeStds:0.726253 0.753538 0.797824 0.733955 0.811399 0.727838 0.733062 0.753815 0.75873 0.797587 
