Timestep:770000
Temperature: 2025.58
Density: 6.85394
AverageArea: 35.9921
AreaStd: 2.31535
AverageVolume: 16.6279
VolumeStd: 1.68543
VornoiIndicies:0 0 0 0 3 6 5 0 0 0 0 0 0 0 0 ,0 0 0 1 3 5 3 2 0 0 0 0 0 0 0 ,0 0 0 0 4 5 4 1 0 0 0 0 0 0 0 ,0 0 0 1 3 4 5 1 0 0 0 0 0 0 0 ,0 0 0 0 4 4 5 0 0 0 0 0 0 0 0 ,0 0 0 0 2 8 2 0 0 0 0 0 0 0 0 ,0 0 0 1 2 6 3 1 0 0 0 0 0 0 0 ,0 0 0 1 3 4 4 1 0 0 0 0 0 0 0 ,0 0 0 0 3 6 3 0 0 0 0 0 0 0 0 ,0 0 0 0 3 6 4 0 0 0 0 0 0 0 0 ,
VornoiFreq:0.0128796 0.0130386 0.0131976 0.0147877 0.0152647 0.0165368 0.0174909 0.0182859 0.0233741 0.0337097 
AverageAreas:36.0321 36.0921 36.0555 35.9225 35.4799 34.8526 35.0833 35.2511 34.5427 35.0333 
AreaStds:2.15878 1.85726 1.86773 1.90415 1.85644 1.95953 2.05192 1.98909 2.02459 1.96576 
AverageVolumes:16.9491 16.7151 16.7709 16.6364 16.3332 15.9423 16.0323 16.0981 15.6482 16.1518 
VolumeStds:1.54909 1.29101 1.35265 1.33471 1.28186 1.31764 1.39181 1.38742 1.40574 1.40399 
Timestep:875000
Temperature: 1917.77
Density: 6.8853
AverageArea: 35.8354
AreaStd: 2.29555
AverageVolume: 16.5379
VolumeStd: 1.66849
VornoiIndicies:0 0 0 1 2 5 4 0 0 0 0 0 0 0 0 ,0 0 0 0 3 6 5 0 0 0 0 0 0 0 0 ,0 0 0 1 3 5 3 2 0 0 0 0 0 0 0 ,0 0 0 0 4 5 4 1 0 0 0 0 0 0 0 ,0 0 0 1 3 4 4 1 0 0 0 0 0 0 0 ,0 0 0 1 3 4 5 1 0 0 0 0 0 0 0 ,0 0 0 0 3 6 3 0 0 0 0 0 0 0 0 ,0 0 0 1 2 6 3 1 0 0 0 0 0 0 0 ,0 0 0 0 2 8 2 0 0 0 0 0 0 0 0 ,0 0 0 0 3 6 4 0 0 0 0 0 0 0 0 ,
VornoiFreq:0.0128796 0.0141517 0.0144697 0.0146287 0.0184449 0.0187629 0.019399 0.019399 0.020035 0.0316426 
AverageAreas:34.4298 35.7523 35.4101 35.6868 35.0709 35.763 34.6408 34.8481 34.4928 34.9854 
AreaStds:1.72536 1.99324 1.88695 2.01692 1.86582 1.8531 1.98507 2.01598 1.74023 1.88685 
AverageVolumes:15.5221 16.7317 16.3139 16.568 15.9848 16.5857 15.7069 15.8806 15.7289 16.1263 
VolumeStds:1.18851 1.41196 1.29642 1.41631 1.3029 1.32771 1.35606 1.38105 1.21886 1.33153 
Timestep:985000
Temperature: 1886.11
Density: 6.86197
AverageArea: 35.9097
AreaStd: 2.2979
AverageVolume: 16.5888
VolumeStd: 1.65933
VornoiIndicies:0 0 0 0 3 6 5 0 0 0 0 0 0 0 0 ,0 0 0 1 3 5 3 2 0 0 0 0 0 0 0 ,0 0 0 0 4 4 5 0 0 0 0 0 0 0 0 ,0 0 0 0 2 8 4 0 0 0 0 0 0 0 0 ,0 0 0 1 3 4 5 1 0 0 0 0 0 0 0 ,0 0 0 1 3 4 4 1 0 0 0 0 0 0 0 ,0 0 0 0 2 8 2 0 0 0 0 0 0 0 0 ,0 0 0 1 2 6 3 1 0 0 0 0 0 0 0 ,0 0 0 0 3 6 3 0 0 0 0 0 0 0 0 ,0 0 0 0 3 6 4 0 0 0 0 0 0 0 0 ,
VornoiFreq:0.0130386 0.0135157 0.0147877 0.0149467 0.0162188 0.020353 0.020671 0.0221021 0.0225791 0.0373668 
AverageAreas:36.1262 35.8674 35.5316 35.7118 35.8336 35.2557 34.592 35.0415 34.7649 35.0922 
AreaStds:2.12064 2.18155 2.11334 2.06302 2.23312 2.04984 1.78549 2.01006 1.92336 1.88052 
AverageVolumes:16.9915 16.672 16.3881 16.7741 16.6893 16.0956 15.7874 16.0222 15.7557 16.1684 
VolumeStds:1.60207 1.53755 1.47723 1.48211 1.60723 1.4111 1.27388 1.38565 1.35302 1.29945 
Timestep:1090000
Temperature: 1895
Density: 6.88663
AverageArea: 35.8205
AreaStd: 2.27001
AverageVolume: 16.5361
VolumeStd: 1.63668
VornoiIndicies:0 0 0 0 4 5 4 1 0 0 0 0 0 0 0 ,0 0 0 1 3 5 3 2 0 0 0 0 0 0 0 ,0 0 0 1 2 5 4 0 0 0 0 0 0 0 0 ,0 0 0 0 2 8 4 0 0 0 0 0 0 0 0 ,0 0 0 1 2 6 3 1 0 0 0 0 0 0 0 ,0 0 0 1 3 4 5 1 0 0 0 0 0 0 0 ,0 0 0 1 3 4 4 1 0 0 0 0 0 0 0 ,0 0 0 0 2 8 2 0 0 0 0 0 0 0 0 ,0 0 0 0 3 6 3 0 0 0 0 0 0 0 0 ,0 0 0 0 3 6 4 0 0 0 0 0 0 0 0 ,
VornoiFreq:0.0135157 0.0141517 0.0144697 0.0147877 0.0149467 0.0178089 0.0186039 0.0217841 0.0221021 0.0322786 
AverageAreas:35.6733 35.7846 34.5181 35.8719 35.1444 35.9503 35.1405 34.1671 34.5092 34.846 
AreaStds:1.92645 1.90822 2.00524 1.96121 2.05907 2.08112 1.93554 1.86214 1.97092 2.01594 
AverageVolumes:16.5552 16.5963 15.5488 16.8933 16.1221 16.6758 16.0527 15.497 15.6554 16.0264 
VolumeStds:1.4055 1.34769 1.34978 1.39945 1.40238 1.47649 1.34281 1.28168 1.35236 1.4534 
Timestep:1200000
Temperature: 1893.56
Density: 6.90579
AverageArea: 35.7634
AreaStd: 2.22558
AverageVolume: 16.4884
VolumeStd: 1.60332
VornoiIndicies:0 0 0 0 4 5 4 1 0 0 0 0 0 0 0 ,0 0 0 0 3 6 5 0 0 0 0 0 0 0 0 ,0 0 0 0 2 8 4 0 0 0 0 0 0 0 0 ,0 0 0 1 3 5 3 2 0 0 0 0 0 0 0 ,0 0 0 1 3 4 5 1 0 0 0 0 0 0 0 ,0 0 0 1 3 4 4 1 0 0 0 0 0 0 0 ,0 0 0 1 2 6 3 1 0 0 0 0 0 0 0 ,0 0 0 0 2 8 2 0 0 0 0 0 0 0 0 ,0 0 0 0 3 6 3 0 0 0 0 0 0 0 0 ,0 0 0 0 3 6 4 0 0 0 0 0 0 0 0 ,
VornoiFreq:0.0128796 0.0138337 0.0144697 0.0146287 0.0162188 0.0163778 0.0168548 0.020194 0.0244872 0.0389569 
AverageAreas:35.9539 35.6598 35.4684 35.4559 35.8574 34.8966 34.9 34.3279 34.3597 34.9686 
AreaStds:1.8287 1.75408 2.02753 1.76848 1.92511 1.86662 1.63152 1.81427 1.88217 1.93556 
AverageVolumes:16.7002 16.7272 16.6255 16.3188 16.6848 15.8765 15.9487 15.6128 15.5259 16.0797 
VolumeStds:1.3333 1.30044 1.41946 1.2716 1.35598 1.26243 1.14039 1.23035 1.29374 1.36325 
Timestep:1305000
Temperature: 1829.05
Density: 6.91158
AverageArea: 35.7407
AreaStd: 2.22102
AverageVolume: 16.4898
VolumeStd: 1.60697
VornoiIndicies:0 0 0 0 2 8 4 0 0 0 0 0 0 0 0 ,0 0 0 0 4 4 6 0 0 0 0 0 0 0 0 ,0 0 0 0 4 4 4 0 0 0 0 0 0 0 0 ,0 0 0 0 4 5 4 1 0 0 0 0 0 0 0 ,0 0 0 1 3 4 4 1 0 0 0 0 0 0 0 ,0 0 0 0 2 8 2 0 0 0 0 0 0 0 0 ,0 0 0 1 3 4 5 1 0 0 0 0 0 0 0 ,0 0 0 0 3 6 3 0 0 0 0 0 0 0 0 ,0 0 0 1 2 6 3 1 0 0 0 0 0 0 0 ,0 0 0 0 3 6 4 0 0 0 0 0 0 0 0 ,
VornoiFreq:0.0136747 0.0144697 0.0146287 0.0146287 0.0182859 0.0187629 0.019558 0.019717 0.020035 0.0351407 
AverageAreas:35.9577 35.6215 34.2683 36.2723 35.1358 34.112 35.7383 34.5826 35.336 34.7527 
AreaStds:1.94162 1.97432 1.65334 1.901 2.0003 1.71501 1.85957 1.92398 1.86687 1.75008 
AverageVolumes:16.9857 16.6034 15.4362 16.9813 16.0577 15.4594 16.6075 15.7092 16.2367 15.9356 
VolumeStds:1.38193 1.39934 1.18422 1.40204 1.41193 1.14677 1.29569 1.30067 1.26752 1.20582 
Timestep:1415000
Temperature: 1804.98
Density: 6.92941
AverageArea: 35.6316
AreaStd: 2.2221
AverageVolume: 16.4218
VolumeStd: 1.6049
VornoiIndicies:0 0 0 1 3 4 5 1 0 0 0 0 0 0 0 ,0 0 0 1 3 5 2 2 0 0 0 0 0 0 0 ,0 0 0 0 4 4 6 0 0 0 0 0 0 0 0 ,0 0 0 0 3 6 5 0 0 0 0 0 0 0 0 ,0 0 0 0 4 5 4 1 0 0 0 0 0 0 0 ,0 0 0 0 2 8 2 0 0 0 0 0 0 0 0 ,0 0 0 1 2 6 3 1 0 0 0 0 0 0 0 ,0 0 0 1 3 4 4 1 0 0 0 0 0 0 0 ,0 0 0 0 3 6 3 0 0 0 0 0 0 0 0 ,0 0 0 0 3 6 4 0 0 0 0 0 0 0 0 ,
VornoiFreq:0.0139927 0.0139927 0.0146287 0.0147877 0.0152647 0.019717 0.019876 0.0219431 0.0248052 0.0359358 
AverageAreas:35.595 34.8913 35.8256 35.3737 35.7834 34.2693 34.9637 34.9949 34.4572 34.6695 
AreaStds:1.76782 1.88801 1.99396 1.64543 2.01649 2.00313 1.97043 2.10231 1.85939 1.8571 
AverageVolumes:16.4546 15.8262 16.7106 16.4608 16.6232 15.5771 16.019 15.933 15.6049 15.8927 
VolumeStds:1.22607 1.29393 1.45838 1.15213 1.45549 1.36303 1.3543 1.46333 1.28027 1.28985 
Timestep:1520000
Temperature: 1790.32
Density: 6.9439
AverageArea: 35.5737
AreaStd: 2.18955
AverageVolume: 16.3841
VolumeStd: 1.58525
VornoiIndicies:0 0 0 1 3 5 3 2 0 0 0 0 0 0 0 ,0 0 0 0 4 4 6 0 0 0 0 0 0 0 0 ,0 0 0 0 4 5 4 1 0 0 0 0 0 0 0 ,0 0 0 0 3 6 5 0 0 0 0 0 0 0 0 ,0 0 0 1 3 4 5 1 0 0 0 0 0 0 0 ,0 0 0 1 3 4 4 1 0 0 0 0 0 0 0 ,0 0 0 0 2 8 2 0 0 0 0 0 0 0 0 ,0 0 0 0 3 6 3 0 0 0 0 0 0 0 0 ,0 0 0 1 2 6 3 1 0 0 0 0 0 0 0 ,0 0 0 0 3 6 4 0 0 0 0 0 0 0 0 ,
VornoiFreq:0.0131976 0.0136747 0.0144697 0.0149467 0.0186039 0.020989 0.0222611 0.0225791 0.0251232 0.04007 
AverageAreas:35.6703 35.7015 35.7034 35.4514 35.4478 34.8329 33.9309 34.5917 34.8481 34.6779 
AreaStds:1.73395 2.11065 1.7133 1.85748 1.78737 1.81721 1.65173 1.91501 1.87878 1.92405 
AverageVolumes:16.5351 16.6915 16.5647 16.5392 16.3349 15.8469 15.3509 15.688 15.9179 15.9158 
VolumeStds:1.22798 1.54505 1.24135 1.28836 1.22777 1.29394 1.12774 1.31814 1.29248 1.36653 
Timestep:1630000
Temperature: 1791.03
Density: 6.96471
AverageArea: 35.453
AreaStd: 2.13571
AverageVolume: 16.2956
VolumeStd: 1.54069
VornoiIndicies:0 0 0 1 3 5 3 2 0 0 0 0 0 0 0 ,0 0 0 0 4 4 4 0 0 0 0 0 0 0 0 ,0 0 0 0 3 6 5 0 0 0 0 0 0 0 0 ,0 0 0 0 4 5 4 1 0 0 0 0 0 0 0 ,0 0 0 1 3 4 5 1 0 0 0 0 0 0 0 ,0 0 0 1 2 6 3 1 0 0 0 0 0 0 0 ,0 0 0 1 3 4 4 1 0 0 0 0 0 0 0 ,0 0 0 0 2 8 2 0 0 0 0 0 0 0 0 ,0 0 0 0 3 6 3 0 0 0 0 0 0 0 0 ,0 0 0 0 3 6 4 0 0 0 0 0 0 0 0 ,
VornoiFreq:0.0136747 0.0138337 0.0168548 0.0170138 0.019558 0.020194 0.020512 0.020671 0.0238512 0.0367308 
AverageAreas:35.4133 34.2482 35.5325 35.843 35.4321 34.8738 35.0868 34.0742 34.2252 34.819 
AreaStds:1.83628 1.55883 1.91342 1.91875 1.85324 1.62138 1.92339 1.78347 1.79774 1.90425 
AverageVolumes:16.3756 15.4196 16.57 16.6918 16.3853 15.934 16.0019 15.4451 15.4478 15.9892 
VolumeStds:1.33741 1.0782 1.40353 1.38278 1.35874 1.113 1.30494 1.20629 1.27 1.3033 
Timestep:1735000
Temperature: 1785.23
Density: 6.95656
AverageArea: 35.5029
AreaStd: 2.19202
AverageVolume: 16.3435
VolumeStd: 1.5735
VornoiIndicies:0 0 0 0 2 8 4 0 0 0 0 0 0 0 0 ,0 0 0 0 4 4 4 0 0 0 0 0 0 0 0 ,0 0 0 1 3 5 3 2 0 0 0 0 0 0 0 ,0 0 0 0 4 4 5 0 0 0 0 0 0 0 0 ,0 0 0 1 2 6 3 1 0 0 0 0 0 0 0 ,0 0 0 1 3 4 5 1 0 0 0 0 0 0 0 ,0 0 0 1 3 4 4 1 0 0 0 0 0 0 0 ,0 0 0 0 2 8 2 0 0 0 0 0 0 0 0 ,0 0 0 0 3 6 3 0 0 0 0 0 0 0 0 ,0 0 0 0 3 6 4 0 0 0 0 0 0 0 0 ,
VornoiFreq:0.0138337 0.0139927 0.0141517 0.0165368 0.0192399 0.019717 0.02083 0.021148 0.0236922 0.0370488 
AverageAreas:35.2361 34.3584 35.4959 34.7812 34.8518 35.3004 34.9259 34.0356 34.1084 34.6792 
AreaStds:1.87592 2.02406 1.75579 1.89548 1.71101 2.00591 1.95625 1.8336 1.88026 1.82011 
AverageVolumes:16.4971 15.529 16.3849 15.8844 15.8868 16.2883 15.8902 15.4549 15.3865 15.9164 
VolumeStds:1.31324 1.40692 1.25888 1.32386 1.19496 1.40153 1.38054 1.25246 1.27387 1.26743 
Timestep:1845000
Temperature: 1754.08
Density: 6.96729
AverageArea: 35.4894
AreaStd: 2.15531
AverageVolume: 16.3259
VolumeStd: 1.549
VornoiIndicies:0 0 0 1 3 5 2 2 0 0 0 0 0 0 0 ,0 0 0 1 3 5 3 2 0 0 0 0 0 0 0 ,0 0 0 0 3 6 5 0 0 0 0 0 0 0 0 ,0 0 0 1 2 5 4 0 0 0 0 0 0 0 0 ,0 0 0 1 3 4 4 1 0 0 0 0 0 0 0 ,0 0 0 1 2 6 3 1 0 0 0 0 0 0 0 ,0 0 0 1 3 4 5 1 0 0 0 0 0 0 0 ,0 0 0 0 2 8 2 0 0 0 0 0 0 0 0 ,0 0 0 0 3 6 3 0 0 0 0 0 0 0 0 ,0 0 0 0 3 6 4 0 0 0 0 0 0 0 0 ,
VornoiFreq:0.0131976 0.0136747 0.0139927 0.0146287 0.0165368 0.019876 0.0225791 0.0249642 0.0254412 0.0370488 
AverageAreas:34.6653 35.3841 35.5642 34.2664 34.4282 34.8541 35.3971 34.1634 34.0859 34.8824 
AreaStds:2.04779 1.62714 1.93895 1.983 1.86394 1.94093 1.7917 1.89962 1.6887 1.78593 
AverageVolumes:15.7215 16.2986 16.6234 15.4024 15.5408 15.8895 16.3626 15.5024 15.3541 16.068 
VolumeStds:1.42045 1.16927 1.38319 1.37323 1.26117 1.35684 1.27331 1.30364 1.14588 1.2546 
Timestep:1950000
Temperature: 1699.23
Density: 6.97478
AverageArea: 35.4385
AreaStd: 2.10839
AverageVolume: 16.3092
VolumeStd: 1.5205
VornoiIndicies:0 0 0 0 1 10 2 0 0 0 0 0 0 0 0 ,0 0 0 0 3 6 5 0 0 0 0 0 0 0 0 ,0 0 0 0 4 4 4 0 0 0 0 0 0 0 0 ,0 0 0 0 4 4 5 0 0 0 0 0 0 0 0 ,0 0 0 1 2 6 3 1 0 0 0 0 0 0 0 ,0 0 0 1 3 4 4 1 0 0 0 0 0 0 0 ,0 0 0 1 3 4 5 1 0 0 0 0 0 0 0 ,0 0 0 0 2 8 2 0 0 0 0 0 0 0 0 ,0 0 0 0 3 6 3 0 0 0 0 0 0 0 0 ,0 0 0 0 3 6 4 0 0 0 0 0 0 0 0 ,
VornoiFreq:0.0144697 0.0149467 0.0149467 0.0149467 0.0186039 0.019558 0.020353 0.0227381 0.0254412 0.0376848 
AverageAreas:35.0454 35.7114 34.5209 34.6921 34.8803 34.601 35.4297 34.1842 34.0813 34.9985 
AreaStds:1.94883 1.71629 1.70117 1.70463 1.64601 1.65108 1.90401 1.95353 1.60447 1.83497 
AverageVolumes:16.3347 16.697 15.6217 15.8294 15.9414 15.688 16.4436 15.5751 15.3679 16.1438 
VolumeStds:1.35554 1.21432 1.19136 1.17584 1.11122 1.17384 1.36643 1.36684 1.11301 1.30827 
Timestep:2060000
Temperature: 1720.78
Density: 6.9952
AverageArea: 35.3568
AreaStd: 2.13442
AverageVolume: 16.249
VolumeStd: 1.53641
VornoiIndicies:0 0 0 0 4 4 6 0 0 0 0 0 0 0 0 ,0 0 0 0 2 8 4 0 0 0 0 0 0 0 0 ,0 0 0 0 4 4 4 0 0 0 0 0 0 0 0 ,0 0 0 0 3 6 5 0 0 0 0 0 0 0 0 ,0 0 0 1 2 6 3 1 0 0 0 0 0 0 0 ,0 0 0 1 3 4 4 1 0 0 0 0 0 0 0 ,0 0 0 1 3 4 5 1 0 0 0 0 0 0 0 ,0 0 0 0 2 8 2 0 0 0 0 0 0 0 0 ,0 0 0 0 3 6 3 0 0 0 0 0 0 0 0 ,0 0 0 0 3 6 4 0 0 0 0 0 0 0 0 ,
VornoiFreq:0.0136747 0.0146287 0.0149467 0.0166958 0.0166958 0.0184449 0.0192399 0.0230561 0.0244872 0.0372078 
AverageAreas:35.6106 35.0732 34.0923 35.6615 34.7907 34.764 35.4753 34.1078 34.2658 34.6614 
AreaStds:1.91715 1.64659 1.6601 1.67739 1.80743 1.84026 1.91509 1.68471 1.75089 1.88187 
AverageVolumes:16.6124 16.3532 15.3383 16.7161 15.9254 15.8135 16.4521 15.4665 15.4878 15.9305 
VolumeStds:1.38896 1.15216 1.14623 1.2039 1.27325 1.28591 1.35069 1.1736 1.19592 1.29534 
Timestep:2165000
Temperature: 1680.67
Density: 7.01828
AverageArea: 35.2634
AreaStd: 2.05028
AverageVolume: 16.1952
VolumeStd: 1.47545
VornoiIndicies:0 0 0 0 4 4 6 0 0 0 0 0 0 0 0 ,0 0 0 0 2 8 4 0 0 0 0 0 0 0 0 ,0 0 0 0 4 4 4 0 0 0 0 0 0 0 0 ,0 0 0 0 1 10 2 0 0 0 0 0 0 0 0 ,0 0 0 1 3 4 5 1 0 0 0 0 0 0 0 ,0 0 0 1 3 4 4 1 0 0 0 0 0 0 0 ,0 0 0 1 2 6 3 1 0 0 0 0 0 0 0 ,0 0 0 0 3 6 3 0 0 0 0 0 0 0 0 ,0 0 0 0 2 8 2 0 0 0 0 0 0 0 0 ,0 0 0 0 3 6 4 0 0 0 0 0 0 0 0 ,
VornoiFreq:0.0149467 0.0152647 0.0165368 0.0168548 0.019717 0.020194 0.020671 0.0228971 0.0254412 0.04007 
AverageAreas:35.3849 35.3304 34.1522 34.2707 35.519 34.6512 34.6876 34.1544 33.8415 34.7576 
AreaStds:1.78505 1.78262 1.95718 1.61318 2.04393 1.97984 1.76098 1.92238 1.84695 1.79686 
AverageVolumes:16.4071 16.574 15.3521 15.8075 16.4275 15.6967 15.8439 15.4178 15.3116 15.965 
VolumeStds:1.24451 1.28985 1.36499 1.1231 1.45828 1.37063 1.24303 1.29733 1.27248 1.25562 
Timestep:2275000
Temperature: 1648.63
Density: 6.9788
AverageArea: 35.4143
AreaStd: 2.10408
AverageVolume: 16.2956
VolumeStd: 1.51194
VornoiIndicies:0 0 0 1 2 5 4 0 0 0 0 0 0 0 0 ,0 0 0 0 4 4 6 0 0 0 0 0 0 0 0 ,0 0 0 1 3 5 3 2 0 0 0 0 0 0 0 ,0 0 0 0 4 4 5 0 0 0 0 0 0 0 0 ,0 0 0 1 3 4 4 1 0 0 0 0 0 0 0 ,0 0 0 1 2 6 3 1 0 0 0 0 0 0 0 ,0 0 0 1 3 4 5 1 0 0 0 0 0 0 0 ,0 0 0 0 3 6 3 0 0 0 0 0 0 0 0 ,0 0 0 0 2 8 2 0 0 0 0 0 0 0 0 ,0 0 0 0 3 6 4 0 0 0 0 0 0 0 0 ,
VornoiFreq:0.0136747 0.0143107 0.0151057 0.0162188 0.021148 0.021307 0.021307 0.0238512 0.0244872 0.0383209 
AverageAreas:34.2832 35.8206 35.1575 34.567 34.6847 34.6206 35.6052 34.1292 33.963 34.8415 
AreaStds:1.55276 1.84214 1.77305 1.81939 1.93326 1.81396 1.76734 1.86906 1.81419 1.82685 
AverageVolumes:15.4044 16.7763 16.1617 15.7505 15.7449 15.7182 16.5272 15.4059 15.3478 16.016 
VolumeStds:1.03879 1.32591 1.28203 1.23422 1.3442 1.24436 1.23431 1.24209 1.20144 1.2878 
Timestep:2380000
Temperature: 1625.86
Density: 7.01012
AverageArea: 35.2495
AreaStd: 2.05592
AverageVolume: 16.1928
VolumeStd: 1.46811
VornoiIndicies:0 0 0 0 3 6 5 0 0 0 0 0 0 0 0 ,0 0 0 0 4 4 4 0 0 0 0 0 0 0 0 ,0 0 0 1 2 5 4 0 0 0 0 0 0 0 0 ,0 0 0 0 4 4 5 0 0 0 0 0 0 0 0 ,0 0 0 1 3 4 5 1 0 0 0 0 0 0 0 ,0 0 0 1 2 6 3 1 0 0 0 0 0 0 0 ,0 0 0 1 3 4 4 1 0 0 0 0 0 0 0 ,0 0 0 0 3 6 3 0 0 0 0 0 0 0 0 ,0 0 0 0 2 8 2 0 0 0 0 0 0 0 0 ,0 0 0 0 3 6 4 0 0 0 0 0 0 0 0 ,
VornoiFreq:0.0141517 0.0141517 0.0144697 0.0152647 0.0171728 0.02083 0.0222611 0.0267133 0.0268723 0.0419781 
AverageAreas:35.6856 34.1103 33.9204 34.7593 35.3316 34.718 34.9411 34.0633 34.0428 34.7072 
AreaStds:1.90714 1.73739 1.68683 1.71204 1.76498 1.7795 1.72911 1.79853 1.7823 1.76745 
AverageVolumes:16.785 15.3769 15.2002 15.8938 16.3359 15.8619 15.9307 15.3846 15.4539 15.9707 
VolumeStds:1.40988 1.16253 1.13726 1.14978 1.25834 1.21977 1.20347 1.23939 1.22436 1.25971 
Timestep:2490000
Temperature: 1574.03
Density: 7.02403
AverageArea: 35.1907
AreaStd: 2.08658
AverageVolume: 16.159
VolumeStd: 1.49278
VornoiIndicies:0 0 0 0 1 10 2 0 0 0 0 0 0 0 0 ,0 0 0 0 4 4 4 0 0 0 0 0 0 0 0 ,0 0 0 0 2 8 4 0 0 0 0 0 0 0 0 ,0 0 0 1 3 4 5 1 0 0 0 0 0 0 0 ,0 0 0 0 3 6 5 0 0 0 0 0 0 0 0 ,0 0 0 1 3 4 4 1 0 0 0 0 0 0 0 ,0 0 0 1 2 6 3 1 0 0 0 0 0 0 0 ,0 0 0 0 2 8 2 0 0 0 0 0 0 0 0 ,0 0 0 0 3 6 3 0 0 0 0 0 0 0 0 ,0 0 0 0 3 6 4 0 0 0 0 0 0 0 0 ,
VornoiFreq:0.0151057 0.0151057 0.0171728 0.0176499 0.019876 0.0219431 0.0222611 0.0251232 0.0271903 0.0461123 
AverageAreas:34.2913 34.5579 35.2774 35.2799 35.6245 35.0719 34.319 33.9273 34.0711 34.6257 
AreaStds:1.70973 1.80839 2.10179 1.81681 1.86469 1.80832 1.81843 1.70981 1.7324 1.89884 
AverageVolumes:15.8703 15.6248 16.5473 16.2881 16.7097 15.9733 15.5585 15.3905 15.3733 15.9156 
VolumeStds:1.19699 1.22467 1.46406 1.26893 1.36181 1.25027 1.28405 1.16205 1.17589 1.30275 
Timestep:2595000
Temperature: 1612.51
Density: 7.03347
AverageArea: 35.1777
AreaStd: 2.06491
AverageVolume: 16.1571
VolumeStd: 1.48227
VornoiIndicies:0 0 0 0 2 8 1 0 0 0 0 0 0 0 0 ,0 0 0 1 3 4 5 1 0 0 0 0 0 0 0 ,0 0 0 0 3 6 5 0 0 0 0 0 0 0 0 ,0 0 0 0 4 4 5 0 0 0 0 0 0 0 0 ,0 0 0 0 2 8 4 0 0 0 0 0 0 0 0 ,0 0 0 1 3 4 4 1 0 0 0 0 0 0 0 ,0 0 0 1 2 6 3 1 0 0 0 0 0 0 0 ,0 0 0 0 3 6 3 0 0 0 0 0 0 0 0 ,0 0 0 0 2 8 2 0 0 0 0 0 0 0 0 ,0 0 0 0 3 6 4 0 0 0 0 0 0 0 0 ,
VornoiFreq:0.0165368 0.0165368 0.0171728 0.0171728 0.0178089 0.019399 0.020512 0.0230561 0.0260773 0.0469073 
AverageAreas:33.2662 35.3847 35.2873 34.606 35.3455 34.5699 34.689 33.9717 33.9216 34.6536 
AreaStds:1.80843 1.72457 1.96432 1.93476 1.88122 1.69966 1.79209 1.68637 1.80713 1.91028 
AverageVolumes:14.7974 16.4167 16.4653 15.7688 16.592 15.6513 15.8733 15.3113 15.3725 15.9044 
VolumeStds:1.22148 1.22258 1.38073 1.34479 1.37496 1.17672 1.21556 1.1371 1.2181 1.33406 
Timestep:2705000
Temperature: 1548.07
Density: 7.07252
AverageArea: 35.0051
AreaStd: 2.03534
AverageVolume: 16.0377
VolumeStd: 1.4551
VornoiIndicies:0 0 0 0 3 6 5 0 0 0 0 0 0 0 0 ,0 0 0 1 2 5 4 0 0 0 0 0 0 0 0 ,0 0 0 0 2 8 4 0 0 0 0 0 0 0 0 ,0 0 0 1 3 4 5 1 0 0 0 0 0 0 0 ,0 0 0 0 4 4 5 0 0 0 0 0 0 0 0 ,0 0 0 1 3 4 4 1 0 0 0 0 0 0 0 ,0 0 0 0 3 6 3 0 0 0 0 0 0 0 0 ,0 0 0 1 2 6 3 1 0 0 0 0 0 0 0 ,0 0 0 0 2 8 2 0 0 0 0 0 0 0 0 ,0 0 0 0 3 6 4 0 0 0 0 0 0 0 0 ,
VornoiFreq:0.0155828 0.0160598 0.0162188 0.0171728 0.0179679 0.020035 0.0268723 0.0281444 0.0305295 0.040547 
AverageAreas:35.2821 34.1127 35.277 35.2141 34.3928 34.3731 33.8993 34.4593 33.9161 34.4246 
AreaStds:1.85885 1.75491 2.10391 1.62263 1.68536 1.5688 1.74398 1.64445 1.93268 1.79193 
AverageVolumes:16.4419 15.3293 16.5185 16.2561 15.6929 15.5173 15.2846 15.6947 15.4014 15.788 
VolumeStds:1.28739 1.18053 1.45656 1.09759 1.20208 1.09233 1.18668 1.11668 1.30217 1.25184 
Timestep:2810000
Temperature: 1551.66
Density: 7.05252
AverageArea: 35.1096
AreaStd: 1.9847
AverageVolume: 16.11
VolumeStd: 1.42241
VornoiIndicies:0 0 0 0 4 4 6 0 0 0 0 0 0 0 0 ,0 0 0 0 2 8 4 0 0 0 0 0 0 0 0 ,0 0 0 1 3 5 3 2 0 0 0 0 0 0 0 ,0 0 0 1 3 4 5 1 0 0 0 0 0 0 0 ,0 0 0 0 4 4 5 0 0 0 0 0 0 0 0 ,0 0 0 1 2 6 3 1 0 0 0 0 0 0 0 ,0 0 0 1 3 4 4 1 0 0 0 0 0 0 0 ,0 0 0 0 3 6 3 0 0 0 0 0 0 0 0 ,0 0 0 0 2 8 2 0 0 0 0 0 0 0 0 ,0 0 0 0 3 6 4 0 0 0 0 0 0 0 0 ,
VornoiFreq:0.0157418 0.0160598 0.0166958 0.0187629 0.0190809 0.019558 0.0214661 0.0262363 0.0273493 0.0456352 
AverageAreas:35.3174 34.9481 35.301 35.12 34.7662 34.3487 34.6648 34.0173 33.4339 34.729 
AreaStds:1.63788 1.67571 1.75768 1.68118 1.78784 1.73476 1.79206 1.83786 1.48906 1.77689 
AverageVolumes:16.3865 16.3289 16.2276 16.1806 15.8967 15.6184 15.7547 15.3477 15.0684 16.0041 
VolumeStds:1.19337 1.17095 1.24296 1.21351 1.25481 1.18507 1.2192 1.25489 1.02149 1.23479 
Timestep:2920000
Temperature: 1522.41
Density: 7.07642
AverageArea: 35.0074
AreaStd: 1.98832
AverageVolume: 16.0439
VolumeStd: 1.42222
VornoiIndicies:0 0 0 0 2 8 4 0 0 0 0 0 0 0 0 ,0 0 0 0 1 10 2 0 0 0 0 0 0 0 0 ,0 0 0 0 4 4 5 0 0 0 0 0 0 0 0 ,0 0 0 0 3 6 5 0 0 0 0 0 0 0 0 ,0 0 0 1 3 4 4 1 0 0 0 0 0 0 0 ,0 0 0 1 3 4 5 1 0 0 0 0 0 0 0 ,0 0 0 1 2 6 3 1 0 0 0 0 0 0 0 ,0 0 0 0 3 6 3 0 0 0 0 0 0 0 0 ,0 0 0 0 2 8 2 0 0 0 0 0 0 0 0 ,0 0 0 0 3 6 4 0 0 0 0 0 0 0 0 ,
VornoiFreq:0.0149467 0.0152647 0.0155828 0.0159008 0.0174909 0.0214661 0.0228971 0.0270313 0.0300525 0.0440452 
AverageAreas:34.938 34.2108 34.6264 35.3369 34.622 35.3986 34.3383 34.078 33.4905 34.5486 
AreaStds:1.73065 1.63649 1.6719 1.84363 1.82529 1.71046 1.80765 1.83553 1.63053 1.76456 
AverageVolumes:16.2915 15.7644 15.8313 16.4709 15.7555 16.4482 15.6332 15.3821 15.0932 15.8767 
VolumeStds:1.23146 1.12924 1.14664 1.31878 1.27573 1.18495 1.25508 1.2563 1.12188 1.24528 
Timestep:3025000
Temperature: 1507.44
Density: 7.08942
AverageArea: 34.9364
AreaStd: 2.00346
AverageVolume: 16.0049
VolumeStd: 1.41683
VornoiIndicies:0 0 0 0 2 8 4 0 0 0 0 0 0 0 0 ,0 0 0 0 4 4 6 0 0 0 0 0 0 0 0 ,0 0 0 0 3 6 5 0 0 0 0 0 0 0 0 ,0 0 0 0 1 10 2 0 0 0 0 0 0 0 0 ,0 0 0 1 3 4 5 1 0 0 0 0 0 0 0 ,0 0 0 1 3 4 4 1 0 0 0 0 0 0 0 ,0 0 0 1 2 6 3 1 0 0 0 0 0 0 0 ,0 0 0 0 3 6 3 0 0 0 0 0 0 0 0 ,0 0 0 0 2 8 2 0 0 0 0 0 0 0 0 ,0 0 0 0 3 6 4 0 0 0 0 0 0 0 0 ,
VornoiFreq:0.0151057 0.0151057 0.0166958 0.0173318 0.0176499 0.0227381 0.0232151 0.0244872 0.0275083 0.0461123 
AverageAreas:35.0674 35.1023 34.8891 34.2195 34.8589 34.6174 34.5099 34.0903 33.4585 34.3472 
AreaStds:1.83166 1.57946 1.63967 1.65279 1.6924 1.80236 1.7438 1.75536 1.82862 1.72547 
AverageVolumes:16.3742 16.3032 16.1667 15.8339 15.9963 15.7717 15.7474 15.399 15.0949 15.7593 
VolumeStds:1.31233 1.15272 1.12938 1.14285 1.17064 1.23887 1.1943 1.22365 1.22947 1.19658 
Timestep:3135000
Temperature: 1506.14
Density: 7.08829
AverageArea: 34.919
AreaStd: 1.98406
AverageVolume: 15.9949
VolumeStd: 1.42085
VornoiIndicies:0 0 0 0 4 4 6 0 0 0 0 0 0 0 0 ,0 0 0 0 1 10 2 0 0 0 0 0 0 0 0 ,0 0 0 0 3 6 5 0 0 0 0 0 0 0 0 ,0 0 0 0 2 8 1 0 0 0 0 0 0 0 0 ,0 0 0 1 3 4 4 1 0 0 0 0 0 0 0 ,0 0 0 1 3 4 5 1 0 0 0 0 0 0 0 ,0 0 0 1 2 6 3 1 0 0 0 0 0 0 0 ,0 0 0 0 3 6 3 0 0 0 0 0 0 0 0 ,0 0 0 0 2 8 2 0 0 0 0 0 0 0 0 ,0 0 0 0 3 6 4 0 0 0 0 0 0 0 0 ,
VornoiFreq:0.0147877 0.0155828 0.0170138 0.0171728 0.019876 0.020512 0.021307 0.0276674 0.0330736 0.0507235 
AverageAreas:34.5516 34.5334 35.0586 33.0972 34.7113 35.3155 34.5481 33.9041 33.6574 34.1302 
AreaStds:1.56859 1.66578 1.7969 1.69031 1.59251 1.68663 1.66242 1.67647 1.72282 1.73334 
AverageVolumes:15.8813 16.0208 16.3455 14.6936 15.8077 16.3699 15.7453 15.2812 15.2356 15.5706 
VolumeStds:1.15122 1.20171 1.26823 1.12299 1.11141 1.19779 1.13664 1.14329 1.17001 1.2211 
Timestep:3240000
Temperature: 1445.72
Density: 7.12065
AverageArea: 34.8227
AreaStd: 1.9633
AverageVolume: 15.9432
VolumeStd: 1.40018
VornoiIndicies:0 0 0 1 3 5 3 2 0 0 0 0 0 0 0 ,0 0 0 0 3 6 5 0 0 0 0 0 0 0 0 ,0 0 0 0 2 8 4 0 0 0 0 0 0 0 0 ,0 0 0 0 1 10 2 0 0 0 0 0 0 0 0 ,0 0 0 1 3 4 4 1 0 0 0 0 0 0 0 ,0 0 0 1 3 4 5 1 0 0 0 0 0 0 0 ,0 0 0 1 2 6 3 1 0 0 0 0 0 0 0 ,0 0 0 0 3 6 3 0 0 0 0 0 0 0 0 ,0 0 0 0 2 8 2 0 0 0 0 0 0 0 0 ,0 0 0 0 3 6 4 0 0 0 0 0 0 0 0 ,
VornoiFreq:0.0151057 0.0155828 0.0162188 0.0179679 0.019558 0.0228971 0.0241692 0.0262363 0.0265543 0.0486564 
AverageAreas:34.9413 35.053 35.3194 33.8254 34.2705 35.0291 34.4383 33.873 33.4688 34.3051 
AreaStds:1.72502 1.81171 1.75792 1.68727 1.76549 1.64014 1.53712 1.65703 1.65347 1.68432 
AverageVolumes:16.0617 16.2873 16.5958 15.5668 15.5069 16.1763 15.6898 15.2922 15.1289 15.6911 
VolumeStds:1.22056 1.28656 1.27204 1.18568 1.19682 1.17423 1.06752 1.11872 1.14916 1.1672 
Timestep:3350000
Temperature: 1452.49
Density: 7.08725
AverageArea: 34.9485
AreaStd: 1.95177
AverageVolume: 16.0307
VolumeStd: 1.39692
VornoiIndicies:0 0 0 0 2 8 1 0 0 0 0 0 0 0 0 ,0 0 0 0 3 6 5 0 0 0 0 0 0 0 0 ,0 0 0 0 2 8 4 0 0 0 0 0 0 0 0 ,0 0 0 1 3 4 5 1 0 0 0 0 0 0 0 ,0 0 0 0 1 10 2 0 0 0 0 0 0 0 0 ,0 0 0 1 3 4 4 1 0 0 0 0 0 0 0 ,0 0 0 1 2 6 3 1 0 0 0 0 0 0 0 ,0 0 0 0 3 6 3 0 0 0 0 0 0 0 0 ,0 0 0 0 2 8 2 0 0 0 0 0 0 0 0 ,0 0 0 0 3 6 4 0 0 0 0 0 0 0 0 ,
VornoiFreq:0.0160598 0.0170138 0.0184449 0.0186039 0.019558 0.021148 0.0263953 0.0283034 0.0284624 0.0477023 
AverageAreas:33.3508 35.024 35.0141 35.3564 34.181 34.4179 34.3541 34.0349 33.5238 34.4274 
AreaStds:1.62188 1.51685 1.75321 1.47278 1.68747 1.60475 1.86053 1.68428 1.70274 1.7346 
AverageVolumes:14.8751 16.2622 16.3816 16.3941 15.7686 15.6181 15.6488 15.425 15.1335 15.7947 
VolumeStds:1.08641 1.08638 1.26789 1.0696 1.15876 1.11807 1.28969 1.16701 1.14897 1.20624 
Timestep:3455000
Temperature: 1432.95
Density: 7.13049
AverageArea: 34.7569
AreaStd: 1.90765
AverageVolume: 15.9109
VolumeStd: 1.36011
VornoiIndicies:0 0 0 0 3 6 5 0 0 0 0 0 0 0 0 ,0 0 0 0 4 4 5 0 0 0 0 0 0 0 0 ,0 0 0 1 2 5 4 0 0 0 0 0 0 0 0 ,0 0 0 1 3 4 5 1 0 0 0 0 0 0 0 ,0 0 0 1 3 4 4 1 0 0 0 0 0 0 0 ,0 0 0 0 1 10 2 0 0 0 0 0 0 0 0 ,0 0 0 1 2 6 3 1 0 0 0 0 0 0 0 ,0 0 0 0 3 6 3 0 0 0 0 0 0 0 0 ,0 0 0 0 2 8 2 0 0 0 0 0 0 0 0 ,0 0 0 0 3 6 4 0 0 0 0 0 0 0 0 ,
VornoiFreq:0.0168548 0.0168548 0.0179679 0.0192399 0.021307 0.0222611 0.0257593 0.0263953 0.0308475 0.0540626 
AverageAreas:34.7141 34.4767 33.8371 34.894 34.1287 34.0755 34.3915 33.841 33.6851 34.1956 
AreaStds:1.73808 1.54141 1.72027 1.7346 1.53134 1.65011 1.62237 1.70015 1.61085 1.74471 
AverageVolumes:16.0959 15.7364 15.2043 16.0767 15.4086 15.7128 15.6697 15.2732 15.2536 15.6504 
VolumeStds:1.24715 1.07032 1.19089 1.23138 1.06258 1.16882 1.14722 1.15628 1.10251 1.20648 
Timestep:3565000
Temperature: 1383.51
Density: 7.15204
AverageArea: 34.6762
AreaStd: 1.90077
AverageVolume: 15.8536
VolumeStd: 1.3469
VornoiIndicies:0 0 0 1 3 5 3 2 0 0 0 0 0 0 0 ,0 0 0 0 4 4 6 0 0 0 0 0 0 0 0 ,0 0 0 0 2 8 4 0 0 0 0 0 0 0 0 ,0 0 0 1 3 4 5 1 0 0 0 0 0 0 0 ,0 0 0 0 1 10 2 0 0 0 0 0 0 0 0 ,0 0 0 1 3 4 4 1 0 0 0 0 0 0 0 ,0 0 0 1 2 6 3 1 0 0 0 0 0 0 0 ,0 0 0 0 3 6 3 0 0 0 0 0 0 0 0 ,0 0 0 0 2 8 2 0 0 0 0 0 0 0 0 ,0 0 0 0 3 6 4 0 0 0 0 0 0 0 0 ,
VornoiFreq:0.0146287 0.0155828 0.0182859 0.0182859 0.0184449 0.0217841 0.0265543 0.0295754 0.0348227 0.0499284 
AverageAreas:34.827 35.1013 34.6436 35.0318 34.109 34.3304 34.2041 33.5481 33.4722 34.1649 
AreaStds:1.62573 1.80177 1.62826 1.43819 1.84215 1.60248 1.65669 1.68538 1.638 1.61023 
AverageVolumes:15.9397 16.2877 16.1222 16.1647 15.7482 15.5551 15.5865 15.0955 15.1091 15.6188 
VolumeStds:1.09066 1.30206 1.147 1.01649 1.29601 1.08643 1.14098 1.15187 1.11215 1.11753 
Timestep:3670000
Temperature: 1390.69
Density: 7.13632
AverageArea: 34.7234
AreaStd: 1.89976
AverageVolume: 15.8996
VolumeStd: 1.35803
VornoiIndicies:0 0 0 0 2 8 1 0 0 0 0 0 0 0 0 ,0 0 0 0 2 8 4 0 0 0 0 0 0 0 0 ,0 0 0 0 3 6 5 0 0 0 0 0 0 0 0 ,0 0 0 0 1 10 2 0 0 0 0 0 0 0 0 ,0 0 0 1 3 4 5 1 0 0 0 0 0 0 0 ,0 0 0 1 2 6 3 1 0 0 0 0 0 0 0 ,0 0 0 1 3 4 4 1 0 0 0 0 0 0 0 ,0 0 0 0 3 6 3 0 0 0 0 0 0 0 0 ,0 0 0 0 2 8 2 0 0 0 0 0 0 0 0 ,0 0 0 0 3 6 4 0 0 0 0 0 0 0 0 ,
VornoiFreq:0.0162188 0.0174909 0.0181269 0.0184449 0.0190809 0.0224201 0.0228971 0.0287804 0.0338687 0.0512005 
AverageAreas:32.8554 34.8079 34.6867 33.9315 35.0224 34.3746 34.3232 33.5875 33.3638 34.2664 
AreaStds:1.48778 1.61996 1.88835 1.67683 1.75023 1.62324 1.67053 1.49542 1.66136 1.69184 
AverageVolumes:14.5914 16.2421 16.0386 15.6449 16.1761 15.6436 15.5563 15.1189 15.0387 15.7317 
VolumeStds:0.996761 1.16326 1.31023 1.18675 1.24621 1.13963 1.16279 1.02565 1.11635 1.16956 
Timestep:3780000
Temperature: 1354.77
Density: 7.15929
AverageArea: 34.6331
AreaStd: 1.92325
AverageVolume: 15.8293
VolumeStd: 1.36189
VornoiIndicies:0 0 0 0 3 6 5 0 0 0 0 0 0 0 0 ,0 0 0 0 4 4 4 0 0 0 0 0 0 0 0 ,0 0 0 0 2 8 1 0 0 0 0 0 0 0 0 ,0 0 0 0 1 10 2 0 0 0 0 0 0 0 0 ,0 0 0 1 3 4 5 1 0 0 0 0 0 0 0 ,0 0 0 1 3 4 4 1 0 0 0 0 0 0 0 ,0 0 0 1 2 6 3 1 0 0 0 0 0 0 0 ,0 0 0 0 3 6 3 0 0 0 0 0 0 0 0 ,0 0 0 0 2 8 2 0 0 0 0 0 0 0 0 ,0 0 0 0 3 6 4 0 0 0 0 0 0 0 0 ,
VornoiFreq:0.0181269 0.0181269 0.0182859 0.019558 0.020512 0.021148 0.0252822 0.0287804 0.0352997 0.0505645 
AverageAreas:34.4198 33.6173 32.9365 33.8772 34.7717 34.366 34.2965 33.6733 33.5434 34.2409 
AreaStds:1.85248 1.81753 1.9143 1.58845 1.65419 1.45094 1.57327 1.62871 1.67923 1.67411 
AverageVolumes:15.9157 15.0901 14.6339 15.6081 15.9915 15.5894 15.6005 15.175 15.167 15.6566 
VolumeStds:1.31551 1.20587 1.30339 1.10191 1.15527 1.02749 1.06124 1.12159 1.13034 1.18577 
Timestep:3885000
Temperature: 1345.88
Density: 7.16467
AverageArea: 34.6218
AreaStd: 1.89501
AverageVolume: 15.8262
VolumeStd: 1.34149
VornoiIndicies:0 0 0 1 2 5 4 0 0 0 0 0 0 0 0 ,0 0 0 0 3 6 5 0 0 0 0 0 0 0 0 ,0 0 0 0 2 8 4 0 0 0 0 0 0 0 0 ,0 0 0 0 1 10 2 0 0 0 0 0 0 0 0 ,0 0 0 1 3 4 5 1 0 0 0 0 0 0 0 ,0 0 0 1 3 4 4 1 0 0 0 0 0 0 0 ,0 0 0 0 3 6 3 0 0 0 0 0 0 0 0 ,0 0 0 1 2 6 3 1 0 0 0 0 0 0 0 ,0 0 0 0 2 8 2 0 0 0 0 0 0 0 0 ,0 0 0 0 3 6 4 0 0 0 0 0 0 0 0 ,
VornoiFreq:0.0178089 0.0179679 0.0186039 0.0189219 0.020671 0.021148 0.0249642 0.0256003 0.040229 0.0499284 
AverageAreas:33.5946 34.7419 34.6029 33.7908 34.8986 34.233 33.7327 34.3425 33.2905 34.1019 
AreaStds:1.53417 1.73869 1.61186 1.53287 1.61502 1.55783 1.66542 1.59496 1.70019 1.71565 
AverageVolumes:15.0307 16.1093 16.0715 15.5482 16.0564 15.5148 15.2064 15.6492 14.9923 15.5944 
VolumeStds:1.02754 1.2175 1.1348 1.07481 1.14415 1.06843 1.09504 1.0839 1.151 1.1866 
Timestep:3995000
Temperature: 1322.69
Density: 7.19087
AverageArea: 34.4946
AreaStd: 1.87647
AverageVolume: 15.7498
VolumeStd: 1.32347
VornoiIndicies:0 0 0 1 2 5 4 0 0 0 0 0 0 0 0 ,0 0 0 0 3 6 5 0 0 0 0 0 0 0 0 ,0 0 0 0 2 8 4 0 0 0 0 0 0 0 0 ,0 0 0 0 1 10 2 0 0 0 0 0 0 0 0 ,0 0 0 1 3 4 4 1 0 0 0 0 0 0 0 ,0 0 0 1 2 6 3 1 0 0 0 0 0 0 0 ,0 0 0 1 3 4 5 1 0 0 0 0 0 0 0 ,0 0 0 0 3 6 3 0 0 0 0 0 0 0 0 ,0 0 0 0 2 8 2 0 0 0 0 0 0 0 0 ,0 0 0 0 3 6 4 0 0 0 0 0 0 0 0 ,
VornoiFreq:0.0159008 0.0171728 0.019717 0.0230561 0.0233741 0.0238512 0.0241692 0.0298935 0.040706 0.0546987 
AverageAreas:33.5035 34.7098 34.4176 33.6809 34.4063 34.1085 34.6705 33.6969 33.3521 34.1551 
AreaStds:1.60347 1.57633 1.90076 1.5659 1.84774 1.75062 1.51068 1.68201 1.64338 1.709 
AverageVolumes:14.9674 16.1174 15.9908 15.4963 15.6383 15.4961 15.9202 15.2183 15.048 15.6433 
VolumeStds:1.10788 1.14217 1.30709 1.07977 1.27551 1.20394 1.04412 1.15834 1.12152 1.19781 
Timestep:4100000
Temperature: 1301.2
Density: 7.19062
AverageArea: 34.5195
AreaStd: 1.83201
AverageVolume: 15.7725
VolumeStd: 1.2957
VornoiIndicies:0 0 0 0 4 4 5 0 0 0 0 0 0 0 0 ,0 0 0 0 3 6 5 0 0 0 0 0 0 0 0 ,0 0 0 0 2 8 4 0 0 0 0 0 0 0 0 ,0 0 0 0 1 10 2 0 0 0 0 0 0 0 0 ,0 0 0 1 3 4 4 1 0 0 0 0 0 0 0 ,0 0 0 1 3 4 5 1 0 0 0 0 0 0 0 ,0 0 0 1 2 6 3 1 0 0 0 0 0 0 0 ,0 0 0 0 3 6 3 0 0 0 0 0 0 0 0 ,0 0 0 0 2 8 2 0 0 0 0 0 0 0 0 ,0 0 0 0 3 6 4 0 0 0 0 0 0 0 0 ,
VornoiFreq:0.0163778 0.0168548 0.0189219 0.020353 0.020671 0.0230561 0.0295754 0.0319606 0.0346637 0.0526316 
AverageAreas:34.0867 34.6731 34.6557 33.8394 34.154 34.822 34.108 33.5129 33.5813 34.141 
AreaStds:1.76525 1.56275 1.70055 1.52375 1.52161 1.73958 1.65311 1.55387 1.64731 1.57012 
AverageVolumes:15.5026 16.068 16.1358 15.5863 15.5049 16.0327 15.5161 15.0422 15.22 15.6413 
VolumeStds:1.22109 1.0939 1.1769 1.05238 1.05249 1.19594 1.13753 1.06477 1.11451 1.09225 
Timestep:4210000
Temperature: 1277.01
Density: 7.20672
AverageArea: 34.4091
AreaStd: 1.82862
AverageVolume: 15.7064
VolumeStd: 1.29357
VornoiIndicies:0 0 0 1 2 5 4 0 0 0 0 0 0 0 0 ,0 0 0 0 2 8 4 0 0 0 0 0 0 0 0 ,0 0 0 1 3 4 5 1 0 0 0 0 0 0 0 ,0 0 0 0 2 8 1 0 0 0 0 0 0 0 0 ,0 0 0 1 3 4 4 1 0 0 0 0 0 0 0 ,0 0 0 1 2 6 3 1 0 0 0 0 0 0 0 ,0 0 0 0 1 10 2 0 0 0 0 0 0 0 0 ,0 0 0 0 3 6 3 0 0 0 0 0 0 0 0 ,0 0 0 0 2 8 2 0 0 0 0 0 0 0 0 ,0 0 0 0 3 6 4 0 0 0 0 0 0 0 0 ,
VornoiFreq:0.0168548 0.0178089 0.0189219 0.019558 0.02083 0.0219431 0.0246462 0.0297345 0.041819 0.0531086 
AverageAreas:33.7081 34.667 34.7901 32.9652 34.134 34.0122 33.8215 33.629 33.3653 33.9741 
AreaStds:1.59458 1.65141 1.53239 1.81922 1.59756 1.6036 1.5593 1.6172 1.61092 1.68267 
AverageVolumes:15.1217 16.1624 16.0437 14.6841 15.4466 15.4697 15.5823 15.1807 15.0814 15.5304 
VolumeStds:1.08827 1.15082 1.10838 1.23255 1.10969 1.05828 1.10552 1.11383 1.11028 1.15986 
Timestep:4315000
Temperature: 1251.55
Density: 7.19006
AverageArea: 34.4672
AreaStd: 1.81005
AverageVolume: 15.7562
VolumeStd: 1.28291
VornoiIndicies:0 0 0 0 4 4 4 0 0 0 0 0 0 0 0 ,0 0 0 1 3 4 4 1 0 0 0 0 0 0 0 ,0 0 0 0 3 6 5 0 0 0 0 0 0 0 0 ,0 0 0 1 3 4 5 1 0 0 0 0 0 0 0 ,0 0 0 0 2 8 1 0 0 0 0 0 0 0 0 ,0 0 0 0 1 10 2 0 0 0 0 0 0 0 0 ,0 0 0 1 2 6 3 1 0 0 0 0 0 0 0 ,0 0 0 0 3 6 3 0 0 0 0 0 0 0 0 ,0 0 0 0 2 8 2 0 0 0 0 0 0 0 0 ,0 0 0 0 3 6 4 0 0 0 0 0 0 0 0 ,
VornoiFreq:0.0174909 0.0174909 0.0186039 0.021307 0.0214661 0.0273493 0.0281444 0.0314835 0.041024 0.0609 
AverageAreas:33.6899 34.644 34.6993 35.0331 33.037 33.811 34.1339 33.6487 33.6151 33.9209 
AreaStds:1.42968 1.65942 1.46004 1.72758 1.5117 1.63825 1.58974 1.41663 1.64293 1.69065 
AverageVolumes:15.1357 15.8595 16.0891 16.2067 14.7 15.5831 15.5317 15.1529 15.2582 15.4967 
VolumeStds:0.93777 1.14452 1.00629 1.20627 1.03246 1.13022 1.12984 0.976227 1.10644 1.16801 
Timestep:4425000
Temperature: 1252.01
Density: 7.21508
AverageArea: 34.387
AreaStd: 1.81531
AverageVolume: 15.7065
VolumeStd: 1.28302
VornoiIndicies:0 0 0 0 2 8 4 0 0 0 0 0 0 0 0 ,0 0 0 1 2 5 4 0 0 0 0 0 0 0 0 ,0 0 0 1 3 4 5 1 0 0 0 0 0 0 0 ,0 0 0 0 3 6 5 0 0 0 0 0 0 0 0 ,0 0 0 1 3 4 4 1 0 0 0 0 0 0 0 ,0 0 0 0 1 10 2 0 0 0 0 0 0 0 0 ,0 0 0 0 3 6 3 0 0 0 0 0 0 0 0 ,0 0 0 1 2 6 3 1 0 0 0 0 0 0 0 ,0 0 0 0 2 8 2 0 0 0 0 0 0 0 0 ,0 0 0 0 3 6 4 0 0 0 0 0 0 0 0 ,
VornoiFreq:0.0192399 0.0192399 0.019717 0.019876 0.0228971 0.0257593 0.0257593 0.0303705 0.0389569 0.0527906 
AverageAreas:34.755 33.7769 34.6233 34.5497 34.2123 33.7564 33.6773 34.0235 33.3012 34.0297 
AreaStds:1.78259 1.62833 1.48617 1.67852 1.61826 1.55513 1.68987 1.63609 1.68526 1.6522 
AverageVolumes:16.2021 15.1787 15.9132 15.9958 15.5365 15.5461 15.1911 15.4703 15.0362 15.5649 
VolumeStds:1.26114 1.0931 1.03493 1.19562 1.12158 1.07224 1.15386 1.1222 1.15411 1.12747 
Timestep:4530000
Temperature: 1199.3
Density: 7.21039
AverageArea: 34.3918
AreaStd: 1.78926
AverageVolume: 15.7008
VolumeStd: 1.27468
VornoiIndicies:0 0 0 0 4 4 5 0 0 0 0 0 0 0 0 ,0 0 0 0 2 8 4 0 0 0 0 0 0 0 0 ,0 0 0 0 2 8 1 0 0 0 0 0 0 0 0 ,0 0 0 1 3 4 5 1 0 0 0 0 0 0 0 ,0 0 0 0 1 10 2 0 0 0 0 0 0 0 0 ,0 0 0 1 3 4 4 1 0 0 0 0 0 0 0 ,0 0 0 1 2 6 3 1 0 0 0 0 0 0 0 ,0 0 0 0 3 6 3 0 0 0 0 0 0 0 0 ,0 0 0 0 2 8 2 0 0 0 0 0 0 0 0 ,0 0 0 0 3 6 4 0 0 0 0 0 0 0 0 ,
VornoiFreq:0.0174909 0.0176499 0.0187629 0.019558 0.0216251 0.0221021 0.0259183 0.0316426 0.041024 0.0542217 
AverageAreas:34.5041 34.7131 33.0295 34.8534 33.811 34.2578 34.1844 33.3993 33.5103 34.0679 
AreaStds:1.68654 1.39829 1.61758 1.67618 1.7293 1.62041 1.6506 1.5599 1.44473 1.59766 
AverageVolumes:15.7781 16.2036 14.7094 16.1105 15.5661 15.5693 15.556 15.0142 15.1729 15.5794 
VolumeStds:1.18889 1.02246 1.07626 1.19828 1.19364 1.09704 1.13911 1.07126 0.991228 1.12785 
Timestep:4640000
Temperature: 1213.44
Density: 7.23604
AverageArea: 34.2831
AreaStd: 1.79799
AverageVolume: 15.6529
VolumeStd: 1.27242
VornoiIndicies:0 0 0 1 3 4 5 1 0 0 0 0 0 0 0 ,0 0 0 1 3 4 4 1 0 0 0 0 0 0 0 ,0 0 0 0 2 8 4 0 0 0 0 0 0 0 0 ,0 0 0 0 3 6 5 0 0 0 0 0 0 0 0 ,0 0 0 0 0 12 0 0 0 0 0 0 0 0 0 ,0 0 0 1 2 6 3 1 0 0 0 0 0 0 0 ,0 0 0 0 1 10 2 0 0 0 0 0 0 0 0 ,0 0 0 0 3 6 3 0 0 0 0 0 0 0 0 ,0 0 0 0 2 8 2 0 0 0 0 0 0 0 0 ,0 0 0 0 3 6 4 0 0 0 0 0 0 0 0 ,
VornoiFreq:0.019558 0.020194 0.020353 0.020512 0.020989 0.0289394 0.0290984 0.0327556 0.0448402 0.061695 
AverageAreas:34.2019 34.1573 34.7625 34.5134 32.7278 33.7816 33.8683 33.8541 33.2333 33.8979 
AreaStds:1.7299 1.63933 1.51936 1.51663 1.60943 1.5382 1.32671 1.7011 1.68072 1.6306 
AverageVolumes:15.6212 15.4695 16.2611 15.9843 14.8598 15.3073 15.6172 15.3376 15.0252 15.4933 
VolumeStds:1.21858 1.13882 1.08533 1.10259 1.08907 1.07129 0.949161 1.17372 1.15513 1.12655 
Timestep:4745000
Temperature: 1160.73
Density: 7.2625
AverageArea: 34.1897
AreaStd: 1.76626
AverageVolume: 15.5893
VolumeStd: 1.23964
VornoiIndicies:0 0 0 0 3 6 5 0 0 0 0 0 0 0 0 ,0 0 0 0 2 8 4 0 0 0 0 0 0 0 0 ,0 0 0 1 3 4 4 1 0 0 0 0 0 0 0 ,0 0 0 0 0 12 0 0 0 0 0 0 0 0 0 ,0 0 0 1 3 4 5 1 0 0 0 0 0 0 0 ,0 0 0 1 2 6 3 1 0 0 0 0 0 0 0 ,0 0 0 0 1 10 2 0 0 0 0 0 0 0 0 ,0 0 0 0 3 6 3 0 0 0 0 0 0 0 0 ,0 0 0 0 2 8 2 0 0 0 0 0 0 0 0 ,0 0 0 0 3 6 4 0 0 0 0 0 0 0 0 ,
VornoiFreq:0.019717 0.020035 0.0217841 0.0219431 0.0241692 0.0287804 0.0310065 0.0322786 0.0465893 0.0632851 
AverageAreas:34.6103 34.4352 33.8067 32.5971 34.5556 34.0284 33.6659 33.4091 33.142 33.9566 
AreaStds:1.56235 1.73138 1.72164 1.51146 1.5017 1.56975 1.41218 1.61807 1.5594 1.61362 
AverageVolumes:16.0791 16.0371 15.2648 14.7828 15.9171 15.479 15.5058 15.0417 14.9322 15.5384 
VolumeStds:1.12738 1.25857 1.14505 1.00392 1.08558 1.08439 0.964823 1.11728 1.05372 1.13949 
Timestep:4855000
Temperature: 1171.32
Density: 7.24757
AverageArea: 34.2271
AreaStd: 1.74554
AverageVolume: 15.6174
VolumeStd: 1.22754
VornoiIndicies:0 0 0 0 2 8 3 0 0 0 0 0 0 0 0 ,0 0 0 0 0 12 0 0 0 0 0 0 0 0 0 ,0 0 0 0 2 8 1 0 0 0 0 0 0 0 0 ,0 0 0 1 3 4 4 1 0 0 0 0 0 0 0 ,0 0 0 0 2 8 4 0 0 0 0 0 0 0 0 ,0 0 0 1 2 6 3 1 0 0 0 0 0 0 0 ,0 0 0 0 1 10 2 0 0 0 0 0 0 0 0 ,0 0 0 0 3 6 3 0 0 0 0 0 0 0 0 ,0 0 0 0 2 8 2 0 0 0 0 0 0 0 0 ,0 0 0 0 3 6 4 0 0 0 0 0 0 0 0 ,
VornoiFreq:0.0181269 0.0192399 0.019399 0.021307 0.0221021 0.0273493 0.0327556 0.0327556 0.0497694 0.0626491 
AverageAreas:33.6152 32.5469 33.0785 34.1301 34.19 33.8722 33.5173 33.5391 33.2553 33.9663 
AreaStds:1.49577 1.55661 1.40333 1.47921 1.53847 1.37858 1.56319 1.702 1.60419 1.52192 
AverageVolumes:15.3233 14.7327 14.734 15.4981 15.8187 15.3848 15.389 15.1166 15.0118 15.5208 
VolumeStds:1.03312 1.08763 0.960106 1.04045 1.06487 0.94892 1.07246 1.17069 1.0831 1.06763 
Timestep:4960000
Temperature: 1143.71
Density: 7.27848
AverageArea: 34.1129
AreaStd: 1.7405
AverageVolume: 15.5459
VolumeStd: 1.21913
VornoiIndicies:0 0 0 1 3 4 4 1 0 0 0 0 0 0 0 ,0 0 0 1 3 4 5 1 0 0 0 0 0 0 0 ,0 0 0 0 2 8 4 0 0 0 0 0 0 0 0 ,0 0 0 0 0 12 0 0 0 0 0 0 0 0 0 ,0 0 0 0 2 8 1 0 0 0 0 0 0 0 0 ,0 0 0 1 2 6 3 1 0 0 0 0 0 0 0 ,0 0 0 0 3 6 3 0 0 0 0 0 0 0 0 ,0 0 0 0 1 10 2 0 0 0 0 0 0 0 0 ,0 0 0 0 2 8 2 0 0 0 0 0 0 0 0 ,0 0 0 0 3 6 4 0 0 0 0 0 0 0 0 ,
VornoiFreq:0.019876 0.020353 0.021148 0.0214661 0.0217841 0.0310065 0.0319606 0.0327556 0.0535856 0.061695 
AverageAreas:34.0181 34.585 34.2149 32.5748 32.8608 34.0008 33.5113 33.5345 33.1499 33.874 
AreaStds:1.4772 1.48728 1.45024 1.72653 1.49602 1.60085 1.42877 1.72591 1.53148 1.67857 
AverageVolumes:15.4182 15.9092 15.8815 14.7415 14.6138 15.4676 15.1089 15.4219 14.9532 15.5028 
VolumeStds:0.999966 1.06157 1.02479 1.13253 0.996602 1.09812 0.978034 1.21868 1.01851 1.15756 
Timestep:5070000
Temperature: 1099.35
Density: 7.27327
AverageArea: 34.113
AreaStd: 1.73985
AverageVolume: 15.5538
VolumeStd: 1.22334
VornoiIndicies:0 0 0 1 3 4 5 1 0 0 0 0 0 0 0 ,0 0 0 0 3 6 5 0 0 0 0 0 0 0 0 ,0 0 0 1 3 4 4 1 0 0 0 0 0 0 0 ,0 0 0 0 0 12 0 0 0 0 0 0 0 0 0 ,0 0 0 1 2 6 3 1 0 0 0 0 0 0 0 ,0 0 0 0 2 8 1 0 0 0 0 0 0 0 0 ,0 0 0 0 3 6 3 0 0 0 0 0 0 0 0 ,0 0 0 0 1 10 2 0 0 0 0 0 0 0 0 ,0 0 0 0 2 8 2 0 0 0 0 0 0 0 0 ,0 0 0 0 3 6 4 0 0 0 0 0 0 0 0 ,
VornoiFreq:0.019717 0.019876 0.021307 0.0214661 0.0267133 0.0275083 0.0325966 0.0352997 0.0515185 0.061695 
AverageAreas:34.286 34.2485 34.0035 32.7256 33.8345 32.7075 33.3804 33.4965 33.1382 33.8084 
AreaStds:1.47532 1.55261 1.68195 1.40175 1.54863 1.60357 1.47519 1.50695 1.50765 1.58846 
AverageVolumes:15.7405 15.8231 15.4178 14.8503 15.3598 14.5049 14.9981 15.4052 14.9437 15.4455 
VolumeStds:1.03897 1.09403 1.14666 0.946717 1.05613 1.07157 1.027 1.04001 1.03281 1.11054 
Timestep:5175000
Temperature: 1103.19
Density: 7.28237
AverageArea: 34.0846
AreaStd: 1.71153
AverageVolume: 15.5336
VolumeStd: 1.20257
VornoiIndicies:0 0 0 0 2 8 4 0 0 0 0 0 0 0 0 ,0 0 0 1 3 4 5 1 0 0 0 0 0 0 0 ,0 0 0 1 3 4 4 1 0 0 0 0 0 0 0 ,0 0 0 0 0 12 0 0 0 0 0 0 0 0 0 ,0 0 0 1 2 5 4 0 0 0 0 0 0 0 0 ,0 0 0 1 2 6 3 1 0 0 0 0 0 0 0 ,0 0 0 0 1 10 2 0 0 0 0 0 0 0 0 ,0 0 0 0 3 6 3 0 0 0 0 0 0 0 0 ,0 0 0 0 2 8 2 0 0 0 0 0 0 0 0 ,0 0 0 0 3 6 4 0 0 0 0 0 0 0 0 ,
VornoiFreq:0.021307 0.021307 0.0228971 0.0236922 0.0238512 0.0313245 0.0316426 0.0319606 0.0558117 0.0659882 
AverageAreas:34.2644 34.6705 34.0484 32.648 33.6895 33.8473 33.5106 33.3475 33.218 33.7814 
AreaStds:1.64361 1.50074 1.49451 1.46262 1.62357 1.48784 1.61345 1.40867 1.43338 1.50025 
AverageVolumes:15.9206 15.9581 15.4102 14.8032 15.1452 15.3669 15.3907 14.9871 15.01 15.4403 
VolumeStds:1.153 1.05115 1.02953 0.977882 1.11192 1.01125 1.13143 0.957195 0.977533 1.04709 
Timestep:5285000
Temperature: 1073.1
Density: 7.29561
AverageArea: 34.0463
AreaStd: 1.66819
AverageVolume: 15.5212
VolumeStd: 1.17346
VornoiIndicies:0 0 0 1 3 4 4 1 0 0 0 0 0 0 0 ,0 0 0 1 3 4 5 1 0 0 0 0 0 0 0 ,0 0 0 0 2 8 4 0 0 0 0 0 0 0 0 ,0 0 0 0 2 8 1 0 0 0 0 0 0 0 0 ,0 0 0 0 0 12 0 0 0 0 0 0 0 0 0 ,0 0 0 1 2 6 3 1 0 0 0 0 0 0 0 ,0 0 0 0 1 10 2 0 0 0 0 0 0 0 0 ,0 0 0 0 3 6 3 0 0 0 0 0 0 0 0 ,0 0 0 0 2 8 2 0 0 0 0 0 0 0 0 ,0 0 0 0 3 6 4 0 0 0 0 0 0 0 0 ,
VornoiFreq:0.020035 0.0222611 0.0248052 0.0252822 0.0271903 0.0311655 0.0340277 0.0340277 0.0586739 0.0712355 
AverageAreas:34.082 34.3879 34.4435 32.8466 32.7465 33.8484 33.3434 33.3851 33.28 33.8747 
AreaStds:1.44148 1.50897 1.4609 1.57199 1.56412 1.4755 1.4606 1.68919 1.54902 1.45558 
AverageVolumes:15.4709 15.7811 16.0254 14.6113 14.8774 15.3996 15.292 15.0328 15.0514 15.5068 
VolumeStds:1.02456 1.04232 1.05554 1.04543 1.06001 1.03299 1.00773 1.16018 1.04254 1.0065 
Timestep:5390000
Temperature: 1047.49
Density: 7.31437
AverageArea: 33.9728
AreaStd: 1.65253
AverageVolume: 15.4673
VolumeStd: 1.15918
VornoiIndicies:0 0 0 1 3 4 5 1 0 0 0 0 0 0 0 ,0 0 0 1 2 5 4 0 0 0 0 0 0 0 0 ,0 0 0 1 3 4 4 1 0 0 0 0 0 0 0 ,0 0 0 0 2 8 1 0 0 0 0 0 0 0 0 ,0 0 0 0 0 12 0 0 0 0 0 0 0 0 0 ,0 0 0 1 2 6 3 1 0 0 0 0 0 0 0 ,0 0 0 0 3 6 3 0 0 0 0 0 0 0 0 ,0 0 0 0 1 10 2 0 0 0 0 0 0 0 0 ,0 0 0 0 2 8 2 0 0 0 0 0 0 0 0 ,0 0 0 0 3 6 4 0 0 0 0 0 0 0 0 ,
VornoiFreq:0.0224201 0.0227381 0.0230561 0.0240102 0.0259183 0.0281444 0.0322786 0.0337097 0.0578788 0.0639211 
AverageAreas:34.3501 33.5104 33.7531 32.9744 32.679 33.6752 33.3838 33.4721 33.1627 33.6873 
AreaStds:1.53017 1.47725 1.38631 1.49335 1.33222 1.64103 1.55515 1.39615 1.57206 1.49317 
AverageVolumes:15.7939 15.0222 15.2342 14.7025 14.8435 15.2898 15.045 15.3705 14.9948 15.3635 
VolumeStds:1.12593 0.979962 0.942126 0.998153 0.914054 1.1078 1.07051 0.977186 1.08264 1.02997 
Timestep:5500000
Temperature: 1043.31
Density: 7.32366
AverageArea: 33.9018
AreaStd: 1.66965
AverageVolume: 15.445
VolumeStd: 1.16494
VornoiIndicies:0 0 0 0 2 8 3 0 0 0 0 0 0 0 0 ,0 0 0 1 3 4 5 1 0 0 0 0 0 0 0 ,0 0 0 0 2 8 4 0 0 0 0 0 0 0 0 ,0 0 0 0 2 8 1 0 0 0 0 0 0 0 0 ,0 0 0 1 2 6 3 1 0 0 0 0 0 0 0 ,0 0 0 0 3 6 3 0 0 0 0 0 0 0 0 ,0 0 0 0 0 12 0 0 0 0 0 0 0 0 0 ,0 0 0 0 1 10 2 0 0 0 0 0 0 0 0 ,0 0 0 0 2 8 2 0 0 0 0 0 0 0 0 ,0 0 0 0 3 6 4 0 0 0 0 0 0 0 0 ,
VornoiFreq:0.019558 0.019876 0.0221021 0.0259183 0.0319606 0.0360948 0.0386389 0.0443632 0.0623311 0.0677373 
AverageAreas:33.5411 34.4059 34.194 32.6641 33.7828 33.4312 32.6063 33.5332 33.1775 33.732 
AreaStds:1.44838 1.51133 1.53964 1.51866 1.6164 1.41107 1.45929 1.45208 1.54585 1.55969 
AverageVolumes:15.3244 15.8072 15.9194 14.4799 15.3465 15.1063 14.8035 15.4426 14.9869 15.4144 
VolumeStds:0.97865 1.09882 1.09087 1.00826 1.08821 0.987232 0.986442 0.990983 1.04824 1.0766 
Timestep:5605000
Temperature: 1016.17
Density: 7.34896
AverageArea: 33.8014
AreaStd: 1.67819
AverageVolume: 15.3776
VolumeStd: 1.17155
VornoiIndicies:0 0 0 0 2 8 3 0 0 0 0 0 0 0 0 ,0 0 0 0 2 8 4 0 0 0 0 0 0 0 0 ,0 0 0 1 2 5 4 0 0 0 0 0 0 0 0 ,0 0 0 0 2 8 1 0 0 0 0 0 0 0 0 ,0 0 0 1 2 6 3 1 0 0 0 0 0 0 0 ,0 0 0 0 3 6 3 0 0 0 0 0 0 0 0 ,0 0 0 0 0 12 0 0 0 0 0 0 0 0 0 ,0 0 0 0 1 10 2 0 0 0 0 0 0 0 0 ,0 0 0 0 2 8 2 0 0 0 0 0 0 0 0 ,0 0 0 0 3 6 4 0 0 0 0 0 0 0 0 ,
VornoiFreq:0.0214661 0.0232151 0.0232151 0.0259183 0.0278264 0.0340277 0.0364128 0.0421371 0.061695 0.0678963 
AverageAreas:33.5939 34.1252 33.1375 32.8005 33.7265 33.2003 32.2659 33.2399 32.9915 33.7679 
AreaStds:1.36889 1.28444 1.40214 1.53526 1.35919 1.41707 1.36944 1.57731 1.53118 1.43828 
AverageVolumes:15.3462 15.8566 14.7861 14.6089 15.3305 14.9256 14.5741 15.2507 14.8587 15.4445 
VolumeStds:0.974065 0.914587 0.950768 1.02394 0.905745 0.960384 0.920816 1.09543 1.05568 0.998373 
Timestep:5715000
Temperature: 1013.81
Density: 7.34951
AverageArea: 33.8035
AreaStd: 1.64693
AverageVolume: 15.3861
VolumeStd: 1.14558
VornoiIndicies:0 0 0 1 3 4 4 1 0 0 0 0 0 0 0 ,0 0 0 1 2 5 4 0 0 0 0 0 0 0 0 ,0 0 0 0 2 8 4 0 0 0 0 0 0 0 0 ,0 0 0 0 2 8 1 0 0 0 0 0 0 0 0 ,0 0 0 0 3 6 3 0 0 0 0 0 0 0 0 ,0 0 0 1 2 6 3 1 0 0 0 0 0 0 0 ,0 0 0 0 0 12 0 0 0 0 0 0 0 0 0 ,0 0 0 0 1 10 2 0 0 0 0 0 0 0 0 ,0 0 0 0 2 8 2 0 0 0 0 0 0 0 0 ,0 0 0 0 3 6 4 0 0 0 0 0 0 0 0 ,
VornoiFreq:0.0214661 0.0227381 0.0241692 0.0257593 0.0294164 0.0310065 0.0430911 0.0435681 0.0664653 0.0691684 
AverageAreas:34.2343 33.4584 34.0702 32.7634 33.4036 33.5572 32.4495 33.3299 32.8821 33.5724 
AreaStds:1.36962 1.47231 1.45543 1.45619 1.44472 1.50001 1.53798 1.34625 1.46746 1.40164 
AverageVolumes:15.5985 15.0022 15.7961 14.5597 15.0693 15.2032 14.7114 15.3279 14.7909 15.3156 
VolumeStds:0.950244 1.02076 1.02731 0.977111 0.989128 1.02626 1.03299 0.938413 0.980969 0.98461 
Timestep:5820000
Temperature: 950.829
Density: 7.35355
AverageArea: 33.7719
AreaStd: 1.62426
AverageVolume: 15.3742
VolumeStd: 1.12444
VornoiIndicies:0 0 0 1 3 4 4 1 0 0 0 0 0 0 0 ,0 0 0 0 2 8 3 0 0 0 0 0 0 0 0 ,0 0 0 0 2 8 4 0 0 0 0 0 0 0 0 ,0 0 0 0 2 8 1 0 0 0 0 0 0 0 0 ,0 0 0 1 2 6 3 1 0 0 0 0 0 0 0 ,0 0 0 0 3 6 3 0 0 0 0 0 0 0 0 ,0 0 0 0 1 10 2 0 0 0 0 0 0 0 0 ,0 0 0 0 0 12 0 0 0 0 0 0 0 0 0 ,0 0 0 0 2 8 2 0 0 0 0 0 0 0 0 ,0 0 0 0 3 6 4 0 0 0 0 0 0 0 0 ,
VornoiFreq:0.02083 0.0222611 0.0240102 0.0263953 0.0325966 0.0362538 0.0457942 0.0461123 0.0674193 0.0718715 
AverageAreas:33.7443 33.4642 33.7658 32.8222 33.5127 33.3582 33.1811 32.2351 33.0656 33.7249 
AreaStds:1.58653 1.39394 1.34666 1.41857 1.48806 1.38752 1.36827 1.37999 1.54163 1.4531 
AverageVolumes:15.2687 15.2538 15.6165 14.6114 15.1652 15.0277 15.1976 14.5507 14.9252 15.4198 
VolumeStds:1.08355 0.926109 0.950448 0.954896 1.02274 0.944433 0.943554 0.930027 1.03652 1.00185 
Timestep:5930000
Temperature: 957.206
Density: 7.35925
AverageArea: 33.7467
AreaStd: 1.6248
AverageVolume: 15.3656
VolumeStd: 1.12525
VornoiIndicies:0 0 0 1 3 4 5 1 0 0 0 0 0 0 0 ,0 0 0 0 3 6 5 0 0 0 0 0 0 0 0 ,0 0 0 0 2 8 4 0 0 0 0 0 0 0 0 ,0 0 0 0 2 8 1 0 0 0 0 0 0 0 0 ,0 0 0 0 3 6 3 0 0 0 0 0 0 0 0 ,0 0 0 1 2 6 3 1 0 0 0 0 0 0 0 ,0 0 0 0 1 10 2 0 0 0 0 0 0 0 0 ,0 0 0 0 0 12 0 0 0 0 0 0 0 0 0 ,0 0 0 0 3 6 4 0 0 0 0 0 0 0 0 ,0 0 0 0 2 8 2 0 0 0 0 0 0 0 0 ,
VornoiFreq:0.02083 0.0216251 0.0222611 0.0241692 0.0314835 0.0345047 0.0483384 0.0532676 0.0651932 0.0688504 
AverageAreas:34.2115 34.2088 34.0165 32.7878 33.2949 33.4187 33.2647 32.4094 33.6778 33.1069 
AreaStds:1.48322 1.38312 1.40758 1.44026 1.49172 1.52082 1.39976 1.44603 1.50145 1.46731 
AverageVolumes:15.7068 15.8224 15.7926 14.6073 15.0208 15.1349 15.2817 14.6769 15.3962 14.9635 
VolumeStds:1.02637 0.968499 0.995896 0.992931 1.02504 1.05265 0.965169 0.982875 1.02146 0.998091 
Timestep:6035000
Temperature: 918.058
Density: 7.39
AverageArea: 33.607
AreaStd: 1.61632
AverageVolume: 15.2895
VolumeStd: 1.11147
VornoiIndicies:0 0 0 1 3 4 4 1 0 0 0 0 0 0 0 ,0 0 0 1 0 9 3 0 0 0 0 0 0 0 0 ,0 0 0 0 2 8 1 0 0 0 0 0 0 0 0 ,0 0 0 0 2 8 4 0 0 0 0 0 0 0 0 ,0 0 0 1 2 6 3 1 0 0 0 0 0 0 0 ,0 0 0 0 3 6 3 0 0 0 0 0 0 0 0 ,0 0 0 0 1 10 2 0 0 0 0 0 0 0 0 ,0 0 0 0 0 12 0 0 0 0 0 0 0 0 0 ,0 0 0 0 3 6 4 0 0 0 0 0 0 0 0 ,0 0 0 0 2 8 2 0 0 0 0 0 0 0 0 ,
VornoiFreq:0.0192399 0.0232151 0.0249642 0.0281444 0.0325966 0.0341867 0.0578788 0.0699634 0.0699634 0.0713945 
AverageAreas:33.5859 32.8856 32.8591 33.8892 33.629 33.3184 33.0494 32.1754 33.5627 32.9353 
AreaStds:1.38662 1.36379 1.32397 1.41846 1.40189 1.49714 1.42385 1.45212 1.53425 1.42451 
AverageVolumes:15.1716 14.9708 14.6434 15.6891 15.2854 15.0159 15.1359 14.5541 15.3165 14.863 
VolumeStds:0.947537 0.906333 0.904415 0.976521 0.956488 1.02581 0.979118 0.968322 1.06384 0.980388 
Timestep:6145000
Temperature: 894.075
Density: 7.40243
AverageArea: 33.608
AreaStd: 1.56407
AverageVolume: 15.2914
VolumeStd: 1.08116
VornoiIndicies:0 0 0 1 3 4 4 1 0 0 0 0 0 0 0 ,0 0 0 0 2 8 3 0 0 0 0 0 0 0 0 ,0 0 0 0 2 8 4 0 0 0 0 0 0 0 0 ,0 0 0 0 2 8 1 0 0 0 0 0 0 0 0 ,0 0 0 1 2 6 3 1 0 0 0 0 0 0 0 ,0 0 0 0 3 6 3 0 0 0 0 0 0 0 0 ,0 0 0 0 1 10 2 0 0 0 0 0 0 0 0 ,0 0 0 0 0 12 0 0 0 0 0 0 0 0 0 ,0 0 0 0 3 6 4 0 0 0 0 0 0 0 0 ,0 0 0 0 2 8 2 0 0 0 0 0 0 0 0 ,
VornoiFreq:0.0182859 0.020353 0.0224201 0.0251232 0.0295754 0.0368898 0.0542217 0.0718715 0.0744156 0.0795039 
AverageAreas:33.6353 33.4431 33.953 32.802 33.5297 33.1816 33.1275 32.3697 33.4843 32.9893 
AreaStds:1.26737 1.44168 1.24945 1.59664 1.36329 1.43341 1.49534 1.33801 1.4295 1.44326 
AverageVolumes:15.2065 15.3042 15.748 14.6112 15.2155 14.9393 15.1828 14.6679 15.2761 14.8986 
VolumeStds:0.902795 0.974734 0.881688 1.07148 0.94313 0.963611 1.03532 0.908531 0.997036 0.977299 
Timestep:6250000
Temperature: 895.774
Density: 7.40829
AverageArea: 33.5142
AreaStd: 1.59352
AverageVolume: 15.2401
VolumeStd: 1.08557
VornoiIndicies:0 0 0 1 2 6 2 1 0 0 0 0 0 0 0 ,0 0 0 0 2 8 1 0 0 0 0 0 0 0 0 ,0 0 0 0 2 8 4 0 0 0 0 0 0 0 0 ,0 0 0 1 0 9 3 0 0 0 0 0 0 0 0 ,0 0 0 1 2 6 3 1 0 0 0 0 0 0 0 ,0 0 0 0 3 6 3 0 0 0 0 0 0 0 0 ,0 0 0 0 1 10 2 0 0 0 0 0 0 0 0 ,0 0 0 0 3 6 4 0 0 0 0 0 0 0 0 ,0 0 0 0 2 8 2 0 0 0 0 0 0 0 0 ,0 0 0 0 0 12 0 0 0 0 0 0 0 0 0 ,
VornoiFreq:0.0192399 0.0267133 0.0271903 0.0286214 0.0319606 0.0322786 0.0569248 0.0678963 0.0798219 0.0857052 
AverageAreas:32.9485 32.8004 33.7471 32.9097 33.3565 33.3562 33.0737 33.4146 32.8454 32.1614 
AreaStds:1.37505 1.47834 1.47298 1.34288 1.35205 1.35117 1.45341 1.34206 1.41858 1.39765 
AverageVolumes:14.7169 14.6098 15.6452 15.0088 15.0913 15.0512 15.1609 15.2191 14.7937 14.5371 
VolumeStds:0.932835 0.987784 1.02296 0.915497 0.916097 0.925213 1.00222 0.924207 0.95218 0.943805 
Timestep:6360000
Temperature: 863.018
Density: 7.45315
AverageArea: 33.3706
AreaStd: 1.55975
AverageVolume: 15.1541
VolumeStd: 1.06376
VornoiIndicies:0 0 0 0 2 8 4 0 0 0 0 0 0 0 0 ,0 0 0 0 2 8 3 0 0 0 0 0 0 0 0 ,0 0 0 1 0 9 3 0 0 0 0 0 0 0 0 ,0 0 0 0 2 8 1 0 0 0 0 0 0 0 0 ,0 0 0 0 3 6 3 0 0 0 0 0 0 0 0 ,0 0 0 1 2 6 3 1 0 0 0 0 0 0 0 ,0 0 0 0 1 10 2 0 0 0 0 0 0 0 0 ,0 0 0 0 3 6 4 0 0 0 0 0 0 0 0 ,0 0 0 0 2 8 2 0 0 0 0 0 0 0 0 ,0 0 0 0 0 12 0 0 0 0 0 0 0 0 0 ,
VornoiFreq:0.0219431 0.0236922 0.0254412 0.0276674 0.0338687 0.0340277 0.0594689 0.0685324 0.0876133 0.0976308 
AverageAreas:33.4044 33.4215 32.9659 32.7144 33.1907 33.334 32.9434 33.2781 32.843 32.0766 
AreaStds:1.27559 1.32795 1.35748 1.48991 1.32011 1.51671 1.30116 1.30331 1.4104 1.37219 
AverageVolumes:15.3868 15.2686 15.0405 14.571 14.9376 15.0821 15.0828 15.1457 14.7969 14.4836 
VolumeStds:0.901315 0.93124 0.934348 0.987552 0.901828 1.04968 0.901768 0.911125 0.952311 0.921277 
Timestep:6465000
Temperature: 854.297
Density: 7.44602
AverageArea: 33.3566
AreaStd: 1.59551
AverageVolume: 15.1529
VolumeStd: 1.08079
VornoiIndicies:0 0 0 0 2 8 4 0 0 0 0 0 0 0 0 ,0 0 0 0 2 8 3 0 0 0 0 0 0 0 0 ,0 0 0 0 2 8 1 0 0 0 0 0 0 0 0 ,0 0 0 0 3 6 3 0 0 0 0 0 0 0 0 ,0 0 0 1 0 9 3 0 0 0 0 0 0 0 0 ,0 0 0 1 2 6 3 1 0 0 0 0 0 0 0 ,0 0 0 0 1 10 2 0 0 0 0 0 0 0 0 ,0 0 0 0 3 6 4 0 0 0 0 0 0 0 0 ,0 0 0 0 2 8 2 0 0 0 0 0 0 0 0 ,0 0 0 0 0 12 0 0 0 0 0 0 0 0 0 ,
VornoiFreq:0.0221021 0.0228971 0.0289394 0.0290984 0.0305295 0.0338687 0.0661472 0.0663062 0.0787089 0.11544 
AverageAreas:33.8098 33.3166 32.7304 33.0512 32.7423 33.4869 32.8586 33.5795 32.7779 32.009 
AreaStds:1.36695 1.3641 1.30414 1.33621 1.41156 1.42709 1.39846 1.42206 1.43963 1.39017 
AverageVolumes:15.6456 15.1797 14.5696 14.8538 14.901 15.1839 15.0186 15.3486 14.7648 14.4445 
VolumeStds:0.981925 0.936665 0.884611 0.916074 0.971519 0.973794 0.967718 0.980799 0.970321 0.930286 
Timestep:6575000
Temperature: 818.242
Density: 7.45201
AverageArea: 33.3267
AreaStd: 1.56088
AverageVolume: 15.1438
VolumeStd: 1.05012
VornoiIndicies:0 0 0 0 2 8 4 0 0 0 0 0 0 0 0 ,0 0 0 1 2 6 2 1 0 0 0 0 0 0 0 ,0 0 0 0 2 8 1 0 0 0 0 0 0 0 0 ,0 0 0 1 0 9 3 0 0 0 0 0 0 0 0 ,0 0 0 1 2 6 3 1 0 0 0 0 0 0 0 ,0 0 0 0 3 6 3 0 0 0 0 0 0 0 0 ,0 0 0 0 3 6 4 0 0 0 0 0 0 0 0 ,0 0 0 0 1 10 2 0 0 0 0 0 0 0 0 ,0 0 0 0 2 8 2 0 0 0 0 0 0 0 0 ,0 0 0 0 0 12 0 0 0 0 0 0 0 0 0 ,
VornoiFreq:0.0227381 0.0228971 0.0273493 0.0298935 0.0310065 0.0314835 0.0674193 0.0725076 0.0869773 0.117507 
AverageAreas:33.6548 33.0908 32.8167 32.7258 33.3877 33.2308 33.5063 32.9991 32.7606 32.0171 
AreaStds:1.28896 1.45753 1.32503 1.2671 1.40108 1.46897 1.46275 1.35057 1.32335 1.47878 
AverageVolumes:15.5742 14.829 14.639 14.8927 15.1377 14.9789 15.3183 15.1275 14.7624 14.4629 
VolumeStds:0.9318 0.971633 0.879494 0.863627 0.93349 0.987499 1.01067 0.917588 0.891204 0.993005 
Timestep:6680000
Temperature: 800.319
Density: 7.4665
AverageArea: 33.266
AreaStd: 1.54569
AverageVolume: 15.1128
VolumeStd: 1.05597
VornoiIndicies:0 0 0 1 2 6 2 1 0 0 0 0 0 0 0 ,0 0 0 1 2 6 3 1 0 0 0 0 0 0 0 ,0 0 0 0 2 8 4 0 0 0 0 0 0 0 0 ,0 0 0 0 3 6 3 0 0 0 0 0 0 0 0 ,0 0 0 0 2 8 1 0 0 0 0 0 0 0 0 ,0 0 0 1 0 9 3 0 0 0 0 0 0 0 0 ,0 0 0 0 1 10 2 0 0 0 0 0 0 0 0 ,0 0 0 0 3 6 4 0 0 0 0 0 0 0 0 ,0 0 0 0 2 8 2 0 0 0 0 0 0 0 0 ,0 0 0 0 0 12 0 0 0 0 0 0 0 0 0 ,
VornoiFreq:0.020353 0.0268723 0.0276674 0.0305295 0.0314835 0.0335506 0.0690094 0.0758467 0.0899984 0.11703 
AverageAreas:33.0461 33.2505 33.7565 33.022 32.5084 32.832 32.9753 33.2969 32.7176 32.0494 
AreaStds:1.46583 1.43259 1.23999 1.48266 1.29 1.35317 1.26747 1.37535 1.41444 1.35645 
AverageVolumes:14.7962 15.0374 15.6551 14.8397 14.4407 14.9722 15.1036 15.1721 14.7435 14.478 
VolumeStds:0.988105 0.991676 0.87103 1.00844 0.885197 0.920563 0.878267 0.946861 0.954308 0.909997 
Timestep:6790000
Temperature: 792.038
Density: 7.46901
AverageArea: 33.2348
AreaStd: 1.54729
AverageVolume: 15.0952
VolumeStd: 1.04772
VornoiIndicies:0 0 0 0 2 8 3 0 0 0 0 0 0 0 0 ,0 0 0 0 3 6 3 0 0 0 0 0 0 0 0 ,0 0 0 1 0 9 3 0 0 0 0 0 0 0 0 ,0 0 0 0 2 8 4 0 0 0 0 0 0 0 0 ,0 0 0 1 2 6 3 1 0 0 0 0 0 0 0 ,0 0 0 0 2 8 1 0 0 0 0 0 0 0 0 ,0 0 0 0 3 6 4 0 0 0 0 0 0 0 0 ,0 0 0 0 1 10 2 0 0 0 0 0 0 0 0 ,0 0 0 0 2 8 2 0 0 0 0 0 0 0 0 ,0 0 0 0 0 12 0 0 0 0 0 0 0 0 0 ,
VornoiFreq:0.0238512 0.0292574 0.0292574 0.0302115 0.0303705 0.0311655 0.0717125 0.0731436 0.0936556 0.125616 
AverageAreas:33.1817 32.8935 32.8079 33.6046 33.4228 32.782 33.4777 32.8854 32.795 31.9297 
AreaStds:1.29547 1.26763 1.38947 1.24761 1.50794 1.34911 1.40279 1.31899 1.42309 1.41574 
AverageVolumes:15.1103 14.7765 14.9642 15.5386 15.1721 14.6168 15.3069 15.0598 14.784 14.3983 
VolumeStds:0.888822 0.864056 0.95378 0.874886 1.03774 0.898552 0.972453 0.900616 0.966556 0.942283 
Timestep:6895000
Temperature: 740.714
Density: 7.48108
AverageArea: 33.2147
AreaStd: 1.52964
AverageVolume: 15.0797
VolumeStd: 1.02656
VornoiIndicies:0 0 0 0 2 8 3 0 0 0 0 0 0 0 0 ,0 0 0 0 2 8 4 0 0 0 0 0 0 0 0 ,0 0 0 1 2 6 3 1 0 0 0 0 0 0 0 ,0 0 0 1 0 9 3 0 0 0 0 0 0 0 0 ,0 0 0 0 3 6 3 0 0 0 0 0 0 0 0 ,0 0 0 0 2 8 1 0 0 0 0 0 0 0 0 ,0 0 0 0 3 6 4 0 0 0 0 0 0 0 0 ,0 0 0 0 1 10 2 0 0 0 0 0 0 0 0 ,0 0 0 0 2 8 2 0 0 0 0 0 0 0 0 ,0 0 0 0 0 12 0 0 0 0 0 0 0 0 0 ,
VornoiFreq:0.0233741 0.0259183 0.0300525 0.0319606 0.0321196 0.0330736 0.0650342 0.0763237 0.0845921 0.134839 
AverageAreas:33.1656 33.7526 33.4611 32.6761 33.1379 32.8087 33.2009 32.9214 32.8152 31.9416 
AreaStds:1.20957 1.27925 1.29995 1.31678 1.23996 1.36414 1.3151 1.29342 1.34931 1.2864 
AverageVolumes:15.1267 15.6551 15.1961 14.8514 14.9176 14.6286 15.1013 15.0717 14.8059 14.4056 
VolumeStds:0.804973 0.909773 0.89407 0.895455 0.841562 0.917694 0.887869 0.876398 0.918987 0.853146 
Timestep:7005000
Temperature: 750.993
Density: 7.51084
AverageArea: 33.0905
AreaStd: 1.52452
AverageVolume: 15.0133
VolumeStd: 1.02725
VornoiIndicies:0 0 0 0 2 8 3 0 0 0 0 0 0 0 0 ,0 0 0 0 2 8 4 0 0 0 0 0 0 0 0 ,0 0 0 1 0 9 3 0 0 0 0 0 0 0 0 ,0 0 0 1 2 6 3 1 0 0 0 0 0 0 0 ,0 0 0 0 3 6 3 0 0 0 0 0 0 0 0 ,0 0 0 0 2 8 1 0 0 0 0 0 0 0 0 ,0 0 0 0 3 6 4 0 0 0 0 0 0 0 0 ,0 0 0 0 1 10 2 0 0 0 0 0 0 0 0 ,0 0 0 0 2 8 2 0 0 0 0 0 0 0 0 ,0 0 0 0 0 12 0 0 0 0 0 0 0 0 0 ,
VornoiFreq:0.0233741 0.0270313 0.0302115 0.0311655 0.0349817 0.0351407 0.0764827 0.0802989 0.0907934 0.143902 
AverageAreas:33.2636 33.6116 32.6819 33.1896 32.9865 32.6477 33.2894 32.7894 32.6489 31.8453 
AreaStds:1.31557 1.24591 1.31057 1.29584 1.32768 1.37555 1.38767 1.30648 1.38154 1.32153 
AverageVolumes:15.191 15.5621 14.8714 15.0244 14.8334 14.5372 15.1786 15.0032 14.6862 14.35 
VolumeStds:0.92023 0.891158 0.895917 0.897866 0.910627 0.929916 0.948666 0.895546 0.928715 0.8825 
Timestep:7110000
Temperature: 712.902
Density: 7.51824
AverageArea: 33.045
AreaStd: 1.50946
AverageVolume: 14.9869
VolumeStd: 1.00993
VornoiIndicies:0 0 0 0 2 8 3 0 0 0 0 0 0 0 0 ,0 0 0 0 2 8 4 0 0 0 0 0 0 0 0 ,0 0 0 1 0 9 3 0 0 0 0 0 0 0 0 ,0 0 0 0 2 8 1 0 0 0 0 0 0 0 0 ,0 0 0 0 3 6 3 0 0 0 0 0 0 0 0 ,0 0 0 1 2 6 3 1 0 0 0 0 0 0 0 ,0 0 0 0 3 6 4 0 0 0 0 0 0 0 0 ,0 0 0 0 1 10 2 0 0 0 0 0 0 0 0 ,0 0 0 0 2 8 2 0 0 0 0 0 0 0 0 ,0 0 0 0 0 12 0 0 0 0 0 0 0 0 0 ,
VornoiFreq:0.0224201 0.0260773 0.0287804 0.0300525 0.0322786 0.0324376 0.0728256 0.0842741 0.0966767 0.14899 
AverageAreas:33.0336 33.6099 32.5094 32.6682 33.2431 33.208 33.2588 32.6563 32.5549 31.8615 
AreaStds:1.38157 1.31757 1.37912 1.29533 1.31484 1.28611 1.2987 1.262 1.30238 1.33974 
AverageVolumes:15.0196 15.5436 14.7783 14.5591 14.9988 15.0375 15.1621 14.9091 14.6324 14.3685 
VolumeStds:0.950413 0.922129 0.936882 0.888312 0.877094 0.872104 0.908327 0.865578 0.878808 0.904921 
Timestep:7220000
Temperature: 703.217
Density: 7.50718
AverageArea: 33.0745
AreaStd: 1.52191
AverageVolume: 15.0031
VolumeStd: 1.0219
VornoiIndicies:0 0 0 1 2 5 4 0 0 0 0 0 0 0 0 ,0 0 0 0 2 8 4 0 0 0 0 0 0 0 0 ,0 0 0 0 3 6 3 0 0 0 0 0 0 0 0 ,0 0 0 1 0 9 3 0 0 0 0 0 0 0 0 ,0 0 0 1 2 6 3 1 0 0 0 0 0 0 0 ,0 0 0 0 2 8 1 0 0 0 0 0 0 0 0 ,0 0 0 0 3 6 4 0 0 0 0 0 0 0 0 ,0 0 0 0 1 10 2 0 0 0 0 0 0 0 0 ,0 0 0 0 2 8 2 0 0 0 0 0 0 0 0 ,0 0 0 0 0 12 0 0 0 0 0 0 0 0 0 ,
VornoiFreq:0.0232151 0.0283034 0.0306885 0.0329146 0.0337097 0.0349817 0.0647162 0.0791859 0.0920655 0.148195 
AverageAreas:33.1027 33.6423 33.1478 32.7199 33.1463 32.5247 33.2621 32.7258 32.6246 31.85 
AreaStds:1.28093 1.30373 1.40823 1.27087 1.46268 1.35969 1.4071 1.29525 1.38775 1.29847 
AverageVolumes:14.8288 15.6067 14.9537 14.9122 14.9922 14.4429 15.1558 14.9622 14.6855 14.3557 
VolumeStds:0.880929 0.92589 0.935718 0.886255 1.00067 0.917984 0.970939 0.893666 0.947542 0.866731 
Timestep:7325000
Temperature: 683.409
Density: 7.53173
AverageArea: 33.0028
AreaStd: 1.50773
AverageVolume: 14.9617
VolumeStd: 1.0038
VornoiIndicies:0 0 0 1 2 5 4 0 0 0 0 0 0 0 0 ,0 0 0 0 2 8 4 0 0 0 0 0 0 0 0 ,0 0 0 1 2 6 3 1 0 0 0 0 0 0 0 ,0 0 0 1 0 9 3 0 0 0 0 0 0 0 0 ,0 0 0 0 2 8 1 0 0 0 0 0 0 0 0 ,0 0 0 0 3 6 3 0 0 0 0 0 0 0 0 ,0 0 0 0 3 6 4 0 0 0 0 0 0 0 0 ,0 0 0 0 1 10 2 0 0 0 0 0 0 0 0 ,0 0 0 0 2 8 2 0 0 0 0 0 0 0 0 ,0 0 0 0 0 12 0 0 0 0 0 0 0 0 0 ,
VornoiFreq:0.020035 0.0279854 0.0297345 0.0302115 0.0325966 0.0330736 0.0712355 0.0798219 0.0845921 0.15869 
AverageAreas:33.2038 33.4703 33.1431 32.5496 32.4659 33.205 33.1629 32.6824 32.5916 31.7714 
AreaStds:1.21311 1.24525 1.34184 1.33289 1.29999 1.34805 1.29249 1.30173 1.3145 1.33669 
AverageVolumes:14.8726 15.4635 14.9956 14.7963 14.4269 14.9803 15.0997 14.9296 14.6672 14.3149 
VolumeStds:0.816572 0.879159 0.931308 0.896941 0.870097 0.920758 0.878083 0.889137 0.89329 0.890051 
Timestep:7435000
Temperature: 643.813
Density: 7.51939
AverageArea: 33.032
AreaStd: 1.49786
AverageVolume: 14.9782
VolumeStd: 0.997075
VornoiIndicies:0 0 0 1 2 5 4 0 0 0 0 0 0 0 0 ,0 0 0 0 2 8 4 0 0 0 0 0 0 0 0 ,0 0 0 1 2 6 3 1 0 0 0 0 0 0 0 ,0 0 0 0 2 8 1 0 0 0 0 0 0 0 0 ,0 0 0 1 0 9 3 0 0 0 0 0 0 0 0 ,0 0 0 0 3 6 3 0 0 0 0 0 0 0 0 ,0 0 0 0 3 6 4 0 0 0 0 0 0 0 0 ,0 0 0 0 1 10 2 0 0 0 0 0 0 0 0 ,0 0 0 0 2 8 2 0 0 0 0 0 0 0 0 ,0 0 0 0 0 12 0 0 0 0 0 0 0 0 0 ,
VornoiFreq:0.0221021 0.0230561 0.0295754 0.0303705 0.0313245 0.0322786 0.0750517 0.080935 0.0898394 0.149467 
AverageAreas:32.9893 33.6053 33.3125 32.6769 32.525 33.1768 33.2282 32.7199 32.6075 31.7926 
AreaStds:1.34987 1.38836 1.4792 1.3678 1.37967 1.21229 1.35518 1.29944 1.30953 1.28708 
AverageVolumes:14.7439 15.5541 15.1133 14.5561 14.7771 14.9778 15.1465 14.9543 14.6771 14.3256 
VolumeStds:0.912339 0.971545 1.00141 0.914777 0.924088 0.815527 0.921078 0.885694 0.880726 0.857937 
Timestep:7540000
Temperature: 642.729
Density: 7.53099
AverageArea: 32.9709
AreaStd: 1.49972
AverageVolume: 14.9496
VolumeStd: 1.0022
VornoiIndicies:0 0 0 1 2 6 2 1 0 0 0 0 0 0 0 ,0 0 0 0 2 8 4 0 0 0 0 0 0 0 0 ,0 0 0 0 3 6 3 0 0 0 0 0 0 0 0 ,0 0 0 1 2 6 3 1 0 0 0 0 0 0 0 ,0 0 0 1 0 9 3 0 0 0 0 0 0 0 0 ,0 0 0 0 2 8 1 0 0 0 0 0 0 0 0 ,0 0 0 0 3 6 4 0 0 0 0 0 0 0 0 ,0 0 0 0 1 10 2 0 0 0 0 0 0 0 0 ,0 0 0 0 2 8 2 0 0 0 0 0 0 0 0 ,0 0 0 0 0 12 0 0 0 0 0 0 0 0 0 ,
VornoiFreq:0.0214661 0.0265543 0.0297345 0.0300525 0.0308475 0.0356177 0.0756877 0.0760057 0.0877723 0.160757 
AverageAreas:32.9271 33.4239 32.9388 32.8625 32.5155 32.6814 33.249 32.5383 32.6155 31.7534 
AreaStds:1.29719 1.31341 1.31077 1.24889 1.34498 1.29243 1.32314 1.25286 1.33015 1.26798 
AverageVolumes:14.7602 15.4348 14.8236 14.8191 14.7843 14.5678 15.1619 14.8453 14.6825 14.3007 
VolumeStds:0.857537 0.912827 0.892077 0.852342 0.89734 0.87574 0.913268 0.851641 0.900357 0.842343 
Timestep:7650000
Temperature: 603.823
Density: 7.55086
AverageArea: 32.9255
AreaStd: 1.48591
AverageVolume: 14.9196
VolumeStd: 0.989328
VornoiIndicies:0 0 0 0 2 8 3 0 0 0 0 0 0 0 0 ,0 0 0 0 2 8 4 0 0 0 0 0 0 0 0 ,0 0 0 1 2 6 3 1 0 0 0 0 0 0 0 ,0 0 0 1 0 9 3 0 0 0 0 0 0 0 0 ,0 0 0 0 2 8 1 0 0 0 0 0 0 0 0 ,0 0 0 0 3 6 3 0 0 0 0 0 0 0 0 ,0 0 0 0 3 6 4 0 0 0 0 0 0 0 0 ,0 0 0 0 1 10 2 0 0 0 0 0 0 0 0 ,0 0 0 0 2 8 2 0 0 0 0 0 0 0 0 ,0 0 0 0 0 12 0 0 0 0 0 0 0 0 0 ,
VornoiFreq:0.020035 0.0260773 0.0279854 0.0332326 0.0346637 0.0348227 0.0704405 0.0874543 0.0963587 0.155033 
AverageAreas:33.0103 33.3267 32.9886 32.5832 32.5035 33.0617 33.2026 32.6056 32.5876 31.6897 
AreaStds:1.34546 1.12942 1.27418 1.29578 1.31423 1.31055 1.29977 1.23993 1.40214 1.28373 
AverageVolumes:15.0442 15.3787 14.8962 14.8131 14.4512 14.9096 15.1311 14.8894 14.676 14.2671 
VolumeStds:0.92002 0.798408 0.84055 0.883439 0.890023 0.902248 0.90807 0.84961 0.946014 0.847037 
Timestep:7755000
Temperature: 606.617
Density: 7.55474
AverageArea: 32.9018
AreaStd: 1.46315
AverageVolume: 14.903
VolumeStd: 0.975867
VornoiIndicies:0 0 0 1 2 5 4 0 0 0 0 0 0 0 0 ,0 0 0 0 2 8 4 0 0 0 0 0 0 0 0 ,0 0 0 1 2 6 3 1 0 0 0 0 0 0 0 ,0 0 0 1 0 9 3 0 0 0 0 0 0 0 0 ,0 0 0 0 3 6 3 0 0 0 0 0 0 0 0 ,0 0 0 0 2 8 1 0 0 0 0 0 0 0 0 ,0 0 0 0 3 6 4 0 0 0 0 0 0 0 0 ,0 0 0 0 1 10 2 0 0 0 0 0 0 0 0 ,0 0 0 0 2 8 2 0 0 0 0 0 0 0 0 ,0 0 0 0 0 12 0 0 0 0 0 0 0 0 0 ,
VornoiFreq:0.0246462 0.0267133 0.0297345 0.0300525 0.0303705 0.0348227 0.0682143 0.0791859 0.0968357 0.164414 
AverageAreas:33.1814 33.5387 33.1309 32.3936 32.999 32.4922 33.1334 32.5318 32.5526 31.7563 
AreaStds:1.28925 1.18475 1.35376 1.27065 1.48866 1.34468 1.282 1.2182 1.30314 1.27688 
AverageVolumes:14.8792 15.5339 14.9878 14.6942 14.8545 14.4542 15.0851 14.8334 14.6392 14.3044 
VolumeStds:0.878414 0.840353 0.908147 0.863576 0.998966 0.900592 0.888648 0.829847 0.888753 0.85014 
Timestep:7865000
Temperature: 569.056
Density: 7.57081
AverageArea: 32.838
AreaStd: 1.4633
AverageVolume: 14.867
VolumeStd: 0.971407
VornoiIndicies:0 0 0 1 2 5 4 0 0 0 0 0 0 0 0 ,0 0 0 1 0 9 3 0 0 0 0 0 0 0 0 ,0 0 0 0 2 8 4 0 0 0 0 0 0 0 0 ,0 0 0 0 3 6 3 0 0 0 0 0 0 0 0 ,0 0 0 1 2 6 3 1 0 0 0 0 0 0 0 ,0 0 0 0 2 8 1 0 0 0 0 0 0 0 0 ,0 0 0 0 3 6 4 0 0 0 0 0 0 0 0 ,0 0 0 0 1 10 2 0 0 0 0 0 0 0 0 ,0 0 0 0 2 8 2 0 0 0 0 0 0 0 0 ,0 0 0 0 0 12 0 0 0 0 0 0 0 0 0 ,
VornoiFreq:0.02083 0.0275083 0.0294164 0.0306885 0.0318016 0.0360948 0.0764827 0.0907934 0.0982668 0.165209 
AverageAreas:32.952 32.4414 33.2529 33.0387 32.8708 32.5168 33.0705 32.5184 32.4998 31.6732 
AreaStds:1.35844 1.21353 1.37184 1.23594 1.25615 1.26967 1.31685 1.26803 1.2877 1.25659 
AverageVolumes:14.7173 14.727 15.3445 14.8777 14.7996 14.4547 15.0567 14.8181 14.6114 14.257 
VolumeStds:0.915296 0.823735 0.966103 0.837899 0.864166 0.841545 0.897296 0.860963 0.862362 0.833161 
Timestep:7970000
Temperature: 549.508
Density: 7.56066
AverageArea: 32.8616
AreaStd: 1.46043
AverageVolume: 14.8847
VolumeStd: 0.967794
VornoiIndicies:0 0 0 0 2 8 3 0 0 0 0 0 0 0 0 ,0 0 0 1 0 9 3 0 0 0 0 0 0 0 0 ,0 0 0 0 2 8 4 0 0 0 0 0 0 0 0 ,0 0 0 1 2 6 3 1 0 0 0 0 0 0 0 ,0 0 0 0 3 6 3 0 0 0 0 0 0 0 0 ,0 0 0 0 2 8 1 0 0 0 0 0 0 0 0 ,0 0 0 0 3 6 4 0 0 0 0 0 0 0 0 ,0 0 0 0 1 10 2 0 0 0 0 0 0 0 0 ,0 0 0 0 2 8 2 0 0 0 0 0 0 0 0 ,0 0 0 0 0 12 0 0 0 0 0 0 0 0 0 ,
VornoiFreq:0.021307 0.0268723 0.0290984 0.0302115 0.0313245 0.0337097 0.0787089 0.0839561 0.0957227 0.164732 
AverageAreas:32.963 32.3996 33.2132 33.19 33.0872 32.5255 33.1158 32.5183 32.5904 31.6309 
AreaStds:1.35197 1.21603 1.19722 1.30566 1.23502 1.33718 1.32205 1.22883 1.26554 1.277 
AverageVolumes:14.9983 14.6864 15.3073 15.0297 14.9119 14.4803 15.0859 14.8358 14.6668 14.2307 
VolumeStds:0.936823 0.8225 0.843347 0.895359 0.831579 0.896168 0.898882 0.843563 0.856355 0.850644 
Timestep:8080000
Temperature: 534.915
Density: 7.56162
AverageArea: 32.8472
AreaStd: 1.46023
AverageVolume: 14.8776
VolumeStd: 0.965938
VornoiIndicies:0 0 0 0 2 8 3 0 0 0 0 0 0 0 0 ,0 0 0 0 2 8 4 0 0 0 0 0 0 0 0 ,0 0 0 1 0 9 3 0 0 0 0 0 0 0 0 ,0 0 0 0 3 6 3 0 0 0 0 0 0 0 0 ,0 0 0 1 2 6 3 1 0 0 0 0 0 0 0 ,0 0 0 0 2 8 1 0 0 0 0 0 0 0 0 ,0 0 0 0 3 6 4 0 0 0 0 0 0 0 0 ,0 0 0 0 1 10 2 0 0 0 0 0 0 0 0 ,0 0 0 0 2 8 2 0 0 0 0 0 0 0 0 ,0 0 0 0 0 12 0 0 0 0 0 0 0 0 0 ,
VornoiFreq:0.0251232 0.0275083 0.0279854 0.0319606 0.0333916 0.0349817 0.0705995 0.082048 0.0928606 0.170138 
AverageAreas:32.9422 33.1462 32.3398 32.8984 33.1798 32.4975 33.1959 32.5428 32.4699 31.6818 
AreaStds:1.25816 1.33323 1.21586 1.33717 1.3492 1.21711 1.4145 1.23404 1.32197 1.26873 
AverageVolumes:14.9784 15.2972 14.6631 14.7939 15.0303 14.4561 15.1469 14.8575 14.6027 14.2635 
VolumeStds:0.872481 0.923658 0.796692 0.90973 0.918951 0.793313 0.96961 0.846242 0.895268 0.845968 
Timestep:8185000
Temperature: 503.69
Density: 7.56593
AverageArea: 32.847
AreaStd: 1.45675
AverageVolume: 14.8776
VolumeStd: 0.962173
VornoiIndicies:0 0 0 0 2 8 3 0 0 0 0 0 0 0 0 ,0 0 0 1 0 9 3 0 0 0 0 0 0 0 0 ,0 0 0 0 2 8 4 0 0 0 0 0 0 0 0 ,0 0 0 0 3 6 3 0 0 0 0 0 0 0 0 ,0 0 0 1 2 6 3 1 0 0 0 0 0 0 0 ,0 0 0 0 2 8 1 0 0 0 0 0 0 0 0 ,0 0 0 0 3 6 4 0 0 0 0 0 0 0 0 ,0 0 0 0 1 10 2 0 0 0 0 0 0 0 0 ,0 0 0 0 2 8 2 0 0 0 0 0 0 0 0 ,0 0 0 0 0 12 0 0 0 0 0 0 0 0 0 ,
VornoiFreq:0.0225791 0.0297345 0.0303705 0.0308475 0.0313245 0.0378439 0.0744156 0.0879313 0.0917475 0.165368 
AverageAreas:32.735 32.5466 33.3002 33.067 33.0128 32.3905 33.1785 32.4988 32.3967 31.6232 
AreaStds:1.29718 1.24496 1.24121 1.37213 1.35375 1.23385 1.24281 1.16345 1.22143 1.32667 
AverageVolumes:14.8474 14.8095 15.3766 14.9104 14.9113 14.3795 15.1204 14.8152 14.5576 14.2292 
VolumeStds:0.900018 0.845341 0.870411 0.930087 0.917819 0.820449 0.857013 0.790254 0.823974 0.876094 
Timestep:8295000
Temperature: 493.022
Density: 7.58012
AverageArea: 32.7871
AreaStd: 1.45226
AverageVolume: 14.8445
VolumeStd: 0.958816
VornoiIndicies:0 0 0 0 2 8 3 0 0 0 0 0 0 0 0 ,0 0 0 0 2 8 4 0 0 0 0 0 0 0 0 ,0 0 0 1 2 6 3 1 0 0 0 0 0 0 0 ,0 0 0 1 0 9 3 0 0 0 0 0 0 0 0 ,0 0 0 0 3 6 3 0 0 0 0 0 0 0 0 ,0 0 0 0 2 8 1 0 0 0 0 0 0 0 0 ,0 0 0 0 3 6 4 0 0 0 0 0 0 0 0 ,0 0 0 0 1 10 2 0 0 0 0 0 0 0 0 ,0 0 0 0 2 8 2 0 0 0 0 0 0 0 0 ,0 0 0 0 0 12 0 0 0 0 0 0 0 0 0 ,
VornoiFreq:0.0254412 0.0275083 0.0298935 0.0310065 0.0370488 0.0392749 0.0766418 0.082366 0.0933376 0.169502 
AverageAreas:32.988 33.2816 32.9011 32.1893 32.9379 32.3311 33.0526 32.4218 32.5249 31.5838 
AreaStds:1.35015 1.32633 1.28895 1.12456 1.31927 1.25167 1.24657 1.20941 1.27243 1.25882 
AverageVolumes:15.0219 15.354 14.8418 14.5607 14.8353 14.3525 15.0414 14.7762 14.6424 14.21 
VolumeStds:0.941889 0.929705 0.872956 0.754167 0.901012 0.835436 0.850019 0.823835 0.859565 0.828902 
Timestep:8400000
Temperature: 467.829
Density: 7.59659
AverageArea: 32.7235
AreaStd: 1.43321
AverageVolume: 14.8049
VolumeStd: 0.952135
VornoiIndicies:0 0 0 0 2 8 3 0 0 0 0 0 0 0 0 ,0 0 0 0 2 8 4 0 0 0 0 0 0 0 0 ,0 0 0 1 0 9 3 0 0 0 0 0 0 0 0 ,0 0 0 1 2 6 3 1 0 0 0 0 0 0 0 ,0 0 0 0 3 6 3 0 0 0 0 0 0 0 0 ,0 0 0 0 2 8 1 0 0 0 0 0 0 0 0 ,0 0 0 0 3 6 4 0 0 0 0 0 0 0 0 ,0 0 0 0 1 10 2 0 0 0 0 0 0 0 0 ,0 0 0 0 2 8 2 0 0 0 0 0 0 0 0 ,0 0 0 0 0 12 0 0 0 0 0 0 0 0 0 ,
VornoiFreq:0.0236922 0.0236922 0.0265543 0.0294164 0.0343457 0.0367308 0.0782318 0.0909525 0.0969948 0.171569 
AverageAreas:32.7464 33.0267 32.2803 32.9577 32.9602 32.4292 33.0259 32.4145 32.4113 31.5833 
AreaStds:1.30074 1.31419 1.22129 1.18505 1.4202 1.24379 1.24954 1.18119 1.24474 1.26381 
AverageVolumes:14.8829 15.1916 14.6409 14.8866 14.8485 14.4242 15.0322 14.7784 14.5525 14.2102 
VolumeStds:0.902614 0.921622 0.829829 0.826974 0.95387 0.828487 0.855849 0.808158 0.844739 0.840065 
Timestep:8510000
Temperature: 453.52
Density: 7.59832
AverageArea: 32.7237
AreaStd: 1.43081
AverageVolume: 14.8082
VolumeStd: 0.946718
VornoiIndicies:0 0 0 0 2 8 3 0 0 0 0 0 0 0 0 ,0 0 0 1 0 9 3 0 0 0 0 0 0 0 0 ,0 0 0 1 2 6 3 1 0 0 0 0 0 0 0 ,0 0 0 0 2 8 4 0 0 0 0 0 0 0 0 ,0 0 0 0 3 6 3 0 0 0 0 0 0 0 0 ,0 0 0 0 2 8 1 0 0 0 0 0 0 0 0 ,0 0 0 0 3 6 4 0 0 0 0 0 0 0 0 ,0 0 0 0 1 10 2 0 0 0 0 0 0 0 0 ,0 0 0 0 2 8 2 0 0 0 0 0 0 0 0 ,0 0 0 0 0 12 0 0 0 0 0 0 0 0 0 ,
VornoiFreq:0.0233741 0.0256003 0.0289394 0.0300525 0.0362538 0.0376848 0.0758467 0.0946096 0.0984258 0.175068 
AverageAreas:32.793 32.3706 33.0054 33.1093 33.0038 32.445 33.0198 32.4161 32.4792 31.5293 
AreaStds:1.25749 1.32695 1.24687 1.28294 1.25289 1.32515 1.21754 1.21139 1.29006 1.23831 
AverageVolumes:14.8848 14.7093 14.9266 15.2556 14.8803 14.4208 15.0211 14.7806 14.6062 14.1726 
VolumeStds:0.862261 0.904315 0.845142 0.88749 0.862653 0.876193 0.836833 0.833879 0.869904 0.81534 
Timestep:8615000
Temperature: 435.187
Density: 7.60013
AverageArea: 32.6983
AreaStd: 1.43526
AverageVolume: 14.7929
VolumeStd: 0.944206
VornoiIndicies:0 0 0 0 2 8 3 0 0 0 0 0 0 0 0 ,0 0 0 0 2 8 4 0 0 0 0 0 0 0 0 ,0 0 0 1 2 6 3 1 0 0 0 0 0 0 0 ,0 0 0 1 0 9 3 0 0 0 0 0 0 0 0 ,0 0 0 0 2 8 1 0 0 0 0 0 0 0 0 ,0 0 0 0 3 6 3 0 0 0 0 0 0 0 0 ,0 0 0 0 3 6 4 0 0 0 0 0 0 0 0 ,0 0 0 0 1 10 2 0 0 0 0 0 0 0 0 ,0 0 0 0 2 8 2 0 0 0 0 0 0 0 0 ,0 0 0 0 0 12 0 0 0 0 0 0 0 0 0 ,
VornoiFreq:0.0249642 0.0259183 0.0297345 0.0300525 0.0314835 0.0324376 0.0736206 0.0860232 0.0971538 0.174591 
AverageAreas:32.8888 33.131 32.7201 32.3016 32.3137 32.8805 33.0908 32.3791 32.448 31.5274 
AreaStds:1.2729 1.23304 1.34566 1.22632 1.33844 1.14095 1.27263 1.21508 1.22219 1.2281 
AverageVolumes:14.9577 15.2412 14.7177 14.6621 14.3602 14.8024 15.0788 14.7568 14.5996 14.1788 
VolumeStds:0.879074 0.842255 0.910778 0.829145 0.894533 0.770783 0.857426 0.830237 0.828219 0.812061 
Timestep:8725000
Temperature: 404.33
Density: 7.60362
AverageArea: 32.6974
AreaStd: 1.43705
AverageVolume: 14.7904
VolumeStd: 0.948201
VornoiIndicies:0 0 0 0 2 8 3 0 0 0 0 0 0 0 0 ,0 0 0 0 2 8 4 0 0 0 0 0 0 0 0 ,0 0 0 1 0 9 3 0 0 0 0 0 0 0 0 ,0 0 0 1 2 6 3 1 0 0 0 0 0 0 0 ,0 0 0 0 3 6 3 0 0 0 0 0 0 0 0 ,0 0 0 0 2 8 1 0 0 0 0 0 0 0 0 ,0 0 0 0 3 6 4 0 0 0 0 0 0 0 0 ,0 0 0 0 1 10 2 0 0 0 0 0 0 0 0 ,0 0 0 0 2 8 2 0 0 0 0 0 0 0 0 ,0 0 0 0 0 12 0 0 0 0 0 0 0 0 0 ,
VornoiFreq:0.0236922 0.0265543 0.0276674 0.0318016 0.0329146 0.0345047 0.0782318 0.0863412 0.0990619 0.174114 
AverageAreas:32.5915 32.9681 32.2221 32.8417 32.8696 32.3826 33.1102 32.4397 32.4583 31.5031 
AreaStds:1.21017 1.38802 1.14675 1.20108 1.16707 1.31063 1.35529 1.24148 1.26664 1.25504 
AverageVolumes:14.7753 15.1457 14.6128 14.8038 14.7872 14.3974 15.083 14.7919 14.5941 14.1651 
VolumeStds:0.842644 0.962627 0.776295 0.824861 0.801352 0.863399 0.929643 0.848028 0.855733 0.838709 
Timestep:8830000
Temperature: 397.684
Density: 7.62163
AverageArea: 32.6275
AreaStd: 1.42529
AverageVolume: 14.7463
VolumeStd: 0.935367
VornoiIndicies:0 0 0 1 2 5 4 0 0 0 0 0 0 0 0 ,0 0 0 0 2 8 4 0 0 0 0 0 0 0 0 ,0 0 0 1 0 9 3 0 0 0 0 0 0 0 0 ,0 0 0 1 2 6 3 1 0 0 0 0 0 0 0 ,0 0 0 0 2 8 1 0 0 0 0 0 0 0 0 ,0 0 0 0 3 6 3 0 0 0 0 0 0 0 0 ,0 0 0 0 3 6 4 0 0 0 0 0 0 0 0 ,0 0 0 0 1 10 2 0 0 0 0 0 0 0 0 ,0 0 0 0 2 8 2 0 0 0 0 0 0 0 0 ,0 0 0 0 0 12 0 0 0 0 0 0 0 0 0 ,
VornoiFreq:0.0248052 0.0265543 0.0267133 0.0321196 0.0322786 0.0362538 0.0742566 0.0831611 0.100175 0.18111 
AverageAreas:32.8239 33.0695 32.1718 32.8642 32.2641 32.8163 32.8995 32.3772 32.3831 31.4636 
AreaStds:1.30017 1.34699 1.27046 1.32631 1.17689 1.28212 1.32967 1.17797 1.1708 1.25637 
AverageVolumes:14.6684 15.2404 14.579 14.8187 14.3242 14.7616 14.9506 14.7727 14.5415 14.1361 
VolumeStds:0.879112 0.934715 0.856322 0.895114 0.786922 0.869193 0.908702 0.807789 0.779925 0.827147 
Timestep:8940000
Temperature: 358.035
Density: 7.61867
AverageArea: 32.6318
AreaStd: 1.43628
AverageVolume: 14.7511
VolumeStd: 0.94373
VornoiIndicies:0 0 0 0 2 8 3 0 0 0 0 0 0 0 0 ,0 0 0 1 0 9 3 0 0 0 0 0 0 0 0 ,0 0 0 0 2 8 4 0 0 0 0 0 0 0 0 ,0 0 0 1 2 6 3 1 0 0 0 0 0 0 0 ,0 0 0 0 3 6 3 0 0 0 0 0 0 0 0 ,0 0 0 0 2 8 1 0 0 0 0 0 0 0 0 ,0 0 0 0 3 6 4 0 0 0 0 0 0 0 0 ,0 0 0 0 1 10 2 0 0 0 0 0 0 0 0 ,0 0 0 0 2 8 2 0 0 0 0 0 0 0 0 ,0 0 0 0 0 12 0 0 0 0 0 0 0 0 0 ,
VornoiFreq:0.021148 0.0263953 0.0278264 0.0319606 0.0324376 0.0391159 0.0752107 0.0904754 0.0952457 0.176976 
AverageAreas:32.7972 32.1633 33.1611 32.7883 32.8725 32.3686 32.8986 32.3543 32.3522 31.4421 
AreaStds:1.30865 1.27383 1.29779 1.26334 1.29329 1.20282 1.33737 1.15096 1.30855 1.21094 
AverageVolumes:14.8879 14.5713 15.2888 14.7873 14.7779 14.4038 14.9551 14.7412 14.531 14.1243 
VolumeStds:0.889589 0.859009 0.900667 0.846293 0.864015 0.819408 0.914683 0.786312 0.886087 0.7981 
Timestep:9045000
Temperature: 353.985
Density: 7.63444
AverageArea: 32.5685
AreaStd: 1.41771
AverageVolume: 14.7101
VolumeStd: 0.927197
VornoiIndicies:0 0 0 0 2 8 3 0 0 0 0 0 0 0 0 ,0 0 0 1 0 9 3 0 0 0 0 0 0 0 0 ,0 0 0 1 2 6 3 1 0 0 0 0 0 0 0 ,0 0 0 0 2 8 4 0 0 0 0 0 0 0 0 ,0 0 0 0 3 6 3 0 0 0 0 0 0 0 0 ,0 0 0 0 2 8 1 0 0 0 0 0 0 0 0 ,0 0 0 0 3 6 4 0 0 0 0 0 0 0 0 ,0 0 0 0 1 10 2 0 0 0 0 0 0 0 0 ,0 0 0 0 2 8 2 0 0 0 0 0 0 0 0 ,0 0 0 0 0 12 0 0 0 0 0 0 0 0 0 ,
VornoiFreq:0.0228971 0.0252822 0.0276674 0.0290984 0.0367308 0.040547 0.081571 0.0911115 0.100334 0.179361 
AverageAreas:32.6844 32.0983 32.6745 33.1111 32.8397 32.3167 32.8627 32.2514 32.3507 31.4005 
AreaStds:1.30899 1.18138 1.29679 1.36354 1.26454 1.27902 1.24915 1.20484 1.22956 1.2382 
AverageVolumes:14.8128 14.538 14.6965 15.2642 14.7728 14.3531 14.9138 14.6728 14.5298 14.099 
VolumeStds:0.880349 0.80499 0.891576 0.941313 0.841931 0.849098 0.850305 0.817031 0.81918 0.817005 
Timestep:9155000
Temperature: 330.795
Density: 7.64168
AverageArea: 32.5556
AreaStd: 1.39573
AverageVolume: 14.7022
VolumeStd: 0.915379
VornoiIndicies:0 0 0 0 2 8 3 0 0 0 0 0 0 0 0 ,0 0 0 1 0 9 3 0 0 0 0 0 0 0 0 ,0 0 0 0 2 8 4 0 0 0 0 0 0 0 0 ,0 0 0 1 2 6 3 1 0 0 0 0 0 0 0 ,0 0 0 0 3 6 3 0 0 0 0 0 0 0 0 ,0 0 0 0 2 8 1 0 0 0 0 0 0 0 0 ,0 0 0 0 3 6 4 0 0 0 0 0 0 0 0 ,0 0 0 0 1 10 2 0 0 0 0 0 0 0 0 ,0 0 0 0 2 8 2 0 0 0 0 0 0 0 0 ,0 0 0 0 0 12 0 0 0 0 0 0 0 0 0 ,
VornoiFreq:0.0241692 0.0252822 0.0273493 0.0305295 0.0387979 0.0389569 0.0791859 0.0904754 0.0954047 0.17793 
AverageAreas:32.5643 32.3584 32.8865 32.8162 32.8793 32.3119 32.8941 32.2195 32.2695 31.3825 
AreaStds:1.2045 1.21302 1.21527 1.21105 1.26881 1.20076 1.25727 1.17859 1.18413 1.21788 
AverageVolumes:14.7549 14.7167 15.0943 14.782 14.8013 14.3428 14.9492 14.6535 14.4851 14.0892 
VolumeStds:0.818511 0.81719 0.842167 0.81379 0.840748 0.793898 0.867915 0.800488 0.795567 0.802032 
Timestep:9260000
Temperature: 299.284
Density: 7.6383
AverageArea: 32.562
AreaStd: 1.40029
AverageVolume: 14.7105
VolumeStd: 0.917614
VornoiIndicies:0 0 0 0 2 8 3 0 0 0 0 0 0 0 0 ,0 0 0 1 0 9 3 0 0 0 0 0 0 0 0 ,0 0 0 0 2 8 4 0 0 0 0 0 0 0 0 ,0 0 0 1 2 6 3 1 0 0 0 0 0 0 0 ,0 0 0 0 3 6 3 0 0 0 0 0 0 0 0 ,0 0 0 0 2 8 1 0 0 0 0 0 0 0 0 ,0 0 0 0 3 6 4 0 0 0 0 0 0 0 0 ,0 0 0 0 1 10 2 0 0 0 0 0 0 0 0 ,0 0 0 0 2 8 2 0 0 0 0 0 0 0 0 ,0 0 0 0 0 12 0 0 0 0 0 0 0 0 0 ,
VornoiFreq:0.0241692 0.0271903 0.0278264 0.0279854 0.0364128 0.0386389 0.0769598 0.0887263 0.100334 0.180156 
AverageAreas:32.591 32.0285 32.9686 32.8627 32.6041 32.3436 32.8093 32.2726 32.3931 31.4058 
AreaStds:1.37133 1.13397 1.16788 1.27453 1.24982 1.18916 1.20715 1.20776 1.21314 1.21932 
AverageVolumes:14.771 14.4846 15.1723 14.8335 14.6305 14.3622 14.8951 14.698 14.5656 14.1071 
VolumeStds:0.937367 0.76476 0.818653 0.862468 0.841867 0.785293 0.834762 0.820197 0.815486 0.800428 
Timestep:9370000
Temperature: 299.084
Density: 7.65588
AverageArea: 32.4917
AreaStd: 1.40715
AverageVolume: 14.6681
VolumeStd: 0.919659
VornoiIndicies:0 0 0 0 2 8 3 0 0 0 0 0 0 0 0 ,0 0 0 1 0 9 3 0 0 0 0 0 0 0 0 ,0 0 0 0 2 8 4 0 0 0 0 0 0 0 0 ,0 0 0 1 2 6 3 1 0 0 0 0 0 0 0 ,0 0 0 0 3 6 3 0 0 0 0 0 0 0 0 ,0 0 0 0 2 8 1 0 0 0 0 0 0 0 0 ,0 0 0 0 3 6 4 0 0 0 0 0 0 0 0 ,0 0 0 0 1 10 2 0 0 0 0 0 0 0 0 ,0 0 0 0 2 8 2 0 0 0 0 0 0 0 0 ,0 0 0 0 0 12 0 0 0 0 0 0 0 0 0 ,
VornoiFreq:0.0236922 0.0259183 0.0273493 0.0310065 0.0335506 0.0359358 0.0777548 0.0911115 0.103832 0.179997 
AverageAreas:32.55 32.1141 32.9567 32.5885 32.6651 32.1827 32.8 32.1489 32.3012 31.3217 
AreaStds:1.2374 1.21431 1.27331 1.17211 1.20115 1.12111 1.2644 1.20474 1.21555 1.21207 
AverageVolumes:14.7452 14.567 15.1599 14.6524 14.6622 14.2706 14.889 14.616 14.4961 14.0548 
VolumeStds:0.855992 0.815177 0.87091 0.793048 0.809454 0.75381 0.851219 0.811097 0.819167 0.797058 
Timestep:9475000
Temperature: 255.488
Density: 7.65558
AverageArea: 32.497
AreaStd: 1.39222
AverageVolume: 14.6722
VolumeStd: 0.911437
VornoiIndicies:0 0 0 1 2 5 4 0 0 0 0 0 0 0 0 ,0 0 0 1 0 9 3 0 0 0 0 0 0 0 0 ,0 0 0 0 2 8 4 0 0 0 0 0 0 0 0 ,0 0 0 1 2 6 3 1 0 0 0 0 0 0 0 ,0 0 0 0 3 6 3 0 0 0 0 0 0 0 0 ,0 0 0 0 2 8 1 0 0 0 0 0 0 0 0 ,0 0 0 0 3 6 4 0 0 0 0 0 0 0 0 ,0 0 0 0 1 10 2 0 0 0 0 0 0 0 0 ,0 0 0 0 2 8 2 0 0 0 0 0 0 0 0 ,0 0 0 0 0 12 0 0 0 0 0 0 0 0 0 ,
VornoiFreq:0.0228971 0.0232151 0.0284624 0.0308475 0.0354587 0.041342 0.0855462 0.0957227 0.0981078 0.183177 
AverageAreas:32.6599 31.9698 32.9992 32.5653 32.7487 32.1678 32.8302 32.1865 32.3181 31.3404 
AreaStds:1.19333 1.24016 1.2431 1.14247 1.1569 1.17465 1.21048 1.15655 1.20453 1.2177 
AverageVolumes:14.5527 14.4646 15.1801 14.6436 14.732 14.2538 14.9079 14.6359 14.5206 14.0664 
VolumeStds:0.806307 0.826491 0.858974 0.772351 0.795966 0.782209 0.833857 0.783371 0.80835 0.801122 
Timestep:9585000
Temperature: 249.281
Density: 7.65687
AverageArea: 32.487
AreaStd: 1.38513
AverageVolume: 14.6674
VolumeStd: 0.903406
VornoiIndicies:0 0 0 0 2 8 3 0 0 0 0 0 0 0 0 ,0 0 0 1 2 6 3 1 0 0 0 0 0 0 0 ,0 0 0 0 2 8 4 0 0 0 0 0 0 0 0 ,0 0 0 1 0 9 3 0 0 0 0 0 0 0 0 ,0 0 0 0 3 6 3 0 0 0 0 0 0 0 0 ,0 0 0 0 2 8 1 0 0 0 0 0 0 0 0 ,0 0 0 0 3 6 4 0 0 0 0 0 0 0 0 ,0 0 0 0 1 10 2 0 0 0 0 0 0 0 0 ,0 0 0 0 2 8 2 0 0 0 0 0 0 0 0 ,0 0 0 0 0 12 0 0 0 0 0 0 0 0 0 ,
VornoiFreq:0.0252822 0.0256003 0.0270313 0.0284624 0.0372078 0.040547 0.0744156 0.0852282 0.0996979 0.183177 
AverageAreas:32.3236 32.7571 32.8414 31.9906 32.6807 32.2236 32.8244 32.1603 32.3073 31.3408 
AreaStds:1.22747 1.1243 1.17469 1.17605 1.23521 1.231 1.18999 1.09398 1.15393 1.21847 
AverageVolumes:14.5894 14.757 15.0919 14.4761 14.6839 14.3049 14.9109 14.6296 14.5099 14.0736 
VolumeStds:0.823702 0.773127 0.804307 0.792543 0.821343 0.814759 0.807824 0.73641 0.771203 0.802746 
Timestep:9690000
Temperature: 219.464
Density: 7.66365
AverageArea: 32.4637
AreaStd: 1.3733
AverageVolume: 14.6527
VolumeStd: 0.896941
VornoiIndicies:0 0 0 1 0 9 3 0 0 0 0 0 0 0 0 ,0 0 0 0 2 8 3 0 0 0 0 0 0 0 0 ,0 0 0 0 2 8 4 0 0 0 0 0 0 0 0 ,0 0 0 1 2 6 3 1 0 0 0 0 0 0 0 ,0 0 0 0 3 6 3 0 0 0 0 0 0 0 0 ,0 0 0 0 2 8 1 0 0 0 0 0 0 0 0 ,0 0 0 0 3 6 4 0 0 0 0 0 0 0 0 ,0 0 0 0 1 10 2 0 0 0 0 0 0 0 0 ,0 0 0 0 2 8 2 0 0 0 0 0 0 0 0 ,0 0 0 0 0 12 0 0 0 0 0 0 0 0 0 ,
VornoiFreq:0.0241692 0.0243282 0.0276674 0.0310065 0.0376848 0.0419781 0.0748927 0.0925425 0.100493 0.182859 
AverageAreas:31.9307 32.4579 32.7921 32.6619 32.6605 32.1593 32.7439 32.1494 32.2327 31.3413 
AreaStds:1.19788 1.25131 1.26348 1.24548 1.20457 1.18244 1.1578 1.1455 1.12293 1.1818 
AverageVolumes:14.4269 14.6893 15.0343 14.7066 14.6771 14.2694 14.8544 14.6187 14.4598 14.0713 
VolumeStds:0.791736 0.843505 0.868731 0.857855 0.819654 0.790998 0.792097 0.780924 0.759796 0.77455 
Timestep:9800000
Temperature: 199.057
Density: 7.66733
AverageArea: 32.443
AreaStd: 1.38191
AverageVolume: 14.6419
VolumeStd: 0.899005
VornoiIndicies:0 0 0 1 2 5 4 0 0 0 0 0 0 0 0 ,0 0 0 1 0 9 3 0 0 0 0 0 0 0 0 ,0 0 0 0 2 8 4 0 0 0 0 0 0 0 0 ,0 0 0 1 2 6 3 1 0 0 0 0 0 0 0 ,0 0 0 0 3 6 3 0 0 0 0 0 0 0 0 ,0 0 0 0 2 8 1 0 0 0 0 0 0 0 0 ,0 0 0 0 3 6 4 0 0 0 0 0 0 0 0 ,0 0 0 0 1 10 2 0 0 0 0 0 0 0 0 ,0 0 0 0 2 8 2 0 0 0 0 0 0 0 0 ,0 0 0 0 0 12 0 0 0 0 0 0 0 0 0 ,
VornoiFreq:0.0232151 0.0275083 0.0278264 0.0303705 0.0321196 0.0367308 0.0795039 0.0928606 0.0974718 0.183972 
AverageAreas:32.7399 32.0079 32.8379 32.5761 32.6505 32.1054 32.7862 32.1394 32.2759 31.2854 
AreaStds:1.28222 1.28326 1.30024 1.17256 1.17288 1.16961 1.26661 1.143 1.17038 1.18241 
AverageVolumes:14.6319 14.497 15.076 14.6532 14.6467 14.2301 14.8853 14.6163 14.4949 14.0383 
VolumeStds:0.868763 0.858799 0.880126 0.778865 0.791902 0.776013 0.866203 0.774938 0.790113 0.777432 
Timestep:9905000
Temperature: 192.145
Density: 7.68216
AverageArea: 32.3948
AreaStd: 1.36472
AverageVolume: 14.6109
VolumeStd: 0.888473
VornoiIndicies:0 0 0 1 0 9 3 0 0 0 0 0 0 0 0 ,0 0 0 0 2 8 3 0 0 0 0 0 0 0 0 ,0 0 0 0 2 8 4 0 0 0 0 0 0 0 0 ,0 0 0 1 2 6 3 1 0 0 0 0 0 0 0 ,0 0 0 0 3 6 3 0 0 0 0 0 0 0 0 ,0 0 0 0 2 8 1 0 0 0 0 0 0 0 0 ,0 0 0 0 3 6 4 0 0 0 0 0 0 0 0 ,0 0 0 0 1 10 2 0 0 0 0 0 0 0 0 ,0 0 0 0 2 8 2 0 0 0 0 0 0 0 0 ,0 0 0 0 0 12 0 0 0 0 0 0 0 0 0 ,
VornoiFreq:0.0248052 0.0249642 0.0268723 0.0313245 0.0357768 0.0424551 0.0780728 0.0888854 0.101288 0.187629 
AverageAreas:31.9235 32.4234 32.8663 32.5597 32.774 32.1235 32.818 32.0554 32.2288 31.2589 
AreaStds:1.09647 1.12306 1.17576 1.28334 1.15583 1.16266 1.25083 1.15858 1.14816 1.19023 
AverageVolumes:14.4309 14.6483 15.1099 14.6411 14.7559 14.2295 14.9102 14.5618 14.4584 14.0237 
VolumeStds:0.737361 0.757869 0.797862 0.862651 0.77425 0.76534 0.852055 0.788494 0.770571 0.782899 
Timestep:10015000
Temperature: 152.189
Density: 7.6825
AverageArea: 32.3895
AreaStd: 1.36254
AverageVolume: 14.609
VolumeStd: 0.886312
VornoiIndicies:0 0 0 0 2 8 3 0 0 0 0 0 0 0 0 ,0 0 0 0 2 8 4 0 0 0 0 0 0 0 0 ,0 0 0 1 0 9 3 0 0 0 0 0 0 0 0 ,0 0 0 1 2 6 3 1 0 0 0 0 0 0 0 ,0 0 0 0 3 6 3 0 0 0 0 0 0 0 0 ,0 0 0 0 2 8 1 0 0 0 0 0 0 0 0 ,0 0 0 0 3 6 4 0 0 0 0 0 0 0 0 ,0 0 0 0 1 10 2 0 0 0 0 0 0 0 0 ,0 0 0 0 2 8 2 0 0 0 0 0 0 0 0 ,0 0 0 0 0 12 0 0 0 0 0 0 0 0 0 ,
VornoiFreq:0.020671 0.0251232 0.0254412 0.0281444 0.0341867 0.040547 0.0766418 0.0960407 0.108602 0.184449 
AverageAreas:32.4394 32.7464 31.909 32.6272 32.6158 32.1878 32.7864 32.0761 32.2263 31.2433 
AreaStds:1.26252 1.17842 1.24636 1.11227 1.17192 1.27624 1.24196 1.12526 1.14255 1.1734 
AverageVolumes:14.656 15.0386 14.4215 14.6778 14.6464 14.2857 14.8907 14.5751 14.4633 14.0132 
VolumeStds:0.837783 0.811169 0.83598 0.764322 0.782612 0.844799 0.84186 0.763463 0.772104 0.768442 
Timestep:10120000
Temperature: 151.629
Density: 7.69672
AverageArea: 32.3408
AreaStd: 1.35522
AverageVolume: 14.5797
VolumeStd: 0.878509
VornoiIndicies:0 0 0 1 0 9 3 0 0 0 0 0 0 0 0 ,0 0 0 1 2 5 4 0 0 0 0 0 0 0 0 ,0 0 0 0 2 8 4 0 0 0 0 0 0 0 0 ,0 0 0 1 2 6 3 1 0 0 0 0 0 0 0 ,0 0 0 0 3 6 3 0 0 0 0 0 0 0 0 ,0 0 0 0 2 8 1 0 0 0 0 0 0 0 0 ,0 0 0 0 3 6 4 0 0 0 0 0 0 0 0 ,0 0 0 0 1 10 2 0 0 0 0 0 0 0 0 ,0 0 0 0 2 8 2 0 0 0 0 0 0 0 0 ,0 0 0 0 0 12 0 0 0 0 0 0 0 0 0 ,
VornoiFreq:0.0217841 0.0251232 0.0267133 0.0306885 0.0364128 0.0383209 0.0793449 0.0947686 0.105581 0.188106 
AverageAreas:31.9128 32.7489 32.7458 32.537 32.6746 32.1262 32.6247 32.0738 32.1689 31.2032 
AreaStds:1.25481 1.27475 1.27257 1.20862 1.22103 1.1956 1.141 1.1333 1.15507 1.17755 
AverageVolumes:14.4226 14.6178 15.0348 14.6275 14.6788 14.2528 14.7781 14.5764 14.4265 13.9921 
VolumeStds:0.841459 0.854038 0.858355 0.818212 0.814338 0.787799 0.782012 0.769111 0.774439 0.769316 
Timestep:10230000
Temperature: 113.818
Density: 7.6915
AverageArea: 32.3568
AreaStd: 1.34877
AverageVolume: 14.5912
VolumeStd: 0.875992
VornoiIndicies:0 0 0 1 0 9 3 0 0 0 0 0 0 0 0 ,0 0 0 0 2 8 3 0 0 0 0 0 0 0 0 ,0 0 0 0 2 8 4 0 0 0 0 0 0 0 0 ,0 0 0 1 2 6 3 1 0 0 0 0 0 0 0 ,0 0 0 0 3 6 3 0 0 0 0 0 0 0 0 ,0 0 0 0 2 8 1 0 0 0 0 0 0 0 0 ,0 0 0 0 3 6 4 0 0 0 0 0 0 0 0 ,0 0 0 0 1 10 2 0 0 0 0 0 0 0 0 ,0 0 0 0 2 8 2 0 0 0 0 0 0 0 0 ,0 0 0 0 0 12 0 0 0 0 0 0 0 0 0 ,
VornoiFreq:0.0232151 0.0235332 0.0276674 0.0294164 0.0333916 0.041183 0.0849102 0.0907934 0.100652 0.188424 
AverageAreas:31.9788 32.4773 32.7198 32.4943 32.647 32.1771 32.699 32.0839 32.205 31.2255 
AreaStds:1.16225 1.14468 1.16834 1.1066 1.26693 1.23605 1.21373 1.10229 1.15248 1.17497 
AverageVolumes:14.4713 14.7006 15.0204 14.5929 14.6543 14.2759 14.8193 14.5857 14.4558 14.0097 
VolumeStds:0.791256 0.781536 0.794492 0.733509 0.833225 0.818557 0.825617 0.751218 0.772585 0.769725 
Timestep:10335000
Temperature: 99.5648
Density: 7.70243
AverageArea: 32.3131
AreaStd: 1.35101
AverageVolume: 14.564
VolumeStd: 0.873184
VornoiIndicies:0 0 0 1 0 9 3 0 0 0 0 0 0 0 0 ,0 0 0 1 2 5 4 0 0 0 0 0 0 0 0 ,0 0 0 0 2 8 4 0 0 0 0 0 0 0 0 ,0 0 0 1 2 6 3 1 0 0 0 0 0 0 0 ,0 0 0 0 3 6 3 0 0 0 0 0 0 0 0 ,0 0 0 0 2 8 1 0 0 0 0 0 0 0 0 ,0 0 0 0 3 6 4 0 0 0 0 0 0 0 0 ,0 0 0 0 1 10 2 0 0 0 0 0 0 0 0 ,0 0 0 0 2 8 2 0 0 0 0 0 0 0 0 ,0 0 0 0 0 12 0 0 0 0 0 0 0 0 0 ,
VornoiFreq:0.0252822 0.0259183 0.0263953 0.0330736 0.0359358 0.0384799 0.0804579 0.0938146 0.103037 0.190332 
AverageAreas:31.7987 32.7381 32.7399 32.5041 32.5972 32.027 32.6305 32.0053 32.2266 31.1714 
AreaStds:1.24689 1.27591 1.23887 1.17894 1.18791 1.18088 1.22481 1.10003 1.15194 1.15494 
AverageVolumes:14.3535 14.6261 15.0257 14.5878 14.6285 14.1913 14.7899 14.5334 14.4646 13.9748 
VolumeStds:0.838806 0.87486 0.836389 0.771153 0.787193 0.780356 0.834874 0.740001 0.777518 0.754864 
Timestep:10445000
Temperature: 80.3671
Density: 7.71089
AverageArea: 32.2866
AreaStd: 1.33802
AverageVolume: 14.5479
VolumeStd: 0.865758
VornoiIndicies:0 0 0 1 2 5 4 0 0 0 0 0 0 0 0 ,0 0 0 0 2 8 3 0 0 0 0 0 0 0 0 ,0 0 0 0 2 8 4 0 0 0 0 0 0 0 0 ,0 0 0 1 2 6 3 1 0 0 0 0 0 0 0 ,0 0 0 0 2 8 1 0 0 0 0 0 0 0 0 ,0 0 0 0 3 6 3 0 0 0 0 0 0 0 0 ,0 0 0 0 3 6 4 0 0 0 0 0 0 0 0 ,0 0 0 0 1 10 2 0 0 0 0 0 0 0 0 ,0 0 0 0 2 8 2 0 0 0 0 0 0 0 0 ,0 0 0 0 0 12 0 0 0 0 0 0 0 0 0 ,
VornoiFreq:0.0236922 0.0238512 0.0251232 0.0297345 0.0365718 0.0373668 0.082207 0.0971538 0.10415 0.188742 
AverageAreas:32.4684 32.4508 32.6426 32.3773 32.1349 32.6263 32.6312 31.9703 32.1723 31.1617 
AreaStds:1.24057 1.26687 1.21555 1.16057 1.13508 1.22909 1.15386 1.10529 1.14809 1.15756 
AverageVolumes:14.4475 14.6821 14.9609 14.5129 14.2583 14.6495 14.7905 14.5115 14.4373 13.9684 
VolumeStds:0.838026 0.854976 0.814727 0.779815 0.74697 0.812253 0.78363 0.750699 0.770853 0.756696 
Timestep:10550000
Temperature: 50.0421
Density: 7.7086
AverageArea: 32.2898
AreaStd: 1.34004
AverageVolume: 14.5501
VolumeStd: 0.865434
VornoiIndicies:0 0 0 1 0 9 3 0 0 0 0 0 0 0 0 ,0 0 0 0 2 8 3 0 0 0 0 0 0 0 0 ,0 0 0 0 2 8 4 0 0 0 0 0 0 0 0 ,0 0 0 1 2 6 3 1 0 0 0 0 0 0 0 ,0 0 0 0 3 6 3 0 0 0 0 0 0 0 0 ,0 0 0 0 2 8 1 0 0 0 0 0 0 0 0 ,0 0 0 0 3 6 4 0 0 0 0 0 0 0 0 ,0 0 0 0 1 10 2 0 0 0 0 0 0 0 0 ,0 0 0 0 2 8 2 0 0 0 0 0 0 0 0 ,0 0 0 0 0 12 0 0 0 0 0 0 0 0 0 ,
VornoiFreq:0.0238512 0.0241692 0.0278264 0.0311655 0.0360948 0.041342 0.0799809 0.0976308 0.103673 0.191604 
AverageAreas:31.9187 32.2762 32.7384 32.5345 32.5829 32.0107 32.6984 31.9686 32.1224 31.1615 
AreaStds:1.17873 1.08548 1.23241 1.16273 1.16729 1.14862 1.1911 1.1046 1.11982 1.16994 
AverageVolumes:14.432 14.553 15.0388 14.6275 14.6205 14.1684 14.8353 14.5117 14.3964 13.9679 
VolumeStds:0.790086 0.742882 0.837823 0.774861 0.780035 0.755537 0.810161 0.745329 0.75481 0.76344 
Timestep:10660000
Temperature: 49.555
Density: 7.71387
AverageArea: 32.2737
AreaStd: 1.34137
AverageVolume: 14.5401
VolumeStd: 0.86527
VornoiIndicies:0 0 0 0 2 8 3 0 0 0 0 0 0 0 0 ,0 0 0 1 2 5 4 0 0 0 0 0 0 0 0 ,0 0 0 0 2 8 4 0 0 0 0 0 0 0 0 ,0 0 0 1 2 6 3 1 0 0 0 0 0 0 0 ,0 0 0 0 3 6 3 0 0 0 0 0 0 0 0 ,0 0 0 0 2 8 1 0 0 0 0 0 0 0 0 ,0 0 0 0 3 6 4 0 0 0 0 0 0 0 0 ,0 0 0 0 1 10 2 0 0 0 0 0 0 0 0 ,0 0 0 0 2 8 2 0 0 0 0 0 0 0 0 ,0 0 0 0 0 12 0 0 0 0 0 0 0 0 0 ,
VornoiFreq:0.0241692 0.0249642 0.0268723 0.0321196 0.0367308 0.0419781 0.0768008 0.0966767 0.10097 0.189855 
AverageAreas:32.2303 32.6533 32.7029 32.4995 32.6592 32.051 32.6067 31.941 32.1651 31.1249 
AreaStds:1.14726 1.2901 1.20532 1.13529 1.14604 1.17053 1.14115 1.12055 1.12668 1.15944 
AverageVolumes:14.5305 14.5683 15.0045 14.6053 14.6817 14.1888 14.7772 14.4972 14.4331 13.9467 
VolumeStds:0.795139 0.863322 0.825484 0.767671 0.754903 0.772393 0.777539 0.755661 0.762065 0.758641 
Timestep:10765000
Temperature: 39.3562
Density: 7.71636
AverageArea: 32.2645
AreaStd: 1.33136
AverageVolume: 14.536
VolumeStd: 0.859832
VornoiIndicies:0 0 0 1 2 5 4 0 0 0 0 0 0 0 0 ,0 0 0 0 2 8 3 0 0 0 0 0 0 0 0 ,0 0 0 0 2 8 4 0 0 0 0 0 0 0 0 ,0 0 0 1 2 6 3 1 0 0 0 0 0 0 0 ,0 0 0 0 3 6 3 0 0 0 0 0 0 0 0 ,0 0 0 0 2 8 1 0 0 0 0 0 0 0 0 ,0 0 0 0 3 6 4 0 0 0 0 0 0 0 0 ,0 0 0 0 1 10 2 0 0 0 0 0 0 0 0 ,0 0 0 0 2 8 2 0 0 0 0 0 0 0 0 ,0 0 0 0 0 12 0 0 0 0 0 0 0 0 0 ,
VornoiFreq:0.0225791 0.0244872 0.0281444 0.0297345 0.0372078 0.0392749 0.0753697 0.0981078 0.107648 0.190173 
AverageAreas:32.677 32.2852 32.679 32.4046 32.5156 32.0396 32.6108 31.9512 32.1837 31.1355 
AreaStds:1.31369 1.25853 1.17083 1.20359 1.18053 1.16871 1.14201 1.09091 1.11585 1.14504 
AverageVolumes:14.5867 14.5656 14.9954 14.5378 14.5844 14.1915 14.7772 14.4995 14.4422 13.9556 
VolumeStds:0.886052 0.855082 0.787608 0.804746 0.784084 0.770456 0.77508 0.738288 0.753873 0.746053 
Timestep:10875000
Temperature: 28.4023
Density: 7.71888
AverageArea: 32.2539
AreaStd: 1.33561
AverageVolume: 14.5286
VolumeStd: 0.861716
VornoiIndicies:0 0 0 1 0 9 3 0 0 0 0 0 0 0 0 ,0 0 0 0 2 8 3 0 0 0 0 0 0 0 0 ,0 0 0 0 2 8 4 0 0 0 0 0 0 0 0 ,0 0 0 1 2 6 3 1 0 0 0 0 0 0 0 ,0 0 0 0 3 6 3 0 0 0 0 0 0 0 0 ,0 0 0 0 2 8 1 0 0 0 0 0 0 0 0 ,0 0 0 0 3 6 4 0 0 0 0 0 0 0 0 ,0 0 0 0 1 10 2 0 0 0 0 0 0 0 0 ,0 0 0 0 2 8 2 0 0 0 0 0 0 0 0 ,0 0 0 0 0 12 0 0 0 0 0 0 0 0 0 ,
VornoiFreq:0.0233741 0.0235332 0.0252822 0.0284624 0.0383209 0.040229 0.080617 0.0968357 0.106535 0.189696 
AverageAreas:31.8491 32.2839 32.7073 32.5148 32.6202 31.97 32.6174 31.9531 32.1189 31.1008 
AreaStds:1.16667 1.2213 1.1789 1.13061 1.18733 1.14438 1.16263 1.12991 1.13213 1.14192 
AverageVolumes:14.3893 14.5553 15.014 14.6107 14.6582 14.1412 14.7832 14.5027 14.3984 13.9304 
VolumeStds:0.779544 0.822923 0.802377 0.750215 0.778478 0.755365 0.79049 0.764575 0.763196 0.743865 
Timestep:10980000
Temperature: 17.8716
Density: 7.72192
AverageArea: 32.2432
AreaStd: 1.33007
AverageVolume: 14.5229
VolumeStd: 0.857503
VornoiIndicies:0 0 0 1 0 9 3 0 0 0 0 0 0 0 0 ,0 0 0 0 2 8 3 0 0 0 0 0 0 0 0 ,0 0 0 0 2 8 4 0 0 0 0 0 0 0 0 ,0 0 0 1 2 6 3 1 0 0 0 0 0 0 0 ,0 0 0 0 3 6 3 0 0 0 0 0 0 0 0 ,0 0 0 0 2 8 1 0 0 0 0 0 0 0 0 ,0 0 0 0 3 6 4 0 0 0 0 0 0 0 0 ,0 0 0 0 1 10 2 0 0 0 0 0 0 0 0 ,0 0 0 0 2 8 2 0 0 0 0 0 0 0 0 ,0 0 0 0 0 12 0 0 0 0 0 0 0 0 0 ,
VornoiFreq:0.0230561 0.0244872 0.0254412 0.0290984 0.0389569 0.041024 0.081253 0.0974718 0.105263 0.19065 
AverageAreas:31.8198 32.1683 32.753 32.4052 32.543 32.0206 32.6375 31.9292 32.1265 31.1021 
AreaStds:1.23426 1.16889 1.24269 1.1195 1.18124 1.15073 1.13502 1.10002 1.12188 1.13434 
AverageVolumes:14.37 14.484 15.0587 14.5353 14.6038 14.1729 14.7935 14.4879 14.4084 13.9333 
VolumeStds:0.834905 0.79828 0.842772 0.747913 0.781467 0.750908 0.77082 0.741315 0.756756 0.738028 
Timestep:11090000
Temperature: 7.28514
Density: 7.72285
AverageArea: 32.2397
AreaStd: 1.33079
AverageVolume: 14.5209
VolumeStd: 0.857692
VornoiIndicies:0 0 0 1 2 6 2 1 0 0 0 0 0 0 0 ,0 0 0 0 2 8 3 0 0 0 0 0 0 0 0 ,0 0 0 0 2 8 4 0 0 0 0 0 0 0 0 ,0 0 0 1 2 6 3 1 0 0 0 0 0 0 0 ,0 0 0 0 3 6 3 0 0 0 0 0 0 0 0 ,0 0 0 0 2 8 1 0 0 0 0 0 0 0 0 ,0 0 0 0 3 6 4 0 0 0 0 0 0 0 0 ,0 0 0 0 1 10 2 0 0 0 0 0 0 0 0 ,0 0 0 0 2 8 2 0 0 0 0 0 0 0 0 ,0 0 0 0 0 12 0 0 0 0 0 0 0 0 0 ,
VornoiFreq:0.0217841 0.0241692 0.0254412 0.0294164 0.0383209 0.041024 0.080776 0.0981078 0.103673 0.191445 
AverageAreas:32.3743 32.185 32.6821 32.3996 32.5419 32.018 32.6223 31.9309 32.1294 31.1084 
AreaStds:1.19782 1.17166 1.21353 1.1282 1.19105 1.141 1.15178 1.1002 1.11873 1.13805 
AverageVolumes:14.4251 14.503 15.0085 14.5302 14.602 14.1733 14.7891 14.4909 14.4113 13.9376 
VolumeStds:0.806449 0.803875 0.822899 0.746822 0.780259 0.743081 0.783236 0.743828 0.756991 0.740463 
Timestep:11195000
Temperature: 1.00561
Density: 7.72262
AverageArea: 32.2403
AreaStd: 1.33071
AverageVolume: 14.5212
VolumeStd: 0.857946
VornoiIndicies:0 0 0 1 2 5 4 0 0 0 0 0 0 0 0 ,0 0 0 0 2 8 3 0 0 0 0 0 0 0 0 ,0 0 0 0 2 8 4 0 0 0 0 0 0 0 0 ,0 0 0 1 2 6 3 1 0 0 0 0 0 0 0 ,0 0 0 0 3 6 3 0 0 0 0 0 0 0 0 ,0 0 0 0 2 8 1 0 0 0 0 0 0 0 0 ,0 0 0 0 3 6 4 0 0 0 0 0 0 0 0 ,0 0 0 0 1 10 2 0 0 0 0 0 0 0 0 ,0 0 0 0 2 8 2 0 0 0 0 0 0 0 0 ,0 0 0 0 0 12 0 0 0 0 0 0 0 0 0 ,
VornoiFreq:0.0221021 0.0232151 0.0260773 0.0297345 0.0380029 0.041024 0.081253 0.0966767 0.104627 0.191286 
AverageAreas:32.7047 32.2094 32.6915 32.3879 32.5563 32.0424 32.6413 31.9272 32.1276 31.1126 
AreaStds:1.28582 1.1515 1.21325 1.19699 1.18738 1.14576 1.15483 1.08798 1.10039 1.13987 
AverageVolumes:14.6122 14.5178 15.0147 14.5243 14.6117 14.1887 14.7993 14.489 14.4073 13.9402 
VolumeStds:0.870181 0.78986 0.822004 0.793789 0.777451 0.747935 0.78164 0.735717 0.744174 0.74201 
Timestep:11305000
Temperature: 1.01556
Density: 7.72177
AverageArea: 32.2429
AreaStd: 1.33048
AverageVolume: 14.5229
VolumeStd: 0.857582
VornoiIndicies:0 0 0 1 2 6 2 1 0 0 0 0 0 0 0 ,0 0 0 0 2 8 3 0 0 0 0 0 0 0 0 ,0 0 0 0 2 8 4 0 0 0 0 0 0 0 0 ,0 0 0 1 2 6 3 1 0 0 0 0 0 0 0 ,0 0 0 0 3 6 3 0 0 0 0 0 0 0 0 ,0 0 0 0 2 8 1 0 0 0 0 0 0 0 0 ,0 0 0 0 3 6 4 0 0 0 0 0 0 0 0 ,0 0 0 0 1 10 2 0 0 0 0 0 0 0 0 ,0 0 0 0 2 8 2 0 0 0 0 0 0 0 0 ,0 0 0 0 0 12 0 0 0 0 0 0 0 0 0 ,
VornoiFreq:0.0228971 0.0244872 0.0260773 0.0295754 0.0386389 0.040388 0.081571 0.0968357 0.103991 0.190809 
AverageAreas:32.3605 32.1776 32.6975 32.4643 32.5429 32.038 32.6346 31.9084 32.1402 31.1109 
AreaStds:1.27514 1.22051 1.21523 1.14331 1.17476 1.12523 1.15218 1.09723 1.09674 1.13704 
AverageVolumes:14.4101 14.4983 15.0229 14.5668 14.6012 14.1867 14.7938 14.4762 14.4181 13.9394 
VolumeStds:0.853617 0.827615 0.827497 0.757864 0.772426 0.730676 0.780512 0.744343 0.74397 0.740128 
Timestep:11410000
Temperature: 1.00586
Density: 7.72191
AverageArea: 32.2426
AreaStd: 1.33002
AverageVolume: 14.5228
VolumeStd: 0.857521
VornoiIndicies:0 0 0 1 0 9 3 0 0 0 0 0 0 0 0 ,0 0 0 0 2 8 3 0 0 0 0 0 0 0 0 ,0 0 0 0 2 8 4 0 0 0 0 0 0 0 0 ,0 0 0 1 2 6 3 1 0 0 0 0 0 0 0 ,0 0 0 0 3 6 3 0 0 0 0 0 0 0 0 ,0 0 0 0 2 8 1 0 0 0 0 0 0 0 0 ,0 0 0 0 3 6 4 0 0 0 0 0 0 0 0 ,0 0 0 0 1 10 2 0 0 0 0 0 0 0 0 ,0 0 0 0 2 8 2 0 0 0 0 0 0 0 0 ,0 0 0 0 0 12 0 0 0 0 0 0 0 0 0 ,
VornoiFreq:0.0225791 0.0244872 0.0262363 0.0306885 0.0391159 0.040388 0.080935 0.0963587 0.103196 0.191127 
AverageAreas:31.7419 32.2045 32.7085 32.3948 32.5296 32.045 32.6339 31.9293 32.1269 31.1079 
AreaStds:1.22888 1.16375 1.23512 1.17187 1.19779 1.1149 1.15413 1.10031 1.09437 1.13636 
AverageVolumes:14.3212 14.5182 15.029 14.5277 14.5917 14.1876 14.7965 14.4907 14.408 13.9374 
VolumeStds:0.830548 0.796673 0.837182 0.782034 0.789342 0.727521 0.783967 0.744616 0.743118 0.739341 
